#
# A fatal error has been detected by the Java Runtime Environment:
#
#  EXCEPTION_ACCESS_VIOLATION (0xc0000005) at pc=0x617493cd, pid=16900, tid=0x00003d9c
#
# JRE version: Java(TM) SE Runtime Environment (8.0_92-b14) (build 1.8.0_92-b14)
# Java VM: Java HotSpot(TM) Client VM (25.92-b14 mixed mode windows-x86 )
# Problematic frame:
# C  [listSerialsj.dll+0x93cd]
#
# Failed to write core dump. Minidumps are not enabled by default on client versions of Windows
#
# If you would like to submit a bug report, please visit:
#   http://bugreport.java.com/bugreport/crash.jsp
# The crash happened outside the Java Virtual Machine in native code.
# See problematic frame for where to report the bug.
#

---------------  T H R E A D  ---------------

Current thread (0x27490c00):  JavaThread "cc.arduino.packages.discoverers.serial.SerialBoardsLister" [_thread_in_native, id=15772, stack(0x01100000,0x01150000)]

siginfo: ExceptionCode=0xc0000005, writing address 0x00000000

Registers:
EAX=0x00000000, EBX=0x000009ec, ECX=0x00000000, EDX=0x00000001
ESP=0x0114efc0, EBP=0x0114f418, ESI=0x00000001, EDI=0x00ea82b8
EIP=0x617493cd, EFLAGS=0x00010246

Top of Stack: (sp=0x0114efc0)
0x0114efc0:   010215b0 0000002e 00000002 00000000
0x0114efd0:   00000003 00000000 00000000 00000000
0x0114efe0:   df34ed24 0114f1f4 0000006c 73eca540
0x0114eff0:   289f7250 0014f030 00ea8bc8 0000002f
0x0114f000:   27490c00 27490c00 0000004e 00000002
0x0114f010:   00000001 0000006c 00000048 0000008e
0x0114f020:   008e03ec 00000000 374d4f43 0014f600
0x0114f030:   00425355 02ea4c5c 02ea4748 00000000 

Instructions: (pc=0x617493cd)
0x617493ad:   8b 45 08 8b 90 94 00 00 00 85 d2 74 16 8b 40 2c
0x617493bd:   c7 44 24 04 2e 00 00 00 89 04 24 e8 73 14 00 00
0x617493cd:   c6 00 00 8d 85 04 fc ff ff 89 44 24 18 8d 85 0a
0x617493dd:   fc ff ff 89 44 24 10 a1 e4 01 75 61 c7 85 04 fc 


Register to memory mapping:

EAX=0x00000000 is an unknown value
EBX=0x000009ec is an unknown value
ECX=0x00000000 is an unknown value
EDX=0x00000001 is an unknown value
ESP=0x0114efc0 is pointing into the stack for thread: 0x27490c00
EBP=0x0114f418 is pointing into the stack for thread: 0x27490c00
ESI=0x00000001 is an unknown value
EDI=0x00ea82b8 is an unknown value


Stack: [0x01100000,0x01150000],  sp=0x0114efc0,  free space=315k
Native frames: (J=compiled Java code, j=interpreted, Vv=VM code, C=native code)
C  [listSerialsj.dll+0x93cd]
C  [listSerialsj.dll+0x2211]

Java frames: (J=compiled Java code, j=interpreted, Vv=VM code)
j  processing.app.Platform.listSerialsNative()[Ljava/lang/String;+0
j  processing.app.Platform.listSerials()Ljava/util/List;+5
j  cc.arduino.packages.discoverers.serial.SerialBoardsLister.retriggerDiscovery(Z)V+22
j  cc.arduino.packages.discoverers.serial.SerialBoardsLister.run()V+9
j  java.util.TimerThread.mainLoop()V+221
j  java.util.TimerThread.run()V+1
v  ~StubRoutines::call_stub

---------------  P R O C E S S  ---------------

Java Threads: ( => current thread )
  0x27b09400 JavaThread "EventThread COM7" [_thread_in_native, id=5656, stack(0x00d30000,0x00d80000)]
  0x27b05c00 JavaThread "JmDNS(2001:630:e4:4220:6d2a:5857:6bb4:9377.local.).Timer" daemon [_thread_blocked, id=2784, stack(0x26fa0000,0x26ff0000)]
  0x27b07000 JavaThread "JmDNS(2001:630:e4:4220:6d2a:5857:6bb4:9377.local.).State.Timer" [_thread_blocked, id=6448, stack(0x26e10000,0x26e60000)]
  0x275a5000 JavaThread "JmDNS(2001:630:e4:4220:6d2a:5857:6bb4:9377.local.).Timer" daemon [_thread_blocked, id=16356, stack(0x26c50000,0x26ca0000)]
  0x275a7400 JavaThread "SocketListener(2001:630:e4:4220:6d2a:5857:6bb4:9377.local.)" daemon [_thread_in_native, id=17440, stack(0x26bc0000,0x26c10000)]
  0x275a7000 JavaThread "JmDNS(LAPTOP-FNEF10JN-bris-ac-uk.local.).Timer" daemon [_thread_blocked, id=788, stack(0x26b30000,0x26b80000)]
  0x275a6000 JavaThread "JmDNS(LAPTOP-FNEF10JN-bris-ac-uk.local.).State.Timer" [_thread_blocked, id=13224, stack(0x26aa0000,0x26af0000)]
  0x275a4800 JavaThread "JmDNS(LAPTOP-FNEF10JN-bris-ac-uk.local.).Timer" daemon [_thread_blocked, id=16676, stack(0x26a10000,0x26a60000)]
  0x275a4400 JavaThread "SocketListener(LAPTOP-FNEF10JN-bris-ac-uk.local.)" daemon [_thread_in_native, id=12800, stack(0x26980000,0x269d0000)]
  0x275a3000 JavaThread "JmDNS(LAPTOP-FNEF10JN-bris-ac-uk.local.).Timer" daemon [_thread_blocked, id=2344, stack(0x268f0000,0x26940000)]
  0x275a5400 JavaThread "JmDNS(LAPTOP-FNEF10JN-bris-ac-uk.local.).State.Timer" [_thread_blocked, id=14864, stack(0x26860000,0x268b0000)]
  0x275a6800 JavaThread "JmDNS(LAPTOP-FNEF10JN-bris-ac-uk.local.).Timer" daemon [_thread_blocked, id=6420, stack(0x267d0000,0x26820000)]
  0x275a9c00 JavaThread "SocketListener(LAPTOP-FNEF10JN-bris-ac-uk.local.)" daemon [_thread_in_native, id=10200, stack(0x26740000,0x26790000)]
  0x275a9400 JavaThread "JmDNS(LAPTOP-FNEF10JN-bris-ac-uk.local.).Timer" daemon [_thread_blocked, id=16560, stack(0x266b0000,0x26700000)]
  0x275a2800 JavaThread "JmDNS(LAPTOP-FNEF10JN-bris-ac-uk.local.).State.Timer" [_thread_blocked, id=6332, stack(0x26620000,0x26670000)]
  0x275a8800 JavaThread "JmDNS(LAPTOP-FNEF10JN-bris-ac-uk.local.).Timer" daemon [_thread_blocked, id=3856, stack(0x02a50000,0x02aa0000)]
  0x275a8c00 JavaThread "SocketListener(LAPTOP-FNEF10JN-bris-ac-uk.local.)" daemon [_thread_in_native, id=11748, stack(0x00fd0000,0x01020000)]
  0x275a8000 JavaThread "DestroyJavaVM" [_thread_blocked, id=13228, stack(0x01070000,0x010c0000)]
  0x275a2400 JavaThread "TimerQueue" daemon [_thread_blocked, id=12660, stack(0x29790000,0x297e0000)]
  0x275a3c00 JavaThread "AWT-EventQueue-0" [_thread_blocked, id=4060, stack(0x29130000,0x29180000)]
  0x275a5c00 JavaThread "AWT-Shutdown" [_thread_blocked, id=4548, stack(0x290a0000,0x290f0000)]
  0x275a3400 JavaThread "Batik CleanerThread" daemon [_thread_blocked, id=16360, stack(0x28d80000,0x28dd0000)]
  0x27491c00 JavaThread "cc.arduino.packages.discoverers.network.BoardReachabilityFilter" [_thread_blocked, id=16908, stack(0x27e90000,0x27ee0000)]
  0x27491000 JavaThread "cc.arduino.packages.discoverers.network.NetworkChecker" [_thread_blocked, id=4856, stack(0x27e00000,0x27e50000)]
=>0x27490c00 JavaThread "cc.arduino.packages.discoverers.serial.SerialBoardsLister" [_thread_in_native, id=15772, stack(0x01100000,0x01150000)]
  0x25f1dc00 JavaThread "AWT-Windows" daemon [_thread_in_native, id=5680, stack(0x26400000,0x26450000)]
  0x25ee5800 JavaThread "Java2D Disposer" daemon [_thread_blocked, id=17604, stack(0x262e0000,0x26330000)]
  0x258d1000 JavaThread "Service Thread" daemon [_thread_blocked, id=816, stack(0x25cd0000,0x25d20000)]
  0x258b0800 JavaThread "C1 CompilerThread0" daemon [_thread_blocked, id=196, stack(0x25c40000,0x25c90000)]
  0x258af000 JavaThread "Attach Listener" daemon [_thread_blocked, id=2992, stack(0x25bb0000,0x25c00000)]
  0x258ad000 JavaThread "Signal Dispatcher" daemon [_thread_blocked, id=392, stack(0x254c0000,0x25510000)]
  0x2589ac00 JavaThread "Finalizer" daemon [_thread_blocked, id=7356, stack(0x25430000,0x25480000)]
  0x25884c00 JavaThread "Reference Handler" daemon [_thread_blocked, id=7904, stack(0x253a0000,0x253f0000)]

Other Threads:
  0x02a0e000 VMThread [stack: 0x04b90000,0x04be0000] [id=8680]
  0x258dd800 WatcherThread [stack: 0x25d60000,0x25db0000] [id=13212]

VM state:not at safepoint (normal execution)

VM Mutex/Monitor currently owned by a thread: None

Heap:
 def new generation   total 39424K, used 34598K [0x04c00000, 0x076c0000, 0x0f6a0000)
  eden space 35072K,  93% used [0x04c00000, 0x06c16eb0, 0x06e40000)
  from space 4352K,  39% used [0x07280000, 0x07432ce0, 0x076c0000)
  to   space 4352K,   0% used [0x06e40000, 0x06e40000, 0x07280000)
 tenured generation   total 87424K, used 39577K [0x0f6a0000, 0x14c00000, 0x24c00000)
   the space 87424K,  45% used [0x0f6a0000, 0x11d46680, 0x11d46800, 0x14c00000)
 Metaspace       used 19019K, capacity 19478K, committed 19584K, reserved 19840K

Card table byte_map: [0x24c00000,0x24d10000] byte_map_base: 0x24bda000

Polling page: 0x00f70000

CodeCache: size=32768Kb used=2507Kb max_used=3975Kb free=30260Kb
 bounds [0x02b90000, 0x02f78000, 0x04b90000]
 total_blobs=1434 nmethods=1152 adapters=210
 compilation: enabled

Compilation events (10 events):
Event: 3296.351 Thread 0x258b0800 8261             java.awt.image.BufferedImage::getWidth (8 bytes)
Event: 3296.351 Thread 0x258b0800 nmethod 8261 0x02ca7408 code [0x02ca7500, 0x02ca7590]
Event: 3296.351 Thread 0x258b0800 8262             java.awt.image.BufferedImage::getHeight (8 bytes)
Event: 3296.352 Thread 0x258b0800 nmethod 8262 0x02d842c8 code [0x02d843c0, 0x02d84450]
Event: 3296.352 Thread 0x258b0800 8263             java.awt.image.Raster::getWidth (5 bytes)
Event: 3296.352 Thread 0x258b0800 nmethod 8263 0x02f03488 code [0x02f03580, 0x02f03600]
Event: 3296.352 Thread 0x258b0800 8264             java.awt.image.Raster::getHeight (5 bytes)
Event: 3296.352 Thread 0x258b0800 nmethod 8264 0x02c34c48 code [0x02c34d40, 0x02c34dc0]
Event: 3296.352 Thread 0x258b0800 8265             sun.awt.image.ByteArrayImageSource::checkSecurity (2 bytes)
Event: 3296.352 Thread 0x258b0800 nmethod 8265 0x02c34a88 code [0x02c34b80, 0x02c34c00]

GC Heap History (10 events):
Event: 1912.455 GC heap before
{Heap before GC invocations=13 (full 1):
 def new generation   total 39424K, used 37176K [0x04c00000, 0x076c0000, 0x0f6a0000)
  eden space 35072K, 100% used [0x04c00000, 0x06e40000, 0x06e40000)
  from space 4352K,  48% used [0x06e40000, 0x0704e028, 0x07280000)
  to   space 4352K,   0% used [0x07280000, 0x07280000, 0x076c0000)
 tenured generation   total 87424K, used 39341K [0x0f6a0000, 0x14c00000, 0x24c00000)
   the space 87424K,  45% used [0x0f6a0000, 0x11d0b490, 0x11d0b600, 0x14c00000)
 Metaspace       used 18931K, capacity 19409K, committed 19456K, reserved 19840K
Event: 1912.463 GC heap after
Heap after GC invocations=14 (full 1):
 def new generation   total 39424K, used 2255K [0x04c00000, 0x076c0000, 0x0f6a0000)
  eden space 35072K,   0% used [0x04c00000, 0x04c00000, 0x06e40000)
  from space 4352K,  51% used [0x07280000, 0x074b3f98, 0x076c0000)
  to   space 4352K,   0% used [0x06e40000, 0x06e40000, 0x07280000)
 tenured generation   total 87424K, used 39341K [0x0f6a0000, 0x14c00000, 0x24c00000)
   the space 87424K,  45% used [0x0f6a0000, 0x11d0b490, 0x11d0b600, 0x14c00000)
 Metaspace       used 18931K, capacity 19409K, committed 19456K, reserved 19840K
}
Event: 2257.829 GC heap before
{Heap before GC invocations=14 (full 1):
 def new generation   total 39424K, used 37327K [0x04c00000, 0x076c0000, 0x0f6a0000)
  eden space 35072K, 100% used [0x04c00000, 0x06e40000, 0x06e40000)
  from space 4352K,  51% used [0x07280000, 0x074b3f98, 0x076c0000)
  to   space 4352K,   0% used [0x06e40000, 0x06e40000, 0x07280000)
 tenured generation   total 87424K, used 39341K [0x0f6a0000, 0x14c00000, 0x24c00000)
   the space 87424K,  45% used [0x0f6a0000, 0x11d0b490, 0x11d0b600, 0x14c00000)
 Metaspace       used 18931K, capacity 19409K, committed 19456K, reserved 19840K
Event: 2257.836 GC heap after
Heap after GC invocations=15 (full 1):
 def new generation   total 39424K, used 1875K [0x04c00000, 0x076c0000, 0x0f6a0000)
  eden space 35072K,   0% used [0x04c00000, 0x04c00000, 0x06e40000)
  from space 4352K,  43% used [0x06e40000, 0x07014f90, 0x07280000)
  to   space 4352K,   0% used [0x07280000, 0x07280000, 0x076c0000)
 tenured generation   total 87424K, used 39577K [0x0f6a0000, 0x14c00000, 0x24c00000)
   the space 87424K,  45% used [0x0f6a0000, 0x11d46680, 0x11d46800, 0x14c00000)
 Metaspace       used 18931K, capacity 19409K, committed 19456K, reserved 19840K
}
Event: 2431.856 GC heap before
{Heap before GC invocations=15 (full 1):
 def new generation   total 39424K, used 36941K [0x04c00000, 0x076c0000, 0x0f6a0000)
  eden space 35072K,  99% used [0x04c00000, 0x06e3e4f8, 0x06e40000)
  from space 4352K,  43% used [0x06e40000, 0x07014f90, 0x07280000)
  to   space 4352K,   0% used [0x07280000, 0x07280000, 0x076c0000)
 tenured generation   total 87424K, used 39577K [0x0f6a0000, 0x14c00000, 0x24c00000)
   the space 87424K,  45% used [0x0f6a0000, 0x11d46680, 0x11d46800, 0x14c00000)
 Metaspace       used 18998K, capacity 19473K, committed 19584K, reserved 19840K
Event: 2431.862 GC heap after
Heap after GC invocations=16 (full 1):
 def new generation   total 39424K, used 1864K [0x04c00000, 0x076c0000, 0x0f6a0000)
  eden space 35072K,   0% used [0x04c00000, 0x04c00000, 0x06e40000)
  from space 4352K,  42% used [0x07280000, 0x07452220, 0x076c0000)
  to   space 4352K,   0% used [0x06e40000, 0x06e40000, 0x07280000)
 tenured generation   total 87424K, used 39577K [0x0f6a0000, 0x14c00000, 0x24c00000)
   the space 87424K,  45% used [0x0f6a0000, 0x11d46680, 0x11d46800, 0x14c00000)
 Metaspace       used 18998K, capacity 19473K, committed 19584K, reserved 19840K
}
Event: 2599.679 GC heap before
{Heap before GC invocations=16 (full 1):
 def new generation   total 39424K, used 36936K [0x04c00000, 0x076c0000, 0x0f6a0000)
  eden space 35072K, 100% used [0x04c00000, 0x06e40000, 0x06e40000)
  from space 4352K,  42% used [0x07280000, 0x07452220, 0x076c0000)
  to   space 4352K,   0% used [0x06e40000, 0x06e40000, 0x07280000)
 tenured generation   total 87424K, used 39577K [0x0f6a0000, 0x14c00000, 0x24c00000)
   the space 87424K,  45% used [0x0f6a0000, 0x11d46680, 0x11d46800, 0x14c00000)
 Metaspace       used 18998K, capacity 19473K, committed 19584K, reserved 19840K
Event: 2599.686 GC heap after
Heap after GC invocations=17 (full 1):
 def new generation   total 39424K, used 1855K [0x04c00000, 0x076c0000, 0x0f6a0000)
  eden space 35072K,   0% used [0x04c00000, 0x04c00000, 0x06e40000)
  from space 4352K,  42% used [0x06e40000, 0x0700ffb8, 0x07280000)
  to   space 4352K,   0% used [0x07280000, 0x07280000, 0x076c0000)
 tenured generation   total 87424K, used 39577K [0x0f6a0000, 0x14c00000, 0x24c00000)
   the space 87424K,  45% used [0x0f6a0000, 0x11d46680, 0x11d46800, 0x14c00000)
 Metaspace       used 18998K, capacity 19473K, committed 19584K, reserved 19840K
}
Event: 3078.759 GC heap before
{Heap before GC invocations=17 (full 1):
 def new generation   total 39424K, used 36927K [0x04c00000, 0x076c0000, 0x0f6a0000)
  eden space 35072K, 100% used [0x04c00000, 0x06e40000, 0x06e40000)
  from space 4352K,  42% used [0x06e40000, 0x0700ffb8, 0x07280000)
  to   space 4352K,   0% used [0x07280000, 0x07280000, 0x076c0000)
 tenured generation   total 87424K, used 39577K [0x0f6a0000, 0x14c00000, 0x24c00000)
   the space 87424K,  45% used [0x0f6a0000, 0x11d46680, 0x11d46800, 0x14c00000)
 Metaspace       used 19004K, capacity 19473K, committed 19584K, reserved 19840K
Event: 3078.767 GC heap after
Heap after GC invocations=18 (full 1):
 def new generation   total 39424K, used 1739K [0x04c00000, 0x076c0000, 0x0f6a0000)
  eden space 35072K,   0% used [0x04c00000, 0x04c00000, 0x06e40000)
  from space 4352K,  39% used [0x07280000, 0x07432ce0, 0x076c0000)
  to   space 4352K,   0% used [0x06e40000, 0x06e40000, 0x07280000)
 tenured generation   total 87424K, used 39577K [0x0f6a0000, 0x14c00000, 0x24c00000)
   the space 87424K,  45% used [0x0f6a0000, 0x11d46680, 0x11d46800, 0x14c00000)
 Metaspace       used 19004K, capacity 19473K, committed 19584K, reserved 19840K
}

Deoptimization events (0 events):
No events

Internal exceptions (10 events):
Event: 3130.688 Thread 0x27b09000 Exception <a 'sun/nio/fs/WindowsException'> (0x05716840) thrown at [C:\workspace\8-2-build-windows-i586-cygwin\jdk8u92\6642\hotspot\src\share\vm\prims\jni.cpp, line 709]
Event: 3130.688 Thread 0x27b09000 Exception <a 'sun/nio/fs/WindowsException'> (0x05716e60) thrown at [C:\workspace\8-2-build-windows-i586-cygwin\jdk8u92\6642\hotspot\src\share\vm\prims\jni.cpp, line 709]
Event: 3130.694 Thread 0x27b09000 Exception <a 'sun/nio/fs/WindowsException'> (0x05720ae0) thrown at [C:\workspace\8-2-build-windows-i586-cygwin\jdk8u92\6642\hotspot\src\share\vm\prims\jni.cpp, line 709]
Event: 3130.694 Thread 0x27b09000 Exception <a 'sun/nio/fs/WindowsException'> (0x057210d8) thrown at [C:\workspace\8-2-build-windows-i586-cygwin\jdk8u92\6642\hotspot\src\share\vm\prims\jni.cpp, line 709]
Event: 3130.700 Thread 0x27b09000 Exception <a 'sun/nio/fs/WindowsException'> (0x0572b700) thrown at [C:\workspace\8-2-build-windows-i586-cygwin\jdk8u92\6642\hotspot\src\share\vm\prims\jni.cpp, line 709]
Event: 3130.700 Thread 0x27b09000 Exception <a 'sun/nio/fs/WindowsException'> (0x0572bd70) thrown at [C:\workspace\8-2-build-windows-i586-cygwin\jdk8u92\6642\hotspot\src\share\vm\prims\jni.cpp, line 709]
Event: 3130.706 Thread 0x27b09000 Exception <a 'sun/nio/fs/WindowsException'> (0x05735fd8) thrown at [C:\workspace\8-2-build-windows-i586-cygwin\jdk8u92\6642\hotspot\src\share\vm\prims\jni.cpp, line 709]
Event: 3130.707 Thread 0x27b09000 Exception <a 'sun/nio/fs/WindowsException'> (0x057365d0) thrown at [C:\workspace\8-2-build-windows-i586-cygwin\jdk8u92\6642\hotspot\src\share\vm\prims\jni.cpp, line 709]
Event: 3130.712 Thread 0x27b09000 Exception <a 'sun/nio/fs/WindowsException'> (0x057405d8) thrown at [C:\workspace\8-2-build-windows-i586-cygwin\jdk8u92\6642\hotspot\src\share\vm\prims\jni.cpp, line 709]
Event: 3130.713 Thread 0x27b09000 Exception <a 'sun/nio/fs/WindowsException'> (0x05740be0) thrown at [C:\workspace\8-2-build-windows-i586-cygwin\jdk8u92\6642\hotspot\src\share\vm\prims\jni.cpp, line 709]

Events (10 events):
Event: 3292.600 Thread 0x258b0800 flushing nmethod 0x02f4a0c8
Event: 3292.600 Thread 0x258b0800 flushing nmethod 0x02f4a348
Event: 3292.600 Thread 0x258b0800 flushing nmethod 0x02f52e08
Event: 3293.724 Thread 0x258b0800 flushing nmethod 0x02f083c8
Event: 3294.521 Thread 0x258b0800 flushing nmethod 0x02c6e688
Event: 3294.630 Thread 0x258b0800 flushing nmethod 0x02d84288
Event: 3295.317 Thread 0x258b0800 flushing nmethod 0x02f080c8
Event: 3296.302 Thread 0x258b0800 flushing nmethod 0x02c6e448
Event: 3296.302 Thread 0x258b0800 flushing nmethod 0x02ca7108
Event: 3296.302 Thread 0x258b0800 flushing nmethod 0x02ca73c8


Dynamic libraries:
0x011b0000 - 0x011e3000 	C:\Program Files (x86)\Arduino\java\bin\javaw.exe
0x773b0000 - 0x77533000 	C:\WINDOWS\SYSTEM32\ntdll.dll
0x760b0000 - 0x76190000 	C:\WINDOWS\System32\KERNEL32.DLL
0x75e00000 - 0x75fa1000 	C:\WINDOWS\System32\KERNELBASE.dll
0x75bf0000 - 0x75c67000 	C:\WINDOWS\System32\ADVAPI32.dll
0x75d10000 - 0x75dce000 	C:\WINDOWS\System32\msvcrt.dll
0x76d30000 - 0x76d71000 	C:\WINDOWS\System32\sechost.dll
0x742b0000 - 0x74371000 	C:\WINDOWS\System32\RPCRT4.dll
0x73e70000 - 0x73e8e000 	C:\WINDOWS\System32\SspiCli.dll
0x73e60000 - 0x73e6a000 	C:\WINDOWS\System32\CRYPTBASE.dll
0x77020000 - 0x7707a000 	C:\WINDOWS\System32\bcryptPrimitives.dll
0x763b0000 - 0x7650f000 	C:\WINDOWS\System32\USER32.dll
0x75dd0000 - 0x75de5000 	C:\WINDOWS\System32\win32u.dll
0x76510000 - 0x7653b000 	C:\WINDOWS\System32\GDI32.dll
0x76250000 - 0x763ab000 	C:\WINDOWS\System32\gdi32full.dll
0x6d390000 - 0x6d59a000 	C:\WINDOWS\WinSxS\x86_microsoft.windows.common-controls_6595b64144ccf1df_6.0.14393.447_none_89c64d28dafea4b9\COMCTL32.dll
0x765a0000 - 0x767b1000 	C:\WINDOWS\System32\combase.dll
0x75fc0000 - 0x760a0000 	C:\WINDOWS\System32\ucrtbase.dll
0x75bc0000 - 0x75be5000 	C:\WINDOWS\System32\IMM32.DLL
0x523d0000 - 0x5248f000 	C:\Program Files (x86)\Arduino\java\bin\msvcr100.dll
0x52000000 - 0x523cb000 	C:\Program Files (x86)\Arduino\java\bin\client\jvm.dll
0x73e90000 - 0x73e96000 	C:\WINDOWS\System32\PSAPI.DLL
0x6f9a0000 - 0x6f9a8000 	C:\WINDOWS\SYSTEM32\WSOCK32.dll
0x76fb0000 - 0x77013000 	C:\WINDOWS\System32\WS2_32.dll
0x73b40000 - 0x73b64000 	C:\WINDOWS\SYSTEM32\WINMM.dll
0x73cc0000 - 0x73cc8000 	C:\WINDOWS\SYSTEM32\VERSION.dll
0x738e0000 - 0x73903000 	C:\WINDOWS\SYSTEM32\WINMMBASE.dll
0x74420000 - 0x74456000 	C:\WINDOWS\System32\cfgmgr32.dll
0x60d90000 - 0x60dc1000 	C:\Program Files (x86)\Arduino\java\bin\splashscreen.dll
0x6d5a0000 - 0x6d615000 	C:\WINDOWS\system32\uxtheme.dll
0x681d0000 - 0x681dc000 	C:\Program Files (x86)\Arduino\java\bin\verify.dll
0x75a80000 - 0x75bb5000 	C:\WINDOWS\System32\MSCTF.dll
0x76190000 - 0x76224000 	C:\WINDOWS\System32\OLEAUT32.dll
0x74460000 - 0x744db000 	C:\WINDOWS\System32\msvcp_win.dll
0x5e6f0000 - 0x5e711000 	C:\Program Files (x86)\Arduino\java\bin\java.dll
0x64d50000 - 0x64d63000 	C:\Program Files (x86)\Arduino\java\bin\zip.dll
0x75df0000 - 0x75dfd000 	C:\WINDOWS\System32\kernel.appcore.dll
0x744e0000 - 0x758b9000 	C:\WINDOWS\System32\SHELL32.dll
0x767c0000 - 0x76d2e000 	C:\WINDOWS\System32\windows.storage.dll
0x75c70000 - 0x75cb5000 	C:\WINDOWS\System32\powrprof.dll
0x75a30000 - 0x75a76000 	C:\WINDOWS\System32\shlwapi.dll
0x76f20000 - 0x76fa8000 	C:\WINDOWS\System32\shcore.dll
0x75fb0000 - 0x75fbf000 	C:\WINDOWS\System32\profapi.dll
0x51950000 - 0x51a95000 	C:\Program Files (x86)\Arduino\java\bin\awt.dll
0x6d1e0000 - 0x6d272000 	C:\WINDOWS\SYSTEM32\apphelp.dll
0x6d370000 - 0x6d38f000 	C:\WINDOWS\system32\dwmapi.dll
0x76d80000 - 0x76e6a000 	C:\WINDOWS\System32\ole32.dll
0x61740000 - 0x6176c000 	C:\Program Files (x86)\Arduino\lib\listSerialsj.dll
0x73ea0000 - 0x742ab000 	C:\WINDOWS\System32\SETUPAPI.dll
0x70b60000 - 0x70b73000 	C:\WINDOWS\SYSTEM32\CRYPTSP.dll
0x70b30000 - 0x70b5f000 	C:\WINDOWS\system32\rsaenh.dll
0x70b10000 - 0x70b2b000 	C:\WINDOWS\SYSTEM32\bcrypt.dll
0x71d60000 - 0x71d7a000 	C:\WINDOWS\SYSTEM32\USERENV.dll
0x60d70000 - 0x60d86000 	C:\Program Files (x86)\Arduino\java\bin\net.dll
0x73c00000 - 0x73c4e000 	C:\WINDOWS\system32\mswsock.dll
0x73b70000 - 0x73b9f000 	C:\WINDOWS\SYSTEM32\IPHLPAPI.DLL
0x76240000 - 0x76247000 	C:\WINDOWS\System32\NSI.dll
0x70a70000 - 0x70a83000 	C:\WINDOWS\SYSTEM32\dhcpcsvc6.DLL
0x70a50000 - 0x70a64000 	C:\WINDOWS\SYSTEM32\dhcpcsvc.DLL
0x681c0000 - 0x681cf000 	C:\Program Files (x86)\Arduino\java\bin\nio.dll
0x26330000 - 0x2636d000 	C:\Users\Roy\AppData\Local\Temp\jna-82364\jna8422924430696535739.dll
0x51bd0000 - 0x51c09000 	C:\Program Files (x86)\Arduino\java\bin\fontmanager.dll
0x51b90000 - 0x51bc2000 	C:\Program Files (x86)\Arduino\java\bin\t2k.dll
0x70a20000 - 0x70a42000 	C:\WINDOWS\SYSTEM32\DEVOBJ.dll
0x75cc0000 - 0x75d04000 	C:\WINDOWS\System32\WINTRUST.dll
0x76230000 - 0x7623e000 	C:\WINDOWS\System32\MSASN1.dll
0x771d0000 - 0x7734d000 	C:\WINDOWS\System32\CRYPT32.dll
0x73d80000 - 0x73dfc000 	C:\WINDOWS\SYSTEM32\DNSAPI.dll
0x6e1d0000 - 0x6e1d8000 	C:\Windows\System32\rasadhlp.dll
0x6e180000 - 0x6e1c9000 	C:\WINDOWS\System32\fwpuclnt.dll
0x518e0000 - 0x51949000 	C:\Program Files (x86)\Arduino\msvcp100.dll
0x51820000 - 0x518de000 	C:\Program Files (x86)\Arduino\msvcr100.dll
0x280e0000 - 0x28112000 	C:\Program Files (x86)\Arduino\lib\AStylej.dll
0x5e510000 - 0x5e534000 	C:\Program Files (x86)\Arduino\java\bin\dcpr.dll
0x76e90000 - 0x76f14000 	C:\WINDOWS\System32\clbcatq.dll
0x6bc60000 - 0x6bdce000 	C:\WINDOWS\SYSTEM32\WindowsCodecs.dll
0x6b3a0000 - 0x6b3e4000 	C:\WINDOWS\system32\dataexchange.dll
0x6b4c0000 - 0x6b5d3000 	C:\WINDOWS\system32\dcomp.dll
0x6c590000 - 0x6c7bf000 	C:\WINDOWS\system32\d3d11.dll
0x6c500000 - 0x6c584000 	C:\WINDOWS\system32\dxgi.dll
0x6b2a0000 - 0x6b391000 	C:\WINDOWS\system32\twinapi.appcore.dll
0x64000000 - 0x6401b000 	C:\Users\Roy\.jssc\windows\jSSC-2.8_x86.dll
0x5e450000 - 0x5e48d000 	C:\WINDOWS\SYSTEM32\edputil.dll
0x67ad0000 - 0x67c15000 	C:\WINDOWS\SYSTEM32\dbghelp.dll

VM Arguments:
jvm_args: -Dsun.java2d.d3d=false -Djna.nosys=true -DAPP_DIR=C:\Program Files (x86)\Arduino -Xms128M -Xmx512M 
java_command: processing.app.Base C:\Users\Roy\Desktop\Buggy Project Final\IDE Code\Buggy_Project\Buggy_Project.ino
java_class_path (initial): C:\Program Files (x86)\Arduino\lib\apple.jar;C:\Program Files (x86)\Arduino\lib\arduino-core.jar;C:\Program Files (x86)\Arduino\lib\batik-1.8.jar;C:\Program Files (x86)\Arduino\lib\batik-anim-1.8.jar;C:\Program Files (x86)\Arduino\lib\batik-awt-util-1.8.jar;C:\Program Files (x86)\Arduino\lib\batik-bridge-1.8.jar;C:\Program Files (x86)\Arduino\lib\batik-codec-1.8.jar;C:\Program Files (x86)\Arduino\lib\batik-css-1.8.jar;C:\Program Files (x86)\Arduino\lib\batik-dom-1.8.jar;C:\Program Files (x86)\Arduino\lib\batik-ext-1.8.jar;C:\Program Files (x86)\Arduino\lib\batik-gvt-1.8.jar;C:\Program Files (x86)\Arduino\lib\batik-parser-1.8.jar;C:\Program Files (x86)\Arduino\lib\batik-rasterizer-1.8.jar;C:\Program Files (x86)\Arduino\lib\batik-script-1.8.jar;C:\Program Files (x86)\Arduino\lib\batik-squiggle-1.8.jar;C:\Program Files (x86)\Arduino\lib\batik-svg-dom-1.8.jar;C:\Program Files (x86)\Arduino\lib\batik-svgpp-1.8.jar;C:\Program Files (x86)\Arduino\lib\batik-transcoder-1.8.jar;C:\Program Files (x86)\Arduino\lib\batik-util-1.8.jar;C:\Program Files (x86)\Arduino\lib\batik-xml-1.8.jar;C:\Program Files (x86)\Arduino\lib\bcpg-jdk15on-152.jar;C:\Program Files (x86)\Arduino\lib\bcprov-jdk15on-152.jar;C:\Program Files (x86)\Arduino\lib\commons-codec-1.7.jar;C:\Program Files (x86)\Arduino\lib\commons-compress-1.8.jar;C:\Program Files (x86)\Arduino\lib\commons-exec-1.1.jar;C:\Program Files (x86)\Arduino\lib\commons-httpclient-3.1.jar;C:\Program Files (x86)\Arduino\lib\commons-lang3-3.3.2.jar;C:\Program Files (x86)\Arduino\lib\commons-logging-1.0.4.jar;C:\Program Files (x86)\Arduino\lib\commons-net-3.3.jar;C:\Program Files (x86)\Arduino\lib\jackson-annotations-2.6.3.jar;C:\Program Files (x86)\Arduino\lib\jackson-core-2.6.3.jar;C:\Program Files (x86)\Arduino\lib\jackson-databind-2.6.3.jar;C:\Program Files (x86)\Arduino\lib\jackson-module-mrbean-2.6.3.jar;C:\Program Files (x86)\Arduino\lib\java-semver-0.8.0.jar;C:\Program Files (x86)\Arduino\lib\jmdns-3.4.1.j
Launcher Type: SUN_STANDARD

Environment Variables:
PATH=C:\Program Files\ImageMagick-7.0.3-Q8;C:\ProgramData\Oracle\Java\javapath;C:\Program Files (x86)\Intel\iCLS Client\;C:\Program Files\Intel\iCLS Client\;C:\Windows\system32;C:\Windows;C:\Windows\System32\Wbem;C:\Windows\System32\WindowsPowerShell\v1.0\;C:\Program Files (x86)\Intel\Intel(R) Management Engine Components\DAL;C:\Program Files\Intel\Intel(R) Management Engine Components\DAL;C:\Program Files (x86)\Intel\Intel(R) Management Engine Components\IPT;C:\Program Files\Intel\Intel(R) Management Engine Components\IPT;C:\Program Files (x86)\NVIDIA Corporation\PhysX\Common;C:\Program Files (x86)\Skype\Phone\;C:\WINDOWS\system32\config\systemprofile\.dnx\bin;C:\Program Files\Microsoft DNX\Dnvm\;C:\Program Files\Microsoft SQL Server\Client SDK\ODBC\110\Tools\Binn\;C:\Program Files (x86)\Microsoft SQL Server\120\Tools\Binn\;C:\Program Files\Microsoft SQL Server\120\Tools\Binn\;C:\Program Files\Microsoft SQL Server\120\DTS\Binn\;C:\Program Files\nodejs\;C:\xampp\php;C:\ProgramData\ComposerSetup\bin;C:\WINDOWS\system32;C:\WINDOWS;C:\WINDOWS\System32\Wbem;C:\WINDOWS\System32\WindowsPowerShell\v1.0\;C:\Program Files (x86)\GtkSharp\2.12\bin;C:\Program Files (x86)\Windows Kits\8.1\Windows Performance Toolkit\;C:\Program Files\Git\cmd;C:\Strawberry\c\bin;C:\Strawberry\perl\site\bin;C:\Strawberry\perl\bin;C:\Program Files\MATLAB\R2016b\runtime\win64;C:\Program Files\MATLAB\R2016b\bin;C:\Program Files\Intel\WiFi\bin\;C:\Program Files\Common Files\Intel\WirelessCommon\;C:\Users\Roy\AppData\Local\Programs\Python\Python35\Scripts\;C:\Users\Roy\AppData\Local\Programs\Python\Python35\;C:\Program Files\Intel\WiFi\bin\;C:\Program Files\Common Files\Intel\WirelessCommon\;C:\Users\Roy\AppData\Roaming\npm;C:\Program Files\CMake\bin;C:\Windows\System32;C:\MinGW\bin;C:\Users\Roy\AppData\Local\Microsoft\WindowsApps;C:\Users\Roy\Documents\OpenCV2\opencv\build\x86\vc11\bin;C:\Program Files (x86)\Arduino\java\bin
USERNAME=Roy
OS=Windows_NT
PROCESSOR_IDENTIFIER=Intel64 Family 6 Model 78 Stepping 3, GenuineIntel



---------------  S Y S T E M  ---------------

OS: Windows 10.0 , 64 bit Build 14393 (10.0.14393.0)

CPU:total 4 (2 cores per cpu, 2 threads per core) family 6 model 78 stepping 3, cmov, cx8, fxsr, mmx, sse, sse2, sse3, ssse3, sse4.1, sse4.2, popcnt, avx, avx2, aes, clmul, erms, 3dnowpref, lzcnt, ht, tsc, tscinvbit, bmi1, bmi2, adx

Memory: 4k page, physical 16607712k(10670644k free), swap 19098080k(11552452k free)

vm_info: Java HotSpot(TM) Client VM (25.92-b14) for windows-x86 JRE (1.8.0_92-b14), built on Mar 31 2016 21:09:21 by "java_re" with MS VC++ 10.0 (VS2010)

time: Mon Jan 23 16:47:49 2017
elapsed time: 3299 seconds (0d 0h 54m 59s)

