#
# A fatal error has been detected by the Java Runtime Environment:
#
#  EXCEPTION_ACCESS_VIOLATION (0xc0000005) at pc=0x617493cd, pid=14128, tid=0x000032b8
#
# JRE version: Java(TM) SE Runtime Environment (8.0_92-b14) (build 1.8.0_92-b14)
# Java VM: Java HotSpot(TM) Client VM (25.92-b14 mixed mode windows-x86 )
# Problematic frame:
# C  [listSerialsj.dll+0x93cd]
#
# Failed to write core dump. Minidumps are not enabled by default on client versions of Windows
#
# If you would like to submit a bug report, please visit:
#   http://bugreport.java.com/bugreport/crash.jsp
# The crash happened outside the Java Virtual Machine in native code.
# See problematic frame for where to report the bug.
#

---------------  T H R E A D  ---------------

Current thread (0x2758e800):  JavaThread "cc.arduino.packages.discoverers.serial.SerialBoardsLister" [_thread_in_native, id=12984, stack(0x26570000,0x265c0000)]

siginfo: ExceptionCode=0xc0000005, writing address 0x00000000

Registers:
EAX=0x00000000, EBX=0x00000a88, ECX=0x00000000, EDX=0x00000001
ESP=0x265bee80, EBP=0x265bf2d8, ESI=0x00000001, EDI=0x01412498
EIP=0x617493cd, EFLAGS=0x00010246

Top of Stack: (sp=0x265bee80)
0x265bee80:   011314a0 0000002e 00000002 00000000
0x265bee90:   00000003 00000000 00000000 00000000
0x265beea0:   000003ec 265bf0dc 0000006c 73eca540
0x265beeb0:   0113ec88 00f7cd2c 014119b8 0000002f
0x265beec0:   52157e33 02e62cd8 0000004e 00000002
0x265beed0:   00000001 0000006c 00000048 0000008e
0x265beee0:   008e7b63 00000000 374d4f43 005bef00
0x265beef0:   00425355 02dc0600 fffffc68 265bf358 

Instructions: (pc=0x617493cd)
0x617493ad:   8b 45 08 8b 90 94 00 00 00 85 d2 74 16 8b 40 2c
0x617493bd:   c7 44 24 04 2e 00 00 00 89 04 24 e8 73 14 00 00
0x617493cd:   c6 00 00 8d 85 04 fc ff ff 89 44 24 18 8d 85 0a
0x617493dd:   fc ff ff 89 44 24 10 a1 e4 01 75 61 c7 85 04 fc 


Register to memory mapping:

EAX=0x00000000 is an unknown value
EBX=0x00000a88 is an unknown value
ECX=0x00000000 is an unknown value
EDX=0x00000001 is an unknown value
ESP=0x265bee80 is pointing into the stack for thread: 0x2758e800
EBP=0x265bf2d8 is pointing into the stack for thread: 0x2758e800
ESI=0x00000001 is an unknown value
EDI=0x01412498 is an unknown value


Stack: [0x26570000,0x265c0000],  sp=0x265bee80,  free space=315k
Native frames: (J=compiled Java code, j=interpreted, Vv=VM code, C=native code)
C  [listSerialsj.dll+0x93cd]
C  [listSerialsj.dll+0x2211]

Java frames: (J=compiled Java code, j=interpreted, Vv=VM code)
j  processing.app.Platform.listSerialsNative()[Ljava/lang/String;+0
j  processing.app.Platform.listSerials()Ljava/util/List;+5
j  cc.arduino.packages.discoverers.serial.SerialBoardsLister.retriggerDiscovery(Z)V+22
j  cc.arduino.packages.discoverers.serial.SerialBoardsLister.run()V+9
j  java.util.TimerThread.mainLoop()V+221
j  java.util.TimerThread.run()V+1
v  ~StubRoutines::call_stub

---------------  P R O C E S S  ---------------

Java Threads: ( => current thread )
  0x27687000 JavaThread "MessageSiphon" [_thread_in_native, id=2136, stack(0x01140000,0x01190000)]
  0x27686000 JavaThread "MessageSiphon" [_thread_in_native, id=8208, stack(0x00f60000,0x00fb0000)]
  0x27686800 JavaThread "Thread-48" [_thread_blocked, id=17524, stack(0x01000000,0x01050000)]
  0x27684800 JavaThread "Thread-47" [_thread_blocked, id=11092, stack(0x00ed0000,0x00f20000)]
  0x27687400 JavaThread "DestroyJavaVM" [_thread_blocked, id=16908, stack(0x01380000,0x013d0000)]
  0x27685400 JavaThread "TimerQueue" daemon [_thread_blocked, id=9068, stack(0x29940000,0x29990000)]
  0x27684400 JavaThread "AWT-EventQueue-0" [_thread_in_Java, id=8892, stack(0x29190000,0x291e0000)]
  0x27685c00 JavaThread "AWT-Shutdown" [_thread_blocked, id=16824, stack(0x29100000,0x29150000)]
  0x27685000 JavaThread "Batik CleanerThread" daemon [_thread_blocked, id=2324, stack(0x28de0000,0x28e30000)]
  0x27683000 JavaThread "JmDNS(LAPTOP-FNEF10JN-bris-ac-uk.local.).Timer" daemon [_thread_blocked, id=13772, stack(0x28b50000,0x28ba0000)]
  0x27683c00 JavaThread "JmDNS(LAPTOP-FNEF10JN-bris-ac-uk.local.).State.Timer" [_thread_blocked, id=13028, stack(0x28ac0000,0x28b10000)]
  0x27682400 JavaThread "JmDNS(LAPTOP-FNEF10JN-bris-ac-uk.local.).Timer" daemon [_thread_blocked, id=6164, stack(0x28a30000,0x28a80000)]
  0x27681800 JavaThread "SocketListener(LAPTOP-FNEF10JN-bris-ac-uk.local.)" daemon [_thread_in_native, id=9240, stack(0x28970000,0x289c0000)]
  0x27681000 JavaThread "JmDNS(LAPTOP-FNEF10JN-bris-ac-uk.local.).Timer" daemon [_thread_blocked, id=13496, stack(0x28890000,0x288e0000)]
  0x27680c00 JavaThread "JmDNS(LAPTOP-FNEF10JN-bris-ac-uk.local.).State.Timer" [_thread_blocked, id=6708, stack(0x28800000,0x28850000)]
  0x27680400 JavaThread "JmDNS(LAPTOP-FNEF10JN-bris-ac-uk.local.).Timer" daemon [_thread_blocked, id=15736, stack(0x282f0000,0x28340000)]
  0x27682800 JavaThread "SocketListener(LAPTOP-FNEF10JN-bris-ac-uk.local.)" daemon [_thread_in_native, id=16332, stack(0x28260000,0x282b0000)]
  0x27681c00 JavaThread "JmDNS(LAPTOP-FNEF10JN-bris-ac-uk.local.).Timer" daemon [_thread_blocked, id=17544, stack(0x28770000,0x287c0000)]
  0x27657800 JavaThread "JmDNS(LAPTOP-FNEF10JN-bris-ac-uk.local.).State.Timer" [_thread_blocked, id=3996, stack(0x286e0000,0x28730000)]
  0x27656c00 JavaThread "JmDNS(LAPTOP-FNEF10JN-bris-ac-uk.local.).Timer" daemon [_thread_blocked, id=12788, stack(0x28650000,0x286a0000)]
  0x27658400 JavaThread "SocketListener(LAPTOP-FNEF10JN-bris-ac-uk.local.)" daemon [_thread_in_native, id=9000, stack(0x285c0000,0x28610000)]
  0x27658000 JavaThread "JmDNS(LAPTOP-FNEF10JN-bris-ac-uk.local.).Timer" daemon [_thread_blocked, id=3596, stack(0x28530000,0x28580000)]
  0x27657400 JavaThread "JmDNS(LAPTOP-FNEF10JN-bris-ac-uk.local.).State.Timer" [_thread_blocked, id=13700, stack(0x284a0000,0x284f0000)]
  0x27658c00 JavaThread "JmDNS(LAPTOP-FNEF10JN-bris-ac-uk.local.).Timer" daemon [_thread_blocked, id=9888, stack(0x28410000,0x28460000)]
  0x27641400 JavaThread "SocketListener(LAPTOP-FNEF10JN-bris-ac-uk.local.)" daemon [_thread_in_native, id=14596, stack(0x28380000,0x283d0000)]
  0x2758f800 JavaThread "cc.arduino.packages.discoverers.network.BoardReachabilityFilter" [_thread_blocked, id=5088, stack(0x27fd0000,0x28020000)]
  0x2758ec00 JavaThread "cc.arduino.packages.discoverers.network.NetworkChecker" [_thread_in_native, id=2480, stack(0x27f40000,0x27f90000)]
=>0x2758e800 JavaThread "cc.arduino.packages.discoverers.serial.SerialBoardsLister" [_thread_in_native, id=12984, stack(0x26570000,0x265c0000)]
  0x260e6800 JavaThread "AWT-Windows" daemon [_thread_in_native, id=1980, stack(0x26600000,0x26650000)]
  0x260e5400 JavaThread "Java2D Disposer" daemon [_thread_blocked, id=15364, stack(0x264e0000,0x26530000)]
  0x25ab8000 JavaThread "Service Thread" daemon [_thread_blocked, id=7656, stack(0x25ed0000,0x25f20000)]
  0x25abd000 JavaThread "C1 CompilerThread0" daemon [_thread_in_native, id=7864, stack(0x25e40000,0x25e90000)]
  0x25abb400 JavaThread "Attach Listener" daemon [_thread_blocked, id=3160, stack(0x25db0000,0x25e00000)]
  0x25ab9400 JavaThread "Signal Dispatcher" daemon [_thread_blocked, id=5948, stack(0x256d0000,0x25720000)]
  0x25a9ac00 JavaThread "Finalizer" daemon [_thread_blocked, id=7476, stack(0x25640000,0x25690000)]
  0x25a84c00 JavaThread "Reference Handler" daemon [_thread_blocked, id=11316, stack(0x255b0000,0x25600000)]

Other Threads:
  0x02c0e000 VMThread [stack: 0x25560000,0x255b0000] [id=17612]
  0x25ae5400 WatcherThread [stack: 0x25f60000,0x25fb0000] [id=8084]

VM state:not at safepoint (normal execution)

VM Mutex/Monitor currently owned by a thread: None

Heap:
 def new generation   total 39424K, used 6939K [0x04e00000, 0x078c0000, 0x0f8a0000)
  eden space 35072K,   7% used [0x04e00000, 0x05086f18, 0x07040000)
  from space 4352K, 100% used [0x07480000, 0x078c0000, 0x078c0000)
  to   space 4352K,   0% used [0x07040000, 0x07040000, 0x07480000)
 tenured generation   total 87424K, used 27786K [0x0f8a0000, 0x14e00000, 0x24e00000)
   the space 87424K,  31% used [0x0f8a0000, 0x113c28d0, 0x113c2a00, 0x14e00000)
 Metaspace       used 18644K, capacity 19116K, committed 19200K, reserved 19840K

Card table byte_map: [0x24e00000,0x24f10000] byte_map_base: 0x24dd9000

Polling page: 0x01120000

CodeCache: size=32768Kb used=3789Kb max_used=4121Kb free=28978Kb
 bounds [0x02dc0000, 0x031c8000, 0x04dc0000]
 total_blobs=2345 nmethods=2071 adapters=204
 compilation: enabled

Compilation events (10 events):
Event: 564.164 Thread 0x25abd000 2407   !         sun.awt.AppContext::get (123 bytes)
Event: 564.165 Thread 0x25abd000 nmethod 2407 0x02e7e4c8 code [0x02e7e5e0, 0x02e7e9bc]
Event: 564.169 Thread 0x25abd000 2408             java.util.HashMap::getNode (148 bytes)
Event: 564.171 Thread 0x25abd000 nmethod 2408 0x02e87048 code [0x02e87180, 0x02e873e4]
Event: 564.171 Thread 0x25abd000 2409             java.lang.String::getChars (62 bytes)
Event: 564.172 Thread 0x25abd000 nmethod 2409 0x02e82cc8 code [0x02e82e00, 0x02e83020]
Event: 564.185 Thread 0x25abd000 2410             java.util.Arrays$ArrayList::indexOf (62 bytes)
Event: 564.186 Thread 0x25abd000 nmethod 2410 0x02ec0c08 code [0x02ec0d20, 0x02ec0e5c]
Event: 564.187 Thread 0x25abd000 2411   !         org.fife.ui.rsyntaxtextarea.RSyntaxUtilities::getMatchingBracketPosition (811 bytes)
Event: 564.199 Thread 0x25abd000 nmethod 2411 0x02ea0188 code [0x02ea0520, 0x02ea169c]

GC Heap History (10 events):
Event: 3.821 GC heap before
{Heap before GC invocations=1 (full 0):
 def new generation   total 39296K, used 39296K [0x04e00000, 0x078a0000, 0x0f8a0000)
  eden space 34944K, 100% used [0x04e00000, 0x07020000, 0x07020000)
  from space 4352K, 100% used [0x07460000, 0x078a0000, 0x078a0000)
  to   space 4352K,   0% used [0x07020000, 0x07020000, 0x07460000)
 tenured generation   total 87424K, used 2945K [0x0f8a0000, 0x14e00000, 0x24e00000)
   the space 87424K,   3% used [0x0f8a0000, 0x0fb80700, 0x0fb80800, 0x14e00000)
 Metaspace       used 11403K, capacity 11727K, committed 11776K, reserved 12672K
Event: 3.875 GC heap after
Heap after GC invocations=2 (full 0):
 def new generation   total 39296K, used 4352K [0x04e00000, 0x078a0000, 0x0f8a0000)
  eden space 34944K,   0% used [0x04e00000, 0x04e00000, 0x07020000)
  from space 4352K, 100% used [0x07020000, 0x07460000, 0x07460000)
  to   space 4352K,   0% used [0x07460000, 0x07460000, 0x078a0000)
 tenured generation   total 87424K, used 9359K [0x0f8a0000, 0x14e00000, 0x24e00000)
   the space 87424K,  10% used [0x0f8a0000, 0x101c3f18, 0x101c4000, 0x14e00000)
 Metaspace       used 11403K, capacity 11727K, committed 11776K, reserved 12672K
}
Event: 5.443 GC heap before
{Heap before GC invocations=2 (full 0):
 def new generation   total 39296K, used 14418K [0x04e00000, 0x078a0000, 0x0f8a0000)
  eden space 34944K,  28% used [0x04e00000, 0x057d48d0, 0x07020000)
  from space 4352K, 100% used [0x07020000, 0x07460000, 0x07460000)
  to   space 4352K,   0% used [0x07460000, 0x07460000, 0x078a0000)
 tenured generation   total 87424K, used 9359K [0x0f8a0000, 0x14e00000, 0x24e00000)
   the space 87424K,  10% used [0x0f8a0000, 0x101c3f18, 0x101c4000, 0x14e00000)
 Metaspace       used 11919K, capacity 12254K, committed 12288K, reserved 12672K
Event: 5.507 GC heap after
Heap after GC invocations=3 (full 1):
 def new generation   total 39424K, used 0K [0x04e00000, 0x078c0000, 0x0f8a0000)
  eden space 35072K,   0% used [0x04e00000, 0x04e00000, 0x07040000)
  from space 4352K,   0% used [0x07040000, 0x07040000, 0x07480000)
  to   space 4352K,   0% used [0x07480000, 0x07480000, 0x078c0000)
 tenured generation   total 87424K, used 14660K [0x0f8a0000, 0x14e00000, 0x24e00000)
   the space 87424K,  16% used [0x0f8a0000, 0x106f13d0, 0x106f1400, 0x14e00000)
 Metaspace       used 11919K, capacity 12254K, committed 12288K, reserved 12672K
}
Event: 7.660 GC heap before
{Heap before GC invocations=3 (full 1):
 def new generation   total 39424K, used 35072K [0x04e00000, 0x078c0000, 0x0f8a0000)
  eden space 35072K, 100% used [0x04e00000, 0x07040000, 0x07040000)
  from space 4352K,   0% used [0x07040000, 0x07040000, 0x07480000)
  to   space 4352K,   0% used [0x07480000, 0x07480000, 0x078c0000)
 tenured generation   total 87424K, used 14660K [0x0f8a0000, 0x14e00000, 0x24e00000)
   the space 87424K,  16% used [0x0f8a0000, 0x106f13d0, 0x106f1400, 0x14e00000)
 Metaspace       used 16868K, capacity 17248K, committed 17408K, reserved 17792K
Event: 7.681 GC heap after
Heap after GC invocations=4 (full 1):
 def new generation   total 39424K, used 4352K [0x04e00000, 0x078c0000, 0x0f8a0000)
  eden space 35072K,   0% used [0x04e00000, 0x04e00000, 0x07040000)
  from space 4352K, 100% used [0x07480000, 0x078c0000, 0x078c0000)
  to   space 4352K,   0% used [0x07040000, 0x07040000, 0x07480000)
 tenured generation   total 87424K, used 16681K [0x0f8a0000, 0x14e00000, 0x24e00000)
   the space 87424K,  19% used [0x0f8a0000, 0x108ea768, 0x108ea800, 0x14e00000)
 Metaspace       used 16868K, capacity 17248K, committed 17408K, reserved 17792K
}
Event: 68.846 GC heap before
{Heap before GC invocations=4 (full 1):
 def new generation   total 39424K, used 39424K [0x04e00000, 0x078c0000, 0x0f8a0000)
  eden space 35072K, 100% used [0x04e00000, 0x07040000, 0x07040000)
  from space 4352K, 100% used [0x07480000, 0x078c0000, 0x078c0000)
  to   space 4352K,   0% used [0x07040000, 0x07040000, 0x07480000)
 tenured generation   total 87424K, used 16681K [0x0f8a0000, 0x14e00000, 0x24e00000)
   the space 87424K,  19% used [0x0f8a0000, 0x108ea768, 0x108ea800, 0x14e00000)
 Metaspace       used 17800K, capacity 18247K, committed 18304K, reserved 18816K
Event: 68.882 GC heap after
Heap after GC invocations=5 (full 1):
 def new generation   total 39424K, used 3441K [0x04e00000, 0x078c0000, 0x0f8a0000)
  eden space 35072K,   0% used [0x04e00000, 0x04e00000, 0x07040000)
  from space 4352K,  79% used [0x07040000, 0x0739c460, 0x07480000)
  to   space 4352K,   0% used [0x07480000, 0x07480000, 0x078c0000)
 tenured generation   total 87424K, used 24907K [0x0f8a0000, 0x14e00000, 0x24e00000)
   the space 87424K,  28% used [0x0f8a0000, 0x110f2f60, 0x110f3000, 0x14e00000)
 Metaspace       used 17800K, capacity 18247K, committed 18304K, reserved 18816K
}
Event: 477.456 GC heap before
{Heap before GC invocations=5 (full 1):
 def new generation   total 39424K, used 38513K [0x04e00000, 0x078c0000, 0x0f8a0000)
  eden space 35072K, 100% used [0x04e00000, 0x07040000, 0x07040000)
  from space 4352K,  79% used [0x07040000, 0x0739c460, 0x07480000)
  to   space 4352K,   0% used [0x07480000, 0x07480000, 0x078c0000)
 tenured generation   total 87424K, used 24907K [0x0f8a0000, 0x14e00000, 0x24e00000)
   the space 87424K,  28% used [0x0f8a0000, 0x110f2f60, 0x110f3000, 0x14e00000)
 Metaspace       used 18620K, capacity 19084K, committed 19200K, reserved 19840K
Event: 477.487 GC heap after
Heap after GC invocations=6 (full 1):
 def new generation   total 39424K, used 4352K [0x04e00000, 0x078c0000, 0x0f8a0000)
  eden space 35072K,   0% used [0x04e00000, 0x04e00000, 0x07040000)
  from space 4352K, 100% used [0x07480000, 0x078c0000, 0x078c0000)
  to   space 4352K,   0% used [0x07040000, 0x07040000, 0x07480000)
 tenured generation   total 87424K, used 27786K [0x0f8a0000, 0x14e00000, 0x24e00000)
   the space 87424K,  31% used [0x0f8a0000, 0x113c28d0, 0x113c2a00, 0x14e00000)
 Metaspace       used 18620K, capacity 19084K, committed 19200K, reserved 19840K
}

Deoptimization events (0 events):
No events

Internal exceptions (10 events):
Event: 95.491 Thread 0x27687000 Exception <a 'sun/nio/fs/WindowsException'> (0x06948790) thrown at [C:\workspace\8-2-build-windows-i586-cygwin\jdk8u92\6642\hotspot\src\share\vm\prims\jni.cpp, line 709]
Event: 95.492 Thread 0x27687000 Exception <a 'sun/nio/fs/WindowsException'> (0x06948db0) thrown at [C:\workspace\8-2-build-windows-i586-cygwin\jdk8u92\6642\hotspot\src\share\vm\prims\jni.cpp, line 709]
Event: 95.499 Thread 0x27687000 Exception <a 'sun/nio/fs/WindowsException'> (0x06952a40) thrown at [C:\workspace\8-2-build-windows-i586-cygwin\jdk8u92\6642\hotspot\src\share\vm\prims\jni.cpp, line 709]
Event: 95.500 Thread 0x27687000 Exception <a 'sun/nio/fs/WindowsException'> (0x06953038) thrown at [C:\workspace\8-2-build-windows-i586-cygwin\jdk8u92\6642\hotspot\src\share\vm\prims\jni.cpp, line 709]
Event: 95.505 Thread 0x27687000 Exception <a 'sun/nio/fs/WindowsException'> (0x0695d5d0) thrown at [C:\workspace\8-2-build-windows-i586-cygwin\jdk8u92\6642\hotspot\src\share\vm\prims\jni.cpp, line 709]
Event: 95.505 Thread 0x27687000 Exception <a 'sun/nio/fs/WindowsException'> (0x0695dcf8) thrown at [C:\workspace\8-2-build-windows-i586-cygwin\jdk8u92\6642\hotspot\src\share\vm\prims\jni.cpp, line 709]
Event: 95.541 Thread 0x27687000 Exception <a 'sun/nio/fs/WindowsException'> (0x06967f60) thrown at [C:\workspace\8-2-build-windows-i586-cygwin\jdk8u92\6642\hotspot\src\share\vm\prims\jni.cpp, line 709]
Event: 95.541 Thread 0x27687000 Exception <a 'sun/nio/fs/WindowsException'> (0x06968558) thrown at [C:\workspace\8-2-build-windows-i586-cygwin\jdk8u92\6642\hotspot\src\share\vm\prims\jni.cpp, line 709]
Event: 95.546 Thread 0x27687000 Exception <a 'sun/nio/fs/WindowsException'> (0x06972540) thrown at [C:\workspace\8-2-build-windows-i586-cygwin\jdk8u92\6642\hotspot\src\share\vm\prims\jni.cpp, line 709]
Event: 95.547 Thread 0x27687000 Exception <a 'sun/nio/fs/WindowsException'> (0x06972b48) thrown at [C:\workspace\8-2-build-windows-i586-cygwin\jdk8u92\6642\hotspot\src\share\vm\prims\jni.cpp, line 709]

Events (10 events):
Event: 564.186 Thread 0x25abd000 flushing nmethod 0x02ef3488
Event: 564.186 Thread 0x25abd000 flushing nmethod 0x02ef3688
Event: 564.186 Thread 0x25abd000 flushing nmethod 0x02ef3f48
Event: 564.186 Thread 0x25abd000 flushing nmethod 0x02ef42c8
Event: 564.186 Thread 0x25abd000 flushing nmethod 0x02ef5f48
Event: 564.186 Thread 0x25abd000 flushing nmethod 0x02ef6108
Event: 564.187 Executing VM operation: BulkRevokeBias
Event: 564.188 Executing VM operation: BulkRevokeBias done
Event: 564.194 Thread 0x27684800 Thread added: 0x27684800
Event: 564.194 Thread 0x27686800 Thread added: 0x27686800


Dynamic libraries:
0x011b0000 - 0x011e3000 	C:\Program Files (x86)\Arduino\java\bin\javaw.exe
0x773b0000 - 0x77533000 	C:\WINDOWS\SYSTEM32\ntdll.dll
0x760b0000 - 0x76190000 	C:\WINDOWS\System32\KERNEL32.DLL
0x75e00000 - 0x75fa1000 	C:\WINDOWS\System32\KERNELBASE.dll
0x75bf0000 - 0x75c67000 	C:\WINDOWS\System32\ADVAPI32.dll
0x75d10000 - 0x75dce000 	C:\WINDOWS\System32\msvcrt.dll
0x76d30000 - 0x76d71000 	C:\WINDOWS\System32\sechost.dll
0x742b0000 - 0x74371000 	C:\WINDOWS\System32\RPCRT4.dll
0x73e70000 - 0x73e8e000 	C:\WINDOWS\System32\SspiCli.dll
0x73e60000 - 0x73e6a000 	C:\WINDOWS\System32\CRYPTBASE.dll
0x77020000 - 0x7707a000 	C:\WINDOWS\System32\bcryptPrimitives.dll
0x763b0000 - 0x7650f000 	C:\WINDOWS\System32\USER32.dll
0x75dd0000 - 0x75de5000 	C:\WINDOWS\System32\win32u.dll
0x76510000 - 0x7653b000 	C:\WINDOWS\System32\GDI32.dll
0x76250000 - 0x763ab000 	C:\WINDOWS\System32\gdi32full.dll
0x6d390000 - 0x6d59a000 	C:\WINDOWS\WinSxS\x86_microsoft.windows.common-controls_6595b64144ccf1df_6.0.14393.447_none_89c64d28dafea4b9\COMCTL32.dll
0x765a0000 - 0x767b1000 	C:\WINDOWS\System32\combase.dll
0x75fc0000 - 0x760a0000 	C:\WINDOWS\System32\ucrtbase.dll
0x75bc0000 - 0x75be5000 	C:\WINDOWS\System32\IMM32.DLL
0x523d0000 - 0x5248f000 	C:\Program Files (x86)\Arduino\java\bin\msvcr100.dll
0x52000000 - 0x523cb000 	C:\Program Files (x86)\Arduino\java\bin\client\jvm.dll
0x73e90000 - 0x73e96000 	C:\WINDOWS\System32\PSAPI.DLL
0x6f9a0000 - 0x6f9a8000 	C:\WINDOWS\SYSTEM32\WSOCK32.dll
0x73b40000 - 0x73b64000 	C:\WINDOWS\SYSTEM32\WINMM.dll
0x73cc0000 - 0x73cc8000 	C:\WINDOWS\SYSTEM32\VERSION.dll
0x76fb0000 - 0x77013000 	C:\WINDOWS\System32\WS2_32.dll
0x738e0000 - 0x73903000 	C:\WINDOWS\SYSTEM32\WINMMBASE.dll
0x74420000 - 0x74456000 	C:\WINDOWS\System32\cfgmgr32.dll
0x60d90000 - 0x60dc1000 	C:\Program Files (x86)\Arduino\java\bin\splashscreen.dll
0x6d5a0000 - 0x6d615000 	C:\WINDOWS\system32\uxtheme.dll
0x681d0000 - 0x681dc000 	C:\Program Files (x86)\Arduino\java\bin\verify.dll
0x75a80000 - 0x75bb5000 	C:\WINDOWS\System32\MSCTF.dll
0x76190000 - 0x76224000 	C:\WINDOWS\System32\OLEAUT32.dll
0x74460000 - 0x744db000 	C:\WINDOWS\System32\msvcp_win.dll
0x5e6f0000 - 0x5e711000 	C:\Program Files (x86)\Arduino\java\bin\java.dll
0x64d50000 - 0x64d63000 	C:\Program Files (x86)\Arduino\java\bin\zip.dll
0x75df0000 - 0x75dfd000 	C:\WINDOWS\System32\kernel.appcore.dll
0x744e0000 - 0x758b9000 	C:\WINDOWS\System32\SHELL32.dll
0x767c0000 - 0x76d2e000 	C:\WINDOWS\System32\windows.storage.dll
0x75c70000 - 0x75cb5000 	C:\WINDOWS\System32\powrprof.dll
0x75a30000 - 0x75a76000 	C:\WINDOWS\System32\shlwapi.dll
0x76f20000 - 0x76fa8000 	C:\WINDOWS\System32\shcore.dll
0x75fb0000 - 0x75fbf000 	C:\WINDOWS\System32\profapi.dll
0x51950000 - 0x51a95000 	C:\Program Files (x86)\Arduino\java\bin\awt.dll
0x6d1e0000 - 0x6d272000 	C:\WINDOWS\SYSTEM32\apphelp.dll
0x6d370000 - 0x6d38f000 	C:\WINDOWS\system32\dwmapi.dll
0x76d80000 - 0x76e6a000 	C:\WINDOWS\System32\ole32.dll
0x61740000 - 0x6176c000 	C:\Program Files (x86)\Arduino\lib\listSerialsj.dll
0x73ea0000 - 0x742ab000 	C:\WINDOWS\System32\SETUPAPI.dll
0x70b60000 - 0x70b73000 	C:\WINDOWS\SYSTEM32\CRYPTSP.dll
0x70b30000 - 0x70b5f000 	C:\WINDOWS\system32\rsaenh.dll
0x70b10000 - 0x70b2b000 	C:\WINDOWS\SYSTEM32\bcrypt.dll
0x71d60000 - 0x71d7a000 	C:\WINDOWS\SYSTEM32\USERENV.dll
0x60d70000 - 0x60d86000 	C:\Program Files (x86)\Arduino\java\bin\net.dll
0x73c00000 - 0x73c4e000 	C:\WINDOWS\system32\mswsock.dll
0x73b70000 - 0x73b9f000 	C:\WINDOWS\SYSTEM32\IPHLPAPI.DLL
0x76240000 - 0x76247000 	C:\WINDOWS\System32\NSI.dll
0x70a70000 - 0x70a83000 	C:\WINDOWS\SYSTEM32\dhcpcsvc6.DLL
0x70a50000 - 0x70a64000 	C:\WINDOWS\SYSTEM32\dhcpcsvc.DLL
0x681c0000 - 0x681cf000 	C:\Program Files (x86)\Arduino\java\bin\nio.dll
0x27010000 - 0x2704d000 	C:\Users\Roy\AppData\Local\Temp\jna-82364\jna3491723876239866596.dll
0x51bd0000 - 0x51c09000 	C:\Program Files (x86)\Arduino\java\bin\fontmanager.dll
0x51b90000 - 0x51bc2000 	C:\Program Files (x86)\Arduino\java\bin\t2k.dll
0x70a20000 - 0x70a42000 	C:\WINDOWS\SYSTEM32\DEVOBJ.dll
0x75cc0000 - 0x75d04000 	C:\WINDOWS\System32\WINTRUST.dll
0x76230000 - 0x7623e000 	C:\WINDOWS\System32\MSASN1.dll
0x771d0000 - 0x7734d000 	C:\WINDOWS\System32\CRYPT32.dll
0x73d80000 - 0x73dfc000 	C:\WINDOWS\SYSTEM32\DNSAPI.dll
0x6e1d0000 - 0x6e1d8000 	C:\Windows\System32\rasadhlp.dll
0x6e180000 - 0x6e1c9000 	C:\WINDOWS\System32\fwpuclnt.dll
0x518e0000 - 0x51949000 	C:\Program Files (x86)\Arduino\msvcp100.dll
0x51820000 - 0x518de000 	C:\Program Files (x86)\Arduino\msvcr100.dll
0x288e0000 - 0x28912000 	C:\Program Files (x86)\Arduino\lib\AStylej.dll
0x5e510000 - 0x5e534000 	C:\Program Files (x86)\Arduino\java\bin\dcpr.dll
0x76e90000 - 0x76f14000 	C:\WINDOWS\System32\clbcatq.dll
0x6bc60000 - 0x6bdce000 	C:\WINDOWS\SYSTEM32\WindowsCodecs.dll
0x6b3a0000 - 0x6b3e4000 	C:\WINDOWS\system32\dataexchange.dll
0x6b4c0000 - 0x6b5d3000 	C:\WINDOWS\system32\dcomp.dll
0x6c590000 - 0x6c7bf000 	C:\WINDOWS\system32\d3d11.dll
0x6c500000 - 0x6c584000 	C:\WINDOWS\system32\dxgi.dll
0x6b2a0000 - 0x6b391000 	C:\WINDOWS\system32\twinapi.appcore.dll
0x64000000 - 0x6401b000 	C:\Users\Roy\.jssc\windows\jSSC-2.8_x86.dll
0x67ad0000 - 0x67c15000 	C:\WINDOWS\SYSTEM32\dbghelp.dll

VM Arguments:
jvm_args: -Dsun.java2d.d3d=false -Djna.nosys=true -DAPP_DIR=C:\Program Files (x86)\Arduino -Xms128M -Xmx512M 
java_command: processing.app.Base C:\Users\Roy\Desktop\Buggy Project Final\IDE Code\Buggy_Project\Buggy_Project.ino
java_class_path (initial): C:\Program Files (x86)\Arduino\lib\apple.jar;C:\Program Files (x86)\Arduino\lib\arduino-core.jar;C:\Program Files (x86)\Arduino\lib\batik-1.8.jar;C:\Program Files (x86)\Arduino\lib\batik-anim-1.8.jar;C:\Program Files (x86)\Arduino\lib\batik-awt-util-1.8.jar;C:\Program Files (x86)\Arduino\lib\batik-bridge-1.8.jar;C:\Program Files (x86)\Arduino\lib\batik-codec-1.8.jar;C:\Program Files (x86)\Arduino\lib\batik-css-1.8.jar;C:\Program Files (x86)\Arduino\lib\batik-dom-1.8.jar;C:\Program Files (x86)\Arduino\lib\batik-ext-1.8.jar;C:\Program Files (x86)\Arduino\lib\batik-gvt-1.8.jar;C:\Program Files (x86)\Arduino\lib\batik-parser-1.8.jar;C:\Program Files (x86)\Arduino\lib\batik-rasterizer-1.8.jar;C:\Program Files (x86)\Arduino\lib\batik-script-1.8.jar;C:\Program Files (x86)\Arduino\lib\batik-squiggle-1.8.jar;C:\Program Files (x86)\Arduino\lib\batik-svg-dom-1.8.jar;C:\Program Files (x86)\Arduino\lib\batik-svgpp-1.8.jar;C:\Program Files (x86)\Arduino\lib\batik-transcoder-1.8.jar;C:\Program Files (x86)\Arduino\lib\batik-util-1.8.jar;C:\Program Files (x86)\Arduino\lib\batik-xml-1.8.jar;C:\Program Files (x86)\Arduino\lib\bcpg-jdk15on-152.jar;C:\Program Files (x86)\Arduino\lib\bcprov-jdk15on-152.jar;C:\Program Files (x86)\Arduino\lib\commons-codec-1.7.jar;C:\Program Files (x86)\Arduino\lib\commons-compress-1.8.jar;C:\Program Files (x86)\Arduino\lib\commons-exec-1.1.jar;C:\Program Files (x86)\Arduino\lib\commons-httpclient-3.1.jar;C:\Program Files (x86)\Arduino\lib\commons-lang3-3.3.2.jar;C:\Program Files (x86)\Arduino\lib\commons-logging-1.0.4.jar;C:\Program Files (x86)\Arduino\lib\commons-net-3.3.jar;C:\Program Files (x86)\Arduino\lib\jackson-annotations-2.6.3.jar;C:\Program Files (x86)\Arduino\lib\jackson-core-2.6.3.jar;C:\Program Files (x86)\Arduino\lib\jackson-databind-2.6.3.jar;C:\Program Files (x86)\Arduino\lib\jackson-module-mrbean-2.6.3.jar;C:\Program Files (x86)\Arduino\lib\java-semver-0.8.0.jar;C:\Program Files (x86)\Arduino\lib\jmdns-3.4.1.j
Launcher Type: SUN_STANDARD

Environment Variables:
PATH=C:\Program Files\ImageMagick-7.0.3-Q8;C:\ProgramData\Oracle\Java\javapath;C:\Program Files (x86)\Intel\iCLS Client\;C:\Program Files\Intel\iCLS Client\;C:\Windows\system32;C:\Windows;C:\Windows\System32\Wbem;C:\Windows\System32\WindowsPowerShell\v1.0\;C:\Program Files (x86)\Intel\Intel(R) Management Engine Components\DAL;C:\Program Files\Intel\Intel(R) Management Engine Components\DAL;C:\Program Files (x86)\Intel\Intel(R) Management Engine Components\IPT;C:\Program Files\Intel\Intel(R) Management Engine Components\IPT;C:\Program Files (x86)\NVIDIA Corporation\PhysX\Common;C:\Program Files (x86)\Skype\Phone\;C:\WINDOWS\system32\config\systemprofile\.dnx\bin;C:\Program Files\Microsoft DNX\Dnvm\;C:\Program Files\Microsoft SQL Server\Client SDK\ODBC\110\Tools\Binn\;C:\Program Files (x86)\Microsoft SQL Server\120\Tools\Binn\;C:\Program Files\Microsoft SQL Server\120\Tools\Binn\;C:\Program Files\Microsoft SQL Server\120\DTS\Binn\;C:\Program Files\nodejs\;C:\xampp\php;C:\ProgramData\ComposerSetup\bin;C:\WINDOWS\system32;C:\WINDOWS;C:\WINDOWS\System32\Wbem;C:\WINDOWS\System32\WindowsPowerShell\v1.0\;C:\Program Files (x86)\GtkSharp\2.12\bin;C:\Program Files (x86)\Windows Kits\8.1\Windows Performance Toolkit\;C:\Program Files\Git\cmd;C:\Strawberry\c\bin;C:\Strawberry\perl\site\bin;C:\Strawberry\perl\bin;C:\Program Files\MATLAB\R2016b\runtime\win64;C:\Program Files\MATLAB\R2016b\bin;C:\Program Files\Intel\WiFi\bin\;C:\Program Files\Common Files\Intel\WirelessCommon\;C:\Users\Roy\AppData\Local\Programs\Python\Python35\Scripts\;C:\Users\Roy\AppData\Local\Programs\Python\Python35\;C:\Program Files\Intel\WiFi\bin\;C:\Program Files\Common Files\Intel\WirelessCommon\;C:\Users\Roy\AppData\Roaming\npm;C:\Program Files\CMake\bin;C:\Windows\System32;C:\MinGW\bin;C:\Users\Roy\AppData\Local\Microsoft\WindowsApps;C:\Users\Roy\Documents\OpenCV2\opencv\build\x86\vc11\bin;C:\Program Files (x86)\Arduino\java\bin
USERNAME=Roy
OS=Windows_NT
PROCESSOR_IDENTIFIER=Intel64 Family 6 Model 78 Stepping 3, GenuineIntel



---------------  S Y S T E M  ---------------

OS: Windows 10.0 , 64 bit Build 14393 (10.0.14393.0)

CPU:total 4 (2 cores per cpu, 2 threads per core) family 6 model 78 stepping 3, cmov, cx8, fxsr, mmx, sse, sse2, sse3, ssse3, sse4.1, sse4.2, popcnt, avx, avx2, aes, clmul, erms, 3dnowpref, lzcnt, ht, tsc, tscinvbit, bmi1, bmi2, adx

Memory: 4k page, physical 16607712k(10790596k free), swap 19098080k(11719376k free)

vm_info: Java HotSpot(TM) Client VM (25.92-b14) for windows-x86 JRE (1.8.0_92-b14), built on Mar 31 2016 21:09:21 by "java_re" with MS VC++ 10.0 (VS2010)

time: Mon Jan 23 15:44:57 2017
elapsed time: 564 seconds (0d 0h 9m 24s)

