#
# A fatal error has been detected by the Java Runtime Environment:
#
#  EXCEPTION_ACCESS_VIOLATION (0xc0000005) at pc=0x617493cd, pid=8572, tid=0x00004770
#
# JRE version: Java(TM) SE Runtime Environment (8.0_92-b14) (build 1.8.0_92-b14)
# Java VM: Java HotSpot(TM) Client VM (25.92-b14 mixed mode windows-x86 )
# Problematic frame:
# C  [listSerialsj.dll+0x93cd]
#
# Failed to write core dump. Minidumps are not enabled by default on client versions of Windows
#
# If you would like to submit a bug report, please visit:
#   http://bugreport.java.com/bugreport/crash.jsp
# The crash happened outside the Java Virtual Machine in native code.
# See problematic frame for where to report the bug.
#

---------------  T H R E A D  ---------------

Current thread (0x27a10800):  JavaThread "cc.arduino.packages.discoverers.serial.SerialBoardsLister" [_thread_in_native, id=18288, stack(0x26950000,0x269a0000)]

siginfo: ExceptionCode=0xc0000005, writing address 0x00000000

Registers:
EAX=0x00000000, EBX=0x00000b2c, ECX=0x00000000, EDX=0x00000001
ESP=0x2699ebe0, EBP=0x2699f038, ESI=0x00000001, EDI=0x015f09d0
EIP=0x617493cd, EFLAGS=0x00010246

Top of Stack: (sp=0x2699ebe0)
0x2699ebe0:   017ae808 0000002e 00000002 00000000
0x2699ebf0:   00000003 00000000 00000000 00000000
0x2699ec00:   0328ac63 25d58bb0 0000006c 75a6a540
0x2699ec10:   017a1458 0099ee4c 015f0718 00000023
0x2699ec20:   2699f230 0328ac68 0000005d 00000002
0x2699ec30:   00000001 0000006c 00000057 0000008e
0x2699ec40:   008eac64 00000000 334d4f43 004ac200
0x2699ec50:   00425355 2699ec00 27a10800 2699ec00 

Instructions: (pc=0x617493cd)
0x617493ad:   8b 45 08 8b 90 94 00 00 00 85 d2 74 16 8b 40 2c
0x617493bd:   c7 44 24 04 2e 00 00 00 89 04 24 e8 73 14 00 00
0x617493cd:   c6 00 00 8d 85 04 fc ff ff 89 44 24 18 8d 85 0a
0x617493dd:   fc ff ff 89 44 24 10 a1 e4 01 75 61 c7 85 04 fc 


Register to memory mapping:

EAX=0x00000000 is an unknown value
EBX=0x00000b2c is an unknown value
ECX=0x00000000 is an unknown value
EDX=0x00000001 is an unknown value
ESP=0x2699ebe0 is pointing into the stack for thread: 0x27a10800
EBP=0x2699f038 is pointing into the stack for thread: 0x27a10800
ESI=0x00000001 is an unknown value
EDI=0x015f09d0 is an unknown value


Stack: [0x26950000,0x269a0000],  sp=0x2699ebe0,  free space=314k
Native frames: (J=compiled Java code, j=interpreted, Vv=VM code, C=native code)
C  [listSerialsj.dll+0x93cd]
C  [listSerialsj.dll+0x2211]

Java frames: (J=compiled Java code, j=interpreted, Vv=VM code)
J 2859  processing.app.Platform.listSerialsNative()[Ljava/lang/String; (0 bytes) @ 0x0324c38f [0x0324c350+0x3f]
j  processing.app.Platform.listSerials()Ljava/util/List;+5
j  cc.arduino.packages.discoverers.serial.SerialBoardsLister.retriggerDiscovery(Z)V+22
j  cc.arduino.packages.discoverers.serial.SerialBoardsLister.run()V+9
J 2820% C1 java.util.TimerThread.mainLoop()V (232 bytes) @ 0x0310ba54 [0x0310b620+0x434]
j  java.util.TimerThread.run()V+1
v  ~StubRoutines::call_stub

---------------  P R O C E S S  ---------------

Java Threads: ( => current thread )
  0x27acac00 JavaThread "EventThread COM3" [_thread_in_Java, id=18228, stack(0x28970000,0x289c0000)]
  0x27acb400 JavaThread "JmDNS(2001:630:e4:4220:ffff:ffff:ffec:ccb5.local.).Timer" daemon [_thread_blocked, id=18196, stack(0x288e0000,0x28930000)]
  0x27ac7400 JavaThread "JmDNS(2001:630:e4:4220:ffff:ffff:ffec:ccb5.local.).State.Timer" [_thread_blocked, id=10432, stack(0x28850000,0x288a0000)]
  0x27f07800 JavaThread "JmDNS(2001:630:e4:4220:ffff:ffff:ffec:ccb5.local.).Timer" daemon [_thread_blocked, id=7064, stack(0x287c0000,0x28810000)]
  0x27f07400 JavaThread "SocketListener(2001:630:e4:4220:ffff:ffff:ffec:ccb5.local.)" daemon [_thread_in_native, id=17564, stack(0x28730000,0x28780000)]
  0x27f06000 JavaThread "JmDNS(2001:630:e4:4220:d99c:2e91:d712:888b.local.).Timer" daemon [_thread_blocked, id=14772, stack(0x286a0000,0x286f0000)]
  0x27f05800 JavaThread "JmDNS(2001:630:e4:4220:d99c:2e91:d712:888b.local.).State.Timer" [_thread_blocked, id=8704, stack(0x28610000,0x28660000)]
  0x27f08400 JavaThread "JmDNS(2001:630:e4:4220:d99c:2e91:d712:888b.local.).Timer" daemon [_thread_blocked, id=12808, stack(0x27230000,0x27280000)]
  0x27f04c00 JavaThread "SocketListener(2001:630:e4:4220:d99c:2e91:d712:888b.local.)" daemon [_thread_in_native, id=6988, stack(0x271a0000,0x271f0000)]
  0x27f04000 JavaThread "JmDNS(2001:630:e4:4220:448:e62b:289b:7355.local.).Timer" daemon [_thread_blocked, id=9680, stack(0x27110000,0x27160000)]
  0x27f02000 JavaThread "JmDNS(2001:630:e4:4220:448:e62b:289b:7355.local.).State.Timer" [_thread_blocked, id=12152, stack(0x27080000,0x270d0000)]
  0x27f02800 JavaThread "JmDNS(2001:630:e4:4220:448:e62b:289b:7355.local.).Timer" daemon [_thread_blocked, id=3520, stack(0x26ff0000,0x27040000)]
  0x27f03c00 JavaThread "SocketListener(2001:630:e4:4220:448:e62b:289b:7355.local.)" daemon [_thread_in_native, id=13184, stack(0x26f60000,0x26fb0000)]
  0x27f09800 JavaThread "JmDNS(LAPTOP-FNEF10JN-bris-ac-uk.local.).Timer" daemon [_thread_blocked, id=16840, stack(0x26ed0000,0x26f20000)]
  0x27f03400 JavaThread "JmDNS(LAPTOP-FNEF10JN-bris-ac-uk.local.).State.Timer" [_thread_blocked, id=18932, stack(0x26e40000,0x26e90000)]
  0x27f06800 JavaThread "JmDNS(LAPTOP-FNEF10JN-bris-ac-uk.local.).Timer" daemon [_thread_blocked, id=18448, stack(0x26db0000,0x26e00000)]
  0x27f04800 JavaThread "SocketListener(LAPTOP-FNEF10JN-bris-ac-uk.local.)" daemon [_thread_in_native, id=10092, stack(0x26d20000,0x26d70000)]
  0x27f09000 JavaThread "JmDNS(LAPTOP-FNEF10JN-bris-ac-uk.local.).Timer" daemon [_thread_blocked, id=14776, stack(0x26c90000,0x26ce0000)]
  0x27f05400 JavaThread "JmDNS(LAPTOP-FNEF10JN-bris-ac-uk.local.).State.Timer" [_thread_blocked, id=18332, stack(0x26c00000,0x26c50000)]
  0x27f02c00 JavaThread "JmDNS(LAPTOP-FNEF10JN-bris-ac-uk.local.).Timer" daemon [_thread_blocked, id=9024, stack(0x051f0000,0x05240000)]
  0x27f06c00 JavaThread "SocketListener(LAPTOP-FNEF10JN-bris-ac-uk.local.)" daemon [_thread_in_native, id=5936, stack(0x016d0000,0x01720000)]
  0x27f08000 JavaThread "DestroyJavaVM" [_thread_blocked, id=16904, stack(0x02fd0000,0x03020000)]
  0x27f08c00 JavaThread "Timer-0" [_thread_blocked, id=10252, stack(0x27710000,0x27760000)]
  0x27ac5400 JavaThread "TimerQueue" daemon [_thread_blocked, id=11460, stack(0x29fc0000,0x2a010000)]
  0x27acbc00 JavaThread "AWT-EventQueue-0" [_thread_blocked, id=12776, stack(0x297a0000,0x297f0000)]
  0x27ac9400 JavaThread "AWT-Shutdown" [_thread_blocked, id=6268, stack(0x29710000,0x29760000)]
  0x27ac6400 JavaThread "Batik CleanerThread" daemon [_thread_blocked, id=10552, stack(0x28f70000,0x28fc0000)]
  0x27a11c00 JavaThread "cc.arduino.packages.discoverers.network.BoardReachabilityFilter" [_thread_blocked, id=1224, stack(0x283c0000,0x28410000)]
  0x27a11400 JavaThread "cc.arduino.packages.discoverers.network.NetworkChecker" [_thread_in_native, id=18612, stack(0x27570000,0x275c0000)]
=>0x27a10800 JavaThread "cc.arduino.packages.discoverers.serial.SerialBoardsLister" [_thread_in_native, id=18288, stack(0x26950000,0x269a0000)]
  0x264fd800 JavaThread "AWT-Windows" daemon [_thread_in_native, id=4376, stack(0x269e0000,0x26a30000)]
  0x264c5400 JavaThread "Java2D Disposer" daemon [_thread_blocked, id=10176, stack(0x268c0000,0x26910000)]
  0x25cf9400 JavaThread "Service Thread" daemon [_thread_blocked, id=4180, stack(0x262b0000,0x26300000)]
  0x25ce0800 JavaThread "C1 CompilerThread0" daemon [_thread_blocked, id=11672, stack(0x26220000,0x26270000)]
  0x25cdf000 JavaThread "Attach Listener" daemon [_thread_blocked, id=8432, stack(0x26190000,0x261e0000)]
  0x25cdd000 JavaThread "Signal Dispatcher" daemon [_thread_blocked, id=12596, stack(0x26100000,0x26150000)]
  0x25ccac00 JavaThread "Finalizer" daemon [_thread_blocked, id=10772, stack(0x25f80000,0x25fd0000)]
  0x25cb4c00 JavaThread "Reference Handler" daemon [_thread_blocked, id=15628, stack(0x25ef0000,0x25f40000)]

Other Threads:
  0x02fce000 VMThread [stack: 0x25c60000,0x25cb0000] [id=15048]
  0x25d05800 WatcherThread [stack: 0x26340000,0x26390000] [id=12116]

VM state:not at safepoint (normal execution)

VM Mutex/Monitor currently owned by a thread: None

Heap:
 def new generation   total 39424K, used 12744K [0x05600000, 0x080c0000, 0x100a0000)
  eden space 35072K,  35% used [0x05600000, 0x0620a460, 0x07840000)
  from space 4352K,   9% used [0x07840000, 0x078a7e40, 0x07c80000)
  to   space 4352K,   0% used [0x07c80000, 0x07c80000, 0x080c0000)
 tenured generation   total 87424K, used 52386K [0x100a0000, 0x15600000, 0x25600000)
   the space 87424K,  59% used [0x100a0000, 0x133c8a30, 0x133c8c00, 0x15600000)
 Metaspace       used 19038K, capacity 19512K, committed 19584K, reserved 19840K

Card table byte_map: [0x25600000,0x25710000] byte_map_base: 0x255d5000

Polling page: 0x01480000

CodeCache: size=32768Kb used=2075Kb max_used=4549Kb free=30692Kb
 bounds [0x03020000, 0x03498000, 0x05020000]
 total_blobs=1377 nmethods=1098 adapters=207
 compilation: enabled

Compilation events (10 events):
Event: 7869.448 Thread 0x25ce0800 4643             java.util.stream.AbstractPipeline::wrapSink (37 bytes)
Event: 7869.449 Thread 0x25ce0800 nmethod 4643 0x03156a08 code [0x03156b20, 0x03156c68]
Event: 7873.168 Thread 0x25ce0800 4644             java.util.concurrent.ConcurrentHashMap::containsKey (14 bytes)
Event: 7873.168 Thread 0x25ce0800 nmethod 4644 0x0313e3c8 code [0x0313e4c0, 0x0313e56c]
Event: 7873.424 Thread 0x25ce0800 4645             sun.java2d.SurfaceDataProxy$1::replaceData (2 bytes)
Event: 7873.424 Thread 0x25ce0800 nmethod 4645 0x0324aa48 code [0x0324ab40, 0x0324abc0]
Event: 7893.683 Thread 0x25ce0800 4646             javax.jmdns.impl.ServiceInfoImpl::decodeQualifiedNameMapForType (464 bytes)
Event: 7893.696 Thread 0x25ce0800 nmethod 4646 0x0330b9c8 code [0x0330bdf0, 0x0330cbf0]
Event: 7908.697 Thread 0x25ce0800 4647   !         javax.jmdns.impl.ServiceInfoImpl::<init> (85 bytes)
Event: 7908.699 Thread 0x25ce0800 nmethod 4647 0x03486a88 code [0x03486c20, 0x0348726c]

GC Heap History (10 events):
Event: 3962.446 GC heap before
{Heap before GC invocations=8 (full 1):
 def new generation   total 39424K, used 35303K [0x05600000, 0x080c0000, 0x100a0000)
  eden space 35072K, 100% used [0x05600000, 0x07840000, 0x07840000)
  from space 4352K,   5% used [0x07c80000, 0x07cb9f20, 0x080c0000)
  to   space 4352K,   0% used [0x07840000, 0x07840000, 0x07c80000)
 tenured generation   total 87424K, used 41063K [0x100a0000, 0x15600000, 0x25600000)
   the space 87424K,  46% used [0x100a0000, 0x128b9f60, 0x128ba000, 0x15600000)
 Metaspace       used 18568K, capacity 19027K, committed 19072K, reserved 19840K
Event: 3962.449 GC heap after
Heap after GC invocations=9 (full 1):
 def new generation   total 39424K, used 502K [0x05600000, 0x080c0000, 0x100a0000)
  eden space 35072K,   0% used [0x05600000, 0x05600000, 0x07840000)
  from space 4352K,  11% used [0x07840000, 0x078bd910, 0x07c80000)
  to   space 4352K,   0% used [0x07c80000, 0x07c80000, 0x080c0000)
 tenured generation   total 87424K, used 41063K [0x100a0000, 0x15600000, 0x25600000)
   the space 87424K,  46% used [0x100a0000, 0x128b9f60, 0x128ba000, 0x15600000)
 Metaspace       used 18568K, capacity 19027K, committed 19072K, reserved 19840K
}
Event: 6597.279 GC heap before
{Heap before GC invocations=9 (full 1):
 def new generation   total 39424K, used 35301K [0x05600000, 0x080c0000, 0x100a0000)
  eden space 35072K,  99% used [0x05600000, 0x077fbda0, 0x07840000)
  from space 4352K,  11% used [0x07840000, 0x078bd910, 0x07c80000)
  to   space 4352K,   0% used [0x07c80000, 0x07c80000, 0x080c0000)
 tenured generation   total 87424K, used 41063K [0x100a0000, 0x15600000, 0x25600000)
   the space 87424K,  46% used [0x100a0000, 0x128b9f60, 0x128ba000, 0x15600000)
 Metaspace       used 18568K, capacity 19027K, committed 19072K, reserved 19840K
Event: 6597.286 GC heap after
Heap after GC invocations=10 (full 1):
 def new generation   total 39424K, used 330K [0x05600000, 0x080c0000, 0x100a0000)
  eden space 35072K,   0% used [0x05600000, 0x05600000, 0x07840000)
  from space 4352K,   7% used [0x07c80000, 0x07cd2b98, 0x080c0000)
  to   space 4352K,   0% used [0x07840000, 0x07840000, 0x07c80000)
 tenured generation   total 87424K, used 41063K [0x100a0000, 0x15600000, 0x25600000)
   the space 87424K,  46% used [0x100a0000, 0x128b9f60, 0x128ba000, 0x15600000)
 Metaspace       used 18568K, capacity 19027K, committed 19072K, reserved 19840K
}
Event: 6987.191 GC heap before
{Heap before GC invocations=10 (full 1):
 def new generation   total 39424K, used 35402K [0x05600000, 0x080c0000, 0x100a0000)
  eden space 35072K, 100% used [0x05600000, 0x07840000, 0x07840000)
  from space 4352K,   7% used [0x07c80000, 0x07cd2b98, 0x080c0000)
  to   space 4352K,   0% used [0x07840000, 0x07840000, 0x07c80000)
 tenured generation   total 87424K, used 41063K [0x100a0000, 0x15600000, 0x25600000)
   the space 87424K,  46% used [0x100a0000, 0x128b9f60, 0x128ba000, 0x15600000)
 Metaspace       used 18675K, capacity 19128K, committed 19200K, reserved 19840K
Event: 6987.213 GC heap after
Heap after GC invocations=11 (full 1):
 def new generation   total 39424K, used 2398K [0x05600000, 0x080c0000, 0x100a0000)
  eden space 35072K,   0% used [0x05600000, 0x05600000, 0x07840000)
  from space 4352K,  55% used [0x07840000, 0x07a979d8, 0x07c80000)
  to   space 4352K,   0% used [0x07c80000, 0x07c80000, 0x080c0000)
 tenured generation   total 87424K, used 48571K [0x100a0000, 0x15600000, 0x25600000)
   the space 87424K,  55% used [0x100a0000, 0x1300ed70, 0x1300ee00, 0x15600000)
 Metaspace       used 18675K, capacity 19128K, committed 19200K, reserved 19840K
}
Event: 7064.485 GC heap before
{Heap before GC invocations=11 (full 1):
 def new generation   total 39424K, used 37470K [0x05600000, 0x080c0000, 0x100a0000)
  eden space 35072K, 100% used [0x05600000, 0x07840000, 0x07840000)
  from space 4352K,  55% used [0x07840000, 0x07a979d8, 0x07c80000)
  to   space 4352K,   0% used [0x07c80000, 0x07c80000, 0x080c0000)
 tenured generation   total 87424K, used 48571K [0x100a0000, 0x15600000, 0x25600000)
   the space 87424K,  55% used [0x100a0000, 0x1300ed70, 0x1300ee00, 0x15600000)
 Metaspace       used 19035K, capacity 19480K, committed 19584K, reserved 19840K
Event: 7064.501 GC heap after
Heap after GC invocations=12 (full 1):
 def new generation   total 39424K, used 3989K [0x05600000, 0x080c0000, 0x100a0000)
  eden space 35072K,   0% used [0x05600000, 0x05600000, 0x07840000)
  from space 4352K,  91% used [0x07c80000, 0x08065448, 0x080c0000)
  to   space 4352K,   0% used [0x07840000, 0x07840000, 0x07c80000)
 tenured generation   total 87424K, used 48858K [0x100a0000, 0x15600000, 0x25600000)
   the space 87424K,  55% used [0x100a0000, 0x13056a80, 0x13056c00, 0x15600000)
 Metaspace       used 19035K, capacity 19480K, committed 19584K, reserved 19840K
}
Event: 7568.407 GC heap before
{Heap before GC invocations=12 (full 1):
 def new generation   total 39424K, used 39061K [0x05600000, 0x080c0000, 0x100a0000)
  eden space 35072K, 100% used [0x05600000, 0x07840000, 0x07840000)
  from space 4352K,  91% used [0x07c80000, 0x08065448, 0x080c0000)
  to   space 4352K,   0% used [0x07840000, 0x07840000, 0x07c80000)
 tenured generation   total 87424K, used 48858K [0x100a0000, 0x15600000, 0x25600000)
   the space 87424K,  55% used [0x100a0000, 0x13056a80, 0x13056c00, 0x15600000)
 Metaspace       used 19038K, capacity 19512K, committed 19584K, reserved 19840K
Event: 7568.431 GC heap after
Heap after GC invocations=13 (full 1):
 def new generation   total 39424K, used 415K [0x05600000, 0x080c0000, 0x100a0000)
  eden space 35072K,   0% used [0x05600000, 0x05600000, 0x07840000)
  from space 4352K,   9% used [0x07840000, 0x078a7e40, 0x07c80000)
  to   space 4352K,   0% used [0x07c80000, 0x07c80000, 0x080c0000)
 tenured generation   total 87424K, used 52386K [0x100a0000, 0x15600000, 0x25600000)
   the space 87424K,  59% used [0x100a0000, 0x133c8a30, 0x133c8c00, 0x15600000)
 Metaspace       used 19038K, capacity 19512K, committed 19584K, reserved 19840K
}

Deoptimization events (0 events):
No events

Internal exceptions (10 events):
Event: 7064.585 Thread 0x27aca800 Exception <a 'sun/nio/fs/WindowsException'> (0x056f6ee8) thrown at [C:\workspace\8-2-build-windows-i586-cygwin\jdk8u92\6642\hotspot\src\share\vm\prims\jni.cpp, line 709]
Event: 7064.585 Thread 0x27aca800 Exception <a 'sun/nio/fs/WindowsException'> (0x056f7630) thrown at [C:\workspace\8-2-build-windows-i586-cygwin\jdk8u92\6642\hotspot\src\share\vm\prims\jni.cpp, line 709]
Event: 7064.589 Thread 0x27aca800 Exception <a 'sun/nio/fs/WindowsException'> (0x05702010) thrown at [C:\workspace\8-2-build-windows-i586-cygwin\jdk8u92\6642\hotspot\src\share\vm\prims\jni.cpp, line 709]
Event: 7064.590 Thread 0x27aca800 Exception <a 'sun/nio/fs/WindowsException'> (0x057026e0) thrown at [C:\workspace\8-2-build-windows-i586-cygwin\jdk8u92\6642\hotspot\src\share\vm\prims\jni.cpp, line 709]
Event: 7064.594 Thread 0x27aca800 Exception <a 'sun/nio/fs/WindowsException'> (0x0570ce10) thrown at [C:\workspace\8-2-build-windows-i586-cygwin\jdk8u92\6642\hotspot\src\share\vm\prims\jni.cpp, line 709]
Event: 7064.594 Thread 0x27aca800 Exception <a 'sun/nio/fs/WindowsException'> (0x0570d4f8) thrown at [C:\workspace\8-2-build-windows-i586-cygwin\jdk8u92\6642\hotspot\src\share\vm\prims\jni.cpp, line 709]
Event: 7064.600 Thread 0x27aca800 Exception <a 'sun/nio/fs/WindowsException'> (0x05717c90) thrown at [C:\workspace\8-2-build-windows-i586-cygwin\jdk8u92\6642\hotspot\src\share\vm\prims\jni.cpp, line 709]
Event: 7064.600 Thread 0x27aca800 Exception <a 'sun/nio/fs/WindowsException'> (0x05718248) thrown at [C:\workspace\8-2-build-windows-i586-cygwin\jdk8u92\6642\hotspot\src\share\vm\prims\jni.cpp, line 709]
Event: 7064.604 Thread 0x27aca800 Exception <a 'sun/nio/fs/WindowsException'> (0x05723038) thrown at [C:\workspace\8-2-build-windows-i586-cygwin\jdk8u92\6642\hotspot\src\share\vm\prims\jni.cpp, line 709]
Event: 7064.604 Thread 0x27aca800 Exception <a 'sun/nio/fs/WindowsException'> (0x05723680) thrown at [C:\workspace\8-2-build-windows-i586-cygwin\jdk8u92\6642\hotspot\src\share\vm\prims\jni.cpp, line 709]

Events (10 events):
Event: 7869.449 Thread 0x25ce0800 flushing nmethod 0x031e3948
Event: 7869.449 Thread 0x25ce0800 flushing nmethod 0x031f49c8
Event: 7869.449 Thread 0x25ce0800 flushing nmethod 0x03217008
Event: 7869.449 Thread 0x25ce0800 flushing nmethod 0x0324a908
Event: 7873.169 Thread 0x25ce0800 flushing nmethod 0x0345b948
Event: 7893.696 Thread 0x25ce0800 flushing nmethod 0x030cc848
Event: 7893.697 Thread 0x25ce0800 flushing nmethod 0x03116748
Event: 7893.697 Thread 0x25ce0800 flushing nmethod 0x03117148
Event: 7893.697 Thread 0x25ce0800 flushing nmethod 0x03117348
Event: 7893.697 Thread 0x25ce0800 flushing nmethod 0x03156588


Dynamic libraries:
0x01370000 - 0x013a3000 	C:\Program Files (x86)\Arduino\java\bin\javaw.exe
0x770e0000 - 0x77263000 	C:\WINDOWS\SYSTEM32\ntdll.dll
0x73cb0000 - 0x73d90000 	C:\WINDOWS\System32\KERNEL32.DLL
0x75630000 - 0x757d1000 	C:\WINDOWS\System32\KERNELBASE.dll
0x740f0000 - 0x74167000 	C:\WINDOWS\System32\ADVAPI32.dll
0x76e70000 - 0x76f2e000 	C:\WINDOWS\System32\msvcrt.dll
0x75eb0000 - 0x75ef1000 	C:\WINDOWS\System32\sechost.dll
0x76400000 - 0x764c1000 	C:\WINDOWS\System32\RPCRT4.dll
0x73ba0000 - 0x73bbe000 	C:\WINDOWS\System32\SspiCli.dll
0x73b90000 - 0x73b9a000 	C:\WINDOWS\System32\CRYPTBASE.dll
0x75550000 - 0x755aa000 	C:\WINDOWS\System32\bcryptPrimitives.dll
0x76f80000 - 0x770df000 	C:\WINDOWS\System32\USER32.dll
0x755b0000 - 0x755c5000 	C:\WINDOWS\System32\win32u.dll
0x766f0000 - 0x7671b000 	C:\WINDOWS\System32\GDI32.dll
0x75f00000 - 0x7605b000 	C:\WINDOWS\System32\gdi32full.dll
0x70690000 - 0x7089a000 	C:\WINDOWS\WinSxS\x86_microsoft.windows.common-controls_6595b64144ccf1df_6.0.14393.953_none_89c2555adb023171\COMCTL32.dll
0x73d90000 - 0x73fa1000 	C:\WINDOWS\System32\combase.dll
0x76720000 - 0x76800000 	C:\WINDOWS\System32\ucrtbase.dll
0x75950000 - 0x75975000 	C:\WINDOWS\System32\IMM32.DLL
0x6fef0000 - 0x6ffaf000 	C:\Program Files (x86)\Arduino\java\bin\msvcr100.dll
0x6d0d0000 - 0x6d49b000 	C:\Program Files (x86)\Arduino\java\bin\client\jvm.dll
0x763f0000 - 0x763f6000 	C:\WINDOWS\System32\PSAPI.DLL
0x727e0000 - 0x727e8000 	C:\WINDOWS\SYSTEM32\WSOCK32.dll
0x76570000 - 0x765d3000 	C:\WINDOWS\System32\WS2_32.dll
0x72d30000 - 0x72d54000 	C:\WINDOWS\SYSTEM32\WINMM.dll
0x739d0000 - 0x739d8000 	C:\WINDOWS\SYSTEM32\VERSION.dll
0x72ad0000 - 0x72af3000 	C:\WINDOWS\SYSTEM32\WINMMBASE.dll
0x76150000 - 0x76186000 	C:\WINDOWS\System32\cfgmgr32.dll
0x6c4c0000 - 0x6c4f1000 	C:\Program Files (x86)\Arduino\java\bin\splashscreen.dll
0x70280000 - 0x7028c000 	C:\Program Files (x86)\Arduino\java\bin\verify.dll
0x6fec0000 - 0x6fee1000 	C:\Program Files (x86)\Arduino\java\bin\java.dll
0x71740000 - 0x717b5000 	C:\WINDOWS\system32\uxtheme.dll
0x6fe70000 - 0x6fe83000 	C:\Program Files (x86)\Arduino\java\bin\zip.dll
0x73fb0000 - 0x740e5000 	C:\WINDOWS\System32\MSCTF.dll
0x764d0000 - 0x76564000 	C:\WINDOWS\System32\OLEAUT32.dll
0x76670000 - 0x766eb000 	C:\WINDOWS\System32\msvcp_win.dll
0x75a30000 - 0x75a3d000 	C:\WINDOWS\System32\kernel.appcore.dll
0x74170000 - 0x75549000 	C:\WINDOWS\System32\SHELL32.dll
0x768f0000 - 0x76e5e000 	C:\WINDOWS\System32\windows.storage.dll
0x768a0000 - 0x768e5000 	C:\WINDOWS\System32\powrprof.dll
0x75980000 - 0x759c6000 	C:\WINDOWS\System32\shlwapi.dll
0x765e0000 - 0x76668000 	C:\WINDOWS\System32\shcore.dll
0x76190000 - 0x7619f000 	C:\WINDOWS\System32\profapi.dll
0x533d0000 - 0x53515000 	C:\Program Files (x86)\Arduino\java\bin\awt.dll
0x701d0000 - 0x70262000 	C:\WINDOWS\SYSTEM32\apphelp.dll
0x71010000 - 0x7102f000 	C:\WINDOWS\system32\dwmapi.dll
0x76060000 - 0x7614a000 	C:\WINDOWS\System32\ole32.dll
0x61740000 - 0x6176c000 	C:\Program Files (x86)\Arduino\lib\listSerialsj.dll
0x75a40000 - 0x75e4b000 	C:\WINDOWS\System32\SETUPAPI.dll
0x72820000 - 0x72833000 	C:\WINDOWS\SYSTEM32\CRYPTSP.dll
0x727f0000 - 0x7281f000 	C:\WINDOWS\system32\rsaenh.dll
0x72840000 - 0x7285b000 	C:\WINDOWS\SYSTEM32\bcrypt.dll
0x73b10000 - 0x73b2a000 	C:\WINDOWS\SYSTEM32\USERENV.dll
0x6c4a0000 - 0x6c4b6000 	C:\Program Files (x86)\Arduino\java\bin\net.dll
0x731c0000 - 0x7320e000 	C:\WINDOWS\system32\mswsock.dll
0x72fd0000 - 0x72fff000 	C:\WINDOWS\SYSTEM32\IPHLPAPI.DLL
0x761a0000 - 0x761a7000 	C:\WINDOWS\System32\NSI.dll
0x72780000 - 0x72793000 	C:\WINDOWS\SYSTEM32\dhcpcsvc6.DLL
0x72760000 - 0x72774000 	C:\WINDOWS\SYSTEM32\dhcpcsvc.DLL
0x70270000 - 0x7027f000 	C:\Program Files (x86)\Arduino\java\bin\nio.dll
0x273f0000 - 0x2742d000 	C:\Users\Roy\AppData\Local\Temp\jna-82364\jna7657090404864342759.dll
0x6be40000 - 0x6be79000 	C:\Program Files (x86)\Arduino\java\bin\fontmanager.dll
0x6be00000 - 0x6be32000 	C:\Program Files (x86)\Arduino\java\bin\t2k.dll
0x73a90000 - 0x73b0d000 	C:\WINDOWS\SYSTEM32\DNSAPI.dll
0x727a0000 - 0x727a8000 	C:\Windows\System32\rasadhlp.dll
0x71e50000 - 0x71e99000 	C:\WINDOWS\System32\fwpuclnt.dll
0x6bcc0000 - 0x6bd29000 	C:\Program Files (x86)\Arduino\msvcp100.dll
0x63630000 - 0x636ee000 	C:\Program Files (x86)\Arduino\msvcr100.dll
0x28bb0000 - 0x28be2000 	C:\Program Files (x86)\Arduino\lib\AStylej.dll
0x6bdd0000 - 0x6bdf4000 	C:\Program Files (x86)\Arduino\java\bin\dcpr.dll
0x76810000 - 0x76894000 	C:\WINDOWS\System32\clbcatq.dll
0x67640000 - 0x677ae000 	C:\WINDOWS\SYSTEM32\WindowsCodecs.dll
0x6dab0000 - 0x6daf4000 	C:\WINDOWS\system32\dataexchange.dll
0x67280000 - 0x674b0000 	C:\WINDOWS\system32\d3d11.dll
0x67160000 - 0x67273000 	C:\WINDOWS\system32\dcomp.dll
0x70410000 - 0x70493000 	C:\WINDOWS\system32\dxgi.dll
0x67060000 - 0x67151000 	C:\WINDOWS\system32\twinapi.appcore.dll
0x719b0000 - 0x719d2000 	C:\WINDOWS\SYSTEM32\DEVOBJ.dll
0x76f30000 - 0x76f74000 	C:\WINDOWS\System32\WINTRUST.dll
0x76e60000 - 0x76e6e000 	C:\WINDOWS\System32\MSASN1.dll
0x76270000 - 0x763ed000 	C:\WINDOWS\System32\CRYPT32.dll
0x64000000 - 0x6401b000 	C:\Users\Roy\.jssc\windows\jSSC-2.8_x86.dll
0x70e80000 - 0x70fc5000 	C:\WINDOWS\SYSTEM32\dbghelp.dll

VM Arguments:
jvm_args: -Dsun.java2d.d3d=false -Djna.nosys=true -DAPP_DIR=C:\Program Files (x86)\Arduino -Xms128M -Xmx512M 
java_command: processing.app.Base C:\Users\Roy\Desktop\Buggy Project Final\IDE Code\Buggy_Project\Buggy_Project.ino
java_class_path (initial): C:\Program Files (x86)\Arduino\lib\apple.jar;C:\Program Files (x86)\Arduino\lib\arduino-core.jar;C:\Program Files (x86)\Arduino\lib\batik-1.8.jar;C:\Program Files (x86)\Arduino\lib\batik-anim-1.8.jar;C:\Program Files (x86)\Arduino\lib\batik-awt-util-1.8.jar;C:\Program Files (x86)\Arduino\lib\batik-bridge-1.8.jar;C:\Program Files (x86)\Arduino\lib\batik-codec-1.8.jar;C:\Program Files (x86)\Arduino\lib\batik-css-1.8.jar;C:\Program Files (x86)\Arduino\lib\batik-dom-1.8.jar;C:\Program Files (x86)\Arduino\lib\batik-ext-1.8.jar;C:\Program Files (x86)\Arduino\lib\batik-gvt-1.8.jar;C:\Program Files (x86)\Arduino\lib\batik-parser-1.8.jar;C:\Program Files (x86)\Arduino\lib\batik-rasterizer-1.8.jar;C:\Program Files (x86)\Arduino\lib\batik-script-1.8.jar;C:\Program Files (x86)\Arduino\lib\batik-squiggle-1.8.jar;C:\Program Files (x86)\Arduino\lib\batik-svg-dom-1.8.jar;C:\Program Files (x86)\Arduino\lib\batik-svgpp-1.8.jar;C:\Program Files (x86)\Arduino\lib\batik-transcoder-1.8.jar;C:\Program Files (x86)\Arduino\lib\batik-util-1.8.jar;C:\Program Files (x86)\Arduino\lib\batik-xml-1.8.jar;C:\Program Files (x86)\Arduino\lib\bcpg-jdk15on-152.jar;C:\Program Files (x86)\Arduino\lib\bcprov-jdk15on-152.jar;C:\Program Files (x86)\Arduino\lib\commons-codec-1.7.jar;C:\Program Files (x86)\Arduino\lib\commons-compress-1.8.jar;C:\Program Files (x86)\Arduino\lib\commons-exec-1.1.jar;C:\Program Files (x86)\Arduino\lib\commons-httpclient-3.1.jar;C:\Program Files (x86)\Arduino\lib\commons-lang3-3.3.2.jar;C:\Program Files (x86)\Arduino\lib\commons-logging-1.0.4.jar;C:\Program Files (x86)\Arduino\lib\commons-net-3.3.jar;C:\Program Files (x86)\Arduino\lib\jackson-annotations-2.6.3.jar;C:\Program Files (x86)\Arduino\lib\jackson-core-2.6.3.jar;C:\Program Files (x86)\Arduino\lib\jackson-databind-2.6.3.jar;C:\Program Files (x86)\Arduino\lib\jackson-module-mrbean-2.6.3.jar;C:\Program Files (x86)\Arduino\lib\java-semver-0.8.0.jar;C:\Program Files (x86)\Arduino\lib\jmdns-3.4.1.j
Launcher Type: SUN_STANDARD

Environment Variables:
PATH=C:\Program Files\ImageMagick-7.0.3-Q8;C:\ProgramData\Oracle\Java\javapath;C:\Program Files (x86)\Intel\iCLS Client\;C:\Program Files\Intel\iCLS Client\;C:\Windows\system32;C:\Windows;C:\Windows\System32\Wbem;C:\Windows\System32\WindowsPowerShell\v1.0\;C:\Program Files (x86)\Intel\Intel(R) Management Engine Components\DAL;C:\Program Files\Intel\Intel(R) Management Engine Components\DAL;C:\Program Files (x86)\Intel\Intel(R) Management Engine Components\IPT;C:\Program Files\Intel\Intel(R) Management Engine Components\IPT;C:\Program Files (x86)\NVIDIA Corporation\PhysX\Common;C:\WINDOWS\system32\config\systemprofile\.dnx\bin;C:\Program Files\Microsoft DNX\Dnvm\;C:\Program Files\Microsoft SQL Server\Client SDK\ODBC\110\Tools\Binn\;C:\Program Files (x86)\Microsoft SQL Server\120\Tools\Binn\;C:\Program Files\Microsoft SQL Server\120\Tools\Binn\;C:\Program Files\Microsoft SQL Server\120\DTS\Binn\;C:\Program Files\nodejs\;C:\xampp\php;C:\ProgramData\ComposerSetup\bin;C:\WINDOWS\system32;C:\WINDOWS;C:\WINDOWS\System32\Wbem;C:\WINDOWS\System32\WindowsPowerShell\v1.0\;C:\Program Files (x86)\GtkSharp\2.12\bin;C:\Program Files (x86)\Windows Kits\8.1\Windows Performance Toolkit\;C:\Program Files\Git\cmd;C:\Strawberry\c\bin;C:\Strawberry\perl\site\bin;C:\Strawberry\perl\bin;C:\Program Files\MATLAB\R2016b\runtime\win64;C:\Program Files\MATLAB\R2016b\bin;C:\Program Files\Intel\WiFi\bin\;C:\Program Files\Common Files\Intel\WirelessCommon\;C:\Program Files (x86)\PuTTY\;C:\Program Files (x86)\Skype\Phone\;C:\Users\Roy\AppData\Local\Programs\Python\Python35\Scripts\;C:\Users\Roy\AppData\Local\Programs\Python\Python35\;C:\Program Files\Intel\WiFi\bin\;C:\Program Files\Common Files\Intel\WirelessCommon\;C:\Users\Roy\AppData\Roaming\npm;C:\Program Files\CMake\bin;C:\Windows\System32;C:\MinGW\bin;C:\Users\Roy\AppData\Local\Microsoft\WindowsApps;C:\Users\Roy\Documents\OpenCV2\opencv\build\x86\vc11\bin;C:\Program Files (x86)\Arduino\java\bin
USERNAME=Roy
OS=Windows_NT
PROCESSOR_IDENTIFIER=Intel64 Family 6 Model 78 Stepping 3, GenuineIntel



---------------  S Y S T E M  ---------------

OS: Windows 10.0 , 64 bit Build 14393 (10.0.14393.0)

CPU:total 4 (2 cores per cpu, 2 threads per core) family 6 model 78 stepping 3, cmov, cx8, fxsr, mmx, sse, sse2, sse3, ssse3, sse4.1, sse4.2, popcnt, avx, avx2, aes, clmul, erms, 3dnowpref, lzcnt, ht, tsc, tscinvbit, bmi1, bmi2, adx

Memory: 4k page, physical 16607712k(8384620k free), swap 19098080k(7163012k free)

vm_info: Java HotSpot(TM) Client VM (25.92-b14) for windows-x86 JRE (1.8.0_92-b14), built on Mar 31 2016 21:09:21 by "java_re" with MS VC++ 10.0 (VS2010)

time: Fri Mar 24 11:15:43 2017
elapsed time: 7914 seconds (0d 2h 11m 54s)

