#
# A fatal error has been detected by the Java Runtime Environment:
#
#  EXCEPTION_ACCESS_VIOLATION (0xc0000005) at pc=0x617493cd, pid=18956, tid=0x00004b44
#
# JRE version: Java(TM) SE Runtime Environment (8.0_92-b14) (build 1.8.0_92-b14)
# Java VM: Java HotSpot(TM) Client VM (25.92-b14 mixed mode windows-x86 )
# Problematic frame:
# C  [listSerialsj.dll+0x93cd]
#
# Failed to write core dump. Minidumps are not enabled by default on client versions of Windows
#
# If you would like to submit a bug report, please visit:
#   http://bugreport.java.com/bugreport/crash.jsp
# The crash happened outside the Java Virtual Machine in native code.
# See problematic frame for where to report the bug.
#

---------------  T H R E A D  ---------------

Current thread (0x2777bc00):  JavaThread "cc.arduino.packages.discoverers.serial.SerialBoardsLister" [_thread_in_native, id=19268, stack(0x28130000,0x28180000)]

siginfo: ExceptionCode=0xc0000005, writing address 0x00000000

Registers:
EAX=0x00000000, EBX=0x000008bc, ECX=0x00000000, EDX=0x00000001
ESP=0x2817eca0, EBP=0x2817f0f8, ESI=0x00000001, EDI=0x0128dc98
EIP=0x617493cd, EFLAGS=0x00010246

Top of Stack: (sp=0x2817eca0)
0x2817eca0:   01504498 0000002e 00000002 00000000
0x2817ecb0:   00000003 00000000 00000000 00000000
0x2817ecc0:   00000002 0128dd80 0000006c 7756a540
0x2817ecd0:   01501500 00957645 0128dbb0 00000031
0x2817ece0:   7494c070 00000007 00000050 00000002
0x2817ecf0:   00000001 0000006c 0000004a 0000008e
0x2817ed00:   008eecec 00000000 374d4f43 0094d200
0x2817ed10:   00425355 fffffffe 7494c065 617419bf 

Instructions: (pc=0x617493cd)
0x617493ad:   8b 45 08 8b 90 94 00 00 00 85 d2 74 16 8b 40 2c
0x617493bd:   c7 44 24 04 2e 00 00 00 89 04 24 e8 73 14 00 00
0x617493cd:   c6 00 00 8d 85 04 fc ff ff 89 44 24 18 8d 85 0a
0x617493dd:   fc ff ff 89 44 24 10 a1 e4 01 75 61 c7 85 04 fc 


Register to memory mapping:

EAX=0x00000000 is an unknown value
EBX=0x000008bc is an unknown value
ECX=0x00000000 is an unknown value
EDX=0x00000001 is an unknown value
ESP=0x2817eca0 is pointing into the stack for thread: 0x2777bc00
EBP=0x2817f0f8 is pointing into the stack for thread: 0x2777bc00
ESI=0x00000001 is an unknown value
EDI=0x0128dc98 is an unknown value


Stack: [0x28130000,0x28180000],  sp=0x2817eca0,  free space=315k
Native frames: (J=compiled Java code, j=interpreted, Vv=VM code, C=native code)
C  [listSerialsj.dll+0x93cd]
C  [listSerialsj.dll+0x2211]

Java frames: (J=compiled Java code, j=interpreted, Vv=VM code)
j  processing.app.Platform.listSerialsNative()[Ljava/lang/String;+0
j  processing.app.Platform.listSerials()Ljava/util/List;+5
j  cc.arduino.packages.discoverers.serial.SerialBoardsLister.retriggerDiscovery(Z)V+22
j  cc.arduino.packages.discoverers.serial.SerialBoardsLister.run()V+9
J 2216% C1 java.util.TimerThread.mainLoop()V (232 bytes) @ 0x03324854 [0x03324420+0x434]
j  java.util.TimerThread.run()V+1
v  ~StubRoutines::call_stub

---------------  P R O C E S S  ---------------

Java Threads: ( => current thread )
  0x27c71800 JavaThread "JmDNS(LAPTOP-FNEF10JN-bris-ac-uk.local.).Timer" daemon [_thread_blocked, id=9360, stack(0x26a50000,0x26aa0000)]
  0x27c74400 JavaThread "JmDNS(LAPTOP-FNEF10JN-bris-ac-uk.local.).State.Timer" [_thread_blocked, id=17204, stack(0x02bd0000,0x02c20000)]
  0x27c77000 JavaThread "JmDNS(LAPTOP-FNEF10JN-bris-ac-uk.local.).Timer" daemon [_thread_blocked, id=16552, stack(0x02b30000,0x02b80000)]
  0x27c71400 JavaThread "SocketListener(LAPTOP-FNEF10JN-bris-ac-uk.local.)" daemon [_thread_in_native, id=5116, stack(0x012f0000,0x01340000)]
  0x27c70400 JavaThread "EventThread COM7" [_thread_in_vm, id=12520, stack(0x27340000,0x27390000)]
  0x27c74000 JavaThread "DestroyJavaVM" [_thread_blocked, id=12860, stack(0x02da0000,0x02df0000)]
  0x27c75800 JavaThread "TimerQueue" daemon [_thread_blocked, id=12804, stack(0x29af0000,0x29b40000)]
  0x27c70c00 JavaThread "AWT-EventQueue-0" [_thread_blocked, id=4516, stack(0x29460000,0x294b0000)]
  0x27c73000 JavaThread "AWT-Shutdown" [_thread_blocked, id=15524, stack(0x293d0000,0x29420000)]
  0x26346c00 JavaThread "JmDNS(LAPTOP-FNEF10JN-bris-ac-uk.local.).Timer" daemon [_thread_blocked, id=16832, stack(0x28e00000,0x28e50000)]
  0x26346400 JavaThread "JmDNS(LAPTOP-FNEF10JN-bris-ac-uk.local.).State.Timer" [_thread_blocked, id=18764, stack(0x28d70000,0x28dc0000)]
  0x26346000 JavaThread "JmDNS(LAPTOP-FNEF10JN-bris-ac-uk.local.).Timer" daemon [_thread_blocked, id=10092, stack(0x28ce0000,0x28d30000)]
  0x26345800 JavaThread "SocketListener(LAPTOP-FNEF10JN-bris-ac-uk.local.)" daemon [_thread_in_native, id=9172, stack(0x28c50000,0x28ca0000)]
  0x26344c00 JavaThread "Batik CleanerThread" daemon [_thread_blocked, id=12212, stack(0x28b30000,0x28b80000)]
  0x26344800 JavaThread "JmDNS(LAPTOP-FNEF10JN-bris-ac-uk.local.).Timer" daemon [_thread_blocked, id=17328, stack(0x288a0000,0x288f0000)]
  0x26347400 JavaThread "JmDNS(LAPTOP-FNEF10JN-bris-ac-uk.local.).State.Timer" [_thread_blocked, id=384, stack(0x28810000,0x28860000)]
  0x26348000 JavaThread "JmDNS(LAPTOP-FNEF10JN-bris-ac-uk.local.).Timer" daemon [_thread_blocked, id=11516, stack(0x28780000,0x287d0000)]
  0x26347800 JavaThread "SocketListener(LAPTOP-FNEF10JN-bris-ac-uk.local.)" daemon [_thread_in_native, id=6376, stack(0x286f0000,0x28740000)]
  0x27833800 JavaThread "JmDNS(LAPTOP-FNEF10JN-bris-ac-uk.local.).Timer" daemon [_thread_blocked, id=4972, stack(0x28600000,0x28650000)]
  0x27833400 JavaThread "JmDNS(LAPTOP-FNEF10JN-bris-ac-uk.local.).State.Timer" [_thread_blocked, id=8684, stack(0x28570000,0x285c0000)]
  0x27829800 JavaThread "JmDNS(LAPTOP-FNEF10JN-bris-ac-uk.local.).Timer" daemon [_thread_blocked, id=3552, stack(0x284e0000,0x28530000)]
  0x2782a000 JavaThread "SocketListener(LAPTOP-FNEF10JN-bris-ac-uk.local.)" daemon [_thread_in_native, id=700, stack(0x26760000,0x267b0000)]
  0x2777cc00 JavaThread "cc.arduino.packages.discoverers.network.BoardReachabilityFilter" [_thread_blocked, id=15176, stack(0x28250000,0x282a0000)]
  0x2777c400 JavaThread "cc.arduino.packages.discoverers.network.NetworkChecker" [_thread_blocked, id=4076, stack(0x281c0000,0x28210000)]
=>0x2777bc00 JavaThread "cc.arduino.packages.discoverers.serial.SerialBoardsLister" [_thread_in_native, id=19268, stack(0x28130000,0x28180000)]
  0x262d0c00 JavaThread "AWT-Windows" daemon [_thread_in_native, id=5260, stack(0x267f0000,0x26840000)]
  0x262cfc00 JavaThread "Java2D Disposer" daemon [_thread_blocked, id=6552, stack(0x266d0000,0x26720000)]
  0x25c19400 JavaThread "Service Thread" daemon [_thread_blocked, id=18048, stack(0x260c0000,0x26110000)]
  0x25c12400 JavaThread "C1 CompilerThread0" daemon [_thread_blocked, id=11748, stack(0x26030000,0x26080000)]
  0x25c10c00 JavaThread "Attach Listener" daemon [_thread_blocked, id=528, stack(0x25fa0000,0x25ff0000)]
  0x25c0d000 JavaThread "Signal Dispatcher" daemon [_thread_blocked, id=1600, stack(0x25f10000,0x25f60000)]
  0x25bfac00 JavaThread "Finalizer" daemon [_thread_blocked, id=5068, stack(0x25820000,0x25870000)]
  0x25be4c00 JavaThread "Reference Handler" daemon [_thread_blocked, id=12748, stack(0x25790000,0x257e0000)]

Other Threads:
  0x02d5e000 VMThread [stack: 0x25700000,0x25750000] [id=4480]
  0x25c1d400 WatcherThread [stack: 0x26150000,0x261a0000] [id=14368]

VM state:not at safepoint (normal execution)

VM Mutex/Monitor currently owned by a thread: None

Heap:
 def new generation   total 39424K, used 2787K [0x05000000, 0x07ac0000, 0x0faa0000)
  eden space 35072K,   7% used [0x05000000, 0x052b8568, 0x07240000)
  from space 4352K,   0% used [0x07680000, 0x07680758, 0x07ac0000)
  to   space 4352K,   0% used [0x07240000, 0x07240000, 0x07680000)
 tenured generation   total 87424K, used 55655K [0x0faa0000, 0x15000000, 0x25000000)
   the space 87424K,  63% used [0x0faa0000, 0x130f9e10, 0x130fa000, 0x15000000)
 Metaspace       used 18975K, capacity 19443K, committed 19456K, reserved 19840K

Card table byte_map: [0x25000000,0x25110000] byte_map_base: 0x24fd8000

Polling page: 0x02ab0000

CodeCache: size=32768Kb used=2024Kb max_used=3984Kb free=30743Kb
 bounds [0x02f60000, 0x03358000, 0x04f60000]
 total_blobs=1248 nmethods=970 adapters=206
 compilation: enabled

Compilation events (10 events):
Event: 3065.172 Thread 0x25c12400 11833             java.util.AbstractMap::values (25 bytes)
Event: 3065.173 Thread 0x25c12400 nmethod 11833 0x03022e08 code [0x03022f00, 0x03022fe0]
Event: 3095.325 Thread 0x25c12400 11834             java.util.AbstractMap$2::iterator (9 bytes)
Event: 3095.326 Thread 0x25c12400 nmethod 11834 0x0315d9c8 code [0x0315dae0, 0x0315dbf8]
Event: 3096.326 Thread 0x25c12400 11835             java.util.HashMap$KeyIterator::next (8 bytes)
Event: 3096.327 Thread 0x25c12400 nmethod 11835 0x030439c8 code [0x03043ad0, 0x03043b6c]
Event: 3099.375 Thread 0x25c12400 11836             java.util.HashSet::iterator (13 bytes)
Event: 3099.375 Thread 0x25c12400 nmethod 11836 0x031434c8 code [0x031435d0, 0x03143678]
Event: 3101.833 Thread 0x25c12400 11837             java.util.HashMap$HashIterator::<init> (79 bytes)
Event: 3101.834 Thread 0x25c12400 nmethod 11837 0x03004c08 code [0x03004d00, 0x03004e30]

GC Heap History (10 events):
Event: 3080.587 GC heap before
{Heap before GC invocations=525 (full 1):
 def new generation   total 39424K, used 35073K [0x05000000, 0x07ac0000, 0x0faa0000)
  eden space 35072K, 100% used [0x05000000, 0x07240000, 0x07240000)
  from space 4352K,   0% used [0x07240000, 0x07240778, 0x07680000)
  to   space 4352K,   0% used [0x07680000, 0x07680000, 0x07ac0000)
 tenured generation   total 87424K, used 55655K [0x0faa0000, 0x15000000, 0x25000000)
   the space 87424K,  63% used [0x0faa0000, 0x130f9e10, 0x130fa000, 0x15000000)
 Metaspace       used 18975K, capacity 19443K, committed 19456K, reserved 19840K
Event: 3080.588 GC heap after
Heap after GC invocations=526 (full 1):
 def new generation   total 39424K, used 1K [0x05000000, 0x07ac0000, 0x0faa0000)
  eden space 35072K,   0% used [0x05000000, 0x05000000, 0x07240000)
  from space 4352K,   0% used [0x07680000, 0x07680778, 0x07ac0000)
  to   space 4352K,   0% used [0x07240000, 0x07240000, 0x07680000)
 tenured generation   total 87424K, used 55655K [0x0faa0000, 0x15000000, 0x25000000)
   the space 87424K,  63% used [0x0faa0000, 0x130f9e10, 0x130fa000, 0x15000000)
 Metaspace       used 18975K, capacity 19443K, committed 19456K, reserved 19840K
}
Event: 3087.877 GC heap before
{Heap before GC invocations=526 (full 1):
 def new generation   total 39424K, used 35073K [0x05000000, 0x07ac0000, 0x0faa0000)
  eden space 35072K, 100% used [0x05000000, 0x07240000, 0x07240000)
  from space 4352K,   0% used [0x07680000, 0x07680778, 0x07ac0000)
  to   space 4352K,   0% used [0x07240000, 0x07240000, 0x07680000)
 tenured generation   total 87424K, used 55655K [0x0faa0000, 0x15000000, 0x25000000)
   the space 87424K,  63% used [0x0faa0000, 0x130f9e10, 0x130fa000, 0x15000000)
 Metaspace       used 18975K, capacity 19443K, committed 19456K, reserved 19840K
Event: 3087.879 GC heap after
Heap after GC invocations=527 (full 1):
 def new generation   total 39424K, used 1K [0x05000000, 0x07ac0000, 0x0faa0000)
  eden space 35072K,   0% used [0x05000000, 0x05000000, 0x07240000)
  from space 4352K,   0% used [0x07240000, 0x07240778, 0x07680000)
  to   space 4352K,   0% used [0x07680000, 0x07680000, 0x07ac0000)
 tenured generation   total 87424K, used 55655K [0x0faa0000, 0x15000000, 0x25000000)
   the space 87424K,  63% used [0x0faa0000, 0x130f9e10, 0x130fa000, 0x15000000)
 Metaspace       used 18975K, capacity 19443K, committed 19456K, reserved 19840K
}
Event: 3095.580 GC heap before
{Heap before GC invocations=527 (full 1):
 def new generation   total 39424K, used 35073K [0x05000000, 0x07ac0000, 0x0faa0000)
  eden space 35072K, 100% used [0x05000000, 0x07240000, 0x07240000)
  from space 4352K,   0% used [0x07240000, 0x07240778, 0x07680000)
  to   space 4352K,   0% used [0x07680000, 0x07680000, 0x07ac0000)
 tenured generation   total 87424K, used 55655K [0x0faa0000, 0x15000000, 0x25000000)
   the space 87424K,  63% used [0x0faa0000, 0x130f9e10, 0x130fa000, 0x15000000)
 Metaspace       used 18975K, capacity 19443K, committed 19456K, reserved 19840K
Event: 3095.582 GC heap after
Heap after GC invocations=528 (full 1):
 def new generation   total 39424K, used 1K [0x05000000, 0x07ac0000, 0x0faa0000)
  eden space 35072K,   0% used [0x05000000, 0x05000000, 0x07240000)
  from space 4352K,   0% used [0x07680000, 0x07680788, 0x07ac0000)
  to   space 4352K,   0% used [0x07240000, 0x07240000, 0x07680000)
 tenured generation   total 87424K, used 55655K [0x0faa0000, 0x15000000, 0x25000000)
   the space 87424K,  63% used [0x0faa0000, 0x130f9e10, 0x130fa000, 0x15000000)
 Metaspace       used 18975K, capacity 19443K, committed 19456K, reserved 19840K
}
Event: 3103.230 GC heap before
{Heap before GC invocations=528 (full 1):
 def new generation   total 39424K, used 35073K [0x05000000, 0x07ac0000, 0x0faa0000)
  eden space 35072K, 100% used [0x05000000, 0x07240000, 0x07240000)
  from space 4352K,   0% used [0x07680000, 0x07680788, 0x07ac0000)
  to   space 4352K,   0% used [0x07240000, 0x07240000, 0x07680000)
 tenured generation   total 87424K, used 55655K [0x0faa0000, 0x15000000, 0x25000000)
   the space 87424K,  63% used [0x0faa0000, 0x130f9e10, 0x130fa000, 0x15000000)
 Metaspace       used 18975K, capacity 19443K, committed 19456K, reserved 19840K
Event: 3103.231 GC heap after
Heap after GC invocations=529 (full 1):
 def new generation   total 39424K, used 1K [0x05000000, 0x07ac0000, 0x0faa0000)
  eden space 35072K,   0% used [0x05000000, 0x05000000, 0x07240000)
  from space 4352K,   0% used [0x07240000, 0x07240778, 0x07680000)
  to   space 4352K,   0% used [0x07680000, 0x07680000, 0x07ac0000)
 tenured generation   total 87424K, used 55655K [0x0faa0000, 0x15000000, 0x25000000)
   the space 87424K,  63% used [0x0faa0000, 0x130f9e10, 0x130fa000, 0x15000000)
 Metaspace       used 18975K, capacity 19443K, committed 19456K, reserved 19840K
}
Event: 3112.064 GC heap before
{Heap before GC invocations=529 (full 1):
 def new generation   total 39424K, used 35073K [0x05000000, 0x07ac0000, 0x0faa0000)
  eden space 35072K, 100% used [0x05000000, 0x07240000, 0x07240000)
  from space 4352K,   0% used [0x07240000, 0x07240778, 0x07680000)
  to   space 4352K,   0% used [0x07680000, 0x07680000, 0x07ac0000)
 tenured generation   total 87424K, used 55655K [0x0faa0000, 0x15000000, 0x25000000)
   the space 87424K,  63% used [0x0faa0000, 0x130f9e10, 0x130fa000, 0x15000000)
 Metaspace       used 18975K, capacity 19443K, committed 19456K, reserved 19840K
Event: 3112.065 GC heap after
Heap after GC invocations=530 (full 1):
 def new generation   total 39424K, used 1K [0x05000000, 0x07ac0000, 0x0faa0000)
  eden space 35072K,   0% used [0x05000000, 0x05000000, 0x07240000)
  from space 4352K,   0% used [0x07680000, 0x07680758, 0x07ac0000)
  to   space 4352K,   0% used [0x07240000, 0x07240000, 0x07680000)
 tenured generation   total 87424K, used 55655K [0x0faa0000, 0x15000000, 0x25000000)
   the space 87424K,  63% used [0x0faa0000, 0x130f9e10, 0x130fa000, 0x15000000)
 Metaspace       used 18975K, capacity 19443K, committed 19456K, reserved 19840K
}

Deoptimization events (0 events):
No events

Internal exceptions (10 events):
Event: 2438.912 Thread 0x27c74c00 Exception <a 'java/io/IOException'> (0x062157f8) thrown at [C:\workspace\8-2-build-windows-i586-cygwin\jdk8u92\6642\hotspot\src\share\vm\prims\jni.cpp, line 709]
Event: 2438.912 Thread 0x27c74c00 Exception <a 'java/io/IOException'> (0x06215a40) thrown at [C:\workspace\8-2-build-windows-i586-cygwin\jdk8u92\6642\hotspot\src\share\vm\prims\jni.cpp, line 709]
Event: 2439.063 Thread 0x27c70000 Exception <a 'java/io/IOException'> (0x063457f8) thrown at [C:\workspace\8-2-build-windows-i586-cygwin\jdk8u92\6642\hotspot\src\share\vm\prims\jni.cpp, line 709]
Event: 2439.063 Thread 0x27c70000 Exception <a 'java/io/IOException'> (0x06345a40) thrown at [C:\workspace\8-2-build-windows-i586-cygwin\jdk8u92\6642\hotspot\src\share\vm\prims\jni.cpp, line 709]
Event: 2439.064 Thread 0x27c70000 Exception <a 'java/io/IOException'> (0x06347fb8) thrown at [C:\workspace\8-2-build-windows-i586-cygwin\jdk8u92\6642\hotspot\src\share\vm\prims\jni.cpp, line 709]
Event: 2439.064 Thread 0x27c70000 Exception <a 'java/io/IOException'> (0x06348358) thrown at [C:\workspace\8-2-build-windows-i586-cygwin\jdk8u92\6642\hotspot\src\share\vm\prims\jni.cpp, line 709]
Event: 2439.064 Thread 0x27c70000 Exception <a 'java/io/IOException'> (0x063485a0) thrown at [C:\workspace\8-2-build-windows-i586-cygwin\jdk8u92\6642\hotspot\src\share\vm\prims\jni.cpp, line 709]
Event: 2439.064 Thread 0x27c70000 Exception <a 'java/io/IOException'> (0x06403fc0) thrown at [C:\workspace\8-2-build-windows-i586-cygwin\jdk8u92\6642\hotspot\src\share\vm\prims\jni.cpp, line 709]
Event: 2439.064 Thread 0x27c70000 Exception <a 'java/io/IOException'> (0x06404360) thrown at [C:\workspace\8-2-build-windows-i586-cygwin\jdk8u92\6642\hotspot\src\share\vm\prims\jni.cpp, line 709]
Event: 2439.064 Thread 0x27c70000 Exception <a 'java/io/IOException'> (0x064045a8) thrown at [C:\workspace\8-2-build-windows-i586-cygwin\jdk8u92\6642\hotspot\src\share\vm\prims\jni.cpp, line 709]

Events (10 events):
Event: 3096.327 Thread 0x25c12400 flushing nmethod 0x03158788
Event: 3099.375 Thread 0x25c12400 flushing nmethod 0x032425c8
Event: 3099.375 Thread 0x25c12400 flushing nmethod 0x032bad88
Event: 3099.375 Thread 0x25c12400 flushing nmethod 0x03331a08
Event: 3101.834 Thread 0x25c12400 flushing nmethod 0x03043688
Event: 3101.834 Thread 0x25c12400 flushing nmethod 0x03059e08
Event: 3103.230 Executing VM operation: GenCollectForAllocation
Event: 3103.231 Executing VM operation: GenCollectForAllocation done
Event: 3112.063 Executing VM operation: GenCollectForAllocation
Event: 3112.065 Executing VM operation: GenCollectForAllocation done


Dynamic libraries:
0x01040000 - 0x01073000 	C:\Program Files (x86)\Arduino\java\bin\javaw.exe
0x779b0000 - 0x77b33000 	C:\WINDOWS\SYSTEM32\ntdll.dll
0x77460000 - 0x77540000 	C:\WINDOWS\System32\KERNEL32.DLL
0x74d10000 - 0x74eb1000 	C:\WINDOWS\System32\KERNELBASE.dll
0x76b90000 - 0x76c07000 	C:\WINDOWS\System32\ADVAPI32.dll
0x748f0000 - 0x749ae000 	C:\WINDOWS\System32\msvcrt.dll
0x75160000 - 0x751a1000 	C:\WINDOWS\System32\sechost.dll
0x749b0000 - 0x74a71000 	C:\WINDOWS\System32\RPCRT4.dll
0x74380000 - 0x7439e000 	C:\WINDOWS\System32\SspiCli.dll
0x74370000 - 0x7437a000 	C:\WINDOWS\System32\CRYPTBASE.dll
0x75310000 - 0x7536a000 	C:\WINDOWS\System32\bcryptPrimitives.dll
0x746a0000 - 0x747ff000 	C:\WINDOWS\System32\USER32.dll
0x74800000 - 0x74815000 	C:\WINDOWS\System32\win32u.dll
0x748c0000 - 0x748eb000 	C:\WINDOWS\System32\GDI32.dll
0x772a0000 - 0x773fb000 	C:\WINDOWS\System32\gdi32full.dll
0x6dc70000 - 0x6de7a000 	C:\WINDOWS\WinSxS\x86_microsoft.windows.common-controls_6595b64144ccf1df_6.0.14393.447_none_89c64d28dafea4b9\COMCTL32.dll
0x75470000 - 0x75681000 	C:\WINDOWS\System32\combase.dll
0x771c0000 - 0x772a0000 	C:\WINDOWS\System32\ucrtbase.dll
0x74b80000 - 0x74ba5000 	C:\WINDOWS\System32\IMM32.DLL
0x676d0000 - 0x6778f000 	C:\Program Files (x86)\Arduino\java\bin\msvcr100.dll
0x67300000 - 0x676cb000 	C:\Program Files (x86)\Arduino\java\bin\client\jvm.dll
0x74b70000 - 0x74b76000 	C:\WINDOWS\System32\PSAPI.DLL
0x74080000 - 0x740a4000 	C:\WINDOWS\SYSTEM32\WINMM.dll
0x6ee60000 - 0x6ee68000 	C:\WINDOWS\SYSTEM32\WSOCK32.dll
0x741d0000 - 0x741d8000 	C:\WINDOWS\SYSTEM32\VERSION.dll
0x752a0000 - 0x75303000 	C:\WINDOWS\System32\WS2_32.dll
0x73df0000 - 0x73e13000 	C:\WINDOWS\SYSTEM32\WINMMBASE.dll
0x76c10000 - 0x76c46000 	C:\WINDOWS\System32\cfgmgr32.dll
0x68900000 - 0x68931000 	C:\Program Files (x86)\Arduino\java\bin\splashscreen.dll
0x6e690000 - 0x6e705000 	C:\WINDOWS\system32\uxtheme.dll
0x6d790000 - 0x6d79c000 	C:\Program Files (x86)\Arduino\java\bin\verify.dll
0x74bd0000 - 0x74d05000 	C:\WINDOWS\System32\MSCTF.dll
0x74f40000 - 0x74fd4000 	C:\WINDOWS\System32\OLEAUT32.dll
0x74ec0000 - 0x74f3b000 	C:\WINDOWS\System32\msvcp_win.dll
0x672d0000 - 0x672f1000 	C:\Program Files (x86)\Arduino\java\bin\java.dll
0x672b0000 - 0x672c3000 	C:\Program Files (x86)\Arduino\java\bin\zip.dll
0x743a0000 - 0x743ad000 	C:\WINDOWS\System32\kernel.appcore.dll
0x75690000 - 0x76a69000 	C:\WINDOWS\System32\SHELL32.dll
0x76c50000 - 0x771be000 	C:\WINDOWS\System32\windows.storage.dll
0x75370000 - 0x753b5000 	C:\WINDOWS\System32\powrprof.dll
0x753c0000 - 0x75406000 	C:\WINDOWS\System32\shlwapi.dll
0x74a80000 - 0x74b08000 	C:\WINDOWS\System32\shcore.dll
0x74bb0000 - 0x74bbf000 	C:\WINDOWS\System32\profapi.dll
0x67100000 - 0x67245000 	C:\Program Files (x86)\Arduino\java\bin\awt.dll
0x6e180000 - 0x6e212000 	C:\WINDOWS\SYSTEM32\apphelp.dll
0x6e2e0000 - 0x6e2ff000 	C:\WINDOWS\system32\dwmapi.dll
0x743b0000 - 0x7449a000 	C:\WINDOWS\System32\ole32.dll
0x61740000 - 0x6176c000 	C:\Program Files (x86)\Arduino\lib\listSerialsj.dll
0x77540000 - 0x7794b000 	C:\WINDOWS\System32\SETUPAPI.dll
0x71070000 - 0x71083000 	C:\WINDOWS\SYSTEM32\CRYPTSP.dll
0x71040000 - 0x7106f000 	C:\WINDOWS\system32\rsaenh.dll
0x71020000 - 0x7103b000 	C:\WINDOWS\SYSTEM32\bcrypt.dll
0x73530000 - 0x7354a000 	C:\WINDOWS\SYSTEM32\USERENV.dll
0x670e0000 - 0x670f6000 	C:\Program Files (x86)\Arduino\java\bin\net.dll
0x74110000 - 0x7415e000 	C:\WINDOWS\system32\mswsock.dll
0x74050000 - 0x7407f000 	C:\WINDOWS\SYSTEM32\IPHLPAPI.DLL
0x77450000 - 0x77457000 	C:\WINDOWS\System32\NSI.dll
0x70f80000 - 0x70f93000 	C:\WINDOWS\SYSTEM32\dhcpcsvc6.DLL
0x70f60000 - 0x70f74000 	C:\WINDOWS\SYSTEM32\dhcpcsvc.DLL
0x6d570000 - 0x6d57f000 	C:\Program Files (x86)\Arduino\java\bin\nio.dll
0x27200000 - 0x2723d000 	C:\Users\Roy\AppData\Local\Temp\jna-82364\jna2844110558456826219.dll
0x670a0000 - 0x670d9000 	C:\Program Files (x86)\Arduino\java\bin\fontmanager.dll
0x67060000 - 0x67092000 	C:\Program Files (x86)\Arduino\java\bin\t2k.dll
0x70f30000 - 0x70f52000 	C:\WINDOWS\SYSTEM32\DEVOBJ.dll
0x77400000 - 0x77444000 	C:\WINDOWS\System32\WINTRUST.dll
0x76b80000 - 0x76b8e000 	C:\WINDOWS\System32\MSASN1.dll
0x74fe0000 - 0x7515d000 	C:\WINDOWS\System32\CRYPT32.dll
0x74290000 - 0x7430c000 	C:\WINDOWS\SYSTEM32\DNSAPI.dll
0x6ed90000 - 0x6ed98000 	C:\Windows\System32\rasadhlp.dll
0x6ed40000 - 0x6ed89000 	C:\WINDOWS\System32\fwpuclnt.dll
0x5b860000 - 0x5b8c9000 	C:\Program Files (x86)\Arduino\msvcp100.dll
0x5a640000 - 0x5a6fe000 	C:\Program Files (x86)\Arduino\msvcr100.dll
0x28650000 - 0x28682000 	C:\Program Files (x86)\Arduino\lib\AStylej.dll
0x5a0d0000 - 0x5a0f4000 	C:\Program Files (x86)\Arduino\java\bin\dcpr.dll
0x74610000 - 0x74694000 	C:\WINDOWS\System32\clbcatq.dll
0x6a5c0000 - 0x6a72e000 	C:\WINDOWS\SYSTEM32\WindowsCodecs.dll
0x6e130000 - 0x6e174000 	C:\WINDOWS\system32\dataexchange.dll
0x6d7c0000 - 0x6d8d3000 	C:\WINDOWS\system32\dcomp.dll
0x6cd80000 - 0x6cfaf000 	C:\WINDOWS\system32\d3d11.dll
0x6bf60000 - 0x6bfe4000 	C:\WINDOWS\system32\dxgi.dll
0x6be60000 - 0x6bf51000 	C:\WINDOWS\system32\twinapi.appcore.dll
0x64000000 - 0x6401b000 	C:\Users\Roy\.jssc\windows\jSSC-2.8_x86.dll
0x68970000 - 0x68ab5000 	C:\WINDOWS\SYSTEM32\dbghelp.dll

VM Arguments:
jvm_args: -Dsun.java2d.d3d=false -Djna.nosys=true -DAPP_DIR=C:\Program Files (x86)\Arduino -Xms128M -Xmx512M 
java_command: processing.app.Base C:\Users\Roy\Desktop\Buggy Project Final\IDE Code\Buggy_Project\Buggy_Project.ino
java_class_path (initial): C:\Program Files (x86)\Arduino\lib\apple.jar;C:\Program Files (x86)\Arduino\lib\arduino-core.jar;C:\Program Files (x86)\Arduino\lib\batik-1.8.jar;C:\Program Files (x86)\Arduino\lib\batik-anim-1.8.jar;C:\Program Files (x86)\Arduino\lib\batik-awt-util-1.8.jar;C:\Program Files (x86)\Arduino\lib\batik-bridge-1.8.jar;C:\Program Files (x86)\Arduino\lib\batik-codec-1.8.jar;C:\Program Files (x86)\Arduino\lib\batik-css-1.8.jar;C:\Program Files (x86)\Arduino\lib\batik-dom-1.8.jar;C:\Program Files (x86)\Arduino\lib\batik-ext-1.8.jar;C:\Program Files (x86)\Arduino\lib\batik-gvt-1.8.jar;C:\Program Files (x86)\Arduino\lib\batik-parser-1.8.jar;C:\Program Files (x86)\Arduino\lib\batik-rasterizer-1.8.jar;C:\Program Files (x86)\Arduino\lib\batik-script-1.8.jar;C:\Program Files (x86)\Arduino\lib\batik-squiggle-1.8.jar;C:\Program Files (x86)\Arduino\lib\batik-svg-dom-1.8.jar;C:\Program Files (x86)\Arduino\lib\batik-svgpp-1.8.jar;C:\Program Files (x86)\Arduino\lib\batik-transcoder-1.8.jar;C:\Program Files (x86)\Arduino\lib\batik-util-1.8.jar;C:\Program Files (x86)\Arduino\lib\batik-xml-1.8.jar;C:\Program Files (x86)\Arduino\lib\bcpg-jdk15on-152.jar;C:\Program Files (x86)\Arduino\lib\bcprov-jdk15on-152.jar;C:\Program Files (x86)\Arduino\lib\commons-codec-1.7.jar;C:\Program Files (x86)\Arduino\lib\commons-compress-1.8.jar;C:\Program Files (x86)\Arduino\lib\commons-exec-1.1.jar;C:\Program Files (x86)\Arduino\lib\commons-httpclient-3.1.jar;C:\Program Files (x86)\Arduino\lib\commons-lang3-3.3.2.jar;C:\Program Files (x86)\Arduino\lib\commons-logging-1.0.4.jar;C:\Program Files (x86)\Arduino\lib\commons-net-3.3.jar;C:\Program Files (x86)\Arduino\lib\jackson-annotations-2.6.3.jar;C:\Program Files (x86)\Arduino\lib\jackson-core-2.6.3.jar;C:\Program Files (x86)\Arduino\lib\jackson-databind-2.6.3.jar;C:\Program Files (x86)\Arduino\lib\jackson-module-mrbean-2.6.3.jar;C:\Program Files (x86)\Arduino\lib\java-semver-0.8.0.jar;C:\Program Files (x86)\Arduino\lib\jmdns-3.4.1.j
Launcher Type: SUN_STANDARD

Environment Variables:
PATH=C:\Program Files\ImageMagick-7.0.3-Q8;C:\ProgramData\Oracle\Java\javapath;C:\Program Files (x86)\Intel\iCLS Client\;C:\Program Files\Intel\iCLS Client\;C:\Windows\system32;C:\Windows;C:\Windows\System32\Wbem;C:\Windows\System32\WindowsPowerShell\v1.0\;C:\Program Files (x86)\Intel\Intel(R) Management Engine Components\DAL;C:\Program Files\Intel\Intel(R) Management Engine Components\DAL;C:\Program Files (x86)\Intel\Intel(R) Management Engine Components\IPT;C:\Program Files\Intel\Intel(R) Management Engine Components\IPT;C:\Program Files (x86)\NVIDIA Corporation\PhysX\Common;C:\Program Files (x86)\Skype\Phone\;C:\WINDOWS\system32\config\systemprofile\.dnx\bin;C:\Program Files\Microsoft DNX\Dnvm\;C:\Program Files\Microsoft SQL Server\Client SDK\ODBC\110\Tools\Binn\;C:\Program Files (x86)\Microsoft SQL Server\120\Tools\Binn\;C:\Program Files\Microsoft SQL Server\120\Tools\Binn\;C:\Program Files\Microsoft SQL Server\120\DTS\Binn\;C:\Program Files\nodejs\;C:\xampp\php;C:\ProgramData\ComposerSetup\bin;C:\WINDOWS\system32;C:\WINDOWS;C:\WINDOWS\System32\Wbem;C:\WINDOWS\System32\WindowsPowerShell\v1.0\;C:\Program Files (x86)\GtkSharp\2.12\bin;C:\Program Files (x86)\Windows Kits\8.1\Windows Performance Toolkit\;C:\Program Files\Git\cmd;C:\Strawberry\c\bin;C:\Strawberry\perl\site\bin;C:\Strawberry\perl\bin;C:\Program Files\MATLAB\R2016b\runtime\win64;C:\Program Files\MATLAB\R2016b\bin;C:\Program Files\Intel\WiFi\bin\;C:\Program Files\Common Files\Intel\WirelessCommon\;C:\Program Files (x86)\PuTTY\;C:\Users\Roy\AppData\Local\Programs\Python\Python35\Scripts\;C:\Users\Roy\AppData\Local\Programs\Python\Python35\;C:\Program Files\Intel\WiFi\bin\;C:\Program Files\Common Files\Intel\WirelessCommon\;C:\Users\Roy\AppData\Roaming\npm;C:\Program Files\CMake\bin;C:\Windows\System32;C:\MinGW\bin;C:\Users\Roy\AppData\Local\Microsoft\WindowsApps;C:\Users\Roy\Documents\OpenCV2\opencv\build\x86\vc11\bin;C:\Program Files (x86)\Arduino\java\bin
USERNAME=Roy
OS=Windows_NT
PROCESSOR_IDENTIFIER=Intel64 Family 6 Model 78 Stepping 3, GenuineIntel



---------------  S Y S T E M  ---------------

OS: Windows 10.0 , 64 bit Build 14393 (10.0.14393.0)

CPU:total 4 (2 cores per cpu, 2 threads per core) family 6 model 78 stepping 3, cmov, cx8, fxsr, mmx, sse, sse2, sse3, ssse3, sse4.1, sse4.2, popcnt, avx, avx2, aes, clmul, erms, 3dnowpref, lzcnt, ht, tsc, tscinvbit, bmi1, bmi2, adx

Memory: 4k page, physical 16607712k(10752216k free), swap 19098080k(11794796k free)

vm_info: Java HotSpot(TM) Client VM (25.92-b14) for windows-x86 JRE (1.8.0_92-b14), built on Mar 31 2016 21:09:21 by "java_re" with MS VC++ 10.0 (VS2010)

time: Wed Feb 08 14:35:55 2017
elapsed time: 3112 seconds (0d 0h 51m 52s)

