#
# A fatal error has been detected by the Java Runtime Environment:
#
#  EXCEPTION_ACCESS_VIOLATION (0xc0000005) at pc=0x617493cd, pid=2904, tid=0x000018b8
#
# JRE version: Java(TM) SE Runtime Environment (8.0_92-b14) (build 1.8.0_92-b14)
# Java VM: Java HotSpot(TM) Client VM (25.92-b14 mixed mode windows-x86 )
# Problematic frame:
# C  [listSerialsj.dll+0x93cd]
#
# Failed to write core dump. Minidumps are not enabled by default on client versions of Windows
#
# If you would like to submit a bug report, please visit:
#   http://bugreport.java.com/bugreport/crash.jsp
# The crash happened outside the Java Virtual Machine in native code.
# See problematic frame for where to report the bug.
#

---------------  T H R E A D  ---------------

Current thread (0x26cb8400):  JavaThread "cc.arduino.packages.discoverers.serial.SerialBoardsLister" [_thread_in_native, id=6328, stack(0x25c00000,0x25c50000)]

siginfo: ExceptionCode=0xc0000005, writing address 0x00000000

Registers:
EAX=0x00000000, EBX=0x00000490, ECX=0x00000000, EDX=0x00000001
ESP=0x25c4f0d0, EBP=0x25c4f528, ESI=0x00000001, EDI=0x006d9680
EIP=0x617493cd, EFLAGS=0x00010246

Top of Stack: (sp=0x25c4f0d0)
0x25c4f0d0:   00918278 0000002e 00000002 00000000
0x25c4f0e0:   00000003 00000000 00000000 024fc755
0x25c4f0f0:   25c4f100 00000001 0000006c 75a6a540
0x25c4f100:   28906740 01000000 006d9768 00000023
0x25c4f110:   25c4f24c 25c4f124 0000005d 00000002
0x25c4f120:   00000001 0000006c 00000057 024fc75b
0x25c4f130:   00000000 25c4f24c 334d4f43 00c4f100
0x25c4f140:   00425355 6d7467d5 25265350 024fc740 

Instructions: (pc=0x617493cd)
0x617493ad:   8b 45 08 8b 90 94 00 00 00 85 d2 74 16 8b 40 2c
0x617493bd:   c7 44 24 04 2e 00 00 00 89 04 24 e8 73 14 00 00
0x617493cd:   c6 00 00 8d 85 04 fc ff ff 89 44 24 18 8d 85 0a
0x617493dd:   fc ff ff 89 44 24 10 a1 e4 01 75 61 c7 85 04 fc 


Register to memory mapping:

EAX=0x00000000 is an unknown value
EBX=0x00000490 is an unknown value
ECX=0x00000000 is an unknown value
EDX=0x00000001 is an unknown value
ESP=0x25c4f0d0 is pointing into the stack for thread: 0x26cb8400
EBP=0x25c4f528 is pointing into the stack for thread: 0x26cb8400
ESI=0x00000001 is an unknown value
EDI=0x006d9680 is an unknown value


Stack: [0x25c00000,0x25c50000],  sp=0x25c4f0d0,  free space=316k
Native frames: (J=compiled Java code, j=interpreted, Vv=VM code, C=native code)
C  [listSerialsj.dll+0x93cd]
C  [listSerialsj.dll+0x2211]

Java frames: (J=compiled Java code, j=interpreted, Vv=VM code)
j  processing.app.Platform.resolveDeviceAttachedToNative(Ljava/lang/String;)Ljava/lang/String;+0
j  processing.app.Platform.resolveDeviceByVendorIdProductId(Ljava/lang/String;Ljava/util/Map;)Ljava/util/Map;+2
j  cc.arduino.packages.discoverers.serial.SerialBoardsLister.retriggerDiscovery(Z)V+309
j  cc.arduino.packages.discoverers.serial.SerialBoardsLister.run()V+9
j  java.util.TimerThread.mainLoop()V+221
j  java.util.TimerThread.run()V+1
v  ~StubRoutines::call_stub

---------------  P R O C E S S  ---------------

Java Threads: ( => current thread )
  0x2570d400 JavaThread "JmDNS(LAPTOP-FNEF10JN-bris-ac-uk.local.).Timer" daemon [_thread_blocked, id=5004, stack(0x27c50000,0x27ca0000)]
  0x2570c800 JavaThread "JmDNS(LAPTOP-FNEF10JN-bris-ac-uk.local.).State.Timer" [_thread_blocked, id=12520, stack(0x27bc0000,0x27c10000)]
  0x2570c400 JavaThread "JmDNS(LAPTOP-FNEF10JN-bris-ac-uk.local.).Timer" daemon [_thread_blocked, id=7736, stack(0x27b30000,0x27b80000)]
  0x2570a800 JavaThread "SocketListener(LAPTOP-FNEF10JN-bris-ac-uk.local.)" daemon [_thread_in_native, id=12984, stack(0x27aa0000,0x27af0000)]
  0x2570bc00 JavaThread "JmDNS(LAPTOP-FNEF10JN-bris-ac-uk.local.).Timer" daemon [_thread_blocked, id=10228, stack(0x26540000,0x26590000)]
  0x27103000 JavaThread "JmDNS(LAPTOP-FNEF10JN-bris-ac-uk.local.).State.Timer" [_thread_blocked, id=12712, stack(0x264b0000,0x26500000)]
  0x27100400 JavaThread "JmDNS(LAPTOP-FNEF10JN-bris-ac-uk.local.).Timer" daemon [_thread_blocked, id=9888, stack(0x26420000,0x26470000)]
  0x270ff000 JavaThread "SocketListener(LAPTOP-FNEF10JN-bris-ac-uk.local.)" daemon [_thread_in_native, id=14228, stack(0x26390000,0x263e0000)]
  0x270fdc00 JavaThread "JmDNS(LAPTOP-FNEF10JN-bris-ac-uk.local.).Timer" daemon [_thread_blocked, id=7804, stack(0x260c0000,0x26110000)]
  0x27102000 JavaThread "JmDNS(LAPTOP-FNEF10JN-bris-ac-uk.local.).State.Timer" [_thread_blocked, id=10604, stack(0x26030000,0x26080000)]
  0x27101c00 JavaThread "JmDNS(LAPTOP-FNEF10JN-bris-ac-uk.local.).Timer" daemon [_thread_blocked, id=14100, stack(0x25fa0000,0x25ff0000)]
  0x270fd800 JavaThread "SocketListener(LAPTOP-FNEF10JN-bris-ac-uk.local.)" daemon [_thread_in_native, id=2820, stack(0x25f10000,0x25f60000)]
  0x270ff400 JavaThread "JmDNS(LAPTOP-FNEF10JN-bris-ac-uk.local.).Timer" daemon [_thread_blocked, id=10640, stack(0x25e80000,0x25ed0000)]
  0x27101000 JavaThread "JmDNS(LAPTOP-FNEF10JN-bris-ac-uk.local.).State.Timer" [_thread_blocked, id=6772, stack(0x25df0000,0x25e40000)]
  0x27100800 JavaThread "JmDNS(LAPTOP-FNEF10JN-bris-ac-uk.local.).Timer" daemon [_thread_blocked, id=11512, stack(0x24bf0000,0x24c40000)]
  0x270fc400 JavaThread "SocketListener(LAPTOP-FNEF10JN-bris-ac-uk.local.)" daemon [_thread_in_native, id=10580, stack(0x00de0000,0x00e30000)]
  0x27101400 JavaThread "JmDNS(LAPTOP-FNEF10JN-bris-ac-uk.local.).Timer" daemon [_thread_blocked, id=8848, stack(0x00870000,0x008c0000)]
  0x270ffc00 JavaThread "JmDNS(LAPTOP-FNEF10JN-bris-ac-uk.local.).State.Timer" [_thread_blocked, id=652, stack(0x00750000,0x007a0000)]
  0x270fbc00 JavaThread "JmDNS(LAPTOP-FNEF10JN-bris-ac-uk.local.).Timer" daemon [_thread_blocked, id=12032, stack(0x005b0000,0x00600000)]
  0x270fd000 JavaThread "SocketListener(LAPTOP-FNEF10JN-bris-ac-uk.local.)" daemon [_thread_in_native, id=10496, stack(0x00510000,0x00560000)]
  0x270fe400 JavaThread "DestroyJavaVM" [_thread_blocked, id=12492, stack(0x00d40000,0x00d90000)]
  0x25707c00 JavaThread "TimerQueue" daemon [_thread_blocked, id=5072, stack(0x29200000,0x29250000)]
  0x2570b800 JavaThread "AWT-EventQueue-0" [_thread_blocked, id=3280, stack(0x28820000,0x28870000)]
  0x25706c00 JavaThread "AWT-Shutdown" [_thread_blocked, id=14116, stack(0x28790000,0x287e0000)]
  0x25709c00 JavaThread "Batik CleanerThread" daemon [_thread_blocked, id=8816, stack(0x28230000,0x28280000)]
  0x26cb9400 JavaThread "cc.arduino.packages.discoverers.network.BoardReachabilityFilter" [_thread_blocked, id=6988, stack(0x27670000,0x276c0000)]
  0x26cb9000 JavaThread "cc.arduino.packages.discoverers.network.NetworkChecker" [_thread_in_native, id=13072, stack(0x26820000,0x26870000)]
=>0x26cb8400 JavaThread "cc.arduino.packages.discoverers.serial.SerialBoardsLister" [_thread_in_native, id=6328, stack(0x25c00000,0x25c50000)]
  0x257af400 JavaThread "AWT-Windows" daemon [_thread_in_native, id=4168, stack(0x25c90000,0x25ce0000)]
  0x257adc00 JavaThread "Java2D Disposer" daemon [_thread_blocked, id=13892, stack(0x25b70000,0x25bc0000)]
  0x251c7400 JavaThread "Service Thread" daemon [_thread_blocked, id=7164, stack(0x25560000,0x255b0000)]
  0x251a0800 JavaThread "C1 CompilerThread0" daemon [_thread_blocked, id=10068, stack(0x254d0000,0x25520000)]
  0x2519f000 JavaThread "Attach Listener" daemon [_thread_blocked, id=2436, stack(0x25440000,0x25490000)]
  0x2519d000 JavaThread "Signal Dispatcher" daemon [_thread_blocked, id=1056, stack(0x253b0000,0x25400000)]
  0x2518ac00 JavaThread "Finalizer" daemon [_thread_blocked, id=10772, stack(0x24ce0000,0x24d30000)]
  0x25174c00 JavaThread "Reference Handler" daemon [_thread_blocked, id=8184, stack(0x24c50000,0x24ca0000)]

Other Threads:
  0x00d3e000 VMThread [stack: 0x246b0000,0x24700000] [id=13864]
  0x251ab800 WatcherThread [stack: 0x255f0000,0x25640000] [id=6056]

VM state:not at safepoint (normal execution)

VM Mutex/Monitor currently owned by a thread: None

Heap:
 def new generation   total 39424K, used 14016K [0x04600000, 0x070c0000, 0x0f0a0000)
  eden space 35072K,  35% used [0x04600000, 0x05206538, 0x06840000)
  from space 4352K,  39% used [0x06840000, 0x069e9b90, 0x06c80000)
  to   space 4352K,   0% used [0x06c80000, 0x06c80000, 0x070c0000)
 tenured generation   total 87424K, used 35185K [0x0f0a0000, 0x14600000, 0x24600000)
   the space 87424K,  40% used [0x0f0a0000, 0x112fc518, 0x112fc600, 0x14600000)
 Metaspace       used 18636K, capacity 19096K, committed 19200K, reserved 19840K

Card table byte_map: [0x044c0000,0x045d0000] byte_map_base: 0x0449d000

Polling page: 0x007e0000

CodeCache: size=32768Kb used=1862Kb max_used=4188Kb free=30905Kb
 bounds [0x024c0000, 0x028d8000, 0x044c0000]
 total_blobs=1174 nmethods=895 adapters=207
 compilation: enabled

Compilation events (10 events):
Event: 3647.413 Thread 0x251a0800 6652   !         javax.swing.JComponent::getClientProperty (56 bytes)
Event: 3647.414 Thread 0x251a0800 nmethod 6652 0x026e8508 code [0x026e8620, 0x026e888c]
Event: 3649.167 Thread 0x251a0800 6653             processing.app.helpers.PreferencesMap::subTree (124 bytes)
Event: 3649.171 Thread 0x251a0800 nmethod 6653 0x025b8dc8 code [0x025b8f90, 0x025b94a8]
Event: 3649.173 Thread 0x251a0800 6654             java.lang.String::toUpperCase (439 bytes)
Event: 3649.177 Thread 0x251a0800 nmethod 6654 0x028c8048 code [0x028c8250, 0x028c8a50]
Event: 3649.191 Thread 0x251a0800 6655             java.util.LinkedHashMap$LinkedHashIterator::hasNext (13 bytes)
Event: 3649.192 Thread 0x251a0800 nmethod 6655 0x026aca88 code [0x026acb80, 0x026acc10]
Event: 3649.193 Thread 0x251a0800 6656             java.util.LinkedHashMap$LinkedHashIterator::nextNode (54 bytes)
Event: 3649.193 Thread 0x251a0800 nmethod 6656 0x028c7c48 code [0x028c7d60, 0x028c7ee8]

GC Heap History (10 events):
Event: 1589.344 GC heap before
{Heap before GC invocations=8 (full 1):
 def new generation   total 39424K, used 36968K [0x04600000, 0x070c0000, 0x0f0a0000)
  eden space 35072K, 100% used [0x04600000, 0x06840000, 0x06840000)
  from space 4352K,  43% used [0x06c80000, 0x06e5a0b8, 0x070c0000)
  to   space 4352K,   0% used [0x06840000, 0x06840000, 0x06c80000)
 tenured generation   total 87424K, used 34041K [0x0f0a0000, 0x14600000, 0x24600000)
   the space 87424K,  38% used [0x0f0a0000, 0x111de780, 0x111de800, 0x14600000)
 Metaspace       used 18616K, capacity 19061K, committed 19072K, reserved 19840K
Event: 1589.351 GC heap after
Heap after GC invocations=9 (full 1):
 def new generation   total 39424K, used 3094K [0x04600000, 0x070c0000, 0x0f0a0000)
  eden space 35072K,   0% used [0x04600000, 0x04600000, 0x06840000)
  from space 4352K,  71% used [0x06840000, 0x06b45870, 0x06c80000)
  to   space 4352K,   0% used [0x06c80000, 0x06c80000, 0x070c0000)
 tenured generation   total 87424K, used 34041K [0x0f0a0000, 0x14600000, 0x24600000)
   the space 87424K,  38% used [0x0f0a0000, 0x111de780, 0x111de800, 0x14600000)
 Metaspace       used 18616K, capacity 19061K, committed 19072K, reserved 19840K
}
Event: 1879.135 GC heap before
{Heap before GC invocations=9 (full 1):
 def new generation   total 39424K, used 37730K [0x04600000, 0x070c0000, 0x0f0a0000)
  eden space 35072K,  98% used [0x04600000, 0x067d2fb0, 0x06840000)
  from space 4352K,  71% used [0x06840000, 0x06b45870, 0x06c80000)
  to   space 4352K,   0% used [0x06c80000, 0x06c80000, 0x070c0000)
 tenured generation   total 87424K, used 34041K [0x0f0a0000, 0x14600000, 0x24600000)
   the space 87424K,  38% used [0x0f0a0000, 0x111de780, 0x111de800, 0x14600000)
 Metaspace       used 18617K, capacity 19061K, committed 19072K, reserved 19840K
Event: 1879.147 GC heap after
Heap after GC invocations=10 (full 1):
 def new generation   total 39424K, used 937K [0x04600000, 0x070c0000, 0x0f0a0000)
  eden space 35072K,   0% used [0x04600000, 0x04600000, 0x06840000)
  from space 4352K,  21% used [0x06c80000, 0x06d6a6e0, 0x070c0000)
  to   space 4352K,   0% used [0x06840000, 0x06840000, 0x06c80000)
 tenured generation   total 87424K, used 35185K [0x0f0a0000, 0x14600000, 0x24600000)
   the space 87424K,  40% used [0x0f0a0000, 0x112fc518, 0x112fc600, 0x14600000)
 Metaspace       used 18617K, capacity 19061K, committed 19072K, reserved 19840K
}
Event: 2190.959 GC heap before
{Heap before GC invocations=10 (full 1):
 def new generation   total 39424K, used 36009K [0x04600000, 0x070c0000, 0x0f0a0000)
  eden space 35072K, 100% used [0x04600000, 0x06840000, 0x06840000)
  from space 4352K,  21% used [0x06c80000, 0x06d6a6e0, 0x070c0000)
  to   space 4352K,   0% used [0x06840000, 0x06840000, 0x06c80000)
 tenured generation   total 87424K, used 35185K [0x0f0a0000, 0x14600000, 0x24600000)
   the space 87424K,  40% used [0x0f0a0000, 0x112fc518, 0x112fc600, 0x14600000)
 Metaspace       used 18635K, capacity 19096K, committed 19200K, reserved 19840K
Event: 2190.967 GC heap after
Heap after GC invocations=11 (full 1):
 def new generation   total 39424K, used 1611K [0x04600000, 0x070c0000, 0x0f0a0000)
  eden space 35072K,   0% used [0x04600000, 0x04600000, 0x06840000)
  from space 4352K,  37% used [0x06840000, 0x069d2e20, 0x06c80000)
  to   space 4352K,   0% used [0x06c80000, 0x06c80000, 0x070c0000)
 tenured generation   total 87424K, used 35185K [0x0f0a0000, 0x14600000, 0x24600000)
   the space 87424K,  40% used [0x0f0a0000, 0x112fc518, 0x112fc600, 0x14600000)
 Metaspace       used 18635K, capacity 19096K, committed 19200K, reserved 19840K
}
Event: 2510.620 GC heap before
{Heap before GC invocations=11 (full 1):
 def new generation   total 39424K, used 36683K [0x04600000, 0x070c0000, 0x0f0a0000)
  eden space 35072K, 100% used [0x04600000, 0x06840000, 0x06840000)
  from space 4352K,  37% used [0x06840000, 0x069d2e20, 0x06c80000)
  to   space 4352K,   0% used [0x06c80000, 0x06c80000, 0x070c0000)
 tenured generation   total 87424K, used 35185K [0x0f0a0000, 0x14600000, 0x24600000)
   the space 87424K,  40% used [0x0f0a0000, 0x112fc518, 0x112fc600, 0x14600000)
 Metaspace       used 18636K, capacity 19096K, committed 19200K, reserved 19840K
Event: 2510.625 GC heap after
Heap after GC invocations=12 (full 1):
 def new generation   total 39424K, used 1345K [0x04600000, 0x070c0000, 0x0f0a0000)
  eden space 35072K,   0% used [0x04600000, 0x04600000, 0x06840000)
  from space 4352K,  30% used [0x06c80000, 0x06dd0570, 0x070c0000)
  to   space 4352K,   0% used [0x06840000, 0x06840000, 0x06c80000)
 tenured generation   total 87424K, used 35185K [0x0f0a0000, 0x14600000, 0x24600000)
   the space 87424K,  40% used [0x0f0a0000, 0x112fc518, 0x112fc600, 0x14600000)
 Metaspace       used 18636K, capacity 19096K, committed 19200K, reserved 19840K
}
Event: 3371.303 GC heap before
{Heap before GC invocations=12 (full 1):
 def new generation   total 39424K, used 36417K [0x04600000, 0x070c0000, 0x0f0a0000)
  eden space 35072K, 100% used [0x04600000, 0x06840000, 0x06840000)
  from space 4352K,  30% used [0x06c80000, 0x06dd0570, 0x070c0000)
  to   space 4352K,   0% used [0x06840000, 0x06840000, 0x06c80000)
 tenured generation   total 87424K, used 35185K [0x0f0a0000, 0x14600000, 0x24600000)
   the space 87424K,  40% used [0x0f0a0000, 0x112fc518, 0x112fc600, 0x14600000)
 Metaspace       used 18636K, capacity 19096K, committed 19200K, reserved 19840K
Event: 3371.312 GC heap after
Heap after GC invocations=13 (full 1):
 def new generation   total 39424K, used 1702K [0x04600000, 0x070c0000, 0x0f0a0000)
  eden space 35072K,   0% used [0x04600000, 0x04600000, 0x06840000)
  from space 4352K,  39% used [0x06840000, 0x069e9b90, 0x06c80000)
  to   space 4352K,   0% used [0x06c80000, 0x06c80000, 0x070c0000)
 tenured generation   total 87424K, used 35185K [0x0f0a0000, 0x14600000, 0x24600000)
   the space 87424K,  40% used [0x0f0a0000, 0x112fc518, 0x112fc600, 0x14600000)
 Metaspace       used 18636K, capacity 19096K, committed 19200K, reserved 19840K
}

Deoptimization events (0 events):
No events

Internal exceptions (10 events):
Event: 2510.147 Thread 0x25707000 Exception <a 'java/io/IOException'> (0x0675b4a8) thrown at [C:\workspace\8-2-build-windows-i586-cygwin\jdk8u92\6642\hotspot\src\share\vm\prims\jni.cpp, line 709]
Event: 2510.147 Thread 0x25707000 Exception <a 'java/io/IOException'> (0x06760630) thrown at [C:\workspace\8-2-build-windows-i586-cygwin\jdk8u92\6642\hotspot\src\share\vm\prims\jni.cpp, line 709]
Event: 2510.147 Thread 0x25707000 Exception <a 'java/io/IOException'> (0x067609b8) thrown at [C:\workspace\8-2-build-windows-i586-cygwin\jdk8u92\6642\hotspot\src\share\vm\prims\jni.cpp, line 709]
Event: 2510.147 Thread 0x25707000 Exception <a 'java/io/IOException'> (0x06760c00) thrown at [C:\workspace\8-2-build-windows-i586-cygwin\jdk8u92\6642\hotspot\src\share\vm\prims\jni.cpp, line 709]
Event: 2510.244 Thread 0x25707800 Exception <a 'java/io/IOException'> (0x0674d3e8) thrown at [C:\workspace\8-2-build-windows-i586-cygwin\jdk8u92\6642\hotspot\src\share\vm\prims\jni.cpp, line 709]
Event: 2510.245 Thread 0x25707800 Exception <a 'java/io/IOException'> (0x0674d7a8) thrown at [C:\workspace\8-2-build-windows-i586-cygwin\jdk8u92\6642\hotspot\src\share\vm\prims\jni.cpp, line 709]
Event: 2510.245 Thread 0x25707800 Exception <a 'java/io/IOException'> (0x0674d9f0) thrown at [C:\workspace\8-2-build-windows-i586-cygwin\jdk8u92\6642\hotspot\src\share\vm\prims\jni.cpp, line 709]
Event: 2510.272 Thread 0x25709800 Exception <a 'java/io/IOException'> (0x0680daa8) thrown at [C:\workspace\8-2-build-windows-i586-cygwin\jdk8u92\6642\hotspot\src\share\vm\prims\jni.cpp, line 709]
Event: 2510.272 Thread 0x25709800 Exception <a 'java/io/IOException'> (0x0680de08) thrown at [C:\workspace\8-2-build-windows-i586-cygwin\jdk8u92\6642\hotspot\src\share\vm\prims\jni.cpp, line 709]
Event: 2510.272 Thread 0x25709800 Exception <a 'java/io/IOException'> (0x0680e050) thrown at [C:\workspace\8-2-build-windows-i586-cygwin\jdk8u92\6642\hotspot\src\share\vm\prims\jni.cpp, line 709]

Events (10 events):
Event: 3646.487 Thread 0x251a0800 flushing nmethod 0x025682c8
Event: 3647.414 Thread 0x251a0800 flushing nmethod 0x026ac6c8
Event: 3647.414 Thread 0x251a0800 flushing nmethod 0x026aca88
Event: 3647.414 Thread 0x251a0800 flushing nmethod 0x026b5b08
Event: 3647.415 Thread 0x251a0800 flushing nmethod 0x026f7708
Event: 3649.171 Thread 0x251a0800 flushing nmethod 0x02734108
Event: 3649.171 Thread 0x251a0800 flushing nmethod 0x02734308
Event: 3649.171 Thread 0x251a0800 flushing nmethod 0x027fa848
Event: 3649.171 Thread 0x251a0800 flushing nmethod 0x0289d1c8
Event: 3649.171 Thread 0x251a0800 flushing nmethod 0x028cbb48


Dynamic libraries:
0x01080000 - 0x010b3000 	C:\Program Files (x86)\Arduino\java\bin\javaw.exe
0x770e0000 - 0x77263000 	C:\WINDOWS\SYSTEM32\ntdll.dll
0x73cb0000 - 0x73d90000 	C:\WINDOWS\System32\KERNEL32.DLL
0x75630000 - 0x757d1000 	C:\WINDOWS\System32\KERNELBASE.dll
0x740f0000 - 0x74167000 	C:\WINDOWS\System32\ADVAPI32.dll
0x76e70000 - 0x76f2e000 	C:\WINDOWS\System32\msvcrt.dll
0x75eb0000 - 0x75ef1000 	C:\WINDOWS\System32\sechost.dll
0x76400000 - 0x764c1000 	C:\WINDOWS\System32\RPCRT4.dll
0x73ba0000 - 0x73bbe000 	C:\WINDOWS\System32\SspiCli.dll
0x73b90000 - 0x73b9a000 	C:\WINDOWS\System32\CRYPTBASE.dll
0x75550000 - 0x755aa000 	C:\WINDOWS\System32\bcryptPrimitives.dll
0x76f80000 - 0x770df000 	C:\WINDOWS\System32\USER32.dll
0x755b0000 - 0x755c5000 	C:\WINDOWS\System32\win32u.dll
0x766f0000 - 0x7671b000 	C:\WINDOWS\System32\GDI32.dll
0x75f00000 - 0x7605b000 	C:\WINDOWS\System32\gdi32full.dll
0x6f4e0000 - 0x6f6ea000 	C:\WINDOWS\WinSxS\x86_microsoft.windows.common-controls_6595b64144ccf1df_6.0.14393.953_none_89c2555adb023171\COMCTL32.dll
0x73d90000 - 0x73fa1000 	C:\WINDOWS\System32\combase.dll
0x76720000 - 0x76800000 	C:\WINDOWS\System32\ucrtbase.dll
0x75950000 - 0x75975000 	C:\WINDOWS\System32\IMM32.DLL
0x6d930000 - 0x6d9ef000 	C:\Program Files (x86)\Arduino\java\bin\msvcr100.dll
0x6d560000 - 0x6d92b000 	C:\Program Files (x86)\Arduino\java\bin\client\jvm.dll
0x763f0000 - 0x763f6000 	C:\WINDOWS\System32\PSAPI.DLL
0x727e0000 - 0x727e8000 	C:\WINDOWS\SYSTEM32\WSOCK32.dll
0x76570000 - 0x765d3000 	C:\WINDOWS\System32\WS2_32.dll
0x72d30000 - 0x72d54000 	C:\WINDOWS\SYSTEM32\WINMM.dll
0x739d0000 - 0x739d8000 	C:\WINDOWS\SYSTEM32\VERSION.dll
0x00800000 - 0x00823000 	C:\WINDOWS\SYSTEM32\WINMMBASE.dll
0x76150000 - 0x76186000 	C:\WINDOWS\System32\cfgmgr32.dll
0x6d520000 - 0x6d551000 	C:\Program Files (x86)\Arduino\java\bin\splashscreen.dll
0x71780000 - 0x717f5000 	C:\WINDOWS\system32\uxtheme.dll
0x6d510000 - 0x6d51c000 	C:\Program Files (x86)\Arduino\java\bin\verify.dll
0x73fb0000 - 0x740e5000 	C:\WINDOWS\System32\MSCTF.dll
0x764d0000 - 0x76564000 	C:\WINDOWS\System32\OLEAUT32.dll
0x76670000 - 0x766eb000 	C:\WINDOWS\System32\msvcp_win.dll
0x6d4e0000 - 0x6d501000 	C:\Program Files (x86)\Arduino\java\bin\java.dll
0x6d4c0000 - 0x6d4d3000 	C:\Program Files (x86)\Arduino\java\bin\zip.dll
0x75a30000 - 0x75a3d000 	C:\WINDOWS\System32\kernel.appcore.dll
0x74170000 - 0x75549000 	C:\WINDOWS\System32\SHELL32.dll
0x768f0000 - 0x76e5e000 	C:\WINDOWS\System32\windows.storage.dll
0x768a0000 - 0x768e5000 	C:\WINDOWS\System32\powrprof.dll
0x75980000 - 0x759c6000 	C:\WINDOWS\System32\shlwapi.dll
0x765e0000 - 0x76668000 	C:\WINDOWS\System32\shcore.dll
0x76190000 - 0x7619f000 	C:\WINDOWS\System32\profapi.dll
0x6d370000 - 0x6d4b5000 	C:\Program Files (x86)\Arduino\java\bin\awt.dll
0x6d2d0000 - 0x6d362000 	C:\WINDOWS\SYSTEM32\apphelp.dll
0x71760000 - 0x7177f000 	C:\WINDOWS\system32\dwmapi.dll
0x76060000 - 0x7614a000 	C:\WINDOWS\System32\ole32.dll
0x61740000 - 0x6176c000 	C:\Program Files (x86)\Arduino\lib\listSerialsj.dll
0x75a40000 - 0x75e4b000 	C:\WINDOWS\System32\SETUPAPI.dll
0x72820000 - 0x72833000 	C:\WINDOWS\SYSTEM32\CRYPTSP.dll
0x727f0000 - 0x7281f000 	C:\WINDOWS\system32\rsaenh.dll
0x72840000 - 0x7285b000 	C:\WINDOWS\SYSTEM32\bcrypt.dll
0x73b10000 - 0x73b2a000 	C:\WINDOWS\SYSTEM32\USERENV.dll
0x6d2b0000 - 0x6d2c6000 	C:\Program Files (x86)\Arduino\java\bin\net.dll
0x731c0000 - 0x7320e000 	C:\WINDOWS\system32\mswsock.dll
0x72fd0000 - 0x72fff000 	C:\WINDOWS\SYSTEM32\IPHLPAPI.DLL
0x761a0000 - 0x761a7000 	C:\WINDOWS\System32\NSI.dll
0x72780000 - 0x72793000 	C:\WINDOWS\SYSTEM32\dhcpcsvc6.DLL
0x72760000 - 0x72774000 	C:\WINDOWS\SYSTEM32\dhcpcsvc.DLL
0x6d2a0000 - 0x6d2af000 	C:\Program Files (x86)\Arduino\java\bin\nio.dll
0x266a0000 - 0x266dd000 	C:\Users\Roy\AppData\Local\Temp\jna-82364\jna629857157264832420.dll
0x6d260000 - 0x6d299000 	C:\Program Files (x86)\Arduino\java\bin\fontmanager.dll
0x6d220000 - 0x6d252000 	C:\Program Files (x86)\Arduino\java\bin\t2k.dll
0x719b0000 - 0x719d2000 	C:\WINDOWS\SYSTEM32\DEVOBJ.dll
0x76f30000 - 0x76f74000 	C:\WINDOWS\System32\WINTRUST.dll
0x76e60000 - 0x76e6e000 	C:\WINDOWS\System32\MSASN1.dll
0x76270000 - 0x763ed000 	C:\WINDOWS\System32\CRYPT32.dll
0x73a90000 - 0x73b0d000 	C:\WINDOWS\SYSTEM32\DNSAPI.dll
0x727a0000 - 0x727a8000 	C:\Windows\System32\rasadhlp.dll
0x71e50000 - 0x71e99000 	C:\WINDOWS\System32\fwpuclnt.dll
0x6bdd0000 - 0x6be39000 	C:\Program Files (x86)\Arduino\msvcp100.dll
0x65270000 - 0x6532e000 	C:\Program Files (x86)\Arduino\msvcr100.dll
0x27d40000 - 0x27d72000 	C:\Program Files (x86)\Arduino\lib\AStylej.dll
0x65240000 - 0x65264000 	C:\Program Files (x86)\Arduino\java\bin\dcpr.dll
0x76810000 - 0x76894000 	C:\WINDOWS\System32\clbcatq.dll
0x6eff0000 - 0x6f15e000 	C:\WINDOWS\SYSTEM32\WindowsCodecs.dll
0x6ef50000 - 0x6ef94000 	C:\WINDOWS\system32\dataexchange.dll
0x6ec00000 - 0x6ed13000 	C:\WINDOWS\system32\dcomp.dll
0x6ed20000 - 0x6ef50000 	C:\WINDOWS\system32\d3d11.dll
0x716d0000 - 0x71753000 	C:\WINDOWS\system32\dxgi.dll
0x6eb00000 - 0x6ebf1000 	C:\WINDOWS\system32\twinapi.appcore.dll
0x70e80000 - 0x70fc5000 	C:\WINDOWS\SYSTEM32\dbghelp.dll

VM Arguments:
jvm_args: -Dsun.java2d.d3d=false -Djna.nosys=true -DAPP_DIR=C:\Program Files (x86)\Arduino -Xms128M -Xmx512M 
java_command: processing.app.Base C:\Users\Roy\Desktop\Buggy Project Final\IDE Code\Buggy_Project\Buggy_Project.ino
java_class_path (initial): C:\Program Files (x86)\Arduino\lib\apple.jar;C:\Program Files (x86)\Arduino\lib\arduino-core.jar;C:\Program Files (x86)\Arduino\lib\batik-1.8.jar;C:\Program Files (x86)\Arduino\lib\batik-anim-1.8.jar;C:\Program Files (x86)\Arduino\lib\batik-awt-util-1.8.jar;C:\Program Files (x86)\Arduino\lib\batik-bridge-1.8.jar;C:\Program Files (x86)\Arduino\lib\batik-codec-1.8.jar;C:\Program Files (x86)\Arduino\lib\batik-css-1.8.jar;C:\Program Files (x86)\Arduino\lib\batik-dom-1.8.jar;C:\Program Files (x86)\Arduino\lib\batik-ext-1.8.jar;C:\Program Files (x86)\Arduino\lib\batik-gvt-1.8.jar;C:\Program Files (x86)\Arduino\lib\batik-parser-1.8.jar;C:\Program Files (x86)\Arduino\lib\batik-rasterizer-1.8.jar;C:\Program Files (x86)\Arduino\lib\batik-script-1.8.jar;C:\Program Files (x86)\Arduino\lib\batik-squiggle-1.8.jar;C:\Program Files (x86)\Arduino\lib\batik-svg-dom-1.8.jar;C:\Program Files (x86)\Arduino\lib\batik-svgpp-1.8.jar;C:\Program Files (x86)\Arduino\lib\batik-transcoder-1.8.jar;C:\Program Files (x86)\Arduino\lib\batik-util-1.8.jar;C:\Program Files (x86)\Arduino\lib\batik-xml-1.8.jar;C:\Program Files (x86)\Arduino\lib\bcpg-jdk15on-152.jar;C:\Program Files (x86)\Arduino\lib\bcprov-jdk15on-152.jar;C:\Program Files (x86)\Arduino\lib\commons-codec-1.7.jar;C:\Program Files (x86)\Arduino\lib\commons-compress-1.8.jar;C:\Program Files (x86)\Arduino\lib\commons-exec-1.1.jar;C:\Program Files (x86)\Arduino\lib\commons-httpclient-3.1.jar;C:\Program Files (x86)\Arduino\lib\commons-lang3-3.3.2.jar;C:\Program Files (x86)\Arduino\lib\commons-logging-1.0.4.jar;C:\Program Files (x86)\Arduino\lib\commons-net-3.3.jar;C:\Program Files (x86)\Arduino\lib\jackson-annotations-2.6.3.jar;C:\Program Files (x86)\Arduino\lib\jackson-core-2.6.3.jar;C:\Program Files (x86)\Arduino\lib\jackson-databind-2.6.3.jar;C:\Program Files (x86)\Arduino\lib\jackson-module-mrbean-2.6.3.jar;C:\Program Files (x86)\Arduino\lib\java-semver-0.8.0.jar;C:\Program Files (x86)\Arduino\lib\jmdns-3.4.1.j
Launcher Type: SUN_STANDARD

Environment Variables:
PATH=C:\Program Files\ImageMagick-7.0.3-Q8;C:\ProgramData\Oracle\Java\javapath;C:\Program Files (x86)\Intel\iCLS Client\;C:\Program Files\Intel\iCLS Client\;C:\Windows\system32;C:\Windows;C:\Windows\System32\Wbem;C:\Windows\System32\WindowsPowerShell\v1.0\;C:\Program Files (x86)\Intel\Intel(R) Management Engine Components\DAL;C:\Program Files\Intel\Intel(R) Management Engine Components\DAL;C:\Program Files (x86)\Intel\Intel(R) Management Engine Components\IPT;C:\Program Files\Intel\Intel(R) Management Engine Components\IPT;C:\Program Files (x86)\NVIDIA Corporation\PhysX\Common;C:\WINDOWS\system32\config\systemprofile\.dnx\bin;C:\Program Files\Microsoft DNX\Dnvm\;C:\Program Files\Microsoft SQL Server\Client SDK\ODBC\110\Tools\Binn\;C:\Program Files (x86)\Microsoft SQL Server\120\Tools\Binn\;C:\Program Files\Microsoft SQL Server\120\Tools\Binn\;C:\Program Files\Microsoft SQL Server\120\DTS\Binn\;C:\Program Files\nodejs\;C:\xampp\php;C:\ProgramData\ComposerSetup\bin;C:\WINDOWS\system32;C:\WINDOWS;C:\WINDOWS\System32\Wbem;C:\WINDOWS\System32\WindowsPowerShell\v1.0\;C:\Program Files (x86)\GtkSharp\2.12\bin;C:\Program Files (x86)\Windows Kits\8.1\Windows Performance Toolkit\;C:\Program Files\Git\cmd;C:\Strawberry\c\bin;C:\Strawberry\perl\site\bin;C:\Strawberry\perl\bin;C:\Program Files\MATLAB\R2016b\runtime\win64;C:\Program Files\MATLAB\R2016b\bin;C:\Program Files\Intel\WiFi\bin\;C:\Program Files\Common Files\Intel\WirelessCommon\;C:\Program Files (x86)\PuTTY\;C:\Program Files (x86)\Skype\Phone\;C:\Users\Roy\AppData\Local\Programs\Python\Python35\Scripts\;C:\Users\Roy\AppData\Local\Programs\Python\Python35\;C:\Program Files\Intel\WiFi\bin\;C:\Program Files\Common Files\Intel\WirelessCommon\;C:\Users\Roy\AppData\Roaming\npm;C:\Program Files\CMake\bin;C:\Windows\System32;C:\MinGW\bin;C:\Users\Roy\AppData\Local\Microsoft\WindowsApps;C:\Users\Roy\Documents\OpenCV2\opencv\build\x86\vc11\bin;C:\Program Files (x86)\Arduino\java\bin
USERNAME=Roy
OS=Windows_NT
PROCESSOR_IDENTIFIER=Intel64 Family 6 Model 78 Stepping 3, GenuineIntel



---------------  S Y S T E M  ---------------

OS: Windows 10.0 , 64 bit Build 14393 (10.0.14393.0)

CPU:total 4 (2 cores per cpu, 2 threads per core) family 6 model 78 stepping 3, cmov, cx8, fxsr, mmx, sse, sse2, sse3, ssse3, sse4.1, sse4.2, popcnt, avx, avx2, aes, clmul, erms, 3dnowpref, lzcnt, ht, tsc, tscinvbit, bmi1, bmi2, adx

Memory: 4k page, physical 16607712k(9928104k free), swap 19098080k(11276876k free)

vm_info: Java HotSpot(TM) Client VM (25.92-b14) for windows-x86 JRE (1.8.0_92-b14), built on Mar 31 2016 21:09:21 by "java_re" with MS VC++ 10.0 (VS2010)

time: Mon Mar 20 16:31:46 2017
elapsed time: 3649 seconds (0d 1h 0m 49s)

