#
# A fatal error has been detected by the Java Runtime Environment:
#
#  EXCEPTION_ACCESS_VIOLATION (0xc0000005) at pc=0x617493cd, pid=1372, tid=0x00003d60
#
# JRE version: Java(TM) SE Runtime Environment (8.0_92-b14) (build 1.8.0_92-b14)
# Java VM: Java HotSpot(TM) Client VM (25.92-b14 mixed mode windows-x86 )
# Problematic frame:
# C  [listSerialsj.dll+0x93cd]
#
# Failed to write core dump. Minidumps are not enabled by default on client versions of Windows
#
# If you would like to submit a bug report, please visit:
#   http://bugreport.java.com/bugreport/crash.jsp
# The crash happened outside the Java Virtual Machine in native code.
# See problematic frame for where to report the bug.
#

---------------  T H R E A D  ---------------

Current thread (0x2719f000):  JavaThread "cc.arduino.packages.discoverers.serial.SerialBoardsLister" [_thread_in_native, id=15712, stack(0x27b30000,0x27b80000)]

siginfo: ExceptionCode=0xc0000005, writing address 0x00000000

Registers:
EAX=0x00000000, EBX=0x000007f4, ECX=0x00000000, EDX=0x00000001
ESP=0x27b7f200, EBP=0x27b7f658, ESI=0x00000001, EDI=0x298f4240
EIP=0x617493cd, EFLAGS=0x00010246

Top of Stack: (sp=0x27b7f200)
0x27b7f200:   00d715e0 0000002e 00000002 00000000
0x27b7f210:   00000003 00000000 00000000 00000000
0x27b7f220:   01000001 27b7f244 0000006c 75a6a540
0x27b7f230:   26785c30 00b7f348 298f3be8 0000008a
0x27b7f240:   27b7f2d4 27b7f268 0000005c 00000002
0x27b7f250:   00000001 0000006c 00000056 0000008e
0x27b7f260:   008ef89c 00000000 374d4f43 00162d00
0x27b7f270:   00425355 00000003 27b7f398 27b7f348 

Instructions: (pc=0x617493cd)
0x617493ad:   8b 45 08 8b 90 94 00 00 00 85 d2 74 16 8b 40 2c
0x617493bd:   c7 44 24 04 2e 00 00 00 89 04 24 e8 73 14 00 00
0x617493cd:   c6 00 00 8d 85 04 fc ff ff 89 44 24 18 8d 85 0a
0x617493dd:   fc ff ff 89 44 24 10 a1 e4 01 75 61 c7 85 04 fc 


Register to memory mapping:

EAX=0x00000000 is an unknown value
EBX=0x000007f4 is an unknown value
ECX=0x00000000 is an unknown value
EDX=0x00000001 is an unknown value
ESP=0x27b7f200 is pointing into the stack for thread: 0x2719f000
EBP=0x27b7f658 is pointing into the stack for thread: 0x2719f000
ESI=0x00000001 is an unknown value
EDI=0x298f4240 is an unknown value


Stack: [0x27b30000,0x27b80000],  sp=0x27b7f200,  free space=316k
Native frames: (J=compiled Java code, j=interpreted, Vv=VM code, C=native code)
C  [listSerialsj.dll+0x93cd]
C  [listSerialsj.dll+0x2211]

Java frames: (J=compiled Java code, j=interpreted, Vv=VM code)
j  processing.app.Platform.listSerialsNative()[Ljava/lang/String;+0
j  processing.app.Platform.listSerials()Ljava/util/List;+5
j  cc.arduino.packages.discoverers.serial.SerialBoardsLister.retriggerDiscovery(Z)V+22
j  cc.arduino.packages.discoverers.serial.SerialBoardsLister.run()V+9
J 4405% C1 java.util.TimerThread.mainLoop()V (232 bytes) @ 0x02dac7d4 [0x02dac3a0+0x434]
j  java.util.TimerThread.run()V+1
v  ~StubRoutines::call_stub

---------------  P R O C E S S  ---------------

Java Threads: ( => current thread )
  0x2754a800 JavaThread "EventThread COM7" [_thread_in_native, id=6824, stack(0x00a00000,0x00a50000)]
  0x27548800 JavaThread "JmDNS(LAPTOP-FNEF10JN-bris-ac-uk.local.).Timer" daemon [_thread_blocked, id=9020, stack(0x28720000,0x28770000)]
  0x27549c00 JavaThread "JmDNS(LAPTOP-FNEF10JN-bris-ac-uk.local.).State.Timer" [_thread_blocked, id=9768, stack(0x285f0000,0x28640000)]
  0x2754d400 JavaThread "JmDNS(LAPTOP-FNEF10JN-bris-ac-uk.local.).Timer" daemon [_thread_blocked, id=2304, stack(0x28560000,0x285b0000)]
  0x27548000 JavaThread "SocketListener(LAPTOP-FNEF10JN-bris-ac-uk.local.)" daemon [_thread_in_native, id=12928, stack(0x28480000,0x284d0000)]
  0x2754e800 JavaThread "JmDNS(2001:630:e4:4220:5:88d1:98dc:ccb5.local.).Timer" daemon [_thread_blocked, id=5016, stack(0x283f0000,0x28440000)]
  0x2754e000 JavaThread "JmDNS(2001:630:e4:4220:5:88d1:98dc:ccb5.local.).State.Timer" [_thread_blocked, id=6640, stack(0x28360000,0x283b0000)]
  0x2754cc00 JavaThread "JmDNS(2001:630:e4:4220:5:88d1:98dc:ccb5.local.).Timer" daemon [_thread_blocked, id=1820, stack(0x282d0000,0x28320000)]
  0x2754f400 JavaThread "SocketListener(2001:630:e4:4220:5:88d1:98dc:ccb5.local.)" daemon [_thread_in_native, id=8648, stack(0x28240000,0x28290000)]
  0x272cac00 JavaThread "JmDNS(2001:630:e4:4220:448:e62b:289b:7355.local.).Timer" daemon [_thread_blocked, id=6868, stack(0x27f70000,0x27fc0000)]
  0x272cf800 JavaThread "JmDNS(2001:630:e4:4220:448:e62b:289b:7355.local.).State.Timer" [_thread_blocked, id=7424, stack(0x27ee0000,0x27f30000)]
  0x272cd400 JavaThread "JmDNS(2001:630:e4:4220:448:e62b:289b:7355.local.).Timer" daemon [_thread_blocked, id=7756, stack(0x26d80000,0x26dd0000)]
  0x272cf400 JavaThread "SocketListener(2001:630:e4:4220:448:e62b:289b:7355.local.)" daemon [_thread_in_native, id=4736, stack(0x26b90000,0x26be0000)]
  0x272ce800 JavaThread "JmDNS(LAPTOP-FNEF10JN-bris-ac-uk.local.).Timer" daemon [_thread_blocked, id=7220, stack(0x26450000,0x264a0000)]
  0x272cd800 JavaThread "JmDNS(LAPTOP-FNEF10JN-bris-ac-uk.local.).State.Timer" [_thread_blocked, id=1072, stack(0x263c0000,0x26410000)]
  0x272ce000 JavaThread "JmDNS(LAPTOP-FNEF10JN-bris-ac-uk.local.).Timer" daemon [_thread_blocked, id=8472, stack(0x26330000,0x26380000)]
  0x272cc000 JavaThread "SocketListener(LAPTOP-FNEF10JN-bris-ac-uk.local.)" daemon [_thread_in_native, id=6380, stack(0x262a0000,0x262f0000)]
  0x272ca800 JavaThread "JmDNS(LAPTOP-FNEF10JN-bris-ac-uk.local.).Timer" daemon [_thread_blocked, id=10472, stack(0x260b0000,0x26100000)]
  0x272cec00 JavaThread "JmDNS(LAPTOP-FNEF10JN-bris-ac-uk.local.).State.Timer" [_thread_blocked, id=8924, stack(0x25280000,0x252d0000)]
  0x272cb400 JavaThread "JmDNS(LAPTOP-FNEF10JN-bris-ac-uk.local.).Timer" daemon [_thread_blocked, id=17188, stack(0x25230000,0x25280000)]
  0x272cc800 JavaThread "SocketListener(LAPTOP-FNEF10JN-bris-ac-uk.local.)" daemon [_thread_in_native, id=10992, stack(0x024a0000,0x024f0000)]
  0x27549400 JavaThread "DestroyJavaVM" [_thread_blocked, id=11448, stack(0x02550000,0x025a0000)]
  0x272c9000 JavaThread "TimerQueue" daemon [_thread_blocked, id=14876, stack(0x299c0000,0x29a10000)]
  0x272ca000 JavaThread "AWT-EventQueue-0" [_thread_in_Java, id=840, stack(0x26670000,0x266c0000)]
  0x272c9c00 JavaThread "AWT-Shutdown" [_thread_blocked, id=12732, stack(0x265e0000,0x26630000)]
  0x272ccc00 JavaThread "Batik CleanerThread" daemon [_thread_blocked, id=13664, stack(0x289b0000,0x28a00000)]
  0x2719fc00 JavaThread "cc.arduino.packages.discoverers.network.BoardReachabilityFilter" [_thread_blocked, id=2272, stack(0x27c50000,0x27ca0000)]
  0x2719f400 JavaThread "cc.arduino.packages.discoverers.network.NetworkChecker" [_thread_blocked, id=4732, stack(0x27bc0000,0x27c10000)]
=>0x2719f000 JavaThread "cc.arduino.packages.discoverers.serial.SerialBoardsLister" [_thread_in_native, id=15712, stack(0x27b30000,0x27b80000)]
  0x25c5cc00 JavaThread "AWT-Windows" daemon [_thread_in_native, id=4808, stack(0x26140000,0x26190000)]
  0x25c5b800 JavaThread "Java2D Disposer" daemon [_thread_blocked, id=3352, stack(0x26020000,0x26070000)]
  0x25050400 JavaThread "Service Thread" daemon [_thread_blocked, id=12412, stack(0x25a10000,0x25a60000)]
  0x25030800 JavaThread "C1 CompilerThread0" daemon [_thread_blocked, id=12292, stack(0x25980000,0x259d0000)]
  0x2502f000 JavaThread "Attach Listener" daemon [_thread_blocked, id=16948, stack(0x258f0000,0x25940000)]
  0x2502d000 JavaThread "Signal Dispatcher" daemon [_thread_blocked, id=13388, stack(0x25860000,0x258b0000)]
  0x2501ac00 JavaThread "Finalizer" daemon [_thread_blocked, id=10868, stack(0x256e0000,0x25730000)]
  0x25004c00 JavaThread "Reference Handler" daemon [_thread_blocked, id=16476, stack(0x25650000,0x256a0000)]

Other Threads:
  0x0276e000 VMThread [stack: 0x24fb0000,0x25000000] [id=2372]
  0x25042800 WatcherThread [stack: 0x25aa0000,0x25af0000] [id=7380]

VM state:not at safepoint (normal execution)

VM Mutex/Monitor currently owned by a thread: None

Heap:
 def new generation   total 39424K, used 28247K [0x04a00000, 0x074c0000, 0x0f4a0000)
  eden space 35072K,  77% used [0x04a00000, 0x0649ee58, 0x06c40000)
  from space 4352K,  22% used [0x07080000, 0x07176f58, 0x074c0000)
  to   space 4352K,   0% used [0x06c40000, 0x06c40000, 0x07080000)
 tenured generation   total 87424K, used 72663K [0x0f4a0000, 0x14a00000, 0x24a00000)
   the space 87424K,  83% used [0x0f4a0000, 0x13b95d18, 0x13b95e00, 0x14a00000)
 Metaspace       used 19120K, capacity 19588K, committed 19712K, reserved 19840K

Card table byte_map: [0x02820000,0x02930000] byte_map_base: 0x027fb000

Polling page: 0x00d50000

CodeCache: size=32768Kb used=2755Kb max_used=4161Kb free=30012Kb
 bounds [0x029c0000, 0x02dd8000, 0x049c0000]
 total_blobs=1687 nmethods=1407 adapters=207
 compilation: enabled

Compilation events (10 events):
Event: 9690.332 Thread 0x25030800 35062             java.net.Inet6Address$Inet6AddressHolder::isLoopbackAddress (47 bytes)
Event: 9690.333 Thread 0x25030800 nmethod 35062 0x02d81f08 code [0x02d82000, 0x02d82100]
Event: 9691.813 Thread 0x25030800 35063             java.util.LinkedList$ListItr::remove (84 bytes)
Event: 9691.814 Thread 0x25030800 nmethod 35063 0x02be5048 code [0x02be5170, 0x02be5344]
Event: 9692.224 Thread 0x25030800 35064             java.util.PriorityQueue::siftUpComparable (61 bytes)
Event: 9692.226 Thread 0x25030800 nmethod 35064 0x02a71948 code [0x02a71a70, 0x02a71cdc]
Event: 9693.905 Thread 0x25030800 35065             javax.swing.text.GapContent::findSortIndex (128 bytes)
Event: 9693.906 Thread 0x25030800 nmethod 35065 0x02af2ec8 code [0x02af2ff0, 0x02af3238]
Event: 9694.558 Thread 0x25030800 35066             java.awt.EventQueue::postEvent (172 bytes)
Event: 9694.560 Thread 0x25030800 nmethod 35066 0x02dae308 code [0x02dae4d0, 0x02daea00]

GC Heap History (10 events):
Event: 9477.626 GC heap before
{Heap before GC invocations=421 (full 1):
 def new generation   total 39424K, used 36762K [0x04a00000, 0x074c0000, 0x0f4a0000)
  eden space 35072K, 100% used [0x04a00000, 0x06c40000, 0x06c40000)
  from space 4352K,  38% used [0x06c40000, 0x06de6bb8, 0x07080000)
  to   space 4352K,   0% used [0x07080000, 0x07080000, 0x074c0000)
 tenured generation   total 87424K, used 72620K [0x0f4a0000, 0x14a00000, 0x24a00000)
   the space 87424K,  83% used [0x0f4a0000, 0x13b8b190, 0x13b8b200, 0x14a00000)
 Metaspace       used 19120K, capacity 19588K, committed 19712K, reserved 19840K
Event: 9477.631 GC heap after
Heap after GC invocations=422 (full 1):
 def new generation   total 39424K, used 1690K [0x04a00000, 0x074c0000, 0x0f4a0000)
  eden space 35072K,   0% used [0x04a00000, 0x04a00000, 0x06c40000)
  from space 4352K,  38% used [0x07080000, 0x07226810, 0x074c0000)
  to   space 4352K,   0% used [0x06c40000, 0x06c40000, 0x07080000)
 tenured generation   total 87424K, used 72620K [0x0f4a0000, 0x14a00000, 0x24a00000)
   the space 87424K,  83% used [0x0f4a0000, 0x13b8b190, 0x13b8b200, 0x14a00000)
 Metaspace       used 19120K, capacity 19588K, committed 19712K, reserved 19840K
}
Event: 9485.468 GC heap before
{Heap before GC invocations=422 (full 1):
 def new generation   total 39424K, used 36762K [0x04a00000, 0x074c0000, 0x0f4a0000)
  eden space 35072K, 100% used [0x04a00000, 0x06c40000, 0x06c40000)
  from space 4352K,  38% used [0x07080000, 0x07226810, 0x074c0000)
  to   space 4352K,   0% used [0x06c40000, 0x06c40000, 0x07080000)
 tenured generation   total 87424K, used 72620K [0x0f4a0000, 0x14a00000, 0x24a00000)
   the space 87424K,  83% used [0x0f4a0000, 0x13b8b190, 0x13b8b200, 0x14a00000)
 Metaspace       used 19120K, capacity 19588K, committed 19712K, reserved 19840K
Event: 9485.473 GC heap after
Heap after GC invocations=423 (full 1):
 def new generation   total 39424K, used 1689K [0x04a00000, 0x074c0000, 0x0f4a0000)
  eden space 35072K,   0% used [0x04a00000, 0x04a00000, 0x06c40000)
  from space 4352K,  38% used [0x06c40000, 0x06de6760, 0x07080000)
  to   space 4352K,   0% used [0x07080000, 0x07080000, 0x074c0000)
 tenured generation   total 87424K, used 72620K [0x0f4a0000, 0x14a00000, 0x24a00000)
   the space 87424K,  83% used [0x0f4a0000, 0x13b8b190, 0x13b8b200, 0x14a00000)
 Metaspace       used 19120K, capacity 19588K, committed 19712K, reserved 19840K
}
Event: 9492.586 GC heap before
{Heap before GC invocations=423 (full 1):
 def new generation   total 39424K, used 36763K [0x04a00000, 0x074c0000, 0x0f4a0000)
  eden space 35072K, 100% used [0x04a00000, 0x06c40000, 0x06c40000)
  from space 4352K,  38% used [0x06c40000, 0x06de6fb0, 0x07080000)
  to   space 4352K,   0% used [0x07080000, 0x07080000, 0x074c0000)
 tenured generation   total 87424K, used 72620K [0x0f4a0000, 0x14a00000, 0x24a00000)
   the space 87424K,  83% used [0x0f4a0000, 0x13b8b190, 0x13b8b200, 0x14a00000)
 Metaspace       used 19120K, capacity 19588K, committed 19712K, reserved 19840K
Event: 9492.592 GC heap after
Heap after GC invocations=424 (full 1):
 def new generation   total 39424K, used 1430K [0x04a00000, 0x074c0000, 0x0f4a0000)
  eden space 35072K,   0% used [0x04a00000, 0x04a00000, 0x06c40000)
  from space 4352K,  32% used [0x07080000, 0x071e5ba8, 0x074c0000)
  to   space 4352K,   0% used [0x06c40000, 0x06c40000, 0x07080000)
 tenured generation   total 87424K, used 72622K [0x0f4a0000, 0x14a00000, 0x24a00000)
   the space 87424K,  83% used [0x0f4a0000, 0x13b8ba48, 0x13b8bc00, 0x14a00000)
 Metaspace       used 19120K, capacity 19588K, committed 19712K, reserved 19840K
}
Event: 9531.746 GC heap before
{Heap before GC invocations=424 (full 1):
 def new generation   total 39424K, used 36502K [0x04a00000, 0x074c0000, 0x0f4a0000)
  eden space 35072K, 100% used [0x04a00000, 0x06c40000, 0x06c40000)
  from space 4352K,  32% used [0x07080000, 0x071e5ba8, 0x074c0000)
  to   space 4352K,   0% used [0x06c40000, 0x06c40000, 0x07080000)
 tenured generation   total 87424K, used 72622K [0x0f4a0000, 0x14a00000, 0x24a00000)
   the space 87424K,  83% used [0x0f4a0000, 0x13b8ba48, 0x13b8bc00, 0x14a00000)
 Metaspace       used 19120K, capacity 19588K, committed 19712K, reserved 19840K
Event: 9531.753 GC heap after
Heap after GC invocations=425 (full 1):
 def new generation   total 39424K, used 881K [0x04a00000, 0x074c0000, 0x0f4a0000)
  eden space 35072K,   0% used [0x04a00000, 0x04a00000, 0x06c40000)
  from space 4352K,  20% used [0x06c40000, 0x06d1c558, 0x07080000)
  to   space 4352K,   0% used [0x07080000, 0x07080000, 0x074c0000)
 tenured generation   total 87424K, used 72663K [0x0f4a0000, 0x14a00000, 0x24a00000)
   the space 87424K,  83% used [0x0f4a0000, 0x13b95d18, 0x13b95e00, 0x14a00000)
 Metaspace       used 19120K, capacity 19588K, committed 19712K, reserved 19840K
}
Event: 9610.682 GC heap before
{Heap before GC invocations=425 (full 1):
 def new generation   total 39424K, used 35953K [0x04a00000, 0x074c0000, 0x0f4a0000)
  eden space 35072K, 100% used [0x04a00000, 0x06c40000, 0x06c40000)
  from space 4352K,  20% used [0x06c40000, 0x06d1c558, 0x07080000)
  to   space 4352K,   0% used [0x07080000, 0x07080000, 0x074c0000)
 tenured generation   total 87424K, used 72663K [0x0f4a0000, 0x14a00000, 0x24a00000)
   the space 87424K,  83% used [0x0f4a0000, 0x13b95d18, 0x13b95e00, 0x14a00000)
 Metaspace       used 19120K, capacity 19588K, committed 19712K, reserved 19840K
Event: 9610.693 GC heap after
Heap after GC invocations=426 (full 1):
 def new generation   total 39424K, used 987K [0x04a00000, 0x074c0000, 0x0f4a0000)
  eden space 35072K,   0% used [0x04a00000, 0x04a00000, 0x06c40000)
  from space 4352K,  22% used [0x07080000, 0x07176f58, 0x074c0000)
  to   space 4352K,   0% used [0x06c40000, 0x06c40000, 0x07080000)
 tenured generation   total 87424K, used 72663K [0x0f4a0000, 0x14a00000, 0x24a00000)
   the space 87424K,  83% used [0x0f4a0000, 0x13b95d18, 0x13b95e00, 0x14a00000)
 Metaspace       used 19120K, capacity 19588K, committed 19712K, reserved 19840K
}

Deoptimization events (0 events):
No events

Internal exceptions (10 events):
Event: 9534.865 Thread 0x2754bc00 Exception <a 'sun/nio/fs/WindowsException'> (0x0512fde8) thrown at [C:\workspace\8-2-build-windows-i586-cygwin\jdk8u92\6642\hotspot\src\share\vm\prims\jni.cpp, line 709]
Event: 9534.865 Thread 0x2754bc00 Exception <a 'sun/nio/fs/WindowsException'> (0x05130530) thrown at [C:\workspace\8-2-build-windows-i586-cygwin\jdk8u92\6642\hotspot\src\share\vm\prims\jni.cpp, line 709]
Event: 9534.868 Thread 0x2754bc00 Exception <a 'sun/nio/fs/WindowsException'> (0x0513af78) thrown at [C:\workspace\8-2-build-windows-i586-cygwin\jdk8u92\6642\hotspot\src\share\vm\prims\jni.cpp, line 709]
Event: 9534.869 Thread 0x2754bc00 Exception <a 'sun/nio/fs/WindowsException'> (0x0513b648) thrown at [C:\workspace\8-2-build-windows-i586-cygwin\jdk8u92\6642\hotspot\src\share\vm\prims\jni.cpp, line 709]
Event: 9534.872 Thread 0x2754bc00 Exception <a 'sun/nio/fs/WindowsException'> (0x05145d58) thrown at [C:\workspace\8-2-build-windows-i586-cygwin\jdk8u92\6642\hotspot\src\share\vm\prims\jni.cpp, line 709]
Event: 9534.872 Thread 0x2754bc00 Exception <a 'sun/nio/fs/WindowsException'> (0x05146440) thrown at [C:\workspace\8-2-build-windows-i586-cygwin\jdk8u92\6642\hotspot\src\share\vm\prims\jni.cpp, line 709]
Event: 9534.876 Thread 0x2754bc00 Exception <a 'sun/nio/fs/WindowsException'> (0x05150ba8) thrown at [C:\workspace\8-2-build-windows-i586-cygwin\jdk8u92\6642\hotspot\src\share\vm\prims\jni.cpp, line 709]
Event: 9534.876 Thread 0x2754bc00 Exception <a 'sun/nio/fs/WindowsException'> (0x05151160) thrown at [C:\workspace\8-2-build-windows-i586-cygwin\jdk8u92\6642\hotspot\src\share\vm\prims\jni.cpp, line 709]
Event: 9534.880 Thread 0x2754bc00 Exception <a 'sun/nio/fs/WindowsException'> (0x0517eaa8) thrown at [C:\workspace\8-2-build-windows-i586-cygwin\jdk8u92\6642\hotspot\src\share\vm\prims\jni.cpp, line 709]
Event: 9534.880 Thread 0x2754bc00 Exception <a 'sun/nio/fs/WindowsException'> (0x0517f0f0) thrown at [C:\workspace\8-2-build-windows-i586-cygwin\jdk8u92\6642\hotspot\src\share\vm\prims\jni.cpp, line 709]

Events (10 events):
Event: 9693.906 Thread 0x25030800 flushing nmethod 0x02bae188
Event: 9693.907 Thread 0x25030800 flushing nmethod 0x02c0c8c8
Event: 9694.561 Thread 0x25030800 flushing nmethod 0x02ce7e48
Event: 9694.561 Thread 0x25030800 flushing nmethod 0x02d00688
Event: 9694.561 Thread 0x25030800 flushing nmethod 0x02d00888
Event: 9694.561 Thread 0x25030800 flushing nmethod 0x02d18d08
Event: 9694.561 Thread 0x25030800 flushing nmethod 0x02d7f048
Event: 9694.561 Thread 0x25030800 flushing nmethod 0x02d8a848
Event: 9694.561 Thread 0x25030800 flushing nmethod 0x02da4208
Event: 9694.561 Thread 0x25030800 flushing nmethod 0x02daf008


Dynamic libraries:
0x003c0000 - 0x003f3000 	C:\Program Files (x86)\Arduino\java\bin\javaw.exe
0x770e0000 - 0x77263000 	C:\WINDOWS\SYSTEM32\ntdll.dll
0x73cb0000 - 0x73d90000 	C:\WINDOWS\System32\KERNEL32.DLL
0x75630000 - 0x757d1000 	C:\WINDOWS\System32\KERNELBASE.dll
0x740f0000 - 0x74167000 	C:\WINDOWS\System32\ADVAPI32.dll
0x76e70000 - 0x76f2e000 	C:\WINDOWS\System32\msvcrt.dll
0x75eb0000 - 0x75ef1000 	C:\WINDOWS\System32\sechost.dll
0x76400000 - 0x764c1000 	C:\WINDOWS\System32\RPCRT4.dll
0x73ba0000 - 0x73bbe000 	C:\WINDOWS\System32\SspiCli.dll
0x73b90000 - 0x73b9a000 	C:\WINDOWS\System32\CRYPTBASE.dll
0x75550000 - 0x755aa000 	C:\WINDOWS\System32\bcryptPrimitives.dll
0x76f80000 - 0x770df000 	C:\WINDOWS\System32\USER32.dll
0x755b0000 - 0x755c5000 	C:\WINDOWS\System32\win32u.dll
0x766f0000 - 0x7671b000 	C:\WINDOWS\System32\GDI32.dll
0x75f00000 - 0x7605b000 	C:\WINDOWS\System32\gdi32full.dll
0x70690000 - 0x7089a000 	C:\WINDOWS\WinSxS\x86_microsoft.windows.common-controls_6595b64144ccf1df_6.0.14393.953_none_89c2555adb023171\COMCTL32.dll
0x73d90000 - 0x73fa1000 	C:\WINDOWS\System32\combase.dll
0x76720000 - 0x76800000 	C:\WINDOWS\System32\ucrtbase.dll
0x75950000 - 0x75975000 	C:\WINDOWS\System32\IMM32.DLL
0x789b0000 - 0x78a6f000 	C:\Program Files (x86)\Arduino\java\bin\msvcr100.dll
0x6cac0000 - 0x6ce8b000 	C:\Program Files (x86)\Arduino\java\bin\client\jvm.dll
0x763f0000 - 0x763f6000 	C:\WINDOWS\System32\PSAPI.DLL
0x727e0000 - 0x727e8000 	C:\WINDOWS\SYSTEM32\WSOCK32.dll
0x76570000 - 0x765d3000 	C:\WINDOWS\System32\WS2_32.dll
0x72d30000 - 0x72d54000 	C:\WINDOWS\SYSTEM32\WINMM.dll
0x739d0000 - 0x739d8000 	C:\WINDOWS\SYSTEM32\VERSION.dll
0x72ad0000 - 0x72af3000 	C:\WINDOWS\SYSTEM32\WINMMBASE.dll
0x76150000 - 0x76186000 	C:\WINDOWS\System32\cfgmgr32.dll
0x77280000 - 0x772b1000 	C:\Program Files (x86)\Arduino\java\bin\splashscreen.dll
0x71740000 - 0x717b5000 	C:\WINDOWS\system32\uxtheme.dll
0x77270000 - 0x7727c000 	C:\Program Files (x86)\Arduino\java\bin\verify.dll
0x025a0000 - 0x025c1000 	C:\Program Files (x86)\Arduino\java\bin\java.dll
0x6f900000 - 0x6f913000 	C:\Program Files (x86)\Arduino\java\bin\zip.dll
0x73fb0000 - 0x740e5000 	C:\WINDOWS\System32\MSCTF.dll
0x764d0000 - 0x76564000 	C:\WINDOWS\System32\OLEAUT32.dll
0x76670000 - 0x766eb000 	C:\WINDOWS\System32\msvcp_win.dll
0x75a30000 - 0x75a3d000 	C:\WINDOWS\System32\kernel.appcore.dll
0x74170000 - 0x75549000 	C:\WINDOWS\System32\SHELL32.dll
0x768f0000 - 0x76e5e000 	C:\WINDOWS\System32\windows.storage.dll
0x768a0000 - 0x768e5000 	C:\WINDOWS\System32\powrprof.dll
0x75980000 - 0x759c6000 	C:\WINDOWS\System32\shlwapi.dll
0x765e0000 - 0x76668000 	C:\WINDOWS\System32\shcore.dll
0x76190000 - 0x7619f000 	C:\WINDOWS\System32\profapi.dll
0x50780000 - 0x508c5000 	C:\Program Files (x86)\Arduino\java\bin\awt.dll
0x71160000 - 0x711f2000 	C:\WINDOWS\SYSTEM32\apphelp.dll
0x71700000 - 0x7171f000 	C:\WINDOWS\system32\dwmapi.dll
0x76060000 - 0x7614a000 	C:\WINDOWS\System32\ole32.dll
0x61740000 - 0x6176c000 	C:\Program Files (x86)\Arduino\lib\listSerialsj.dll
0x75a40000 - 0x75e4b000 	C:\WINDOWS\System32\SETUPAPI.dll
0x72820000 - 0x72833000 	C:\WINDOWS\SYSTEM32\CRYPTSP.dll
0x727f0000 - 0x7281f000 	C:\WINDOWS\system32\rsaenh.dll
0x72840000 - 0x7285b000 	C:\WINDOWS\SYSTEM32\bcrypt.dll
0x73b10000 - 0x73b2a000 	C:\WINDOWS\SYSTEM32\USERENV.dll
0x50700000 - 0x50716000 	C:\Program Files (x86)\Arduino\java\bin\net.dll
0x731c0000 - 0x7320e000 	C:\WINDOWS\system32\mswsock.dll
0x72fd0000 - 0x72fff000 	C:\WINDOWS\SYSTEM32\IPHLPAPI.DLL
0x761a0000 - 0x761a7000 	C:\WINDOWS\System32\NSI.dll
0x72780000 - 0x72793000 	C:\WINDOWS\SYSTEM32\dhcpcsvc6.DLL
0x72760000 - 0x72774000 	C:\WINDOWS\SYSTEM32\dhcpcsvc.DLL
0x52120000 - 0x5212f000 	C:\Program Files (x86)\Arduino\java\bin\nio.dll
0x26c00000 - 0x26c3d000 	C:\Users\Roy\AppData\Local\Temp\jna-82364\jna5496141369929287041.dll
0x506c0000 - 0x506f9000 	C:\Program Files (x86)\Arduino\java\bin\fontmanager.dll
0x50110000 - 0x50142000 	C:\Program Files (x86)\Arduino\java\bin\t2k.dll
0x73a90000 - 0x73b0d000 	C:\WINDOWS\SYSTEM32\DNSAPI.dll
0x727a0000 - 0x727a8000 	C:\Windows\System32\rasadhlp.dll
0x71e50000 - 0x71e99000 	C:\WINDOWS\System32\fwpuclnt.dll
0x500a0000 - 0x50109000 	C:\Program Files (x86)\Arduino\msvcp100.dll
0x77c20000 - 0x77cde000 	C:\Program Files (x86)\Arduino\msvcr100.dll
0x284d0000 - 0x28502000 	C:\Program Files (x86)\Arduino\lib\AStylej.dll
0x50690000 - 0x506b4000 	C:\Program Files (x86)\Arduino\java\bin\dcpr.dll
0x76810000 - 0x76894000 	C:\WINDOWS\System32\clbcatq.dll
0x67850000 - 0x679be000 	C:\WINDOWS\SYSTEM32\WindowsCodecs.dll
0x6bce0000 - 0x6bd24000 	C:\WINDOWS\system32\dataexchange.dll
0x67490000 - 0x676c0000 	C:\WINDOWS\system32\d3d11.dll
0x67370000 - 0x67483000 	C:\WINDOWS\system32\dcomp.dll
0x71200000 - 0x71283000 	C:\WINDOWS\system32\dxgi.dll
0x67270000 - 0x67361000 	C:\WINDOWS\system32\twinapi.appcore.dll
0x719b0000 - 0x719d2000 	C:\WINDOWS\SYSTEM32\DEVOBJ.dll
0x76f30000 - 0x76f74000 	C:\WINDOWS\System32\WINTRUST.dll
0x76e60000 - 0x76e6e000 	C:\WINDOWS\System32\MSASN1.dll
0x76270000 - 0x763ed000 	C:\WINDOWS\System32\CRYPT32.dll
0x64000000 - 0x6401b000 	C:\Users\Roy\.jssc\windows\jSSC-2.8_x86.dll
0x70e80000 - 0x70fc5000 	C:\WINDOWS\SYSTEM32\dbghelp.dll

VM Arguments:
jvm_args: -Dsun.java2d.d3d=false -Djna.nosys=true -DAPP_DIR=C:\Program Files (x86)\Arduino -Xms128M -Xmx512M 
java_command: processing.app.Base C:\Users\Roy\Desktop\Buggy Project Final\IDE Code\Buggy_Project\Buggy_Project.ino
java_class_path (initial): C:\Program Files (x86)\Arduino\lib\apple.jar;C:\Program Files (x86)\Arduino\lib\arduino-core.jar;C:\Program Files (x86)\Arduino\lib\batik-1.8.jar;C:\Program Files (x86)\Arduino\lib\batik-anim-1.8.jar;C:\Program Files (x86)\Arduino\lib\batik-awt-util-1.8.jar;C:\Program Files (x86)\Arduino\lib\batik-bridge-1.8.jar;C:\Program Files (x86)\Arduino\lib\batik-codec-1.8.jar;C:\Program Files (x86)\Arduino\lib\batik-css-1.8.jar;C:\Program Files (x86)\Arduino\lib\batik-dom-1.8.jar;C:\Program Files (x86)\Arduino\lib\batik-ext-1.8.jar;C:\Program Files (x86)\Arduino\lib\batik-gvt-1.8.jar;C:\Program Files (x86)\Arduino\lib\batik-parser-1.8.jar;C:\Program Files (x86)\Arduino\lib\batik-rasterizer-1.8.jar;C:\Program Files (x86)\Arduino\lib\batik-script-1.8.jar;C:\Program Files (x86)\Arduino\lib\batik-squiggle-1.8.jar;C:\Program Files (x86)\Arduino\lib\batik-svg-dom-1.8.jar;C:\Program Files (x86)\Arduino\lib\batik-svgpp-1.8.jar;C:\Program Files (x86)\Arduino\lib\batik-transcoder-1.8.jar;C:\Program Files (x86)\Arduino\lib\batik-util-1.8.jar;C:\Program Files (x86)\Arduino\lib\batik-xml-1.8.jar;C:\Program Files (x86)\Arduino\lib\bcpg-jdk15on-152.jar;C:\Program Files (x86)\Arduino\lib\bcprov-jdk15on-152.jar;C:\Program Files (x86)\Arduino\lib\commons-codec-1.7.jar;C:\Program Files (x86)\Arduino\lib\commons-compress-1.8.jar;C:\Program Files (x86)\Arduino\lib\commons-exec-1.1.jar;C:\Program Files (x86)\Arduino\lib\commons-httpclient-3.1.jar;C:\Program Files (x86)\Arduino\lib\commons-lang3-3.3.2.jar;C:\Program Files (x86)\Arduino\lib\commons-logging-1.0.4.jar;C:\Program Files (x86)\Arduino\lib\commons-net-3.3.jar;C:\Program Files (x86)\Arduino\lib\jackson-annotations-2.6.3.jar;C:\Program Files (x86)\Arduino\lib\jackson-core-2.6.3.jar;C:\Program Files (x86)\Arduino\lib\jackson-databind-2.6.3.jar;C:\Program Files (x86)\Arduino\lib\jackson-module-mrbean-2.6.3.jar;C:\Program Files (x86)\Arduino\lib\java-semver-0.8.0.jar;C:\Program Files (x86)\Arduino\lib\jmdns-3.4.1.j
Launcher Type: SUN_STANDARD

Environment Variables:
PATH=C:\Program Files\ImageMagick-7.0.3-Q8;C:\ProgramData\Oracle\Java\javapath;C:\Program Files (x86)\Intel\iCLS Client\;C:\Program Files\Intel\iCLS Client\;C:\Windows\system32;C:\Windows;C:\Windows\System32\Wbem;C:\Windows\System32\WindowsPowerShell\v1.0\;C:\Program Files (x86)\Intel\Intel(R) Management Engine Components\DAL;C:\Program Files\Intel\Intel(R) Management Engine Components\DAL;C:\Program Files (x86)\Intel\Intel(R) Management Engine Components\IPT;C:\Program Files\Intel\Intel(R) Management Engine Components\IPT;C:\Program Files (x86)\NVIDIA Corporation\PhysX\Common;C:\WINDOWS\system32\config\systemprofile\.dnx\bin;C:\Program Files\Microsoft DNX\Dnvm\;C:\Program Files\Microsoft SQL Server\Client SDK\ODBC\110\Tools\Binn\;C:\Program Files (x86)\Microsoft SQL Server\120\Tools\Binn\;C:\Program Files\Microsoft SQL Server\120\Tools\Binn\;C:\Program Files\Microsoft SQL Server\120\DTS\Binn\;C:\Program Files\nodejs\;C:\xampp\php;C:\ProgramData\ComposerSetup\bin;C:\WINDOWS\system32;C:\WINDOWS;C:\WINDOWS\System32\Wbem;C:\WINDOWS\System32\WindowsPowerShell\v1.0\;C:\Program Files (x86)\GtkSharp\2.12\bin;C:\Program Files (x86)\Windows Kits\8.1\Windows Performance Toolkit\;C:\Program Files\Git\cmd;C:\Strawberry\c\bin;C:\Strawberry\perl\site\bin;C:\Strawberry\perl\bin;C:\Program Files\MATLAB\R2016b\runtime\win64;C:\Program Files\MATLAB\R2016b\bin;C:\Program Files\Intel\WiFi\bin\;C:\Program Files\Common Files\Intel\WirelessCommon\;C:\Program Files (x86)\PuTTY\;C:\Program Files (x86)\Skype\Phone\;C:\Users\Roy\AppData\Local\Programs\Python\Python35\Scripts\;C:\Users\Roy\AppData\Local\Programs\Python\Python35\;C:\Program Files\Intel\WiFi\bin\;C:\Program Files\Common Files\Intel\WirelessCommon\;C:\Users\Roy\AppData\Roaming\npm;C:\Program Files\CMake\bin;C:\Windows\System32;C:\MinGW\bin;C:\Users\Roy\AppData\Local\Microsoft\WindowsApps;C:\Users\Roy\Documents\OpenCV2\opencv\build\x86\vc11\bin;C:\Program Files (x86)\Arduino\java\bin
USERNAME=Roy
OS=Windows_NT
PROCESSOR_IDENTIFIER=Intel64 Family 6 Model 78 Stepping 3, GenuineIntel



---------------  S Y S T E M  ---------------

OS: Windows 10.0 , 64 bit Build 14393 (10.0.14393.0)

CPU:total 4 (2 cores per cpu, 2 threads per core) family 6 model 78 stepping 3, cmov, cx8, fxsr, mmx, sse, sse2, sse3, ssse3, sse4.1, sse4.2, popcnt, avx, avx2, aes, clmul, erms, 3dnowpref, lzcnt, ht, tsc, tscinvbit, bmi1, bmi2, adx

Memory: 4k page, physical 16607712k(10669728k free), swap 19098080k(12040504k free)

vm_info: Java HotSpot(TM) Client VM (25.92-b14) for windows-x86 JRE (1.8.0_92-b14), built on Mar 31 2016 21:09:21 by "java_re" with MS VC++ 10.0 (VS2010)

time: Wed Mar 22 11:58:58 2017
elapsed time: 9695 seconds (0d 2h 41m 35s)

