#
# A fatal error has been detected by the Java Runtime Environment:
#
#  EXCEPTION_ACCESS_VIOLATION (0xc0000005) at pc=0x617493cd, pid=13080, tid=0x00001c2c
#
# JRE version: Java(TM) SE Runtime Environment (8.0_92-b14) (build 1.8.0_92-b14)
# Java VM: Java HotSpot(TM) Client VM (25.92-b14 mixed mode windows-x86 )
# Problematic frame:
# C  [listSerialsj.dll+0x93cd]
#
# Failed to write core dump. Minidumps are not enabled by default on client versions of Windows
#
# If you would like to submit a bug report, please visit:
#   http://bugreport.java.com/bugreport/crash.jsp
# The crash happened outside the Java Virtual Machine in native code.
# See problematic frame for where to report the bug.
#

---------------  T H R E A D  ---------------

Current thread (0x27a50400):  JavaThread "cc.arduino.packages.discoverers.serial.SerialBoardsLister" [_thread_in_native, id=7212, stack(0x26a10000,0x26a60000)]

siginfo: ExceptionCode=0xc0000005, writing address 0x00000000

Registers:
EAX=0x00000000, EBX=0x00000bac, ECX=0x00000000, EDX=0x00000001
ESP=0x26a5eab0, EBP=0x26a5ef08, ESI=0x00000001, EDI=0x015068c8
EIP=0x617493cd, EFLAGS=0x00010246

Top of Stack: (sp=0x26a5eab0)
0x26a5eab0:   017714d0 0000002e 00000002 00000000
0x26a5eac0:   00000003 00000000 00000000 00000000
0x26a5ead0:   50632064 fffffffe 0000006c 75a6a540
0x26a5eae0:   299a72c0 0074dc59 015069b0 0000008b
0x26a5eaf0:   299a7ca0 0000008e 0000005d 00000002
0x26a5eb00:   00000001 0000006c 00000057 0000008e
0x26a5eb10:   008e6ff0 00000000 334d4f43 00000000
0x26a5eb20:   00425355 26a5eb54 0000005d 00000002 

Instructions: (pc=0x617493cd)
0x617493ad:   8b 45 08 8b 90 94 00 00 00 85 d2 74 16 8b 40 2c
0x617493bd:   c7 44 24 04 2e 00 00 00 89 04 24 e8 73 14 00 00
0x617493cd:   c6 00 00 8d 85 04 fc ff ff 89 44 24 18 8d 85 0a
0x617493dd:   fc ff ff 89 44 24 10 a1 e4 01 75 61 c7 85 04 fc 


Register to memory mapping:

EAX=0x00000000 is an unknown value
EBX=0x00000bac is an unknown value
ECX=0x00000000 is an unknown value
EDX=0x00000001 is an unknown value
ESP=0x26a5eab0 is pointing into the stack for thread: 0x27a50400
EBP=0x26a5ef08 is pointing into the stack for thread: 0x27a50400
ESI=0x00000001 is an unknown value
EDI=0x015068c8 is an unknown value


Stack: [0x26a10000,0x26a60000],  sp=0x26a5eab0,  free space=314k
Native frames: (J=compiled Java code, j=interpreted, Vv=VM code, C=native code)
C  [listSerialsj.dll+0x93cd]
C  [listSerialsj.dll+0x2211]

Java frames: (J=compiled Java code, j=interpreted, Vv=VM code)
j  processing.app.Platform.listSerialsNative()[Ljava/lang/String;+0
j  processing.app.Platform.listSerials()Ljava/util/List;+5
j  cc.arduino.packages.discoverers.serial.SerialBoardsLister.retriggerDiscovery(Z)V+22
j  cc.arduino.packages.discoverers.serial.SerialBoardsLister.run()V+9
J 3822% C1 java.util.TimerThread.mainLoop()V (232 bytes) @ 0x033d9ad4 [0x033d96a0+0x434]
j  java.util.TimerThread.run()V+1
v  ~StubRoutines::call_stub

---------------  P R O C E S S  ---------------

Java Threads: ( => current thread )
  0x27b20800 JavaThread "EventThread COM3" [_thread_in_native, id=4000, stack(0x013e0000,0x01430000)]
  0x27b1d000 JavaThread "JmDNS(LAPTOP-FNEF10JN-bris-ac-uk.local.).Timer" daemon [_thread_blocked, id=13168, stack(0x26bc0000,0x26c10000)]
  0x27b1dc00 JavaThread "JmDNS(LAPTOP-FNEF10JN-bris-ac-uk.local.).State.Timer" [_thread_blocked, id=11736, stack(0x05310000,0x05360000)]
  0x27b1c800 JavaThread "JmDNS(LAPTOP-FNEF10JN-bris-ac-uk.local.).Timer" daemon [_thread_blocked, id=13332, stack(0x01710000,0x01760000)]
  0x27b20000 JavaThread "SocketListener(LAPTOP-FNEF10JN-bris-ac-uk.local.)" daemon [_thread_in_native, id=12828, stack(0x01630000,0x01680000)]
  0x27b1e800 JavaThread "JmDNS(2001:630:e4:4220:5:88d1:98dc:ccb5.local.).Timer" daemon [_thread_blocked, id=7272, stack(0x289b0000,0x28a00000)]
  0x27b21400 JavaThread "JmDNS(2001:630:e4:4220:5:88d1:98dc:ccb5.local.).State.Timer" [_thread_blocked, id=16468, stack(0x28920000,0x28970000)]
  0x27dfc400 JavaThread "JmDNS(2001:630:e4:4220:5:88d1:98dc:ccb5.local.).Timer" daemon [_thread_blocked, id=15468, stack(0x28890000,0x288e0000)]
  0x27e02800 JavaThread "SocketListener(2001:630:e4:4220:5:88d1:98dc:ccb5.local.)" daemon [_thread_in_native, id=8912, stack(0x28800000,0x28850000)]
  0x27e02000 JavaThread "JmDNS(172-23-239-53.local.).Timer" daemon [_thread_blocked, id=5936, stack(0x28770000,0x287c0000)]
  0x27e00800 JavaThread "JmDNS(172-23-239-53.local.).State.Timer" [_thread_blocked, id=9824, stack(0x286e0000,0x28730000)]
  0x27dfc800 JavaThread "JmDNS(172-23-239-53.local.).Timer" daemon [_thread_blocked, id=15048, stack(0x27610000,0x27660000)]
  0x27e00000 JavaThread "SocketListener(172-23-239-53.local.)" daemon [_thread_in_native, id=11524, stack(0x272f0000,0x27340000)]
  0x27dff000 JavaThread "JmDNS(LAPTOP-FNEF10JN-bris-ac-uk.local.).Timer" daemon [_thread_blocked, id=356, stack(0x27260000,0x272b0000)]
  0x27dfe800 JavaThread "JmDNS(LAPTOP-FNEF10JN-bris-ac-uk.local.).State.Timer" [_thread_blocked, id=10900, stack(0x271d0000,0x27220000)]
  0x27dffc00 JavaThread "JmDNS(LAPTOP-FNEF10JN-bris-ac-uk.local.).Timer" daemon [_thread_blocked, id=13840, stack(0x27140000,0x27190000)]
  0x27dff400 JavaThread "SocketListener(LAPTOP-FNEF10JN-bris-ac-uk.local.)" daemon [_thread_in_native, id=1900, stack(0x270b0000,0x27100000)]
  0x27e01c00 JavaThread "JmDNS(LAPTOP-FNEF10JN-bris-ac-uk.local.).Timer" daemon [_thread_blocked, id=10468, stack(0x27020000,0x27070000)]
  0x27dfb800 JavaThread "JmDNS(LAPTOP-FNEF10JN-bris-ac-uk.local.).State.Timer" [_thread_blocked, id=8232, stack(0x26f90000,0x26fe0000)]
  0x27dfe400 JavaThread "JmDNS(LAPTOP-FNEF10JN-bris-ac-uk.local.).Timer" daemon [_thread_blocked, id=17196, stack(0x26f00000,0x26f50000)]
  0x27e01000 JavaThread "SocketListener(LAPTOP-FNEF10JN-bris-ac-uk.local.)" daemon [_thread_in_native, id=8244, stack(0x26d70000,0x26dc0000)]
  0x27dfd400 JavaThread "DestroyJavaVM" [_thread_blocked, id=8764, stack(0x02ee0000,0x02f30000)]
  0x27b1e400 JavaThread "TimerQueue" daemon [_thread_blocked, id=7336, stack(0x2a050000,0x2a0a0000)]
  0x27b1bc00 JavaThread "AWT-EventQueue-0" [_thread_blocked, id=10924, stack(0x29630000,0x29680000)]
  0x27b1b800 JavaThread "AWT-Shutdown" [_thread_blocked, id=14560, stack(0x295a0000,0x295f0000)]
  0x27b21c00 JavaThread "Batik CleanerThread" daemon [_thread_blocked, id=6604, stack(0x29040000,0x29090000)]
  0x25ee4800 JavaThread "cc.arduino.packages.discoverers.network.BoardReachabilityFilter" [_thread_blocked, id=15588, stack(0x28490000,0x284e0000)]
  0x27a50800 JavaThread "cc.arduino.packages.discoverers.network.NetworkChecker" [_thread_in_native, id=10568, stack(0x28400000,0x28450000)]
=>0x27a50400 JavaThread "cc.arduino.packages.discoverers.serial.SerialBoardsLister" [_thread_in_native, id=7212, stack(0x26a10000,0x26a60000)]
  0x265fdc00 JavaThread "AWT-Windows" daemon [_thread_in_native, id=7472, stack(0x26aa0000,0x26af0000)]
  0x265fc800 JavaThread "Java2D Disposer" daemon [_thread_blocked, id=15596, stack(0x26980000,0x269d0000)]
  0x25de8400 JavaThread "Service Thread" daemon [_thread_blocked, id=8512, stack(0x263b0000,0x26400000)]
  0x25de0800 JavaThread "C1 CompilerThread0" daemon [_thread_blocked, id=6408, stack(0x26320000,0x26370000)]
  0x25ddec00 JavaThread "Attach Listener" daemon [_thread_blocked, id=9160, stack(0x26290000,0x262e0000)]
  0x25ddcc00 JavaThread "Signal Dispatcher" daemon [_thread_blocked, id=7204, stack(0x26200000,0x26250000)]
  0x25dcb400 JavaThread "Finalizer" daemon [_thread_blocked, id=10128, stack(0x26080000,0x260d0000)]
  0x25db4c00 JavaThread "Reference Handler" daemon [_thread_blocked, id=11588, stack(0x25ff0000,0x26040000)]

Other Threads:
  0x0304e000 VMThread [stack: 0x25d60000,0x25db0000] [id=15788]
  0x25dec400 WatcherThread [stack: 0x26440000,0x26490000] [id=11316]

VM state:not at safepoint (normal execution)

VM Mutex/Monitor currently owned by a thread: None

Heap:
 def new generation   total 39424K, used 24826K [0x05400000, 0x07ec0000, 0x0fea0000)
  eden space 35072K,  67% used [0x05400000, 0x06b12b00, 0x07640000)
  from space 4352K,  27% used [0x07a80000, 0x07babe20, 0x07ec0000)
  to   space 4352K,   0% used [0x07640000, 0x07640000, 0x07a80000)
 tenured generation   total 87424K, used 45245K [0x0fea0000, 0x15400000, 0x25400000)
   the space 87424K,  51% used [0x0fea0000, 0x12acf550, 0x12acf600, 0x15400000)
 Metaspace       used 18925K, capacity 19392K, committed 19456K, reserved 19840K

Card table byte_map: [0x25400000,0x25510000] byte_map_base: 0x253d6000

Polling page: 0x016f0000

CodeCache: size=32768Kb used=2962Kb max_used=4268Kb free=29805Kb
 bounds [0x03210000, 0x03640000, 0x05210000]
 total_blobs=1746 nmethods=1467 adapters=207
 compilation: enabled

Compilation events (10 events):
Event: 7647.255 Thread 0x25de0800 11177   !         sun.awt.AWTAutoShutdown::notifyThreadFree (74 bytes)
Event: 7647.256 Thread 0x25de0800 nmethod 11177 0x0357eb88 code [0x0357ecc0, 0x0357f0b4]
Event: 7647.456 Thread 0x25de0800 11178             java.util.HashMap::afterNodeRemoval (1 bytes)
Event: 7647.456 Thread 0x25de0800 nmethod 11178 0x033b8d48 code [0x033b8e40, 0x033b8ec0]
Event: 7653.062 Thread 0x25de0800 11179             java.util.concurrent.locks.AbstractQueuedSynchronizer$ConditionObject::doSignal (43 bytes)
Event: 7653.063 Thread 0x25de0800 nmethod 11179 0x035c4d48 code [0x035c4e50, 0x035c4f5c]
Event: 7654.095 Thread 0x25de0800 11180             sun.awt.AWTAutoShutdown::getInstance (4 bytes)
Event: 7654.096 Thread 0x25de0800 nmethod 11180 0x033f05c8 code [0x033f06c0, 0x033f0730]
Event: 7662.490 Thread 0x25de0800 11181             java.util.HashMap$KeyIterator::next (8 bytes)
Event: 7662.491 Thread 0x25de0800 nmethod 11181 0x035c4b08 code [0x035c4c10, 0x035c4cac]

GC Heap History (10 events):
Event: 7548.098 GC heap before
{Heap before GC invocations=977 (full 1):
 def new generation   total 39424K, used 36719K [0x05400000, 0x07ec0000, 0x0fea0000)
  eden space 35072K, 100% used [0x05400000, 0x07640000, 0x07640000)
  from space 4352K,  37% used [0x07640000, 0x077dbc40, 0x07a80000)
  to   space 4352K,   0% used [0x07a80000, 0x07a80000, 0x07ec0000)
 tenured generation   total 87424K, used 45245K [0x0fea0000, 0x15400000, 0x25400000)
   the space 87424K,  51% used [0x0fea0000, 0x12acf550, 0x12acf600, 0x15400000)
 Metaspace       used 18925K, capacity 19392K, committed 19456K, reserved 19840K
Event: 7548.100 GC heap after
Heap after GC invocations=978 (full 1):
 def new generation   total 39424K, used 1646K [0x05400000, 0x07ec0000, 0x0fea0000)
  eden space 35072K,   0% used [0x05400000, 0x05400000, 0x07640000)
  from space 4352K,  37% used [0x07a80000, 0x07c1bbf0, 0x07ec0000)
  to   space 4352K,   0% used [0x07640000, 0x07640000, 0x07a80000)
 tenured generation   total 87424K, used 45245K [0x0fea0000, 0x15400000, 0x25400000)
   the space 87424K,  51% used [0x0fea0000, 0x12acf550, 0x12acf600, 0x15400000)
 Metaspace       used 18925K, capacity 19392K, committed 19456K, reserved 19840K
}
Event: 7554.402 GC heap before
{Heap before GC invocations=978 (full 1):
 def new generation   total 39424K, used 36718K [0x05400000, 0x07ec0000, 0x0fea0000)
  eden space 35072K, 100% used [0x05400000, 0x07640000, 0x07640000)
  from space 4352K,  37% used [0x07a80000, 0x07c1bbf0, 0x07ec0000)
  to   space 4352K,   0% used [0x07640000, 0x07640000, 0x07a80000)
 tenured generation   total 87424K, used 45245K [0x0fea0000, 0x15400000, 0x25400000)
   the space 87424K,  51% used [0x0fea0000, 0x12acf550, 0x12acf600, 0x15400000)
 Metaspace       used 18925K, capacity 19392K, committed 19456K, reserved 19840K
Event: 7554.404 GC heap after
Heap after GC invocations=979 (full 1):
 def new generation   total 39424K, used 1646K [0x05400000, 0x07ec0000, 0x0fea0000)
  eden space 35072K,   0% used [0x05400000, 0x05400000, 0x07640000)
  from space 4352K,  37% used [0x07640000, 0x077dbbf0, 0x07a80000)
  to   space 4352K,   0% used [0x07a80000, 0x07a80000, 0x07ec0000)
 tenured generation   total 87424K, used 45245K [0x0fea0000, 0x15400000, 0x25400000)
   the space 87424K,  51% used [0x0fea0000, 0x12acf550, 0x12acf600, 0x15400000)
 Metaspace       used 18925K, capacity 19392K, committed 19456K, reserved 19840K
}
Event: 7561.784 GC heap before
{Heap before GC invocations=979 (full 1):
 def new generation   total 39424K, used 36718K [0x05400000, 0x07ec0000, 0x0fea0000)
  eden space 35072K, 100% used [0x05400000, 0x07640000, 0x07640000)
  from space 4352K,  37% used [0x07640000, 0x077dbbf0, 0x07a80000)
  to   space 4352K,   0% used [0x07a80000, 0x07a80000, 0x07ec0000)
 tenured generation   total 87424K, used 45245K [0x0fea0000, 0x15400000, 0x25400000)
   the space 87424K,  51% used [0x0fea0000, 0x12acf550, 0x12acf600, 0x15400000)
 Metaspace       used 18925K, capacity 19392K, committed 19456K, reserved 19840K
Event: 7561.787 GC heap after
Heap after GC invocations=980 (full 1):
 def new generation   total 39424K, used 1648K [0x05400000, 0x07ec0000, 0x0fea0000)
  eden space 35072K,   0% used [0x05400000, 0x05400000, 0x07640000)
  from space 4352K,  37% used [0x07a80000, 0x07c1c170, 0x07ec0000)
  to   space 4352K,   0% used [0x07640000, 0x07640000, 0x07a80000)
 tenured generation   total 87424K, used 45245K [0x0fea0000, 0x15400000, 0x25400000)
   the space 87424K,  51% used [0x0fea0000, 0x12acf550, 0x12acf600, 0x15400000)
 Metaspace       used 18925K, capacity 19392K, committed 19456K, reserved 19840K
}
Event: 7568.173 GC heap before
{Heap before GC invocations=980 (full 1):
 def new generation   total 39424K, used 36720K [0x05400000, 0x07ec0000, 0x0fea0000)
  eden space 35072K, 100% used [0x05400000, 0x07640000, 0x07640000)
  from space 4352K,  37% used [0x07a80000, 0x07c1c170, 0x07ec0000)
  to   space 4352K,   0% used [0x07640000, 0x07640000, 0x07a80000)
 tenured generation   total 87424K, used 45245K [0x0fea0000, 0x15400000, 0x25400000)
   the space 87424K,  51% used [0x0fea0000, 0x12acf550, 0x12acf600, 0x15400000)
 Metaspace       used 18925K, capacity 19392K, committed 19456K, reserved 19840K
Event: 7568.175 GC heap after
Heap after GC invocations=981 (full 1):
 def new generation   total 39424K, used 1648K [0x05400000, 0x07ec0000, 0x0fea0000)
  eden space 35072K,   0% used [0x05400000, 0x05400000, 0x07640000)
  from space 4352K,  37% used [0x07640000, 0x077dc118, 0x07a80000)
  to   space 4352K,   0% used [0x07a80000, 0x07a80000, 0x07ec0000)
 tenured generation   total 87424K, used 45245K [0x0fea0000, 0x15400000, 0x25400000)
   the space 87424K,  51% used [0x0fea0000, 0x12acf550, 0x12acf600, 0x15400000)
 Metaspace       used 18925K, capacity 19392K, committed 19456K, reserved 19840K
}
Event: 7578.908 GC heap before
{Heap before GC invocations=981 (full 1):
 def new generation   total 39424K, used 36720K [0x05400000, 0x07ec0000, 0x0fea0000)
  eden space 35072K, 100% used [0x05400000, 0x07640000, 0x07640000)
  from space 4352K,  37% used [0x07640000, 0x077dc118, 0x07a80000)
  to   space 4352K,   0% used [0x07a80000, 0x07a80000, 0x07ec0000)
 tenured generation   total 87424K, used 45245K [0x0fea0000, 0x15400000, 0x25400000)
   the space 87424K,  51% used [0x0fea0000, 0x12acf550, 0x12acf600, 0x15400000)
 Metaspace       used 18925K, capacity 19392K, committed 19456K, reserved 19840K
Event: 7578.915 GC heap after
Heap after GC invocations=982 (full 1):
 def new generation   total 39424K, used 1199K [0x05400000, 0x07ec0000, 0x0fea0000)
  eden space 35072K,   0% used [0x05400000, 0x05400000, 0x07640000)
  from space 4352K,  27% used [0x07a80000, 0x07babe20, 0x07ec0000)
  to   space 4352K,   0% used [0x07640000, 0x07640000, 0x07a80000)
 tenured generation   total 87424K, used 45245K [0x0fea0000, 0x15400000, 0x25400000)
   the space 87424K,  51% used [0x0fea0000, 0x12acf550, 0x12acf600, 0x15400000)
 Metaspace       used 18925K, capacity 19392K, committed 19456K, reserved 19840K
}

Deoptimization events (0 events):
No events

Internal exceptions (10 events):
Event: 7598.042 Thread 0x27b1a400 Exception <a 'sun/nio/fs/WindowsException'> (0x067a4c20) thrown at [C:\workspace\8-2-build-windows-i586-cygwin\jdk8u92\6642\hotspot\src\share\vm\prims\jni.cpp, line 709]
Event: 7598.043 Thread 0x27b1a400 Exception <a 'sun/nio/fs/WindowsException'> (0x067a5368) thrown at [C:\workspace\8-2-build-windows-i586-cygwin\jdk8u92\6642\hotspot\src\share\vm\prims\jni.cpp, line 709]
Event: 7598.046 Thread 0x27b1a400 Exception <a 'sun/nio/fs/WindowsException'> (0x067b3e80) thrown at [C:\workspace\8-2-build-windows-i586-cygwin\jdk8u92\6642\hotspot\src\share\vm\prims\jni.cpp, line 709]
Event: 7598.046 Thread 0x27b1a400 Exception <a 'sun/nio/fs/WindowsException'> (0x067b4550) thrown at [C:\workspace\8-2-build-windows-i586-cygwin\jdk8u92\6642\hotspot\src\share\vm\prims\jni.cpp, line 709]
Event: 7598.050 Thread 0x27b1a400 Exception <a 'sun/nio/fs/WindowsException'> (0x067becc0) thrown at [C:\workspace\8-2-build-windows-i586-cygwin\jdk8u92\6642\hotspot\src\share\vm\prims\jni.cpp, line 709]
Event: 7598.050 Thread 0x27b1a400 Exception <a 'sun/nio/fs/WindowsException'> (0x067bf3a8) thrown at [C:\workspace\8-2-build-windows-i586-cygwin\jdk8u92\6642\hotspot\src\share\vm\prims\jni.cpp, line 709]
Event: 7598.055 Thread 0x27b1a400 Exception <a 'sun/nio/fs/WindowsException'> (0x067c5ae8) thrown at [C:\workspace\8-2-build-windows-i586-cygwin\jdk8u92\6642\hotspot\src\share\vm\prims\jni.cpp, line 709]
Event: 7598.056 Thread 0x27b1a400 Exception <a 'sun/nio/fs/WindowsException'> (0x067c60a0) thrown at [C:\workspace\8-2-build-windows-i586-cygwin\jdk8u92\6642\hotspot\src\share\vm\prims\jni.cpp, line 709]
Event: 7598.059 Thread 0x27b1a400 Exception <a 'sun/nio/fs/WindowsException'> (0x067d4ef0) thrown at [C:\workspace\8-2-build-windows-i586-cygwin\jdk8u92\6642\hotspot\src\share\vm\prims\jni.cpp, line 709]
Event: 7598.060 Thread 0x27b1a400 Exception <a 'sun/nio/fs/WindowsException'> (0x067d5538) thrown at [C:\workspace\8-2-build-windows-i586-cygwin\jdk8u92\6642\hotspot\src\share\vm\prims\jni.cpp, line 709]

Events (10 events):
Event: 7629.101 Thread 0x25de0800 flushing nmethod 0x033f05c8
Event: 7629.101 Thread 0x25de0800 flushing nmethod 0x033f1648
Event: 7645.356 Thread 0x25de0800 flushing nmethod 0x0357eb88
Event: 7645.356 Thread 0x25de0800 flushing nmethod 0x03580048
Event: 7646.402 Thread 0x25de0800 flushing nmethod 0x032ee588
Event: 7647.257 Thread 0x25de0800 flushing nmethod 0x0341e808
Event: 7647.457 Thread 0x25de0800 flushing nmethod 0x03596108
Event: 7653.063 Thread 0x25de0800 flushing nmethod 0x032f7208
Event: 7654.096 Thread 0x25de0800 flushing nmethod 0x033f1448
Event: 7662.491 Thread 0x25de0800 flushing nmethod 0x0357e888


Dynamic libraries:
0x003c0000 - 0x003f3000 	C:\Program Files (x86)\Arduino\java\bin\javaw.exe
0x770e0000 - 0x77263000 	C:\WINDOWS\SYSTEM32\ntdll.dll
0x73cb0000 - 0x73d90000 	C:\WINDOWS\System32\KERNEL32.DLL
0x75630000 - 0x757d1000 	C:\WINDOWS\System32\KERNELBASE.dll
0x740f0000 - 0x74167000 	C:\WINDOWS\System32\ADVAPI32.dll
0x76e70000 - 0x76f2e000 	C:\WINDOWS\System32\msvcrt.dll
0x75eb0000 - 0x75ef1000 	C:\WINDOWS\System32\sechost.dll
0x76400000 - 0x764c1000 	C:\WINDOWS\System32\RPCRT4.dll
0x73ba0000 - 0x73bbe000 	C:\WINDOWS\System32\SspiCli.dll
0x73b90000 - 0x73b9a000 	C:\WINDOWS\System32\CRYPTBASE.dll
0x75550000 - 0x755aa000 	C:\WINDOWS\System32\bcryptPrimitives.dll
0x76f80000 - 0x770df000 	C:\WINDOWS\System32\USER32.dll
0x755b0000 - 0x755c5000 	C:\WINDOWS\System32\win32u.dll
0x766f0000 - 0x7671b000 	C:\WINDOWS\System32\GDI32.dll
0x75f00000 - 0x7605b000 	C:\WINDOWS\System32\gdi32full.dll
0x70690000 - 0x7089a000 	C:\WINDOWS\WinSxS\x86_microsoft.windows.common-controls_6595b64144ccf1df_6.0.14393.953_none_89c2555adb023171\COMCTL32.dll
0x73d90000 - 0x73fa1000 	C:\WINDOWS\System32\combase.dll
0x76720000 - 0x76800000 	C:\WINDOWS\System32\ucrtbase.dll
0x75950000 - 0x75975000 	C:\WINDOWS\System32\IMM32.DLL
0x5ae70000 - 0x5af2f000 	C:\Program Files (x86)\Arduino\java\bin\msvcr100.dll
0x5aaa0000 - 0x5ae6b000 	C:\Program Files (x86)\Arduino\java\bin\client\jvm.dll
0x763f0000 - 0x763f6000 	C:\WINDOWS\System32\PSAPI.DLL
0x72d30000 - 0x72d54000 	C:\WINDOWS\SYSTEM32\WINMM.dll
0x727e0000 - 0x727e8000 	C:\WINDOWS\SYSTEM32\WSOCK32.dll
0x739d0000 - 0x739d8000 	C:\WINDOWS\SYSTEM32\VERSION.dll
0x76570000 - 0x765d3000 	C:\WINDOWS\System32\WS2_32.dll
0x01680000 - 0x016a3000 	C:\WINDOWS\SYSTEM32\WINMMBASE.dll
0x76150000 - 0x76186000 	C:\WINDOWS\System32\cfgmgr32.dll
0x62fa0000 - 0x62fd1000 	C:\Program Files (x86)\Arduino\java\bin\splashscreen.dll
0x71740000 - 0x717b5000 	C:\WINDOWS\system32\uxtheme.dll
0x62f90000 - 0x62f9c000 	C:\Program Files (x86)\Arduino\java\bin\verify.dll
0x5b030000 - 0x5b051000 	C:\Program Files (x86)\Arduino\java\bin\java.dll
0x73fb0000 - 0x740e5000 	C:\WINDOWS\System32\MSCTF.dll
0x764d0000 - 0x76564000 	C:\WINDOWS\System32\OLEAUT32.dll
0x76670000 - 0x766eb000 	C:\WINDOWS\System32\msvcp_win.dll
0x5aa80000 - 0x5aa93000 	C:\Program Files (x86)\Arduino\java\bin\zip.dll
0x75a30000 - 0x75a3d000 	C:\WINDOWS\System32\kernel.appcore.dll
0x74170000 - 0x75549000 	C:\WINDOWS\System32\SHELL32.dll
0x768f0000 - 0x76e5e000 	C:\WINDOWS\System32\windows.storage.dll
0x768a0000 - 0x768e5000 	C:\WINDOWS\System32\powrprof.dll
0x75980000 - 0x759c6000 	C:\WINDOWS\System32\shlwapi.dll
0x765e0000 - 0x76668000 	C:\WINDOWS\System32\shcore.dll
0x76190000 - 0x7619f000 	C:\WINDOWS\System32\profapi.dll
0x5a930000 - 0x5aa75000 	C:\Program Files (x86)\Arduino\java\bin\awt.dll
0x71160000 - 0x711f2000 	C:\WINDOWS\SYSTEM32\apphelp.dll
0x71700000 - 0x7171f000 	C:\WINDOWS\system32\dwmapi.dll
0x76060000 - 0x7614a000 	C:\WINDOWS\System32\ole32.dll
0x61740000 - 0x6176c000 	C:\Program Files (x86)\Arduino\lib\listSerialsj.dll
0x75a40000 - 0x75e4b000 	C:\WINDOWS\System32\SETUPAPI.dll
0x72820000 - 0x72833000 	C:\WINDOWS\SYSTEM32\CRYPTSP.dll
0x727f0000 - 0x7281f000 	C:\WINDOWS\system32\rsaenh.dll
0x72840000 - 0x7285b000 	C:\WINDOWS\SYSTEM32\bcrypt.dll
0x73b10000 - 0x73b2a000 	C:\WINDOWS\SYSTEM32\USERENV.dll
0x5a910000 - 0x5a926000 	C:\Program Files (x86)\Arduino\java\bin\net.dll
0x731c0000 - 0x7320e000 	C:\WINDOWS\system32\mswsock.dll
0x72fd0000 - 0x72fff000 	C:\WINDOWS\SYSTEM32\IPHLPAPI.DLL
0x761a0000 - 0x761a7000 	C:\WINDOWS\System32\NSI.dll
0x72780000 - 0x72793000 	C:\WINDOWS\SYSTEM32\dhcpcsvc6.DLL
0x72760000 - 0x72774000 	C:\WINDOWS\SYSTEM32\dhcpcsvc.DLL
0x62f80000 - 0x62f8f000 	C:\Program Files (x86)\Arduino\java\bin\nio.dll
0x274d0000 - 0x2750d000 	C:\Users\Roy\AppData\Local\Temp\jna-82364\jna8619506516998064920.dll
0x5a8d0000 - 0x5a909000 	C:\Program Files (x86)\Arduino\java\bin\fontmanager.dll
0x5a890000 - 0x5a8c2000 	C:\Program Files (x86)\Arduino\java\bin\t2k.dll
0x73a90000 - 0x73b0d000 	C:\WINDOWS\SYSTEM32\DNSAPI.dll
0x727a0000 - 0x727a8000 	C:\Windows\System32\rasadhlp.dll
0x71e50000 - 0x71e99000 	C:\WINDOWS\System32\fwpuclnt.dll
0x5a820000 - 0x5a889000 	C:\Program Files (x86)\Arduino\msvcp100.dll
0x5a760000 - 0x5a81e000 	C:\Program Files (x86)\Arduino\msvcr100.dll
0x28b60000 - 0x28b92000 	C:\Program Files (x86)\Arduino\lib\AStylej.dll
0x5a730000 - 0x5a754000 	C:\Program Files (x86)\Arduino\java\bin\dcpr.dll
0x76810000 - 0x76894000 	C:\WINDOWS\System32\clbcatq.dll
0x67850000 - 0x679be000 	C:\WINDOWS\SYSTEM32\WindowsCodecs.dll
0x6bce0000 - 0x6bd24000 	C:\WINDOWS\system32\dataexchange.dll
0x67490000 - 0x676c0000 	C:\WINDOWS\system32\d3d11.dll
0x67370000 - 0x67483000 	C:\WINDOWS\system32\dcomp.dll
0x71200000 - 0x71283000 	C:\WINDOWS\system32\dxgi.dll
0x67270000 - 0x67361000 	C:\WINDOWS\system32\twinapi.appcore.dll
0x719b0000 - 0x719d2000 	C:\WINDOWS\SYSTEM32\DEVOBJ.dll
0x76f30000 - 0x76f74000 	C:\WINDOWS\System32\WINTRUST.dll
0x76e60000 - 0x76e6e000 	C:\WINDOWS\System32\MSASN1.dll
0x76270000 - 0x763ed000 	C:\WINDOWS\System32\CRYPT32.dll
0x64000000 - 0x6401b000 	C:\Users\Roy\.jssc\windows\jSSC-2.8_x86.dll
0x70e80000 - 0x70fc5000 	C:\WINDOWS\SYSTEM32\dbghelp.dll

VM Arguments:
jvm_args: -Dsun.java2d.d3d=false -Djna.nosys=true -DAPP_DIR=C:\Program Files (x86)\Arduino -Xms128M -Xmx512M 
java_command: processing.app.Base C:\Users\Roy\Desktop\Buggy Project Final\IDE Code\Buggy_Project\Buggy_Project.ino
java_class_path (initial): C:\Program Files (x86)\Arduino\lib\apple.jar;C:\Program Files (x86)\Arduino\lib\arduino-core.jar;C:\Program Files (x86)\Arduino\lib\batik-1.8.jar;C:\Program Files (x86)\Arduino\lib\batik-anim-1.8.jar;C:\Program Files (x86)\Arduino\lib\batik-awt-util-1.8.jar;C:\Program Files (x86)\Arduino\lib\batik-bridge-1.8.jar;C:\Program Files (x86)\Arduino\lib\batik-codec-1.8.jar;C:\Program Files (x86)\Arduino\lib\batik-css-1.8.jar;C:\Program Files (x86)\Arduino\lib\batik-dom-1.8.jar;C:\Program Files (x86)\Arduino\lib\batik-ext-1.8.jar;C:\Program Files (x86)\Arduino\lib\batik-gvt-1.8.jar;C:\Program Files (x86)\Arduino\lib\batik-parser-1.8.jar;C:\Program Files (x86)\Arduino\lib\batik-rasterizer-1.8.jar;C:\Program Files (x86)\Arduino\lib\batik-script-1.8.jar;C:\Program Files (x86)\Arduino\lib\batik-squiggle-1.8.jar;C:\Program Files (x86)\Arduino\lib\batik-svg-dom-1.8.jar;C:\Program Files (x86)\Arduino\lib\batik-svgpp-1.8.jar;C:\Program Files (x86)\Arduino\lib\batik-transcoder-1.8.jar;C:\Program Files (x86)\Arduino\lib\batik-util-1.8.jar;C:\Program Files (x86)\Arduino\lib\batik-xml-1.8.jar;C:\Program Files (x86)\Arduino\lib\bcpg-jdk15on-152.jar;C:\Program Files (x86)\Arduino\lib\bcprov-jdk15on-152.jar;C:\Program Files (x86)\Arduino\lib\commons-codec-1.7.jar;C:\Program Files (x86)\Arduino\lib\commons-compress-1.8.jar;C:\Program Files (x86)\Arduino\lib\commons-exec-1.1.jar;C:\Program Files (x86)\Arduino\lib\commons-httpclient-3.1.jar;C:\Program Files (x86)\Arduino\lib\commons-lang3-3.3.2.jar;C:\Program Files (x86)\Arduino\lib\commons-logging-1.0.4.jar;C:\Program Files (x86)\Arduino\lib\commons-net-3.3.jar;C:\Program Files (x86)\Arduino\lib\jackson-annotations-2.6.3.jar;C:\Program Files (x86)\Arduino\lib\jackson-core-2.6.3.jar;C:\Program Files (x86)\Arduino\lib\jackson-databind-2.6.3.jar;C:\Program Files (x86)\Arduino\lib\jackson-module-mrbean-2.6.3.jar;C:\Program Files (x86)\Arduino\lib\java-semver-0.8.0.jar;C:\Program Files (x86)\Arduino\lib\jmdns-3.4.1.j
Launcher Type: SUN_STANDARD

Environment Variables:
PATH=C:\Program Files\ImageMagick-7.0.3-Q8;C:\ProgramData\Oracle\Java\javapath;C:\Program Files (x86)\Intel\iCLS Client\;C:\Program Files\Intel\iCLS Client\;C:\Windows\system32;C:\Windows;C:\Windows\System32\Wbem;C:\Windows\System32\WindowsPowerShell\v1.0\;C:\Program Files (x86)\Intel\Intel(R) Management Engine Components\DAL;C:\Program Files\Intel\Intel(R) Management Engine Components\DAL;C:\Program Files (x86)\Intel\Intel(R) Management Engine Components\IPT;C:\Program Files\Intel\Intel(R) Management Engine Components\IPT;C:\Program Files (x86)\NVIDIA Corporation\PhysX\Common;C:\WINDOWS\system32\config\systemprofile\.dnx\bin;C:\Program Files\Microsoft DNX\Dnvm\;C:\Program Files\Microsoft SQL Server\Client SDK\ODBC\110\Tools\Binn\;C:\Program Files (x86)\Microsoft SQL Server\120\Tools\Binn\;C:\Program Files\Microsoft SQL Server\120\Tools\Binn\;C:\Program Files\Microsoft SQL Server\120\DTS\Binn\;C:\Program Files\nodejs\;C:\xampp\php;C:\ProgramData\ComposerSetup\bin;C:\WINDOWS\system32;C:\WINDOWS;C:\WINDOWS\System32\Wbem;C:\WINDOWS\System32\WindowsPowerShell\v1.0\;C:\Program Files (x86)\GtkSharp\2.12\bin;C:\Program Files (x86)\Windows Kits\8.1\Windows Performance Toolkit\;C:\Program Files\Git\cmd;C:\Strawberry\c\bin;C:\Strawberry\perl\site\bin;C:\Strawberry\perl\bin;C:\Program Files\MATLAB\R2016b\runtime\win64;C:\Program Files\MATLAB\R2016b\bin;C:\Program Files\Intel\WiFi\bin\;C:\Program Files\Common Files\Intel\WirelessCommon\;C:\Program Files (x86)\PuTTY\;C:\Program Files (x86)\Skype\Phone\;C:\Users\Roy\AppData\Local\Programs\Python\Python35\Scripts\;C:\Users\Roy\AppData\Local\Programs\Python\Python35\;C:\Program Files\Intel\WiFi\bin\;C:\Program Files\Common Files\Intel\WirelessCommon\;C:\Users\Roy\AppData\Roaming\npm;C:\Program Files\CMake\bin;C:\Windows\System32;C:\MinGW\bin;C:\Users\Roy\AppData\Local\Microsoft\WindowsApps;C:\Users\Roy\Documents\OpenCV2\opencv\build\x86\vc11\bin;C:\Program Files (x86)\Arduino\java\bin
USERNAME=Roy
OS=Windows_NT
PROCESSOR_IDENTIFIER=Intel64 Family 6 Model 78 Stepping 3, GenuineIntel



---------------  S Y S T E M  ---------------

OS: Windows 10.0 , 64 bit Build 14393 (10.0.14393.0)

CPU:total 4 (2 cores per cpu, 2 threads per core) family 6 model 78 stepping 3, cmov, cx8, fxsr, mmx, sse, sse2, sse3, ssse3, sse4.1, sse4.2, popcnt, avx, avx2, aes, clmul, erms, 3dnowpref, lzcnt, ht, tsc, tscinvbit, bmi1, bmi2, adx

Memory: 4k page, physical 16607712k(9906016k free), swap 19098080k(10765060k free)

vm_info: Java HotSpot(TM) Client VM (25.92-b14) for windows-x86 JRE (1.8.0_92-b14), built on Mar 31 2016 21:09:21 by "java_re" with MS VC++ 10.0 (VS2010)

time: Wed Mar 22 16:37:57 2017
elapsed time: 7666 seconds (0d 2h 7m 46s)

