#
# A fatal error has been detected by the Java Runtime Environment:
#
#  EXCEPTION_ACCESS_VIOLATION (0xc0000005) at pc=0x617493cd, pid=13004, tid=0x00000f68
#
# JRE version: Java(TM) SE Runtime Environment (8.0_92-b14) (build 1.8.0_92-b14)
# Java VM: Java HotSpot(TM) Client VM (25.92-b14 mixed mode windows-x86 )
# Problematic frame:
# C  [listSerialsj.dll+0x93cd]
#
# Failed to write core dump. Minidumps are not enabled by default on client versions of Windows
#
# If you would like to submit a bug report, please visit:
#   http://bugreport.java.com/bugreport/crash.jsp
# The crash happened outside the Java Virtual Machine in native code.
# See problematic frame for where to report the bug.
#

---------------  T H R E A D  ---------------

Current thread (0x2718b000):  JavaThread "cc.arduino.packages.discoverers.serial.SerialBoardsLister" [_thread_in_native, id=3944, stack(0x26170000,0x261c0000)]

siginfo: ExceptionCode=0xc0000005, writing address 0x00000000

Registers:
EAX=0x00000000, EBX=0x000005ac, ECX=0x00000000, EDX=0x00000001
ESP=0x261beb50, EBP=0x261befa8, ESI=0x00000001, EDI=0x00bfbe48
EIP=0x617493cd, EFLAGS=0x00010246

Top of Stack: (sp=0x261beb50)
0x261beb50:   00e0eac0 0000002e 00000002 00000000
0x261beb60:   00000003 00000000 00000000 261bf338
0x261beb70:   261bf31c 261bf318 0000006c 75a6a540
0x261beb80:   28c26510 001bf25c 00bfc100 00000089
0x261beb90:   261bf268 261bf26c 0000005e 00000002
0x261beba0:   00000001 0000006c 00000058 261bf284
0x261bebb0:   261bf288 261bf28c 374d4f43 001bf200
0x261bebc0:   00425355 02aa9118 02aa8488 00000008 

Instructions: (pc=0x617493cd)
0x617493ad:   8b 45 08 8b 90 94 00 00 00 85 d2 74 16 8b 40 2c
0x617493bd:   c7 44 24 04 2e 00 00 00 89 04 24 e8 73 14 00 00
0x617493cd:   c6 00 00 8d 85 04 fc ff ff 89 44 24 18 8d 85 0a
0x617493dd:   fc ff ff 89 44 24 10 a1 e4 01 75 61 c7 85 04 fc 


Register to memory mapping:

EAX=0x00000000 is an unknown value
EBX=0x000005ac is an unknown value
ECX=0x00000000 is an unknown value
EDX=0x00000001 is an unknown value
ESP=0x261beb50 is pointing into the stack for thread: 0x2718b000
EBP=0x261befa8 is pointing into the stack for thread: 0x2718b000
ESI=0x00000001 is an unknown value
EDI=0x00bfbe48 is an unknown value


Stack: [0x26170000,0x261c0000],  sp=0x261beb50,  free space=314k
Native frames: (J=compiled Java code, j=interpreted, Vv=VM code, C=native code)
C  [listSerialsj.dll+0x93cd]
C  [listSerialsj.dll+0x2211]

Java frames: (J=compiled Java code, j=interpreted, Vv=VM code)
j  processing.app.Platform.listSerialsNative()[Ljava/lang/String;+0
j  processing.app.Platform.listSerials()Ljava/util/List;+5
j  cc.arduino.packages.discoverers.serial.SerialBoardsLister.retriggerDiscovery(Z)V+22
j  cc.arduino.packages.discoverers.serial.SerialBoardsLister.run()V+9
J 5147% C1 java.util.TimerThread.mainLoop()V (232 bytes) @ 0x02e37194 [0x02e36d60+0x434]
j  java.util.TimerThread.run()V+1
v  ~StubRoutines::call_stub

---------------  P R O C E S S  ---------------

Java Threads: ( => current thread )
  0x275de800 JavaThread "JmDNS(LAPTOP-FNEF10JN-bris-ac-uk.local.).Timer" daemon [_thread_blocked, id=12976, stack(0x26930000,0x26980000)]
  0x275dbc00 JavaThread "JmDNS(LAPTOP-FNEF10JN-bris-ac-uk.local.).State.Timer" [_thread_blocked, id=12172, stack(0x268a0000,0x268f0000)]
  0x275dc000 JavaThread "JmDNS(LAPTOP-FNEF10JN-bris-ac-uk.local.).Timer" daemon [_thread_blocked, id=11196, stack(0x26810000,0x26860000)]
  0x275de000 JavaThread "SocketListener(LAPTOP-FNEF10JN-bris-ac-uk.local.)" daemon [_thread_in_native, id=1344, stack(0x26780000,0x267d0000)]
  0x275d8800 JavaThread "EventThread COM7" [_thread_in_native, id=12604, stack(0x00cd0000,0x00d20000)]
  0x275da800 JavaThread "JmDNS(LAPTOP-FNEF10JN-bris-ac-uk.local.).Timer" daemon [_thread_blocked, id=8648, stack(0x266f0000,0x26740000)]
  0x275ddc00 JavaThread "JmDNS(LAPTOP-FNEF10JN-bris-ac-uk.local.).State.Timer" [_thread_blocked, id=6396, stack(0x26660000,0x266b0000)]
  0x275dc800 JavaThread "JmDNS(LAPTOP-FNEF10JN-bris-ac-uk.local.).Timer" daemon [_thread_blocked, id=14572, stack(0x265d0000,0x26620000)]
  0x275dd400 JavaThread "SocketListener(LAPTOP-FNEF10JN-bris-ac-uk.local.)" daemon [_thread_in_native, id=9512, stack(0x26540000,0x26590000)]
  0x275df800 JavaThread "JmDNS(LAPTOP-FNEF10JN-bris-ac-uk.local.).Timer" daemon [_thread_blocked, id=11528, stack(0x296d0000,0x29720000)]
  0x25c81400 JavaThread "JmDNS(LAPTOP-FNEF10JN-bris-ac-uk.local.).State.Timer" [_thread_blocked, id=11700, stack(0x281d0000,0x28220000)]
  0x27240800 JavaThread "JmDNS(LAPTOP-FNEF10JN-bris-ac-uk.local.).Timer" daemon [_thread_blocked, id=1608, stack(0x27f00000,0x27f50000)]
  0x27240000 JavaThread "SocketListener(LAPTOP-FNEF10JN-bris-ac-uk.local.)" daemon [_thread_in_native, id=10424, stack(0x26d90000,0x26de0000)]
  0x25c83400 JavaThread "DestroyJavaVM" [_thread_blocked, id=1228, stack(0x025f0000,0x02640000)]
  0x25c84400 JavaThread "TimerQueue" daemon [_thread_blocked, id=5188, stack(0x292b0000,0x29300000)]
  0x25c84000 JavaThread "AWT-EventQueue-0" [_thread_blocked, id=12896, stack(0x28b40000,0x28b90000)]
  0x25c85000 JavaThread "AWT-Shutdown" [_thread_blocked, id=6524, stack(0x28ab0000,0x28b00000)]
  0x25c82400 JavaThread "Batik CleanerThread" daemon [_thread_blocked, id=12968, stack(0x28790000,0x287e0000)]
  0x25c82000 JavaThread "JmDNS(LAPTOP-FNEF10JN-bris-ac-uk.local.).Timer" daemon [_thread_blocked, id=7340, stack(0x28500000,0x28550000)]
  0x25c81800 JavaThread "JmDNS(LAPTOP-FNEF10JN-bris-ac-uk.local.).State.Timer" [_thread_blocked, id=10532, stack(0x28470000,0x284c0000)]
  0x25c84c00 JavaThread "JmDNS(LAPTOP-FNEF10JN-bris-ac-uk.local.).Timer" daemon [_thread_blocked, id=13972, stack(0x283c0000,0x28410000)]
  0x25c80800 JavaThread "SocketListener(LAPTOP-FNEF10JN-bris-ac-uk.local.)" daemon [_thread_in_native, id=3352, stack(0x28330000,0x28380000)]
  0x27241000 JavaThread "JmDNS(LAPTOP-FNEF10JN-bris-ac-uk.local.).Timer" daemon [_thread_blocked, id=13436, stack(0x28140000,0x28190000)]
  0x27241400 JavaThread "JmDNS(LAPTOP-FNEF10JN-bris-ac-uk.local.).State.Timer" [_thread_blocked, id=4532, stack(0x280b0000,0x28100000)]
  0x2723bc00 JavaThread "JmDNS(LAPTOP-FNEF10JN-bris-ac-uk.local.).Timer" daemon [_thread_blocked, id=7040, stack(0x28020000,0x28070000)]
  0x2723b400 JavaThread "SocketListener(LAPTOP-FNEF10JN-bris-ac-uk.local.)" daemon [_thread_in_native, id=13364, stack(0x27f90000,0x27fe0000)]
  0x2718c000 JavaThread "cc.arduino.packages.discoverers.network.BoardReachabilityFilter" [_thread_blocked, id=15780, stack(0x27bc0000,0x27c10000)]
  0x2718b800 JavaThread "cc.arduino.packages.discoverers.network.NetworkChecker" [_thread_in_native, id=6120, stack(0x27b30000,0x27b80000)]
=>0x2718b000 JavaThread "cc.arduino.packages.discoverers.serial.SerialBoardsLister" [_thread_in_native, id=3944, stack(0x26170000,0x261c0000)]
  0x25d1f400 JavaThread "AWT-Windows" daemon [_thread_in_native, id=8484, stack(0x26200000,0x26250000)]
  0x25d1e800 JavaThread "Java2D Disposer" daemon [_thread_blocked, id=15644, stack(0x260e0000,0x26130000)]
  0x256ba000 JavaThread "Service Thread" daemon [_thread_blocked, id=9008, stack(0x25ad0000,0x25b20000)]
  0x256b2800 JavaThread "C1 CompilerThread0" daemon [_thread_blocked, id=11632, stack(0x25a40000,0x25a90000)]
  0x256b1400 JavaThread "Attach Listener" daemon [_thread_blocked, id=15672, stack(0x259b0000,0x25a00000)]
  0x256ad400 JavaThread "Signal Dispatcher" daemon [_thread_blocked, id=4384, stack(0x25180000,0x251d0000)]
  0x2569b400 JavaThread "Finalizer" daemon [_thread_blocked, id=8500, stack(0x250f0000,0x25140000)]
  0x25684c00 JavaThread "Reference Handler" daemon [_thread_blocked, id=4112, stack(0x25060000,0x250b0000)]

Other Threads:
  0x0283e000 VMThread [stack: 0x02960000,0x029b0000] [id=17396]
  0x256bdc00 WatcherThread [stack: 0x25b60000,0x25bb0000] [id=15704]

VM state:not at safepoint (normal execution)

VM Mutex/Monitor currently owned by a thread: None

Heap:
 def new generation   total 39424K, used 5698K [0x04a00000, 0x074c0000, 0x0f4a0000)
  eden space 35072K,  16% used [0x04a00000, 0x04f7b3c8, 0x06c40000)
  from space 4352K,   1% used [0x06c40000, 0x06c55640, 0x07080000)
  to   space 4352K,   0% used [0x07080000, 0x07080000, 0x074c0000)
 tenured generation   total 87424K, used 53707K [0x0f4a0000, 0x14a00000, 0x24a00000)
   the space 87424K,  61% used [0x0f4a0000, 0x12912f20, 0x12913000, 0x14a00000)
 Metaspace       used 19226K, capacity 19712K, committed 19840K, reserved 19840K

Card table byte_map: [0x24a00000,0x24b10000] byte_map_base: 0x249db000

Polling page: 0x00df0000

CodeCache: size=32768Kb used=2137Kb max_used=4486Kb free=30630Kb
 bounds [0x029e0000, 0x02e48000, 0x049e0000]
 total_blobs=1266 nmethods=985 adapters=210
 compilation: enabled

Compilation events (10 events):
Event: 7745.636 Thread 0x256b2800 40045             java.awt.EventQueue::cacheEQItem (60 bytes)
Event: 7745.637 Thread 0x256b2800 nmethod 40045 0x02aa7f48 code [0x02aa8060, 0x02aa82ac]
Event: 7747.302 Thread 0x256b2800 40046   !         java.util.WeakHashMap::expungeStaleEntries (139 bytes)
Event: 7747.304 Thread 0x256b2800 nmethod 40046 0x02ad0d08 code [0x02ad0e40, 0x02ad133c]
Event: 7747.574 Thread 0x256b2800 40047             java.util.Arrays::equals (54 bytes)
Event: 7747.575 Thread 0x256b2800 nmethod 40047 0x02ab6608 code [0x02ab6710, 0x02ab6840]
Event: 7748.646 Thread 0x256b2800 40048  s!         javax.swing.text.AbstractDocument::readLock (50 bytes)
Event: 7748.647 Thread 0x256b2800 nmethod 40048 0x02d35108 code [0x02d35220, 0x02d35518]
Event: 7748.666 Thread 0x256b2800 40049  s          javax.swing.text.AbstractDocument::readUnlock (43 bytes)
Event: 7748.667 Thread 0x256b2800 nmethod 40049 0x02df5a08 code [0x02df5b20, 0x02df5da8]

GC Heap History (10 events):
Event: 7709.994 GC heap before
{Heap before GC invocations=172 (full 1):
 def new generation   total 39424K, used 35112K [0x04a00000, 0x074c0000, 0x0f4a0000)
  eden space 35072K, 100% used [0x04a00000, 0x06c40000, 0x06c40000)
  from space 4352K,   0% used [0x07080000, 0x0708a3b8, 0x074c0000)
  to   space 4352K,   0% used [0x06c40000, 0x06c40000, 0x07080000)
 tenured generation   total 87424K, used 53678K [0x0f4a0000, 0x14a00000, 0x24a00000)
   the space 87424K,  61% used [0x0f4a0000, 0x1290bbb8, 0x1290bc00, 0x14a00000)
 Metaspace       used 19226K, capacity 19712K, committed 19840K, reserved 19840K
Event: 7709.996 GC heap after
Heap after GC invocations=173 (full 1):
 def new generation   total 39424K, used 40K [0x04a00000, 0x074c0000, 0x0f4a0000)
  eden space 35072K,   0% used [0x04a00000, 0x04a00000, 0x06c40000)
  from space 4352K,   0% used [0x06c40000, 0x06c4a138, 0x07080000)
  to   space 4352K,   0% used [0x07080000, 0x07080000, 0x074c0000)
 tenured generation   total 87424K, used 53678K [0x0f4a0000, 0x14a00000, 0x24a00000)
   the space 87424K,  61% used [0x0f4a0000, 0x1290bbb8, 0x1290bc00, 0x14a00000)
 Metaspace       used 19226K, capacity 19712K, committed 19840K, reserved 19840K
}
Event: 7719.618 GC heap before
{Heap before GC invocations=173 (full 1):
 def new generation   total 39424K, used 35112K [0x04a00000, 0x074c0000, 0x0f4a0000)
  eden space 35072K, 100% used [0x04a00000, 0x06c40000, 0x06c40000)
  from space 4352K,   0% used [0x06c40000, 0x06c4a138, 0x07080000)
  to   space 4352K,   0% used [0x07080000, 0x07080000, 0x074c0000)
 tenured generation   total 87424K, used 53678K [0x0f4a0000, 0x14a00000, 0x24a00000)
   the space 87424K,  61% used [0x0f4a0000, 0x1290bbb8, 0x1290bc00, 0x14a00000)
 Metaspace       used 19226K, capacity 19712K, committed 19840K, reserved 19840K
Event: 7719.620 GC heap after
Heap after GC invocations=174 (full 1):
 def new generation   total 39424K, used 38K [0x04a00000, 0x074c0000, 0x0f4a0000)
  eden space 35072K,   0% used [0x04a00000, 0x04a00000, 0x06c40000)
  from space 4352K,   0% used [0x07080000, 0x07089bf0, 0x074c0000)
  to   space 4352K,   0% used [0x06c40000, 0x06c40000, 0x07080000)
 tenured generation   total 87424K, used 53680K [0x0f4a0000, 0x14a00000, 0x24a00000)
   the space 87424K,  61% used [0x0f4a0000, 0x1290c118, 0x1290c200, 0x14a00000)
 Metaspace       used 19226K, capacity 19712K, committed 19840K, reserved 19840K
}
Event: 7731.673 GC heap before
{Heap before GC invocations=174 (full 1):
 def new generation   total 39424K, used 35110K [0x04a00000, 0x074c0000, 0x0f4a0000)
  eden space 35072K, 100% used [0x04a00000, 0x06c40000, 0x06c40000)
  from space 4352K,   0% used [0x07080000, 0x07089bf0, 0x074c0000)
  to   space 4352K,   0% used [0x06c40000, 0x06c40000, 0x07080000)
 tenured generation   total 87424K, used 53680K [0x0f4a0000, 0x14a00000, 0x24a00000)
   the space 87424K,  61% used [0x0f4a0000, 0x1290c118, 0x1290c200, 0x14a00000)
 Metaspace       used 19226K, capacity 19712K, committed 19840K, reserved 19840K
Event: 7731.676 GC heap after
Heap after GC invocations=175 (full 1):
 def new generation   total 39424K, used 12K [0x04a00000, 0x074c0000, 0x0f4a0000)
  eden space 35072K,   0% used [0x04a00000, 0x04a00000, 0x06c40000)
  from space 4352K,   0% used [0x06c40000, 0x06c430f0, 0x07080000)
  to   space 4352K,   0% used [0x07080000, 0x07080000, 0x074c0000)
 tenured generation   total 87424K, used 53707K [0x0f4a0000, 0x14a00000, 0x24a00000)
   the space 87424K,  61% used [0x0f4a0000, 0x12912f20, 0x12913000, 0x14a00000)
 Metaspace       used 19226K, capacity 19712K, committed 19840K, reserved 19840K
}
Event: 7740.364 GC heap before
{Heap before GC invocations=175 (full 1):
 def new generation   total 39424K, used 35084K [0x04a00000, 0x074c0000, 0x0f4a0000)
  eden space 35072K, 100% used [0x04a00000, 0x06c40000, 0x06c40000)
  from space 4352K,   0% used [0x06c40000, 0x06c430f0, 0x07080000)
  to   space 4352K,   0% used [0x07080000, 0x07080000, 0x074c0000)
 tenured generation   total 87424K, used 53707K [0x0f4a0000, 0x14a00000, 0x24a00000)
   the space 87424K,  61% used [0x0f4a0000, 0x12912f20, 0x12913000, 0x14a00000)
 Metaspace       used 19226K, capacity 19712K, committed 19840K, reserved 19840K
Event: 7740.366 GC heap after
Heap after GC invocations=176 (full 1):
 def new generation   total 39424K, used 77K [0x04a00000, 0x074c0000, 0x0f4a0000)
  eden space 35072K,   0% used [0x04a00000, 0x04a00000, 0x06c40000)
  from space 4352K,   1% used [0x07080000, 0x070937e0, 0x074c0000)
  to   space 4352K,   0% used [0x06c40000, 0x06c40000, 0x07080000)
 tenured generation   total 87424K, used 53707K [0x0f4a0000, 0x14a00000, 0x24a00000)
   the space 87424K,  61% used [0x0f4a0000, 0x12912f20, 0x12913000, 0x14a00000)
 Metaspace       used 19226K, capacity 19712K, committed 19840K, reserved 19840K
}
Event: 7748.110 GC heap before
{Heap before GC invocations=176 (full 1):
 def new generation   total 39424K, used 35149K [0x04a00000, 0x074c0000, 0x0f4a0000)
  eden space 35072K, 100% used [0x04a00000, 0x06c40000, 0x06c40000)
  from space 4352K,   1% used [0x07080000, 0x070937e0, 0x074c0000)
  to   space 4352K,   0% used [0x06c40000, 0x06c40000, 0x07080000)
 tenured generation   total 87424K, used 53707K [0x0f4a0000, 0x14a00000, 0x24a00000)
   the space 87424K,  61% used [0x0f4a0000, 0x12912f20, 0x12913000, 0x14a00000)
 Metaspace       used 19226K, capacity 19712K, committed 19840K, reserved 19840K
Event: 7748.113 GC heap after
Heap after GC invocations=177 (full 1):
 def new generation   total 39424K, used 85K [0x04a00000, 0x074c0000, 0x0f4a0000)
  eden space 35072K,   0% used [0x04a00000, 0x04a00000, 0x06c40000)
  from space 4352K,   1% used [0x06c40000, 0x06c55640, 0x07080000)
  to   space 4352K,   0% used [0x07080000, 0x07080000, 0x074c0000)
 tenured generation   total 87424K, used 53707K [0x0f4a0000, 0x14a00000, 0x24a00000)
   the space 87424K,  61% used [0x0f4a0000, 0x12912f20, 0x12913000, 0x14a00000)
 Metaspace       used 19226K, capacity 19712K, committed 19840K, reserved 19840K
}

Deoptimization events (0 events):
No events

Internal exceptions (10 events):
Event: 6955.035 Thread 0x275da000 Exception <a 'java/io/IOException'> (0x068a36e8) thrown at [C:\workspace\8-2-build-windows-i586-cygwin\jdk8u92\6642\hotspot\src\share\vm\prims\jni.cpp, line 709]
Event: 6955.036 Thread 0x275da000 Exception <a 'java/io/IOException'> (0x068a3930) thrown at [C:\workspace\8-2-build-windows-i586-cygwin\jdk8u92\6642\hotspot\src\share\vm\prims\jni.cpp, line 709]
Event: 6955.268 Thread 0x275d9400 Exception <a 'java/io/IOException'> (0x069207e0) thrown at [C:\workspace\8-2-build-windows-i586-cygwin\jdk8u92\6642\hotspot\src\share\vm\prims\jni.cpp, line 709]
Event: 6955.268 Thread 0x275d9400 Exception <a 'java/io/IOException'> (0x06920a28) thrown at [C:\workspace\8-2-build-windows-i586-cygwin\jdk8u92\6642\hotspot\src\share\vm\prims\jni.cpp, line 709]
Event: 6955.269 Thread 0x275d9400 Exception <a 'java/io/IOException'> (0x069400d0) thrown at [C:\workspace\8-2-build-windows-i586-cygwin\jdk8u92\6642\hotspot\src\share\vm\prims\jni.cpp, line 709]
Event: 6955.269 Thread 0x275d9400 Exception <a 'java/io/IOException'> (0x06940470) thrown at [C:\workspace\8-2-build-windows-i586-cygwin\jdk8u92\6642\hotspot\src\share\vm\prims\jni.cpp, line 709]
Event: 6955.269 Thread 0x275d9400 Exception <a 'java/io/IOException'> (0x069406b8) thrown at [C:\workspace\8-2-build-windows-i586-cygwin\jdk8u92\6642\hotspot\src\share\vm\prims\jni.cpp, line 709]
Event: 6955.270 Thread 0x275d9400 Exception <a 'java/io/IOException'> (0x06943660) thrown at [C:\workspace\8-2-build-windows-i586-cygwin\jdk8u92\6642\hotspot\src\share\vm\prims\jni.cpp, line 709]
Event: 6955.271 Thread 0x275d9400 Exception <a 'java/io/IOException'> (0x06943a00) thrown at [C:\workspace\8-2-build-windows-i586-cygwin\jdk8u92\6642\hotspot\src\share\vm\prims\jni.cpp, line 709]
Event: 6955.271 Thread 0x275d9400 Exception <a 'java/io/IOException'> (0x06943c48) thrown at [C:\workspace\8-2-build-windows-i586-cygwin\jdk8u92\6642\hotspot\src\share\vm\prims\jni.cpp, line 709]

Events (10 events):
Event: 7744.740 Thread 0x256b2800 flushing nmethod 0x02ab6588
Event: 7744.741 Thread 0x256b2800 flushing nmethod 0x02ad9d48
Event: 7744.741 Thread 0x256b2800 flushing nmethod 0x02aeab88
Event: 7744.741 Thread 0x256b2800 flushing nmethod 0x02b004c8
Event: 7745.324 Thread 0x256b2800 flushing nmethod 0x02bb8a48
Event: 7747.304 Thread 0x256b2800 flushing nmethod 0x02a8c3c8
Event: 7747.575 Thread 0x256b2800 flushing nmethod 0x02bd7148
Event: 7748.110 Executing VM operation: GenCollectForAllocation
Event: 7748.113 Executing VM operation: GenCollectForAllocation done
Event: 7748.647 Thread 0x256b2800 flushing nmethod 0x02df5a08


Dynamic libraries:
0x00e90000 - 0x00ec3000 	C:\Program Files (x86)\Arduino\java\bin\javaw.exe
0x770e0000 - 0x77263000 	C:\WINDOWS\SYSTEM32\ntdll.dll
0x73cb0000 - 0x73d90000 	C:\WINDOWS\System32\KERNEL32.DLL
0x75630000 - 0x757d1000 	C:\WINDOWS\System32\KERNELBASE.dll
0x740f0000 - 0x74167000 	C:\WINDOWS\System32\ADVAPI32.dll
0x76e70000 - 0x76f2e000 	C:\WINDOWS\System32\msvcrt.dll
0x75eb0000 - 0x75ef1000 	C:\WINDOWS\System32\sechost.dll
0x76400000 - 0x764c1000 	C:\WINDOWS\System32\RPCRT4.dll
0x73ba0000 - 0x73bbe000 	C:\WINDOWS\System32\SspiCli.dll
0x73b90000 - 0x73b9a000 	C:\WINDOWS\System32\CRYPTBASE.dll
0x75550000 - 0x755aa000 	C:\WINDOWS\System32\bcryptPrimitives.dll
0x76f80000 - 0x770df000 	C:\WINDOWS\System32\USER32.dll
0x755b0000 - 0x755c5000 	C:\WINDOWS\System32\win32u.dll
0x766f0000 - 0x7671b000 	C:\WINDOWS\System32\GDI32.dll
0x75f00000 - 0x7605b000 	C:\WINDOWS\System32\gdi32full.dll
0x6c5a0000 - 0x6c7aa000 	C:\WINDOWS\WinSxS\x86_microsoft.windows.common-controls_6595b64144ccf1df_6.0.14393.953_none_89c2555adb023171\COMCTL32.dll
0x73d90000 - 0x73fa1000 	C:\WINDOWS\System32\combase.dll
0x76720000 - 0x76800000 	C:\WINDOWS\System32\ucrtbase.dll
0x75950000 - 0x75975000 	C:\WINDOWS\System32\IMM32.DLL
0x63d00000 - 0x63dbf000 	C:\Program Files (x86)\Arduino\java\bin\msvcr100.dll
0x63930000 - 0x63cfb000 	C:\Program Files (x86)\Arduino\java\bin\client\jvm.dll
0x763f0000 - 0x763f6000 	C:\WINDOWS\System32\PSAPI.DLL
0x727e0000 - 0x727e8000 	C:\WINDOWS\SYSTEM32\WSOCK32.dll
0x72d30000 - 0x72d54000 	C:\WINDOWS\SYSTEM32\WINMM.dll
0x739d0000 - 0x739d8000 	C:\WINDOWS\SYSTEM32\VERSION.dll
0x76570000 - 0x765d3000 	C:\WINDOWS\System32\WS2_32.dll
0x72ad0000 - 0x72af3000 	C:\WINDOWS\SYSTEM32\WINMMBASE.dll
0x76150000 - 0x76186000 	C:\WINDOWS\System32\cfgmgr32.dll
0x70ff0000 - 0x71021000 	C:\Program Files (x86)\Arduino\java\bin\splashscreen.dll
0x71760000 - 0x717d5000 	C:\WINDOWS\system32\uxtheme.dll
0x71160000 - 0x7116c000 	C:\Program Files (x86)\Arduino\java\bin\verify.dll
0x6f340000 - 0x6f361000 	C:\Program Files (x86)\Arduino\java\bin\java.dll
0x73fb0000 - 0x740e5000 	C:\WINDOWS\System32\MSCTF.dll
0x764d0000 - 0x76564000 	C:\WINDOWS\System32\OLEAUT32.dll
0x76670000 - 0x766eb000 	C:\WINDOWS\System32\msvcp_win.dll
0x6daa0000 - 0x6dab3000 	C:\Program Files (x86)\Arduino\java\bin\zip.dll
0x75a30000 - 0x75a3d000 	C:\WINDOWS\System32\kernel.appcore.dll
0x74170000 - 0x75549000 	C:\WINDOWS\System32\SHELL32.dll
0x768f0000 - 0x76e5e000 	C:\WINDOWS\System32\windows.storage.dll
0x768a0000 - 0x768e5000 	C:\WINDOWS\System32\powrprof.dll
0x75980000 - 0x759c6000 	C:\WINDOWS\System32\shlwapi.dll
0x765e0000 - 0x76668000 	C:\WINDOWS\System32\shcore.dll
0x76190000 - 0x7619f000 	C:\WINDOWS\System32\profapi.dll
0x637e0000 - 0x63925000 	C:\Program Files (x86)\Arduino\java\bin\awt.dll
0x63740000 - 0x637d2000 	C:\WINDOWS\SYSTEM32\apphelp.dll
0x71740000 - 0x7175f000 	C:\WINDOWS\system32\dwmapi.dll
0x76060000 - 0x7614a000 	C:\WINDOWS\System32\ole32.dll
0x61740000 - 0x6176c000 	C:\Program Files (x86)\Arduino\lib\listSerialsj.dll
0x75a40000 - 0x75e4b000 	C:\WINDOWS\System32\SETUPAPI.dll
0x72820000 - 0x72833000 	C:\WINDOWS\SYSTEM32\CRYPTSP.dll
0x727f0000 - 0x7281f000 	C:\WINDOWS\system32\rsaenh.dll
0x72840000 - 0x7285b000 	C:\WINDOWS\SYSTEM32\bcrypt.dll
0x73b10000 - 0x73b2a000 	C:\WINDOWS\SYSTEM32\USERENV.dll
0x62990000 - 0x629a6000 	C:\Program Files (x86)\Arduino\java\bin\net.dll
0x731c0000 - 0x7320e000 	C:\WINDOWS\system32\mswsock.dll
0x72fd0000 - 0x72fff000 	C:\WINDOWS\SYSTEM32\IPHLPAPI.DLL
0x761a0000 - 0x761a7000 	C:\WINDOWS\System32\NSI.dll
0x72780000 - 0x72793000 	C:\WINDOWS\SYSTEM32\dhcpcsvc6.DLL
0x72760000 - 0x72774000 	C:\WINDOWS\SYSTEM32\dhcpcsvc.DLL
0x6bd90000 - 0x6bd9f000 	C:\Program Files (x86)\Arduino\java\bin\nio.dll
0x26c10000 - 0x26c4d000 	C:\Users\Roy\AppData\Local\Temp\jna-82364\jna449969084677809104.dll
0x61360000 - 0x61399000 	C:\Program Files (x86)\Arduino\java\bin\fontmanager.dll
0x61320000 - 0x61352000 	C:\Program Files (x86)\Arduino\java\bin\t2k.dll
0x719b0000 - 0x719d2000 	C:\WINDOWS\SYSTEM32\DEVOBJ.dll
0x76f30000 - 0x76f74000 	C:\WINDOWS\System32\WINTRUST.dll
0x76e60000 - 0x76e6e000 	C:\WINDOWS\System32\MSASN1.dll
0x76270000 - 0x763ed000 	C:\WINDOWS\System32\CRYPT32.dll
0x73a90000 - 0x73b0d000 	C:\WINDOWS\SYSTEM32\DNSAPI.dll
0x727a0000 - 0x727a8000 	C:\Windows\System32\rasadhlp.dll
0x71e50000 - 0x71e99000 	C:\WINDOWS\System32\fwpuclnt.dll
0x611d0000 - 0x61239000 	C:\Program Files (x86)\Arduino\msvcp100.dll
0x61110000 - 0x611ce000 	C:\Program Files (x86)\Arduino\msvcr100.dll
0x282b0000 - 0x282e2000 	C:\Program Files (x86)\Arduino\lib\AStylej.dll
0x610e0000 - 0x61104000 	C:\Program Files (x86)\Arduino\java\bin\dcpr.dll
0x76810000 - 0x76894000 	C:\WINDOWS\System32\clbcatq.dll
0x6be30000 - 0x6bf9e000 	C:\WINDOWS\SYSTEM32\WindowsCodecs.dll
0x6dac0000 - 0x6db04000 	C:\WINDOWS\system32\dataexchange.dll
0x64f00000 - 0x65130000 	C:\WINDOWS\system32\d3d11.dll
0x65130000 - 0x65243000 	C:\WINDOWS\system32\dcomp.dll
0x710d0000 - 0x71153000 	C:\WINDOWS\system32\dxgi.dll
0x64e00000 - 0x64ef1000 	C:\WINDOWS\system32\twinapi.appcore.dll
0x64000000 - 0x6401b000 	C:\Users\Roy\.jssc\windows\jSSC-2.8_x86.dll
0x5ab70000 - 0x5abad000 	C:\WINDOWS\SYSTEM32\edputil.dll
0x512c0000 - 0x513a0000 	C:\WINDOWS\SYSTEM32\OPENGL32.DLL
0x511d0000 - 0x512bd000 	C:\WINDOWS\SYSTEM32\DDRAW.dll
0x511a0000 - 0x511c5000 	C:\WINDOWS\SYSTEM32\GLU32.dll
0x524d0000 - 0x524d7000 	C:\WINDOWS\SYSTEM32\DCIMAN32.dll
0x50740000 - 0x5116a000 	C:\WINDOWS\System32\DriverStore\FileRepository\igdlh64.inf_amd64_75bf0d025ab049e0\ig9icd32.dll
0x71170000 - 0x7117f000 	C:\WINDOWS\SYSTEM32\WTSAPI32.dll
0x70e80000 - 0x70fc5000 	C:\WINDOWS\SYSTEM32\dbghelp.dll

VM Arguments:
jvm_args: -Dsun.java2d.d3d=false -Djna.nosys=true -DAPP_DIR=C:\Program Files (x86)\Arduino -Xms128M -Xmx512M 
java_command: processing.app.Base C:\Users\Roy\Desktop\Buggy Project Final\IDE Code\Buggy_Project\Buggy_Project.ino
java_class_path (initial): C:\Program Files (x86)\Arduino\lib\apple.jar;C:\Program Files (x86)\Arduino\lib\arduino-core.jar;C:\Program Files (x86)\Arduino\lib\batik-1.8.jar;C:\Program Files (x86)\Arduino\lib\batik-anim-1.8.jar;C:\Program Files (x86)\Arduino\lib\batik-awt-util-1.8.jar;C:\Program Files (x86)\Arduino\lib\batik-bridge-1.8.jar;C:\Program Files (x86)\Arduino\lib\batik-codec-1.8.jar;C:\Program Files (x86)\Arduino\lib\batik-css-1.8.jar;C:\Program Files (x86)\Arduino\lib\batik-dom-1.8.jar;C:\Program Files (x86)\Arduino\lib\batik-ext-1.8.jar;C:\Program Files (x86)\Arduino\lib\batik-gvt-1.8.jar;C:\Program Files (x86)\Arduino\lib\batik-parser-1.8.jar;C:\Program Files (x86)\Arduino\lib\batik-rasterizer-1.8.jar;C:\Program Files (x86)\Arduino\lib\batik-script-1.8.jar;C:\Program Files (x86)\Arduino\lib\batik-squiggle-1.8.jar;C:\Program Files (x86)\Arduino\lib\batik-svg-dom-1.8.jar;C:\Program Files (x86)\Arduino\lib\batik-svgpp-1.8.jar;C:\Program Files (x86)\Arduino\lib\batik-transcoder-1.8.jar;C:\Program Files (x86)\Arduino\lib\batik-util-1.8.jar;C:\Program Files (x86)\Arduino\lib\batik-xml-1.8.jar;C:\Program Files (x86)\Arduino\lib\bcpg-jdk15on-152.jar;C:\Program Files (x86)\Arduino\lib\bcprov-jdk15on-152.jar;C:\Program Files (x86)\Arduino\lib\commons-codec-1.7.jar;C:\Program Files (x86)\Arduino\lib\commons-compress-1.8.jar;C:\Program Files (x86)\Arduino\lib\commons-exec-1.1.jar;C:\Program Files (x86)\Arduino\lib\commons-httpclient-3.1.jar;C:\Program Files (x86)\Arduino\lib\commons-lang3-3.3.2.jar;C:\Program Files (x86)\Arduino\lib\commons-logging-1.0.4.jar;C:\Program Files (x86)\Arduino\lib\commons-net-3.3.jar;C:\Program Files (x86)\Arduino\lib\jackson-annotations-2.6.3.jar;C:\Program Files (x86)\Arduino\lib\jackson-core-2.6.3.jar;C:\Program Files (x86)\Arduino\lib\jackson-databind-2.6.3.jar;C:\Program Files (x86)\Arduino\lib\jackson-module-mrbean-2.6.3.jar;C:\Program Files (x86)\Arduino\lib\java-semver-0.8.0.jar;C:\Program Files (x86)\Arduino\lib\jmdns-3.4.1.j
Launcher Type: SUN_STANDARD

Environment Variables:
PATH=C:\Program Files\ImageMagick-7.0.3-Q8;C:\ProgramData\Oracle\Java\javapath;C:\Program Files (x86)\Intel\iCLS Client\;C:\Program Files\Intel\iCLS Client\;C:\Windows\system32;C:\Windows;C:\Windows\System32\Wbem;C:\Windows\System32\WindowsPowerShell\v1.0\;C:\Program Files (x86)\Intel\Intel(R) Management Engine Components\DAL;C:\Program Files\Intel\Intel(R) Management Engine Components\DAL;C:\Program Files (x86)\Intel\Intel(R) Management Engine Components\IPT;C:\Program Files\Intel\Intel(R) Management Engine Components\IPT;C:\Program Files (x86)\NVIDIA Corporation\PhysX\Common;C:\WINDOWS\system32\config\systemprofile\.dnx\bin;C:\Program Files\Microsoft DNX\Dnvm\;C:\Program Files\Microsoft SQL Server\Client SDK\ODBC\110\Tools\Binn\;C:\Program Files (x86)\Microsoft SQL Server\120\Tools\Binn\;C:\Program Files\Microsoft SQL Server\120\Tools\Binn\;C:\Program Files\Microsoft SQL Server\120\DTS\Binn\;C:\Program Files\nodejs\;C:\xampp\php;C:\ProgramData\ComposerSetup\bin;C:\WINDOWS\system32;C:\WINDOWS;C:\WINDOWS\System32\Wbem;C:\WINDOWS\System32\WindowsPowerShell\v1.0\;C:\Program Files (x86)\GtkSharp\2.12\bin;C:\Program Files (x86)\Windows Kits\8.1\Windows Performance Toolkit\;C:\Program Files\Git\cmd;C:\Strawberry\c\bin;C:\Strawberry\perl\site\bin;C:\Strawberry\perl\bin;C:\Program Files\MATLAB\R2016b\runtime\win64;C:\Program Files\MATLAB\R2016b\bin;C:\Program Files\Intel\WiFi\bin\;C:\Program Files\Common Files\Intel\WirelessCommon\;C:\Program Files (x86)\PuTTY\;C:\Program Files (x86)\Skype\Phone\;C:\Users\Roy\AppData\Local\Programs\Python\Python35\Scripts\;C:\Users\Roy\AppData\Local\Programs\Python\Python35\;C:\Program Files\Intel\WiFi\bin\;C:\Program Files\Common Files\Intel\WirelessCommon\;C:\Users\Roy\AppData\Roaming\npm;C:\Program Files\CMake\bin;C:\Windows\System32;C:\MinGW\bin;C:\Users\Roy\AppData\Local\Microsoft\WindowsApps;C:\Users\Roy\Documents\OpenCV2\opencv\build\x86\vc11\bin;C:\Program Files (x86)\Arduino\java\bin
USERNAME=Roy
OS=Windows_NT
PROCESSOR_IDENTIFIER=Intel64 Family 6 Model 78 Stepping 3, GenuineIntel



---------------  S Y S T E M  ---------------

OS: Windows 10.0 , 64 bit Build 14393 (10.0.14393.0)

CPU:total 4 (2 cores per cpu, 2 threads per core) family 6 model 78 stepping 3, cmov, cx8, fxsr, mmx, sse, sse2, sse3, ssse3, sse4.1, sse4.2, popcnt, avx, avx2, aes, clmul, erms, 3dnowpref, lzcnt, ht, tsc, tscinvbit, bmi1, bmi2, adx

Memory: 4k page, physical 16607712k(9559660k free), swap 19098080k(10697392k free)

vm_info: Java HotSpot(TM) Client VM (25.92-b14) for windows-x86 JRE (1.8.0_92-b14), built on Mar 31 2016 21:09:21 by "java_re" with MS VC++ 10.0 (VS2010)

time: Tue Mar 21 15:17:48 2017
elapsed time: 7749 seconds (0d 2h 9m 9s)

