#
# A fatal error has been detected by the Java Runtime Environment:
#
#  EXCEPTION_ACCESS_VIOLATION (0xc0000005) at pc=0x617493cd, pid=17492, tid=0x000035b4
#
# JRE version: Java(TM) SE Runtime Environment (8.0_92-b14) (build 1.8.0_92-b14)
# Java VM: Java HotSpot(TM) Client VM (25.92-b14 mixed mode windows-x86 )
# Problematic frame:
# C  [listSerialsj.dll+0x93cd]
#
# Failed to write core dump. Minidumps are not enabled by default on client versions of Windows
#
# If you would like to submit a bug report, please visit:
#   http://bugreport.java.com/bugreport/crash.jsp
# The crash happened outside the Java Virtual Machine in native code.
# See problematic frame for where to report the bug.
#

---------------  T H R E A D  ---------------

Current thread (0x276ccc00):  JavaThread "cc.arduino.packages.discoverers.serial.SerialBoardsLister" [_thread_in_native, id=13748, stack(0x02d30000,0x02d80000)]

siginfo: ExceptionCode=0xc0000005, writing address 0x00000000

Registers:
EAX=0x00000000, EBX=0x00000be4, ECX=0x00000000, EDX=0x00000001
ESP=0x02d7e840, EBP=0x02d7ec98, ESI=0x00000001, EDI=0x28dae0b8
EIP=0x617493cd, EFLAGS=0x00010246

Top of Stack: (sp=0x02d7e840)
0x02d7e840:   01361550 0000002e 00000002 00000000
0x02d7e850:   00000003 00000000 00000000 00000000
0x02d7e860:   02d7ef30 02d7e8b4 0000006c 75a6a540
0x02d7e870:   29287e30 00d7e940 28dadfd0 0000008c
0x02d7e880:   02d7e920 02e3bbd0 0000005d 00000002
0x02d7e890:   00000001 0000006c 00000057 0000008e
0x02d7e8a0:   008ee920 00000000 374d4f43 00d7ee00
0x02d7e8b0:   00425355 02d7e8c8 65cae1f8 65cb6d28 

Instructions: (pc=0x617493cd)
0x617493ad:   8b 45 08 8b 90 94 00 00 00 85 d2 74 16 8b 40 2c
0x617493bd:   c7 44 24 04 2e 00 00 00 89 04 24 e8 73 14 00 00
0x617493cd:   c6 00 00 8d 85 04 fc ff ff 89 44 24 18 8d 85 0a
0x617493dd:   fc ff ff 89 44 24 10 a1 e4 01 75 61 c7 85 04 fc 


Register to memory mapping:

EAX=0x00000000 is an unknown value
EBX=0x00000be4 is an unknown value
ECX=0x00000000 is an unknown value
EDX=0x00000001 is an unknown value
ESP=0x02d7e840 is pointing into the stack for thread: 0x276ccc00
EBP=0x02d7ec98 is pointing into the stack for thread: 0x276ccc00
ESI=0x00000001 is an unknown value
EDI=0x28dae0b8 is an unknown value


Stack: [0x02d30000,0x02d80000],  sp=0x02d7e840,  free space=314k
Native frames: (J=compiled Java code, j=interpreted, Vv=VM code, C=native code)
C  [listSerialsj.dll+0x93cd]
C  [listSerialsj.dll+0x2211]

Java frames: (J=compiled Java code, j=interpreted, Vv=VM code)
j  processing.app.Platform.listSerialsNative()[Ljava/lang/String;+0
J 34407 C1 cc.arduino.packages.discoverers.serial.SerialBoardsLister.retriggerDiscovery(Z)V (751 bytes) @ 0x03088aa4 [0x03088950+0x154]
j  cc.arduino.packages.discoverers.serial.SerialBoardsLister.run()V+9
J 4461% C1 java.util.TimerThread.mainLoop()V (232 bytes) @ 0x02f83954 [0x02f83520+0x434]
j  java.util.TimerThread.run()V+1
v  ~StubRoutines::call_stub

---------------  P R O C E S S  ---------------

Java Threads: ( => current thread )
  0x2772b000 JavaThread "JmDNS(LAPTOP-FNEF10JN-bris-ac-uk.local.).Timer" daemon [_thread_blocked, id=16500, stack(0x285a0000,0x285f0000)]
  0x27731800 JavaThread "JmDNS(LAPTOP-FNEF10JN-bris-ac-uk.local.).State.Timer" [_thread_blocked, id=14552, stack(0x28510000,0x28560000)]
  0x27731000 JavaThread "JmDNS(LAPTOP-FNEF10JN-bris-ac-uk.local.).Timer" daemon [_thread_blocked, id=15392, stack(0x28480000,0x284d0000)]
  0x27730400 JavaThread "SocketListener(LAPTOP-FNEF10JN-bris-ac-uk.local.)" daemon [_thread_in_native, id=15708, stack(0x283f0000,0x28440000)]
  0x2772cc00 JavaThread "JmDNS(LAPTOP-FNEF10JN-bris-ac-uk.local.).Timer" daemon [_thread_blocked, id=15292, stack(0x28360000,0x283b0000)]
  0x27886c00 JavaThread "JmDNS(LAPTOP-FNEF10JN-bris-ac-uk.local.).State.Timer" [_thread_blocked, id=8252, stack(0x282d0000,0x28320000)]
  0x27886000 JavaThread "JmDNS(LAPTOP-FNEF10JN-bris-ac-uk.local.).Timer" daemon [_thread_blocked, id=18840, stack(0x28240000,0x28290000)]
  0x27885400 JavaThread "SocketListener(LAPTOP-FNEF10JN-bris-ac-uk.local.)" daemon [_thread_in_native, id=14724, stack(0x272e0000,0x27330000)]
  0x27882400 JavaThread "JmDNS(LAPTOP-FNEF10JN-bris-ac-uk.local.).Timer" daemon [_thread_blocked, id=8756, stack(0x26e40000,0x26e90000)]
  0x27885c00 JavaThread "JmDNS(LAPTOP-FNEF10JN-bris-ac-uk.local.).State.Timer" [_thread_blocked, id=17912, stack(0x26db0000,0x26e00000)]
  0x27885000 JavaThread "JmDNS(LAPTOP-FNEF10JN-bris-ac-uk.local.).Timer" daemon [_thread_blocked, id=18668, stack(0x26d20000,0x26d70000)]
  0x27884800 JavaThread "SocketListener(LAPTOP-FNEF10JN-bris-ac-uk.local.)" daemon [_thread_in_native, id=6764, stack(0x26c90000,0x26ce0000)]
  0x27881c00 JavaThread "JmDNS(LAPTOP-FNEF10JN-bris-ac-uk.local.).Timer" daemon [_thread_blocked, id=768, stack(0x26c00000,0x26c50000)]
  0x27889400 JavaThread "JmDNS(LAPTOP-FNEF10JN-bris-ac-uk.local.).State.Timer" [_thread_blocked, id=14452, stack(0x26b70000,0x26bc0000)]
  0x27884000 JavaThread "JmDNS(LAPTOP-FNEF10JN-bris-ac-uk.local.).Timer" daemon [_thread_blocked, id=18580, stack(0x26ae0000,0x26b30000)]
  0x27882800 JavaThread "SocketListener(LAPTOP-FNEF10JN-bris-ac-uk.local.)" daemon [_thread_in_native, id=9300, stack(0x269c0000,0x26a10000)]
  0x27888800 JavaThread "JmDNS(LAPTOP-FNEF10JN-bris-ac-uk.local.).Timer" daemon [_thread_blocked, id=10148, stack(0x26930000,0x26980000)]
  0x27888c00 JavaThread "JmDNS(LAPTOP-FNEF10JN-bris-ac-uk.local.).State.Timer" [_thread_blocked, id=7460, stack(0x02c80000,0x02cd0000)]
  0x27887c00 JavaThread "JmDNS(LAPTOP-FNEF10JN-bris-ac-uk.local.).Timer" daemon [_thread_blocked, id=8696, stack(0x02940000,0x02990000)]
  0x27883c00 JavaThread "SocketListener(LAPTOP-FNEF10JN-bris-ac-uk.local.)" daemon [_thread_in_native, id=10192, stack(0x01120000,0x01170000)]
  0x27730800 JavaThread "EventThread COM3" [_thread_in_native, id=18372, stack(0x26a50000,0x26aa0000)]
  0x27886800 JavaThread "DestroyJavaVM" [_thread_blocked, id=12408, stack(0x029e0000,0x02a30000)]
  0x27887400 JavaThread "TimerQueue" daemon [_thread_blocked, id=13600, stack(0x29b60000,0x29bb0000)]
  0x27883400 JavaThread "AWT-EventQueue-0" [_thread_blocked, id=15728, stack(0x291a0000,0x291f0000)]
  0x27888000 JavaThread "AWT-Shutdown" [_thread_blocked, id=368, stack(0x29110000,0x29160000)]
  0x27883000 JavaThread "Batik CleanerThread" daemon [_thread_blocked, id=14028, stack(0x28bb0000,0x28c00000)]
  0x276e5400 JavaThread "cc.arduino.packages.discoverers.network.BoardReachabilityFilter" [_thread_blocked, id=15464, stack(0x27180000,0x271d0000)]
  0x276cd400 JavaThread "cc.arduino.packages.discoverers.network.NetworkChecker" [_thread_in_native, id=12876, stack(0x26560000,0x265b0000)]
=>0x276ccc00 JavaThread "cc.arduino.packages.discoverers.serial.SerialBoardsLister" [_thread_in_native, id=13748, stack(0x02d30000,0x02d80000)]
  0x260cec00 JavaThread "AWT-Windows" daemon [_thread_in_native, id=16952, stack(0x265f0000,0x26640000)]
  0x260cd400 JavaThread "Java2D Disposer" daemon [_thread_blocked, id=14752, stack(0x264d0000,0x26520000)]
  0x25518400 JavaThread "Service Thread" daemon [_thread_blocked, id=12968, stack(0x25ec0000,0x25f10000)]
  0x25510800 JavaThread "C1 CompilerThread0" daemon [_thread_blocked, id=15340, stack(0x25e30000,0x25e80000)]
  0x2550f000 JavaThread "Attach Listener" daemon [_thread_blocked, id=18152, stack(0x25da0000,0x25df0000)]
  0x2550d000 JavaThread "Signal Dispatcher" daemon [_thread_blocked, id=16160, stack(0x25d10000,0x25d60000)]
  0x254fac00 JavaThread "Finalizer" daemon [_thread_blocked, id=6224, stack(0x25b90000,0x25be0000)]
  0x254e4c00 JavaThread "Reference Handler" daemon [_thread_blocked, id=16036, stack(0x25b00000,0x25b50000)]

Other Threads:
  0x02c3e000 VMThread [stack: 0x02ac0000,0x02b10000] [id=13984]
  0x2551cc00 WatcherThread [stack: 0x25f50000,0x25fa0000] [id=17204]

VM state:not at safepoint (normal execution)

VM Mutex/Monitor currently owned by a thread: None

Heap:
 def new generation   total 39424K, used 11895K [0x05000000, 0x07ac0000, 0x0faa0000)
  eden space 35072K,  33% used [0x05000000, 0x05b9d6a0, 0x07240000)
  from space 4352K,   0% used [0x07240000, 0x07240670, 0x07680000)
  to   space 4352K,   0% used [0x07680000, 0x07680000, 0x07ac0000)
 tenured generation   total 87424K, used 57835K [0x0faa0000, 0x15000000, 0x25000000)
   the space 87424K,  66% used [0x0faa0000, 0x1331aff8, 0x1331b000, 0x15000000)
 Metaspace       used 19026K, capacity 19481K, committed 19712K, reserved 19840K

Card table byte_map: [0x04e10000,0x04f20000] byte_map_base: 0x04de8000

Polling page: 0x01350000

CodeCache: size=32768Kb used=1766Kb max_used=4485Kb free=31001Kb
 bounds [0x02d90000, 0x031f8000, 0x04d90000]
 total_blobs=1081 nmethods=803 adapters=207
 compilation: enabled

Compilation events (10 events):
Event: 42820.526 Thread 0x25510800 43303             java.net.NetworkInterface$1checkedAddresses::nextElement (36 bytes)
Event: 42820.527 Thread 0x25510800 nmethod 43303 0x02e6f408 code [0x02e6f510, 0x02e6f63c]
Event: 42829.408 Thread 0x25510800 43304             java.util.stream.AbstractPipeline::wrapSink (37 bytes)
Event: 42829.409 Thread 0x25510800 nmethod 43304 0x02eaabc8 code [0x02eaace0, 0x02eaae28]
Event: 42924.849 Thread 0x25510800 43305             java.net.NetworkInterface$2::hasMoreElements (25 bytes)
Event: 42924.849 Thread 0x25510800 nmethod 43305 0x02f74988 code [0x02f74a80, 0x02f74b30]
Event: 42977.270 Thread 0x25510800 43306             java.util.WeakHashMap$KeyIterator::next (8 bytes)
Event: 42977.270 Thread 0x25510800 nmethod 43306 0x02e8e548 code [0x02e8e650, 0x02e8e6fc]
Event: 42977.271 Thread 0x25510800 43307             java.util.WeakHashMap$Entry::getKey (8 bytes)
Event: 42977.271 Thread 0x25510800 nmethod 43307 0x02e52808 code [0x02e52900, 0x02e52990]

GC Heap History (10 events):
Event: 42951.287 GC heap before
{Heap before GC invocations=3172 (full 2):
 def new generation   total 39424K, used 35075K [0x05000000, 0x07ac0000, 0x0faa0000)
  eden space 35072K, 100% used [0x05000000, 0x07240000, 0x07240000)
  from space 4352K,   0% used [0x07680000, 0x07680df8, 0x07ac0000)
  to   space 4352K,   0% used [0x07240000, 0x07240000, 0x07680000)
 tenured generation   total 87424K, used 57835K [0x0faa0000, 0x15000000, 0x25000000)
   the space 87424K,  66% used [0x0faa0000, 0x1331aff8, 0x1331b000, 0x15000000)
 Metaspace       used 19026K, capacity 19481K, committed 19712K, reserved 19840K
Event: 42951.290 GC heap after
Heap after GC invocations=3173 (full 2):
 def new generation   total 39424K, used 2K [0x05000000, 0x07ac0000, 0x0faa0000)
  eden space 35072K,   0% used [0x05000000, 0x05000000, 0x07240000)
  from space 4352K,   0% used [0x07240000, 0x072409e0, 0x07680000)
  to   space 4352K,   0% used [0x07680000, 0x07680000, 0x07ac0000)
 tenured generation   total 87424K, used 57835K [0x0faa0000, 0x15000000, 0x25000000)
   the space 87424K,  66% used [0x0faa0000, 0x1331aff8, 0x1331b000, 0x15000000)
 Metaspace       used 19026K, capacity 19481K, committed 19712K, reserved 19840K
}
Event: 42962.203 GC heap before
{Heap before GC invocations=3173 (full 2):
 def new generation   total 39424K, used 35074K [0x05000000, 0x07ac0000, 0x0faa0000)
  eden space 35072K, 100% used [0x05000000, 0x07240000, 0x07240000)
  from space 4352K,   0% used [0x07240000, 0x072409e0, 0x07680000)
  to   space 4352K,   0% used [0x07680000, 0x07680000, 0x07ac0000)
 tenured generation   total 87424K, used 57835K [0x0faa0000, 0x15000000, 0x25000000)
   the space 87424K,  66% used [0x0faa0000, 0x1331aff8, 0x1331b000, 0x15000000)
 Metaspace       used 19026K, capacity 19481K, committed 19712K, reserved 19840K
Event: 42962.205 GC heap after
Heap after GC invocations=3174 (full 2):
 def new generation   total 39424K, used 1K [0x05000000, 0x07ac0000, 0x0faa0000)
  eden space 35072K,   0% used [0x05000000, 0x05000000, 0x07240000)
  from space 4352K,   0% used [0x07680000, 0x07680628, 0x07ac0000)
  to   space 4352K,   0% used [0x07240000, 0x07240000, 0x07680000)
 tenured generation   total 87424K, used 57835K [0x0faa0000, 0x15000000, 0x25000000)
   the space 87424K,  66% used [0x0faa0000, 0x1331aff8, 0x1331b000, 0x15000000)
 Metaspace       used 19026K, capacity 19481K, committed 19712K, reserved 19840K
}
Event: 42973.789 GC heap before
{Heap before GC invocations=3174 (full 2):
 def new generation   total 39424K, used 35073K [0x05000000, 0x07ac0000, 0x0faa0000)
  eden space 35072K, 100% used [0x05000000, 0x07240000, 0x07240000)
  from space 4352K,   0% used [0x07680000, 0x07680628, 0x07ac0000)
  to   space 4352K,   0% used [0x07240000, 0x07240000, 0x07680000)
 tenured generation   total 87424K, used 57835K [0x0faa0000, 0x15000000, 0x25000000)
   the space 87424K,  66% used [0x0faa0000, 0x1331aff8, 0x1331b000, 0x15000000)
 Metaspace       used 19026K, capacity 19481K, committed 19712K, reserved 19840K
Event: 42973.791 GC heap after
Heap after GC invocations=3175 (full 2):
 def new generation   total 39424K, used 1K [0x05000000, 0x07ac0000, 0x0faa0000)
  eden space 35072K,   0% used [0x05000000, 0x05000000, 0x07240000)
  from space 4352K,   0% used [0x07240000, 0x07240670, 0x07680000)
  to   space 4352K,   0% used [0x07680000, 0x07680000, 0x07ac0000)
 tenured generation   total 87424K, used 57835K [0x0faa0000, 0x15000000, 0x25000000)
   the space 87424K,  66% used [0x0faa0000, 0x1331aff8, 0x1331b000, 0x15000000)
 Metaspace       used 19026K, capacity 19481K, committed 19712K, reserved 19840K
}
Event: 42984.997 GC heap before
{Heap before GC invocations=3175 (full 2):
 def new generation   total 39424K, used 35073K [0x05000000, 0x07ac0000, 0x0faa0000)
  eden space 35072K, 100% used [0x05000000, 0x07240000, 0x07240000)
  from space 4352K,   0% used [0x07240000, 0x07240670, 0x07680000)
  to   space 4352K,   0% used [0x07680000, 0x07680000, 0x07ac0000)
 tenured generation   total 87424K, used 57835K [0x0faa0000, 0x15000000, 0x25000000)
   the space 87424K,  66% used [0x0faa0000, 0x1331aff8, 0x1331b000, 0x15000000)
 Metaspace       used 19026K, capacity 19481K, committed 19712K, reserved 19840K
Event: 42985.000 GC heap after
Heap after GC invocations=3176 (full 2):
 def new generation   total 39424K, used 1K [0x05000000, 0x07ac0000, 0x0faa0000)
  eden space 35072K,   0% used [0x05000000, 0x05000000, 0x07240000)
  from space 4352K,   0% used [0x07680000, 0x07680678, 0x07ac0000)
  to   space 4352K,   0% used [0x07240000, 0x07240000, 0x07680000)
 tenured generation   total 87424K, used 57835K [0x0faa0000, 0x15000000, 0x25000000)
   the space 87424K,  66% used [0x0faa0000, 0x1331aff8, 0x1331b000, 0x15000000)
 Metaspace       used 19026K, capacity 19481K, committed 19712K, reserved 19840K
}
Event: 42996.308 GC heap before
{Heap before GC invocations=3176 (full 2):
 def new generation   total 39424K, used 35073K [0x05000000, 0x07ac0000, 0x0faa0000)
  eden space 35072K, 100% used [0x05000000, 0x07240000, 0x07240000)
  from space 4352K,   0% used [0x07680000, 0x07680678, 0x07ac0000)
  to   space 4352K,   0% used [0x07240000, 0x07240000, 0x07680000)
 tenured generation   total 87424K, used 57835K [0x0faa0000, 0x15000000, 0x25000000)
   the space 87424K,  66% used [0x0faa0000, 0x1331aff8, 0x1331b000, 0x15000000)
 Metaspace       used 19026K, capacity 19481K, committed 19712K, reserved 19840K
Event: 42996.311 GC heap after
Heap after GC invocations=3177 (full 2):
 def new generation   total 39424K, used 1K [0x05000000, 0x07ac0000, 0x0faa0000)
  eden space 35072K,   0% used [0x05000000, 0x05000000, 0x07240000)
  from space 4352K,   0% used [0x07240000, 0x07240670, 0x07680000)
  to   space 4352K,   0% used [0x07680000, 0x07680000, 0x07ac0000)
 tenured generation   total 87424K, used 57835K [0x0faa0000, 0x15000000, 0x25000000)
   the space 87424K,  66% used [0x0faa0000, 0x1331aff8, 0x1331b000, 0x15000000)
 Metaspace       used 19026K, capacity 19481K, committed 19712K, reserved 19840K
}

Deoptimization events (0 events):
No events

Internal exceptions (10 events):
Event: 30246.507 Thread 0x2772b000 Exception <a 'java/net/SocketException': socket closed> (0x06029f30) thrown at [C:\workspace\8-2-build-windows-i586-cygwin\jdk8u92\6642\hotspot\src\share\vm\prims\jni.cpp, line 735]
Event: 30252.543 Thread 0x2772d800 Exception <a 'java/net/SocketException': socket closed> (0x06fc06c8) thrown at [C:\workspace\8-2-build-windows-i586-cygwin\jdk8u92\6642\hotspot\src\share\vm\prims\jni.cpp, line 735]
Event: 35890.915 Thread 0x27730400 Exception <a 'java/net/SocketException': socket closed> (0x06df4550) thrown at [C:\workspace\8-2-build-windows-i586-cygwin\jdk8u92\6642\hotspot\src\share\vm\prims\jni.cpp, line 735]
Event: 35911.957 Thread 0x27886c00 Exception <a 'java/net/SocketException': socket closed> (0x07115e50) thrown at [C:\workspace\8-2-build-windows-i586-cygwin\jdk8u92\6642\hotspot\src\share\vm\prims\jni.cpp, line 735]
Event: 38121.311 Thread 0x27731000 Exception <a 'java/net/SocketException': socket closed> (0x052f0a28) thrown at [C:\workspace\8-2-build-windows-i586-cygwin\jdk8u92\6642\hotspot\src\share\vm\prims\jni.cpp, line 735]
Event: 38127.602 Thread 0x27882800 Exception <a 'java/net/SocketException': socket closed> (0x05498008) thrown at [C:\workspace\8-2-build-windows-i586-cygwin\jdk8u92\6642\hotspot\src\share\vm\prims\jni.cpp, line 735]
Event: 38143.766 Thread 0x27888c00 Exception <a 'java/net/SocketException': socket closed> (0x06f15ed8) thrown at [C:\workspace\8-2-build-windows-i586-cygwin\jdk8u92\6642\hotspot\src\share\vm\prims\jni.cpp, line 735]
Event: 42322.030 Thread 0x2772cc00 Exception <a 'java/net/SocketException': socket closed> (0x05c2f9b8) thrown at [C:\workspace\8-2-build-windows-i586-cygwin\jdk8u92\6642\hotspot\src\share\vm\prims\jni.cpp, line 735]
Event: 42327.318 Thread 0x2772d800 Exception <a 'java/net/SocketException': socket closed> (0x05d0e5d0) thrown at [C:\workspace\8-2-build-windows-i586-cygwin\jdk8u92\6642\hotspot\src\share\vm\prims\jni.cpp, line 735]
Event: 42332.616 Thread 0x2772e400 Exception <a 'java/net/SocketException': socket closed> (0x05e8d918) thrown at [C:\workspace\8-2-build-windows-i586-cygwin\jdk8u92\6642\hotspot\src\share\vm\prims\jni.cpp, line 735]

Events (10 events):
Event: 42962.202 Executing VM operation: GenCollectForAllocation
Event: 42962.205 Executing VM operation: GenCollectForAllocation done
Event: 42973.789 Executing VM operation: GenCollectForAllocation
Event: 42973.791 Executing VM operation: GenCollectForAllocation done
Event: 42977.271 Thread 0x25510800 flushing nmethod 0x03174988
Event: 42977.271 Thread 0x25510800 flushing nmethod 0x0318d708
Event: 42984.996 Executing VM operation: GenCollectForAllocation
Event: 42985.000 Executing VM operation: GenCollectForAllocation done
Event: 42996.308 Executing VM operation: GenCollectForAllocation
Event: 42996.311 Executing VM operation: GenCollectForAllocation done


Dynamic libraries:
0x01370000 - 0x013a3000 	C:\Program Files (x86)\Arduino\java\bin\javaw.exe
0x770e0000 - 0x77263000 	C:\WINDOWS\SYSTEM32\ntdll.dll
0x73cb0000 - 0x73d90000 	C:\WINDOWS\System32\KERNEL32.DLL
0x75630000 - 0x757d1000 	C:\WINDOWS\System32\KERNELBASE.dll
0x740f0000 - 0x74167000 	C:\WINDOWS\System32\ADVAPI32.dll
0x76e70000 - 0x76f2e000 	C:\WINDOWS\System32\msvcrt.dll
0x75eb0000 - 0x75ef1000 	C:\WINDOWS\System32\sechost.dll
0x76400000 - 0x764c1000 	C:\WINDOWS\System32\RPCRT4.dll
0x73ba0000 - 0x73bbe000 	C:\WINDOWS\System32\SspiCli.dll
0x73b90000 - 0x73b9a000 	C:\WINDOWS\System32\CRYPTBASE.dll
0x75550000 - 0x755aa000 	C:\WINDOWS\System32\bcryptPrimitives.dll
0x76f80000 - 0x770df000 	C:\WINDOWS\System32\USER32.dll
0x755b0000 - 0x755c5000 	C:\WINDOWS\System32\win32u.dll
0x766f0000 - 0x7671b000 	C:\WINDOWS\System32\GDI32.dll
0x75f00000 - 0x7605b000 	C:\WINDOWS\System32\gdi32full.dll
0x70690000 - 0x7089a000 	C:\WINDOWS\WinSxS\x86_microsoft.windows.common-controls_6595b64144ccf1df_6.0.14393.953_none_89c2555adb023171\COMCTL32.dll
0x73d90000 - 0x73fa1000 	C:\WINDOWS\System32\combase.dll
0x76720000 - 0x76800000 	C:\WINDOWS\System32\ucrtbase.dll
0x75950000 - 0x75975000 	C:\WINDOWS\System32\IMM32.DLL
0x6bdc0000 - 0x6be7f000 	C:\Program Files (x86)\Arduino\java\bin\msvcr100.dll
0x65c50000 - 0x6601b000 	C:\Program Files (x86)\Arduino\java\bin\client\jvm.dll
0x763f0000 - 0x763f6000 	C:\WINDOWS\System32\PSAPI.DLL
0x727e0000 - 0x727e8000 	C:\WINDOWS\SYSTEM32\WSOCK32.dll
0x72d30000 - 0x72d54000 	C:\WINDOWS\SYSTEM32\WINMM.dll
0x739d0000 - 0x739d8000 	C:\WINDOWS\SYSTEM32\VERSION.dll
0x76570000 - 0x765d3000 	C:\WINDOWS\System32\WS2_32.dll
0x72ad0000 - 0x72af3000 	C:\WINDOWS\SYSTEM32\WINMMBASE.dll
0x76150000 - 0x76186000 	C:\WINDOWS\System32\cfgmgr32.dll
0x6fec0000 - 0x6fef1000 	C:\Program Files (x86)\Arduino\java\bin\splashscreen.dll
0x71740000 - 0x717b5000 	C:\WINDOWS\system32\uxtheme.dll
0x710b0000 - 0x710bc000 	C:\Program Files (x86)\Arduino\java\bin\verify.dll
0x6fe60000 - 0x6fe81000 	C:\Program Files (x86)\Arduino\java\bin\java.dll
0x73fb0000 - 0x740e5000 	C:\WINDOWS\System32\MSCTF.dll
0x764d0000 - 0x76564000 	C:\WINDOWS\System32\OLEAUT32.dll
0x76670000 - 0x766eb000 	C:\WINDOWS\System32\msvcp_win.dll
0x70270000 - 0x70283000 	C:\Program Files (x86)\Arduino\java\bin\zip.dll
0x75a30000 - 0x75a3d000 	C:\WINDOWS\System32\kernel.appcore.dll
0x74170000 - 0x75549000 	C:\WINDOWS\System32\SHELL32.dll
0x768f0000 - 0x76e5e000 	C:\WINDOWS\System32\windows.storage.dll
0x768a0000 - 0x768e5000 	C:\WINDOWS\System32\powrprof.dll
0x75980000 - 0x759c6000 	C:\WINDOWS\System32\shlwapi.dll
0x765e0000 - 0x76668000 	C:\WINDOWS\System32\shcore.dll
0x76190000 - 0x7619f000 	C:\WINDOWS\System32\profapi.dll
0x65b00000 - 0x65c45000 	C:\Program Files (x86)\Arduino\java\bin\awt.dll
0x701d0000 - 0x70262000 	C:\WINDOWS\SYSTEM32\apphelp.dll
0x71010000 - 0x7102f000 	C:\WINDOWS\system32\dwmapi.dll
0x76060000 - 0x7614a000 	C:\WINDOWS\System32\ole32.dll
0x61740000 - 0x6176c000 	C:\Program Files (x86)\Arduino\lib\listSerialsj.dll
0x75a40000 - 0x75e4b000 	C:\WINDOWS\System32\SETUPAPI.dll
0x72820000 - 0x72833000 	C:\WINDOWS\SYSTEM32\CRYPTSP.dll
0x727f0000 - 0x7281f000 	C:\WINDOWS\system32\rsaenh.dll
0x72840000 - 0x7285b000 	C:\WINDOWS\SYSTEM32\bcrypt.dll
0x73b10000 - 0x73b2a000 	C:\WINDOWS\SYSTEM32\USERENV.dll
0x6c4e0000 - 0x6c4f6000 	C:\Program Files (x86)\Arduino\java\bin\net.dll
0x731c0000 - 0x7320e000 	C:\WINDOWS\system32\mswsock.dll
0x72fd0000 - 0x72fff000 	C:\WINDOWS\SYSTEM32\IPHLPAPI.DLL
0x761a0000 - 0x761a7000 	C:\WINDOWS\System32\NSI.dll
0x72780000 - 0x72793000 	C:\WINDOWS\SYSTEM32\dhcpcsvc6.DLL
0x72760000 - 0x72774000 	C:\WINDOWS\SYSTEM32\dhcpcsvc.DLL
0x70fd0000 - 0x70fdf000 	C:\Program Files (x86)\Arduino\java\bin\nio.dll
0x27000000 - 0x2703d000 	C:\Users\Roy\AppData\Local\Temp\jna-82364\jna7503499764633227416.dll
0x6c4a0000 - 0x6c4d9000 	C:\Program Files (x86)\Arduino\java\bin\fontmanager.dll
0x6bcf0000 - 0x6bd22000 	C:\Program Files (x86)\Arduino\java\bin\t2k.dll
0x73a90000 - 0x73b0d000 	C:\WINDOWS\SYSTEM32\DNSAPI.dll
0x727a0000 - 0x727a8000 	C:\Windows\System32\rasadhlp.dll
0x71e50000 - 0x71e99000 	C:\WINDOWS\System32\fwpuclnt.dll
0x63680000 - 0x636e9000 	C:\Program Files (x86)\Arduino\msvcp100.dll
0x635c0000 - 0x6367e000 	C:\Program Files (x86)\Arduino\msvcr100.dll
0x286c0000 - 0x286f2000 	C:\Program Files (x86)\Arduino\lib\AStylej.dll
0x6bcc0000 - 0x6bce4000 	C:\Program Files (x86)\Arduino\java\bin\dcpr.dll
0x76810000 - 0x76894000 	C:\WINDOWS\System32\clbcatq.dll
0x67640000 - 0x677ae000 	C:\WINDOWS\SYSTEM32\WindowsCodecs.dll
0x6dab0000 - 0x6daf4000 	C:\WINDOWS\system32\dataexchange.dll
0x67160000 - 0x67273000 	C:\WINDOWS\system32\dcomp.dll
0x67280000 - 0x674b0000 	C:\WINDOWS\system32\d3d11.dll
0x70410000 - 0x70493000 	C:\WINDOWS\system32\dxgi.dll
0x67060000 - 0x67151000 	C:\WINDOWS\system32\twinapi.appcore.dll
0x719b0000 - 0x719d2000 	C:\WINDOWS\SYSTEM32\DEVOBJ.dll
0x76f30000 - 0x76f74000 	C:\WINDOWS\System32\WINTRUST.dll
0x76e60000 - 0x76e6e000 	C:\WINDOWS\System32\MSASN1.dll
0x76270000 - 0x763ed000 	C:\WINDOWS\System32\CRYPT32.dll
0x64000000 - 0x6401b000 	C:\Users\Roy\.jssc\windows\jSSC-2.8_x86.dll
0x6ff10000 - 0x6fff0000 	C:\WINDOWS\SYSTEM32\OPENGL32.DLL
0x634c0000 - 0x634e5000 	C:\WINDOWS\SYSTEM32\GLU32.dll
0x576b0000 - 0x5779d000 	C:\WINDOWS\SYSTEM32\DDRAW.dll
0x6ff00000 - 0x6ff07000 	C:\WINDOWS\SYSTEM32\DCIMAN32.dll
0x2ab80000 - 0x2b5aa000 	C:\WINDOWS\System32\DriverStore\FileRepository\igdlh64.inf_amd64_75bf0d025ab049e0\ig9icd32.dll
0x717d0000 - 0x717df000 	C:\WINDOWS\SYSTEM32\WTSAPI32.dll
0x70e80000 - 0x70fc5000 	C:\WINDOWS\SYSTEM32\dbghelp.dll

VM Arguments:
jvm_args: -Dsun.java2d.d3d=false -Djna.nosys=true -DAPP_DIR=C:\Program Files (x86)\Arduino -Xms128M -Xmx512M 
java_command: processing.app.Base C:\Users\Roy\Desktop\Buggy Project Final\IDE Code\Buggy_Project\Buggy_Project.ino
java_class_path (initial): C:\Program Files (x86)\Arduino\lib\apple.jar;C:\Program Files (x86)\Arduino\lib\arduino-core.jar;C:\Program Files (x86)\Arduino\lib\batik-1.8.jar;C:\Program Files (x86)\Arduino\lib\batik-anim-1.8.jar;C:\Program Files (x86)\Arduino\lib\batik-awt-util-1.8.jar;C:\Program Files (x86)\Arduino\lib\batik-bridge-1.8.jar;C:\Program Files (x86)\Arduino\lib\batik-codec-1.8.jar;C:\Program Files (x86)\Arduino\lib\batik-css-1.8.jar;C:\Program Files (x86)\Arduino\lib\batik-dom-1.8.jar;C:\Program Files (x86)\Arduino\lib\batik-ext-1.8.jar;C:\Program Files (x86)\Arduino\lib\batik-gvt-1.8.jar;C:\Program Files (x86)\Arduino\lib\batik-parser-1.8.jar;C:\Program Files (x86)\Arduino\lib\batik-rasterizer-1.8.jar;C:\Program Files (x86)\Arduino\lib\batik-script-1.8.jar;C:\Program Files (x86)\Arduino\lib\batik-squiggle-1.8.jar;C:\Program Files (x86)\Arduino\lib\batik-svg-dom-1.8.jar;C:\Program Files (x86)\Arduino\lib\batik-svgpp-1.8.jar;C:\Program Files (x86)\Arduino\lib\batik-transcoder-1.8.jar;C:\Program Files (x86)\Arduino\lib\batik-util-1.8.jar;C:\Program Files (x86)\Arduino\lib\batik-xml-1.8.jar;C:\Program Files (x86)\Arduino\lib\bcpg-jdk15on-152.jar;C:\Program Files (x86)\Arduino\lib\bcprov-jdk15on-152.jar;C:\Program Files (x86)\Arduino\lib\commons-codec-1.7.jar;C:\Program Files (x86)\Arduino\lib\commons-compress-1.8.jar;C:\Program Files (x86)\Arduino\lib\commons-exec-1.1.jar;C:\Program Files (x86)\Arduino\lib\commons-httpclient-3.1.jar;C:\Program Files (x86)\Arduino\lib\commons-lang3-3.3.2.jar;C:\Program Files (x86)\Arduino\lib\commons-logging-1.0.4.jar;C:\Program Files (x86)\Arduino\lib\commons-net-3.3.jar;C:\Program Files (x86)\Arduino\lib\jackson-annotations-2.6.3.jar;C:\Program Files (x86)\Arduino\lib\jackson-core-2.6.3.jar;C:\Program Files (x86)\Arduino\lib\jackson-databind-2.6.3.jar;C:\Program Files (x86)\Arduino\lib\jackson-module-mrbean-2.6.3.jar;C:\Program Files (x86)\Arduino\lib\java-semver-0.8.0.jar;C:\Program Files (x86)\Arduino\lib\jmdns-3.4.1.j
Launcher Type: SUN_STANDARD

Environment Variables:
PATH=C:\Program Files\ImageMagick-7.0.3-Q8;C:\ProgramData\Oracle\Java\javapath;C:\Program Files (x86)\Intel\iCLS Client\;C:\Program Files\Intel\iCLS Client\;C:\Windows\system32;C:\Windows;C:\Windows\System32\Wbem;C:\Windows\System32\WindowsPowerShell\v1.0\;C:\Program Files (x86)\Intel\Intel(R) Management Engine Components\DAL;C:\Program Files\Intel\Intel(R) Management Engine Components\DAL;C:\Program Files (x86)\Intel\Intel(R) Management Engine Components\IPT;C:\Program Files\Intel\Intel(R) Management Engine Components\IPT;C:\Program Files (x86)\NVIDIA Corporation\PhysX\Common;C:\WINDOWS\system32\config\systemprofile\.dnx\bin;C:\Program Files\Microsoft DNX\Dnvm\;C:\Program Files\Microsoft SQL Server\Client SDK\ODBC\110\Tools\Binn\;C:\Program Files (x86)\Microsoft SQL Server\120\Tools\Binn\;C:\Program Files\Microsoft SQL Server\120\Tools\Binn\;C:\Program Files\Microsoft SQL Server\120\DTS\Binn\;C:\Program Files\nodejs\;C:\xampp\php;C:\ProgramData\ComposerSetup\bin;C:\WINDOWS\system32;C:\WINDOWS;C:\WINDOWS\System32\Wbem;C:\WINDOWS\System32\WindowsPowerShell\v1.0\;C:\Program Files (x86)\GtkSharp\2.12\bin;C:\Program Files (x86)\Windows Kits\8.1\Windows Performance Toolkit\;C:\Program Files\Git\cmd;C:\Strawberry\c\bin;C:\Strawberry\perl\site\bin;C:\Strawberry\perl\bin;C:\Program Files\MATLAB\R2016b\runtime\win64;C:\Program Files\MATLAB\R2016b\bin;C:\Program Files\Intel\WiFi\bin\;C:\Program Files\Common Files\Intel\WirelessCommon\;C:\Program Files (x86)\PuTTY\;C:\Program Files (x86)\Skype\Phone\;C:\Users\Roy\AppData\Local\Programs\Python\Python35\Scripts\;C:\Users\Roy\AppData\Local\Programs\Python\Python35\;C:\Program Files\Intel\WiFi\bin\;C:\Program Files\Common Files\Intel\WirelessCommon\;C:\Users\Roy\AppData\Roaming\npm;C:\Program Files\CMake\bin;C:\Windows\System32;C:\MinGW\bin;C:\Users\Roy\AppData\Local\Microsoft\WindowsApps;C:\Users\Roy\Documents\OpenCV2\opencv\build\x86\vc11\bin;C:\Program Files (x86)\Arduino\java\bin
USERNAME=Roy
OS=Windows_NT
PROCESSOR_IDENTIFIER=Intel64 Family 6 Model 78 Stepping 3, GenuineIntel



---------------  S Y S T E M  ---------------

OS: Windows 10.0 , 64 bit Build 14393 (10.0.14393.0)

CPU:total 4 (2 cores per cpu, 2 threads per core) family 6 model 78 stepping 3, cmov, cx8, fxsr, mmx, sse, sse2, sse3, ssse3, sse4.1, sse4.2, popcnt, avx, avx2, aes, clmul, erms, 3dnowpref, lzcnt, ht, tsc, tscinvbit, bmi1, bmi2, adx

Memory: 4k page, physical 16607712k(8650664k free), swap 19098080k(7570560k free)

vm_info: Java HotSpot(TM) Client VM (25.92-b14) for windows-x86 JRE (1.8.0_92-b14), built on Mar 31 2016 21:09:21 by "java_re" with MS VC++ 10.0 (VS2010)

time: Fri Mar 24 08:36:02 2017
elapsed time: 43000 seconds (0d 11h 56m 40s)

