#
# A fatal error has been detected by the Java Runtime Environment:
#
#  EXCEPTION_ACCESS_VIOLATION (0xc0000005) at pc=0x617493cd, pid=18452, tid=0x00004384
#
# JRE version: Java(TM) SE Runtime Environment (8.0_92-b14) (build 1.8.0_92-b14)
# Java VM: Java HotSpot(TM) Client VM (25.92-b14 mixed mode windows-x86 )
# Problematic frame:
# C  [listSerialsj.dll+0x93cd]
#
# Failed to write core dump. Minidumps are not enabled by default on client versions of Windows
#
# If you would like to submit a bug report, please visit:
#   http://bugreport.java.com/bugreport/crash.jsp
# The crash happened outside the Java Virtual Machine in native code.
# See problematic frame for where to report the bug.
#

---------------  T H R E A D  ---------------

Current thread (0x26e45000):  JavaThread "cc.arduino.packages.discoverers.serial.SerialBoardsLister" [_thread_in_native, id=17284, stack(0x25e00000,0x25e50000)]

siginfo: ExceptionCode=0xc0000005, writing address 0x00000000

Registers:
EAX=0x00000000, EBX=0x000009dc, ECX=0x00000000, EDX=0x00000001
ESP=0x25e4eb60, EBP=0x25e4efb8, ESI=0x00000001, EDI=0x00901630
EIP=0x617493cd, EFLAGS=0x00010246

Top of Stack: (sp=0x25e4eb60)
0x25e4eb60:   0088e328 0000002e 00000002 00000000
0x25e4eb70:   00000003 00000000 00000000 00000000
0x25e4eb80:   25e4f32c 25e4f328 0000006c 7756a540
0x25e4eb90:   0088eea8 00e4f26c 00901800 0000007a
0x25e4eba0:   25e4f278 25e4f27c 0000004e 00000002
0x25e4ebb0:   00000001 0000006c 00000048 0000008e
0x25e4ebc0:   008ef298 00000000 374d4f43 00e4f200
0x25e4ebd0:   00425355 03030303 00030303 00000000 

Instructions: (pc=0x617493cd)
0x617493ad:   8b 45 08 8b 90 94 00 00 00 85 d2 74 16 8b 40 2c
0x617493bd:   c7 44 24 04 2e 00 00 00 89 04 24 e8 73 14 00 00
0x617493cd:   c6 00 00 8d 85 04 fc ff ff 89 44 24 18 8d 85 0a
0x617493dd:   fc ff ff 89 44 24 10 a1 e4 01 75 61 c7 85 04 fc 


Register to memory mapping:

EAX=0x00000000 is an unknown value
EBX=0x000009dc is an unknown value
ECX=0x00000000 is an unknown value
EDX=0x00000001 is an unknown value
ESP=0x25e4eb60 is pointing into the stack for thread: 0x26e45000
EBP=0x25e4efb8 is pointing into the stack for thread: 0x26e45000
ESI=0x00000001 is an unknown value
EDI=0x00901630 is an unknown value


Stack: [0x25e00000,0x25e50000],  sp=0x25e4eb60,  free space=314k
Native frames: (J=compiled Java code, j=interpreted, Vv=VM code, C=native code)
C  [listSerialsj.dll+0x93cd]
C  [listSerialsj.dll+0x2211]

Java frames: (J=compiled Java code, j=interpreted, Vv=VM code)
j  processing.app.Platform.listSerialsNative()[Ljava/lang/String;+0
j  processing.app.Platform.listSerials()Ljava/util/List;+5
j  cc.arduino.packages.discoverers.serial.SerialBoardsLister.retriggerDiscovery(Z)V+22
j  cc.arduino.packages.discoverers.serial.SerialBoardsLister.run()V+9
J 4388% C1 java.util.TimerThread.mainLoop()V (232 bytes) @ 0x02a2dfd4 [0x02a2dba0+0x434]
j  java.util.TimerThread.run()V+1
v  ~StubRoutines::call_stub

---------------  P R O C E S S  ---------------

Java Threads: ( => current thread )
  0x2758bc00 JavaThread "EventThread COM7" [_thread_in_native, id=18436, stack(0x009b0000,0x00a00000)]
  0x27592000 JavaThread "JmDNS(LAPTOP-FNEF10JN-bris-ac-uk.local.).Timer" daemon [_thread_blocked, id=16824, stack(0x284e0000,0x28530000)]
  0x27592c00 JavaThread "JmDNS(LAPTOP-FNEF10JN-bris-ac-uk.local.).State.Timer" [_thread_blocked, id=14588, stack(0x28450000,0x284a0000)]
  0x27591c00 JavaThread "JmDNS(LAPTOP-FNEF10JN-bris-ac-uk.local.).Timer" daemon [_thread_blocked, id=12204, stack(0x283c0000,0x28410000)]
  0x27591400 JavaThread "SocketListener(LAPTOP-FNEF10JN-bris-ac-uk.local.)" daemon [_thread_in_native, id=19088, stack(0x28330000,0x28380000)]
  0x27592800 JavaThread "JmDNS(2001:630:e4:4220:448:e62b:289b:7355.local.).Timer" daemon [_thread_blocked, id=3544, stack(0x282a0000,0x282f0000)]
  0x27591000 JavaThread "JmDNS(2001:630:e4:4220:448:e62b:289b:7355.local.).State.Timer" [_thread_blocked, id=14988, stack(0x28210000,0x28260000)]
  0x27590000 JavaThread "JmDNS(2001:630:e4:4220:448:e62b:289b:7355.local.).Timer" daemon [_thread_blocked, id=16100, stack(0x28180000,0x281d0000)]
  0x2758e800 JavaThread "SocketListener(2001:630:e4:4220:448:e62b:289b:7355.local.)" daemon [_thread_in_native, id=7912, stack(0x280f0000,0x28140000)]
  0x27590800 JavaThread "JmDNS(2001:630:e4:4220:e053:603c:29e3:1d8e.local.).Timer" daemon [_thread_blocked, id=12892, stack(0x28060000,0x280b0000)]
  0x2758dc00 JavaThread "JmDNS(2001:630:e4:4220:e053:603c:29e3:1d8e.local.).State.Timer" [_thread_blocked, id=19092, stack(0x27fd0000,0x28020000)]
  0x2758e400 JavaThread "JmDNS(2001:630:e4:4220:e053:603c:29e3:1d8e.local.).Timer" daemon [_thread_blocked, id=9644, stack(0x27f40000,0x27f90000)]
  0x27335400 JavaThread "SocketListener(2001:630:e4:4220:e053:603c:29e3:1d8e.local.)" daemon [_thread_in_native, id=9444, stack(0x26a00000,0x26a50000)]
  0x27335000 JavaThread "JmDNS(LAPTOP-FNEF10JN.local.).Timer" daemon [_thread_blocked, id=11752, stack(0x26470000,0x264c0000)]
  0x27334800 JavaThread "JmDNS(LAPTOP-FNEF10JN.local.).State.Timer" [_thread_blocked, id=8776, stack(0x25fb0000,0x26000000)]
  0x27333800 JavaThread "JmDNS(LAPTOP-FNEF10JN.local.).Timer" daemon [_thread_blocked, id=13168, stack(0x026d0000,0x02720000)]
  0x27332400 JavaThread "SocketListener(LAPTOP-FNEF10JN.local.)" daemon [_thread_in_native, id=18820, stack(0x007e0000,0x00830000)]
  0x27331c00 JavaThread "DestroyJavaVM" [_thread_blocked, id=18908, stack(0x024c0000,0x02510000)]
  0x27332800 JavaThread "TimerQueue" daemon [_thread_blocked, id=18228, stack(0x28850000,0x288a0000)]
  0x2731d800 JavaThread "AWT-EventQueue-0" [_thread_blocked, id=10576, stack(0x26410000,0x26460000)]
  0x2731d400 JavaThread "AWT-Shutdown" [_thread_blocked, id=3208, stack(0x26380000,0x263d0000)]
  0x25221400 JavaThread "Batik CleanerThread" daemon [_thread_blocked, id=2972, stack(0x27c90000,0x27ce0000)]
  0x26e46400 JavaThread "cc.arduino.packages.discoverers.network.BoardReachabilityFilter" [_thread_blocked, id=9504, stack(0x27880000,0x278d0000)]
  0x26e45800 JavaThread "cc.arduino.packages.discoverers.network.NetworkChecker" [_thread_in_native, id=2588, stack(0x277f0000,0x27840000)]
=>0x26e45000 JavaThread "cc.arduino.packages.discoverers.serial.SerialBoardsLister" [_thread_in_native, id=17284, stack(0x25e00000,0x25e50000)]
  0x259aec00 JavaThread "AWT-Windows" daemon [_thread_in_native, id=18964, stack(0x25e90000,0x25ee0000)]
  0x259adc00 JavaThread "Java2D Disposer" daemon [_thread_blocked, id=19408, stack(0x25d70000,0x25dc0000)]
  0x251b0c00 JavaThread "Service Thread" daemon [_thread_blocked, id=10208, stack(0x25760000,0x257b0000)]
  0x25190800 JavaThread "C1 CompilerThread0" daemon [_thread_blocked, id=7464, stack(0x256d0000,0x25720000)]
  0x2518f000 JavaThread "Attach Listener" daemon [_thread_blocked, id=13628, stack(0x25640000,0x25690000)]
  0x2518d000 JavaThread "Signal Dispatcher" daemon [_thread_blocked, id=9648, stack(0x255b0000,0x25600000)]
  0x2517ac00 JavaThread "Finalizer" daemon [_thread_blocked, id=15316, stack(0x25430000,0x25480000)]
  0x25164c00 JavaThread "Reference Handler" daemon [_thread_blocked, id=13672, stack(0x253a0000,0x253f0000)]

Other Threads:
  0x00f3e000 VMThread [stack: 0x25110000,0x25160000] [id=18480]
  0x2519f000 WatcherThread [stack: 0x257f0000,0x25840000] [id=12744]

VM state:not at safepoint (normal execution)

VM Mutex/Monitor currently owned by a thread: None

Heap:
 def new generation   total 39424K, used 6361K [0x04c00000, 0x076c0000, 0x0f6a0000)
  eden space 35072K,  15% used [0x04c00000, 0x051766a8, 0x06e40000)
  from space 4352K,  17% used [0x07280000, 0x07340120, 0x076c0000)
  to   space 4352K,   0% used [0x06e40000, 0x06e40000, 0x07280000)
 tenured generation   total 87424K, used 47126K [0x0f6a0000, 0x14c00000, 0x24c00000)
   the space 87424K,  53% used [0x0f6a0000, 0x124a5a78, 0x124a5c00, 0x14c00000)
 Metaspace       used 18848K, capacity 19320K, committed 19456K, reserved 19840K

Card table byte_map: [0x04ab0000,0x04bc0000] byte_map_base: 0x04a8a000

Polling page: 0x00e10000

CodeCache: size=32768Kb used=2664Kb max_used=4369Kb free=30103Kb
 bounds [0x02770000, 0x02bb8000, 0x04770000]
 total_blobs=1562 nmethods=1283 adapters=207
 compilation: enabled

Compilation events (10 events):
Event: 2025.262 Thread 0x25190800 6368             org.fife.ui.rsyntaxtextarea.folding.FoldManager::getHiddenLineCountAbove (78 bytes)
Event: 2025.263 Thread 0x25190800 nmethod 6368 0x02813788 code [0x028138c0, 0x02813a5c]
Event: 2027.267 Thread 0x25190800 6369             javax.swing.JComponent::computeVisibleRect (92 bytes)
Event: 2027.269 Thread 0x25190800 nmethod 6369 0x02813308 code [0x02813430, 0x02813634]
Event: 2034.534 Thread 0x25190800 6370             java.net.Inet4Address::<init> (29 bytes)
Event: 2034.535 Thread 0x25190800 nmethod 6370 0x02813048 code [0x02813140, 0x02813250]
Event: 2036.807 Thread 0x25190800 6371   !         sun.awt.image.VolatileSurfaceManager::validate (204 bytes)
Event: 2036.809 Thread 0x25190800 nmethod 6371 0x0288a948 code [0x0288aab0, 0x0288ae2c]
Event: 2040.968 Thread 0x25190800 6372             java.net.Inet6Address::hashCode (8 bytes)
Event: 2040.968 Thread 0x25190800 nmethod 6372 0x028769c8 code [0x02876ad0, 0x02876b6c]

GC Heap History (10 events):
Event: 954.598 GC heap before
{Heap before GC invocations=93 (full 1):
 def new generation   total 39424K, used 35073K [0x04c00000, 0x076c0000, 0x0f6a0000)
  eden space 35072K, 100% used [0x04c00000, 0x06e40000, 0x06e40000)
  from space 4352K,   0% used [0x06e40000, 0x06e407c0, 0x07280000)
  to   space 4352K,   0% used [0x07280000, 0x07280000, 0x076c0000)
 tenured generation   total 87424K, used 41763K [0x0f6a0000, 0x14c00000, 0x24c00000)
   the space 87424K,  47% used [0x0f6a0000, 0x11f68c10, 0x11f68e00, 0x14c00000)
 Metaspace       used 18844K, capacity 19286K, committed 19328K, reserved 19840K
Event: 954.607 GC heap after
Heap after GC invocations=94 (full 1):
 def new generation   total 39424K, used 3028K [0x04c00000, 0x076c0000, 0x0f6a0000)
  eden space 35072K,   0% used [0x04c00000, 0x04c00000, 0x06e40000)
  from space 4352K,  69% used [0x07280000, 0x07575188, 0x076c0000)
  to   space 4352K,   0% used [0x06e40000, 0x06e40000, 0x07280000)
 tenured generation   total 87424K, used 41763K [0x0f6a0000, 0x14c00000, 0x24c00000)
   the space 87424K,  47% used [0x0f6a0000, 0x11f68c10, 0x11f68e00, 0x14c00000)
 Metaspace       used 18844K, capacity 19286K, committed 19328K, reserved 19840K
}
Event: 1095.679 GC heap before
{Heap before GC invocations=94 (full 1):
 def new generation   total 39424K, used 38100K [0x04c00000, 0x076c0000, 0x0f6a0000)
  eden space 35072K, 100% used [0x04c00000, 0x06e40000, 0x06e40000)
  from space 4352K,  69% used [0x07280000, 0x07575188, 0x076c0000)
  to   space 4352K,   0% used [0x06e40000, 0x06e40000, 0x07280000)
 tenured generation   total 87424K, used 41763K [0x0f6a0000, 0x14c00000, 0x24c00000)
   the space 87424K,  47% used [0x0f6a0000, 0x11f68c10, 0x11f68e00, 0x14c00000)
 Metaspace       used 18845K, capacity 19286K, committed 19328K, reserved 19840K
Event: 1095.686 GC heap after
Heap after GC invocations=95 (full 1):
 def new generation   total 39424K, used 940K [0x04c00000, 0x076c0000, 0x0f6a0000)
  eden space 35072K,   0% used [0x04c00000, 0x04c00000, 0x06e40000)
  from space 4352K,  21% used [0x06e40000, 0x06f2b268, 0x07280000)
  to   space 4352K,   0% used [0x07280000, 0x07280000, 0x076c0000)
 tenured generation   total 87424K, used 44415K [0x0f6a0000, 0x14c00000, 0x24c00000)
   the space 87424K,  50% used [0x0f6a0000, 0x121ffd88, 0x121ffe00, 0x14c00000)
 Metaspace       used 18845K, capacity 19286K, committed 19328K, reserved 19840K
}
Event: 1256.897 GC heap before
{Heap before GC invocations=95 (full 1):
 def new generation   total 39424K, used 36012K [0x04c00000, 0x076c0000, 0x0f6a0000)
  eden space 35072K, 100% used [0x04c00000, 0x06e40000, 0x06e40000)
  from space 4352K,  21% used [0x06e40000, 0x06f2b268, 0x07280000)
  to   space 4352K,   0% used [0x07280000, 0x07280000, 0x076c0000)
 tenured generation   total 87424K, used 44415K [0x0f6a0000, 0x14c00000, 0x24c00000)
   the space 87424K,  50% used [0x0f6a0000, 0x121ffd88, 0x121ffe00, 0x14c00000)
 Metaspace       used 18845K, capacity 19286K, committed 19328K, reserved 19840K
Event: 1256.913 GC heap after
Heap after GC invocations=96 (full 1):
 def new generation   total 39424K, used 3347K [0x04c00000, 0x076c0000, 0x0f6a0000)
  eden space 35072K,   0% used [0x04c00000, 0x04c00000, 0x06e40000)
  from space 4352K,  76% used [0x07280000, 0x075c4c78, 0x076c0000)
  to   space 4352K,   0% used [0x06e40000, 0x06e40000, 0x07280000)
 tenured generation   total 87424K, used 44415K [0x0f6a0000, 0x14c00000, 0x24c00000)
   the space 87424K,  50% used [0x0f6a0000, 0x121ffd88, 0x121ffe00, 0x14c00000)
 Metaspace       used 18845K, capacity 19286K, committed 19328K, reserved 19840K
}
Event: 1498.591 GC heap before
{Heap before GC invocations=96 (full 1):
 def new generation   total 39424K, used 38419K [0x04c00000, 0x076c0000, 0x0f6a0000)
  eden space 35072K, 100% used [0x04c00000, 0x06e40000, 0x06e40000)
  from space 4352K,  76% used [0x07280000, 0x075c4c78, 0x076c0000)
  to   space 4352K,   0% used [0x06e40000, 0x06e40000, 0x07280000)
 tenured generation   total 87424K, used 44415K [0x0f6a0000, 0x14c00000, 0x24c00000)
   the space 87424K,  50% used [0x0f6a0000, 0x121ffd88, 0x121ffe00, 0x14c00000)
 Metaspace       used 18847K, capacity 19318K, committed 19328K, reserved 19840K
Event: 1498.606 GC heap after
Heap after GC invocations=97 (full 1):
 def new generation   total 39424K, used 818K [0x04c00000, 0x076c0000, 0x0f6a0000)
  eden space 35072K,   0% used [0x04c00000, 0x04c00000, 0x06e40000)
  from space 4352K,  18% used [0x06e40000, 0x06f0c978, 0x07280000)
  to   space 4352K,   0% used [0x07280000, 0x07280000, 0x076c0000)
 tenured generation   total 87424K, used 47126K [0x0f6a0000, 0x14c00000, 0x24c00000)
   the space 87424K,  53% used [0x0f6a0000, 0x124a5a78, 0x124a5c00, 0x14c00000)
 Metaspace       used 18847K, capacity 19318K, committed 19328K, reserved 19840K
}
Event: 1964.927 GC heap before
{Heap before GC invocations=97 (full 1):
 def new generation   total 39424K, used 35890K [0x04c00000, 0x076c0000, 0x0f6a0000)
  eden space 35072K, 100% used [0x04c00000, 0x06e40000, 0x06e40000)
  from space 4352K,  18% used [0x06e40000, 0x06f0c978, 0x07280000)
  to   space 4352K,   0% used [0x07280000, 0x07280000, 0x076c0000)
 tenured generation   total 87424K, used 47126K [0x0f6a0000, 0x14c00000, 0x24c00000)
   the space 87424K,  53% used [0x0f6a0000, 0x124a5a78, 0x124a5c00, 0x14c00000)
 Metaspace       used 18848K, capacity 19320K, committed 19456K, reserved 19840K
Event: 1964.939 GC heap after
Heap after GC invocations=98 (full 1):
 def new generation   total 39424K, used 768K [0x04c00000, 0x076c0000, 0x0f6a0000)
  eden space 35072K,   0% used [0x04c00000, 0x04c00000, 0x06e40000)
  from space 4352K,  17% used [0x07280000, 0x07340120, 0x076c0000)
  to   space 4352K,   0% used [0x06e40000, 0x06e40000, 0x07280000)
 tenured generation   total 87424K, used 47126K [0x0f6a0000, 0x14c00000, 0x24c00000)
   the space 87424K,  53% used [0x0f6a0000, 0x124a5a78, 0x124a5c00, 0x14c00000)
 Metaspace       used 18848K, capacity 19320K, committed 19456K, reserved 19840K
}

Deoptimization events (0 events):
No events

Internal exceptions (10 events):
Event: 1503.539 Thread 0x2758c800 Exception <a 'sun/nio/fs/WindowsException'> (0x051cd330) thrown at [C:\workspace\8-2-build-windows-i586-cygwin\jdk8u92\6642\hotspot\src\share\vm\prims\jni.cpp, line 709]
Event: 1503.540 Thread 0x2758c800 Exception <a 'sun/nio/fs/WindowsException'> (0x051cd980) thrown at [C:\workspace\8-2-build-windows-i586-cygwin\jdk8u92\6642\hotspot\src\share\vm\prims\jni.cpp, line 709]
Event: 1503.545 Thread 0x2758c800 Exception <a 'sun/nio/fs/WindowsException'> (0x051d7f18) thrown at [C:\workspace\8-2-build-windows-i586-cygwin\jdk8u92\6642\hotspot\src\share\vm\prims\jni.cpp, line 709]
Event: 1503.546 Thread 0x2758c800 Exception <a 'sun/nio/fs/WindowsException'> (0x051d86e8) thrown at [C:\workspace\8-2-build-windows-i586-cygwin\jdk8u92\6642\hotspot\src\share\vm\prims\jni.cpp, line 709]
Event: 1503.552 Thread 0x2758c800 Exception <a 'sun/nio/fs/WindowsException'> (0x051e2950) thrown at [C:\workspace\8-2-build-windows-i586-cygwin\jdk8u92\6642\hotspot\src\share\vm\prims\jni.cpp, line 709]
Event: 1503.552 Thread 0x2758c800 Exception <a 'sun/nio/fs/WindowsException'> (0x051e2f48) thrown at [C:\workspace\8-2-build-windows-i586-cygwin\jdk8u92\6642\hotspot\src\share\vm\prims\jni.cpp, line 709]
Event: 1503.556 Thread 0x2758c800 Exception <a 'sun/nio/fs/WindowsException'> (0x051ecf68) thrown at [C:\workspace\8-2-build-windows-i586-cygwin\jdk8u92\6642\hotspot\src\share\vm\prims\jni.cpp, line 709]
Event: 1503.556 Thread 0x2758c800 Exception <a 'sun/nio/fs/WindowsException'> (0x051ed570) thrown at [C:\workspace\8-2-build-windows-i586-cygwin\jdk8u92\6642\hotspot\src\share\vm\prims\jni.cpp, line 709]
Event: 1503.562 Thread 0x2758c800 Exception <a 'sun/nio/fs/WindowsException'> (0x051f7938) thrown at [C:\workspace\8-2-build-windows-i586-cygwin\jdk8u92\6642\hotspot\src\share\vm\prims\jni.cpp, line 709]
Event: 1503.563 Thread 0x2758c800 Exception <a 'sun/nio/fs/WindowsException'> (0x051f7ef0) thrown at [C:\workspace\8-2-build-windows-i586-cygwin\jdk8u92\6642\hotspot\src\share\vm\prims\jni.cpp, line 709]

Events (10 events):
Event: 1999.305 Thread 0x25190800 flushing nmethod 0x02871bc8
Event: 1999.305 Thread 0x25190800 flushing nmethod 0x028769c8
Event: 2005.621 Thread 0x25190800 flushing nmethod 0x02a21bc8
Event: 2005.623 Thread 0x25190800 flushing nmethod 0x02b87a48
Event: 2023.221 Thread 0x25190800 flushing nmethod 0x02a1a048
Event: 2034.535 Thread 0x25190800 flushing nmethod 0x02a251c8
Event: 2036.810 Thread 0x25190800 flushing nmethod 0x02afc588
Event: 2036.810 Thread 0x25190800 flushing nmethod 0x02afcb88
Event: 2036.810 Thread 0x25190800 flushing nmethod 0x02afcd48
Event: 2036.810 Thread 0x25190800 flushing nmethod 0x02b16f48


Dynamic libraries:
0x01040000 - 0x01073000 	C:\Program Files (x86)\Arduino\java\bin\javaw.exe
0x779b0000 - 0x77b33000 	C:\WINDOWS\SYSTEM32\ntdll.dll
0x77460000 - 0x77540000 	C:\WINDOWS\System32\KERNEL32.DLL
0x74d10000 - 0x74eb1000 	C:\WINDOWS\System32\KERNELBASE.dll
0x76b90000 - 0x76c07000 	C:\WINDOWS\System32\ADVAPI32.dll
0x748f0000 - 0x749ae000 	C:\WINDOWS\System32\msvcrt.dll
0x75160000 - 0x751a1000 	C:\WINDOWS\System32\sechost.dll
0x749b0000 - 0x74a71000 	C:\WINDOWS\System32\RPCRT4.dll
0x74380000 - 0x7439e000 	C:\WINDOWS\System32\SspiCli.dll
0x74370000 - 0x7437a000 	C:\WINDOWS\System32\CRYPTBASE.dll
0x75310000 - 0x7536a000 	C:\WINDOWS\System32\bcryptPrimitives.dll
0x746a0000 - 0x747ff000 	C:\WINDOWS\System32\USER32.dll
0x74800000 - 0x74815000 	C:\WINDOWS\System32\win32u.dll
0x748c0000 - 0x748eb000 	C:\WINDOWS\System32\GDI32.dll
0x772a0000 - 0x773fb000 	C:\WINDOWS\System32\gdi32full.dll
0x6dc70000 - 0x6de7a000 	C:\WINDOWS\WinSxS\x86_microsoft.windows.common-controls_6595b64144ccf1df_6.0.14393.447_none_89c64d28dafea4b9\COMCTL32.dll
0x75470000 - 0x75681000 	C:\WINDOWS\System32\combase.dll
0x771c0000 - 0x772a0000 	C:\WINDOWS\System32\ucrtbase.dll
0x74b80000 - 0x74ba5000 	C:\WINDOWS\System32\IMM32.DLL
0x676d0000 - 0x6778f000 	C:\Program Files (x86)\Arduino\java\bin\msvcr100.dll
0x67300000 - 0x676cb000 	C:\Program Files (x86)\Arduino\java\bin\client\jvm.dll
0x74b70000 - 0x74b76000 	C:\WINDOWS\System32\PSAPI.DLL
0x6ee60000 - 0x6ee68000 	C:\WINDOWS\SYSTEM32\WSOCK32.dll
0x74080000 - 0x740a4000 	C:\WINDOWS\SYSTEM32\WINMM.dll
0x741d0000 - 0x741d8000 	C:\WINDOWS\SYSTEM32\VERSION.dll
0x752a0000 - 0x75303000 	C:\WINDOWS\System32\WS2_32.dll
0x00d40000 - 0x00d63000 	C:\WINDOWS\SYSTEM32\WINMMBASE.dll
0x76c10000 - 0x76c46000 	C:\WINDOWS\System32\cfgmgr32.dll
0x68900000 - 0x68931000 	C:\Program Files (x86)\Arduino\java\bin\splashscreen.dll
0x6e690000 - 0x6e705000 	C:\WINDOWS\system32\uxtheme.dll
0x6d790000 - 0x6d79c000 	C:\Program Files (x86)\Arduino\java\bin\verify.dll
0x74bd0000 - 0x74d05000 	C:\WINDOWS\System32\MSCTF.dll
0x74f40000 - 0x74fd4000 	C:\WINDOWS\System32\OLEAUT32.dll
0x74ec0000 - 0x74f3b000 	C:\WINDOWS\System32\msvcp_win.dll
0x672d0000 - 0x672f1000 	C:\Program Files (x86)\Arduino\java\bin\java.dll
0x672b0000 - 0x672c3000 	C:\Program Files (x86)\Arduino\java\bin\zip.dll
0x743a0000 - 0x743ad000 	C:\WINDOWS\System32\kernel.appcore.dll
0x75690000 - 0x76a69000 	C:\WINDOWS\System32\SHELL32.dll
0x76c50000 - 0x771be000 	C:\WINDOWS\System32\windows.storage.dll
0x75370000 - 0x753b5000 	C:\WINDOWS\System32\powrprof.dll
0x753c0000 - 0x75406000 	C:\WINDOWS\System32\shlwapi.dll
0x74a80000 - 0x74b08000 	C:\WINDOWS\System32\shcore.dll
0x74bb0000 - 0x74bbf000 	C:\WINDOWS\System32\profapi.dll
0x67100000 - 0x67245000 	C:\Program Files (x86)\Arduino\java\bin\awt.dll
0x6e180000 - 0x6e212000 	C:\WINDOWS\SYSTEM32\apphelp.dll
0x6e2e0000 - 0x6e2ff000 	C:\WINDOWS\system32\dwmapi.dll
0x743b0000 - 0x7449a000 	C:\WINDOWS\System32\ole32.dll
0x61740000 - 0x6176c000 	C:\Program Files (x86)\Arduino\lib\listSerialsj.dll
0x77540000 - 0x7794b000 	C:\WINDOWS\System32\SETUPAPI.dll
0x71070000 - 0x71083000 	C:\WINDOWS\SYSTEM32\CRYPTSP.dll
0x71040000 - 0x7106f000 	C:\WINDOWS\system32\rsaenh.dll
0x71020000 - 0x7103b000 	C:\WINDOWS\SYSTEM32\bcrypt.dll
0x73530000 - 0x7354a000 	C:\WINDOWS\SYSTEM32\USERENV.dll
0x670e0000 - 0x670f6000 	C:\Program Files (x86)\Arduino\java\bin\net.dll
0x74110000 - 0x7415e000 	C:\WINDOWS\system32\mswsock.dll
0x74050000 - 0x7407f000 	C:\WINDOWS\SYSTEM32\IPHLPAPI.DLL
0x77450000 - 0x77457000 	C:\WINDOWS\System32\NSI.dll
0x70f80000 - 0x70f93000 	C:\WINDOWS\SYSTEM32\dhcpcsvc6.DLL
0x70f60000 - 0x70f74000 	C:\WINDOWS\SYSTEM32\dhcpcsvc.DLL
0x6d570000 - 0x6d57f000 	C:\Program Files (x86)\Arduino\java\bin\nio.dll
0x268c0000 - 0x268fd000 	C:\Users\Roy\AppData\Local\Temp\jna-82364\jna2409456047037908690.dll
0x670a0000 - 0x670d9000 	C:\Program Files (x86)\Arduino\java\bin\fontmanager.dll
0x67060000 - 0x67092000 	C:\Program Files (x86)\Arduino\java\bin\t2k.dll
0x70f30000 - 0x70f52000 	C:\WINDOWS\SYSTEM32\DEVOBJ.dll
0x77400000 - 0x77444000 	C:\WINDOWS\System32\WINTRUST.dll
0x76b80000 - 0x76b8e000 	C:\WINDOWS\System32\MSASN1.dll
0x74fe0000 - 0x7515d000 	C:\WINDOWS\System32\CRYPT32.dll
0x5b860000 - 0x5b8c9000 	C:\Program Files (x86)\Arduino\msvcp100.dll
0x5a640000 - 0x5a6fe000 	C:\Program Files (x86)\Arduino\msvcr100.dll
0x27c00000 - 0x27c32000 	C:\Program Files (x86)\Arduino\lib\AStylej.dll
0x5a0d0000 - 0x5a0f4000 	C:\Program Files (x86)\Arduino\java\bin\dcpr.dll
0x74610000 - 0x74694000 	C:\WINDOWS\System32\clbcatq.dll
0x6a5c0000 - 0x6a72e000 	C:\WINDOWS\SYSTEM32\WindowsCodecs.dll
0x6e130000 - 0x6e174000 	C:\WINDOWS\system32\dataexchange.dll
0x6cd80000 - 0x6cfaf000 	C:\WINDOWS\system32\d3d11.dll
0x6d7c0000 - 0x6d8d3000 	C:\WINDOWS\system32\dcomp.dll
0x6bf60000 - 0x6bfe4000 	C:\WINDOWS\system32\dxgi.dll
0x6be60000 - 0x6bf51000 	C:\WINDOWS\system32\twinapi.appcore.dll
0x74290000 - 0x7430c000 	C:\WINDOWS\SYSTEM32\DNSAPI.dll
0x6ed90000 - 0x6ed98000 	C:\Windows\System32\rasadhlp.dll
0x6ed40000 - 0x6ed89000 	C:\WINDOWS\System32\fwpuclnt.dll
0x64000000 - 0x6401b000 	C:\Users\Roy\.jssc\windows\jSSC-2.8_x86.dll
0x68970000 - 0x68ab5000 	C:\WINDOWS\SYSTEM32\dbghelp.dll

VM Arguments:
jvm_args: -Dsun.java2d.d3d=false -Djna.nosys=true -DAPP_DIR=C:\Program Files (x86)\Arduino -Xms128M -Xmx512M 
java_command: processing.app.Base C:\Users\Roy\Desktop\Buggy Project Final\IDE Code\Buggy_Project\Buggy_Project.ino
java_class_path (initial): C:\Program Files (x86)\Arduino\lib\apple.jar;C:\Program Files (x86)\Arduino\lib\arduino-core.jar;C:\Program Files (x86)\Arduino\lib\batik-1.8.jar;C:\Program Files (x86)\Arduino\lib\batik-anim-1.8.jar;C:\Program Files (x86)\Arduino\lib\batik-awt-util-1.8.jar;C:\Program Files (x86)\Arduino\lib\batik-bridge-1.8.jar;C:\Program Files (x86)\Arduino\lib\batik-codec-1.8.jar;C:\Program Files (x86)\Arduino\lib\batik-css-1.8.jar;C:\Program Files (x86)\Arduino\lib\batik-dom-1.8.jar;C:\Program Files (x86)\Arduino\lib\batik-ext-1.8.jar;C:\Program Files (x86)\Arduino\lib\batik-gvt-1.8.jar;C:\Program Files (x86)\Arduino\lib\batik-parser-1.8.jar;C:\Program Files (x86)\Arduino\lib\batik-rasterizer-1.8.jar;C:\Program Files (x86)\Arduino\lib\batik-script-1.8.jar;C:\Program Files (x86)\Arduino\lib\batik-squiggle-1.8.jar;C:\Program Files (x86)\Arduino\lib\batik-svg-dom-1.8.jar;C:\Program Files (x86)\Arduino\lib\batik-svgpp-1.8.jar;C:\Program Files (x86)\Arduino\lib\batik-transcoder-1.8.jar;C:\Program Files (x86)\Arduino\lib\batik-util-1.8.jar;C:\Program Files (x86)\Arduino\lib\batik-xml-1.8.jar;C:\Program Files (x86)\Arduino\lib\bcpg-jdk15on-152.jar;C:\Program Files (x86)\Arduino\lib\bcprov-jdk15on-152.jar;C:\Program Files (x86)\Arduino\lib\commons-codec-1.7.jar;C:\Program Files (x86)\Arduino\lib\commons-compress-1.8.jar;C:\Program Files (x86)\Arduino\lib\commons-exec-1.1.jar;C:\Program Files (x86)\Arduino\lib\commons-httpclient-3.1.jar;C:\Program Files (x86)\Arduino\lib\commons-lang3-3.3.2.jar;C:\Program Files (x86)\Arduino\lib\commons-logging-1.0.4.jar;C:\Program Files (x86)\Arduino\lib\commons-net-3.3.jar;C:\Program Files (x86)\Arduino\lib\jackson-annotations-2.6.3.jar;C:\Program Files (x86)\Arduino\lib\jackson-core-2.6.3.jar;C:\Program Files (x86)\Arduino\lib\jackson-databind-2.6.3.jar;C:\Program Files (x86)\Arduino\lib\jackson-module-mrbean-2.6.3.jar;C:\Program Files (x86)\Arduino\lib\java-semver-0.8.0.jar;C:\Program Files (x86)\Arduino\lib\jmdns-3.4.1.j
Launcher Type: SUN_STANDARD

Environment Variables:
PATH=C:\Program Files\ImageMagick-7.0.3-Q8;C:\ProgramData\Oracle\Java\javapath;C:\Program Files (x86)\Intel\iCLS Client\;C:\Program Files\Intel\iCLS Client\;C:\Windows\system32;C:\Windows;C:\Windows\System32\Wbem;C:\Windows\System32\WindowsPowerShell\v1.0\;C:\Program Files (x86)\Intel\Intel(R) Management Engine Components\DAL;C:\Program Files\Intel\Intel(R) Management Engine Components\DAL;C:\Program Files (x86)\Intel\Intel(R) Management Engine Components\IPT;C:\Program Files\Intel\Intel(R) Management Engine Components\IPT;C:\Program Files (x86)\NVIDIA Corporation\PhysX\Common;C:\Program Files (x86)\Skype\Phone\;C:\WINDOWS\system32\config\systemprofile\.dnx\bin;C:\Program Files\Microsoft DNX\Dnvm\;C:\Program Files\Microsoft SQL Server\Client SDK\ODBC\110\Tools\Binn\;C:\Program Files (x86)\Microsoft SQL Server\120\Tools\Binn\;C:\Program Files\Microsoft SQL Server\120\Tools\Binn\;C:\Program Files\Microsoft SQL Server\120\DTS\Binn\;C:\Program Files\nodejs\;C:\xampp\php;C:\ProgramData\ComposerSetup\bin;C:\WINDOWS\system32;C:\WINDOWS;C:\WINDOWS\System32\Wbem;C:\WINDOWS\System32\WindowsPowerShell\v1.0\;C:\Program Files (x86)\GtkSharp\2.12\bin;C:\Program Files (x86)\Windows Kits\8.1\Windows Performance Toolkit\;C:\Program Files\Git\cmd;C:\Strawberry\c\bin;C:\Strawberry\perl\site\bin;C:\Strawberry\perl\bin;C:\Program Files\MATLAB\R2016b\runtime\win64;C:\Program Files\MATLAB\R2016b\bin;C:\Program Files\Intel\WiFi\bin\;C:\Program Files\Common Files\Intel\WirelessCommon\;C:\Program Files (x86)\PuTTY\;C:\Users\Roy\AppData\Local\Programs\Python\Python35\Scripts\;C:\Users\Roy\AppData\Local\Programs\Python\Python35\;C:\Program Files\Intel\WiFi\bin\;C:\Program Files\Common Files\Intel\WirelessCommon\;C:\Users\Roy\AppData\Roaming\npm;C:\Program Files\CMake\bin;C:\Windows\System32;C:\MinGW\bin;C:\Users\Roy\AppData\Local\Microsoft\WindowsApps;C:\Users\Roy\Documents\OpenCV2\opencv\build\x86\vc11\bin;C:\Program Files (x86)\Arduino\java\bin
USERNAME=Roy
OS=Windows_NT
PROCESSOR_IDENTIFIER=Intel64 Family 6 Model 78 Stepping 3, GenuineIntel



---------------  S Y S T E M  ---------------

OS: Windows 10.0 , 64 bit Build 14393 (10.0.14393.0)

CPU:total 4 (2 cores per cpu, 2 threads per core) family 6 model 78 stepping 3, cmov, cx8, fxsr, mmx, sse, sse2, sse3, ssse3, sse4.1, sse4.2, popcnt, avx, avx2, aes, clmul, erms, 3dnowpref, lzcnt, ht, tsc, tscinvbit, bmi1, bmi2, adx

Memory: 4k page, physical 16607712k(11724284k free), swap 19098080k(13044204k free)

vm_info: Java HotSpot(TM) Client VM (25.92-b14) for windows-x86 JRE (1.8.0_92-b14), built on Mar 31 2016 21:09:21 by "java_re" with MS VC++ 10.0 (VS2010)

time: Wed Feb 08 13:11:35 2017
elapsed time: 2052 seconds (0d 0h 34m 12s)

