#
# A fatal error has been detected by the Java Runtime Environment:
#
#  EXCEPTION_ACCESS_VIOLATION (0xc0000005) at pc=0x617493cd, pid=18216, tid=0x00001bb8
#
# JRE version: Java(TM) SE Runtime Environment (8.0_92-b14) (build 1.8.0_92-b14)
# Java VM: Java HotSpot(TM) Client VM (25.92-b14 mixed mode windows-x86 )
# Problematic frame:
# C  [listSerialsj.dll+0x93cd]
#
# Failed to write core dump. Minidumps are not enabled by default on client versions of Windows
#
# If you would like to submit a bug report, please visit:
#   http://bugreport.java.com/bugreport/crash.jsp
# The crash happened outside the Java Virtual Machine in native code.
# See problematic frame for where to report the bug.
#

---------------  T H R E A D  ---------------

Current thread (0x26eac800):  JavaThread "cc.arduino.packages.discoverers.serial.SerialBoardsLister" [_thread_in_native, id=7096, stack(0x25d30000,0x25d80000)]

siginfo: ExceptionCode=0xc0000005, writing address 0x00000000

Registers:
EAX=0x00000000, EBX=0x000007b4, ECX=0x00000000, EDX=0x00000001
ESP=0x25d7f230, EBP=0x25d7f688, ESI=0x00000001, EDI=0x009131a0
EIP=0x617493cd, EFLAGS=0x00010246

Top of Stack: (sp=0x25d7f230)
0x25d7f230:   00b1ea90 0000002e 00000002 00000000
0x25d7f240:   00000003 00000000 00000000 00000000
0x25d7f250:   2905054e fffffffe 0000006c 7756a540
0x25d7f260:   28b15910 0074dc59 00913370 00000075
0x25d7f270:   28b16c48 0000008e 0000004e 00000002
0x25d7f280:   00000001 0000006c 00000048 0000008e
0x25d7f290:   008e5be0 00000000 374d4f43 00000000
0x25d7f2a0:   00425355 027351d8 0000004e 00000002 

Instructions: (pc=0x617493cd)
0x617493ad:   8b 45 08 8b 90 94 00 00 00 85 d2 74 16 8b 40 2c
0x617493bd:   c7 44 24 04 2e 00 00 00 89 04 24 e8 73 14 00 00
0x617493cd:   c6 00 00 8d 85 04 fc ff ff 89 44 24 18 8d 85 0a
0x617493dd:   fc ff ff 89 44 24 10 a1 e4 01 75 61 c7 85 04 fc 


Register to memory mapping:

EAX=0x00000000 is an unknown value
EBX=0x000007b4 is an unknown value
ECX=0x00000000 is an unknown value
EDX=0x00000001 is an unknown value
ESP=0x25d7f230 is pointing into the stack for thread: 0x26eac800
EBP=0x25d7f688 is pointing into the stack for thread: 0x26eac800
ESI=0x00000001 is an unknown value
EDI=0x009131a0 is an unknown value


Stack: [0x25d30000,0x25d80000],  sp=0x25d7f230,  free space=316k
Native frames: (J=compiled Java code, j=interpreted, Vv=VM code, C=native code)
C  [listSerialsj.dll+0x93cd]
C  [listSerialsj.dll+0x2211]

Java frames: (J=compiled Java code, j=interpreted, Vv=VM code)
j  processing.app.Platform.listSerialsNative()[Ljava/lang/String;+0
j  processing.app.Platform.listSerials()Ljava/util/List;+5
j  cc.arduino.packages.discoverers.serial.SerialBoardsLister.retriggerDiscovery(Z)V+22
j  cc.arduino.packages.discoverers.serial.SerialBoardsLister.run()V+9
J 3932% C1 java.util.TimerThread.mainLoop()V (232 bytes) @ 0x026c1754 [0x026c1320+0x434]
j  java.util.TimerThread.run()V+1
v  ~StubRoutines::call_stub

---------------  P R O C E S S  ---------------

Java Threads: ( => current thread )
  0x27062c00 JavaThread "JmDNS(LAPTOP-FNEF10JN-bris-ac-uk.local.).Timer" daemon [_thread_blocked, id=16248, stack(0x26230000,0x26280000)]
  0x27063800 JavaThread "JmDNS(LAPTOP-FNEF10JN-bris-ac-uk.local.).State.Timer" [_thread_blocked, id=18116, stack(0x261a0000,0x261f0000)]
  0x27060c00 JavaThread "JmDNS(LAPTOP-FNEF10JN-bris-ac-uk.local.).Timer" daemon [_thread_blocked, id=8152, stack(0x26110000,0x26160000)]
  0x27060800 JavaThread "SocketListener(LAPTOP-FNEF10JN-bris-ac-uk.local.)" daemon [_thread_in_native, id=12148, stack(0x26080000,0x260d0000)]
  0x27061400 JavaThread "DestroyJavaVM" [_thread_blocked, id=18540, stack(0x023d0000,0x02420000)]
  0x27062800 JavaThread "TimerQueue" daemon [_thread_blocked, id=768, stack(0x291d0000,0x29220000)]
  0x2705e800 JavaThread "AWT-EventQueue-0" [_thread_blocked, id=14372, stack(0x28a30000,0x28a80000)]
  0x2705f400 JavaThread "AWT-Shutdown" [_thread_blocked, id=4760, stack(0x289a0000,0x289f0000)]
  0x2705fc00 JavaThread "Batik CleanerThread" daemon [_thread_blocked, id=13056, stack(0x28440000,0x28490000)]
  0x26f77800 JavaThread "JmDNS(LAPTOP-FNEF10JN-bris-ac-uk.local.).Timer" daemon [_thread_blocked, id=7840, stack(0x282b0000,0x28300000)]
  0x26f75400 JavaThread "JmDNS(LAPTOP-FNEF10JN-bris-ac-uk.local.).State.Timer" [_thread_blocked, id=12868, stack(0x28220000,0x28270000)]
  0x26f77400 JavaThread "JmDNS(LAPTOP-FNEF10JN-bris-ac-uk.local.).Timer" daemon [_thread_blocked, id=904, stack(0x28190000,0x281e0000)]
  0x26f74800 JavaThread "SocketListener(LAPTOP-FNEF10JN-bris-ac-uk.local.)" daemon [_thread_in_native, id=11124, stack(0x28100000,0x28150000)]
  0x26f76000 JavaThread "JmDNS(LAPTOP-FNEF10JN-bris-ac-uk.local.).Timer" daemon [_thread_blocked, id=10988, stack(0x28000000,0x28050000)]
  0x26f75800 JavaThread "JmDNS(LAPTOP-FNEF10JN-bris-ac-uk.local.).State.Timer" [_thread_blocked, id=6380, stack(0x27f70000,0x27fc0000)]
  0x26f74c00 JavaThread "JmDNS(LAPTOP-FNEF10JN-bris-ac-uk.local.).Timer" daemon [_thread_blocked, id=17972, stack(0x27ee0000,0x27f30000)]
  0x26f76400 JavaThread "SocketListener(LAPTOP-FNEF10JN-bris-ac-uk.local.)" daemon [_thread_in_native, id=6484, stack(0x27e50000,0x27ea0000)]
  0x26f76c00 JavaThread "JmDNS(LAPTOP-FNEF10JN-bris-ac-uk.local.).Timer" daemon [_thread_blocked, id=4936, stack(0x27dc0000,0x27e10000)]
  0x26f78000 JavaThread "JmDNS(LAPTOP-FNEF10JN-bris-ac-uk.local.).State.Timer" [_thread_blocked, id=7468, stack(0x27d30000,0x27d80000)]
  0x26f85400 JavaThread "JmDNS(LAPTOP-FNEF10JN-bris-ac-uk.local.).Timer" daemon [_thread_blocked, id=18932, stack(0x27ca0000,0x27cf0000)]
  0x26f84c00 JavaThread "SocketListener(LAPTOP-FNEF10JN-bris-ac-uk.local.)" daemon [_thread_in_native, id=15592, stack(0x27c10000,0x27c60000)]
  0x26eadc00 JavaThread "cc.arduino.packages.discoverers.network.BoardReachabilityFilter" [_thread_blocked, id=4004, stack(0x27860000,0x278b0000)]
  0x26ead400 JavaThread "cc.arduino.packages.discoverers.network.NetworkChecker" [_thread_blocked, id=10916, stack(0x26a10000,0x26a60000)]
=>0x26eac800 JavaThread "cc.arduino.packages.discoverers.serial.SerialBoardsLister" [_thread_in_native, id=7096, stack(0x25d30000,0x25d80000)]
  0x258de800 JavaThread "AWT-Windows" daemon [_thread_in_native, id=19184, stack(0x25dc0000,0x25e10000)]
  0x258dd000 JavaThread "Java2D Disposer" daemon [_thread_blocked, id=16364, stack(0x25ca0000,0x25cf0000)]
  0x252d7800 JavaThread "Service Thread" daemon [_thread_blocked, id=18776, stack(0x25690000,0x256e0000)]
  0x252b0800 JavaThread "C1 CompilerThread0" daemon [_thread_blocked, id=18888, stack(0x25600000,0x25650000)]
  0x252af000 JavaThread "Attach Listener" daemon [_thread_blocked, id=15356, stack(0x25570000,0x255c0000)]
  0x252ad000 JavaThread "Signal Dispatcher" daemon [_thread_blocked, id=6084, stack(0x24e10000,0x24e60000)]
  0x2529ac00 JavaThread "Finalizer" daemon [_thread_blocked, id=16796, stack(0x24d80000,0x24dd0000)]
  0x25284c00 JavaThread "Reference Handler" daemon [_thread_blocked, id=12092, stack(0x24cf0000,0x24d40000)]

Other Threads:
  0x0238e000 VMThread [stack: 0x24c60000,0x24cb0000] [id=704]
  0x252bbc00 WatcherThread [stack: 0x25720000,0x25770000] [id=3812]

VM state:not at safepoint (normal execution)

VM Mutex/Monitor currently owned by a thread: None

Heap:
 def new generation   total 39424K, used 30349K [0x04600000, 0x070c0000, 0x0f0a0000)
  eden space 35072K,  74% used [0x04600000, 0x05f74558, 0x06840000)
  from space 4352K,  98% used [0x06840000, 0x06c6f190, 0x06c80000)
  to   space 4352K,   0% used [0x06c80000, 0x06c80000, 0x070c0000)
 tenured generation   total 87424K, used 32804K [0x0f0a0000, 0x14600000, 0x24600000)
   the space 87424K,  37% used [0x0f0a0000, 0x110a9170, 0x110a9200, 0x14600000)
 Metaspace       used 18906K, capacity 19347K, committed 19456K, reserved 19840K

Card table byte_map: [0x24600000,0x24710000] byte_map_base: 0x245dd000

Polling page: 0x00cd0000

CodeCache: size=32768Kb used=2379Kb max_used=4166Kb free=30388Kb
 bounds [0x02580000, 0x02998000, 0x04580000]
 total_blobs=1361 nmethods=1084 adapters=205
 compilation: enabled

Compilation events (10 events):
Event: 3024.585 Thread 0x252b0800 5426             java.util.LinkedHashMap$Entry::<init> (10 bytes)
Event: 3024.586 Thread 0x252b0800 nmethod 5426 0x027afb48 code [0x027afc40, 0x027afcf0]
Event: 3024.608 Thread 0x252b0800 5427             java.util.LinkedList::get (14 bytes)
Event: 3024.608 Thread 0x252b0800 nmethod 5427 0x027aadc8 code [0x027aaee0, 0x027ab034]
Event: 3024.608 Thread 0x252b0800 5428             java.util.LinkedList::checkElementIndex (22 bytes)
Event: 3024.609 Thread 0x252b0800 nmethod 5428 0x0275c188 code [0x0275c2d0, 0x0275c5a8]
Event: 3024.609 Thread 0x252b0800 5429             java.util.LinkedList::isElementIndex (18 bytes)
Event: 3024.609 Thread 0x252b0800 nmethod 5429 0x02977dc8 code [0x02977ec0, 0x02977f70]
Event: 3029.177 Thread 0x252b0800 5430             java.util.HashMap::containsKey (18 bytes)
Event: 3029.178 Thread 0x252b0800 nmethod 5430 0x028bcac8 code [0x028bcbd0, 0x028bccc8]

GC Heap History (10 events):
Event: 553.968 GC heap before
{Heap before GC invocations=6 (full 1):
 def new generation   total 39424K, used 37014K [0x04600000, 0x070c0000, 0x0f0a0000)
  eden space 35072K, 100% used [0x04600000, 0x06840000, 0x06840000)
  from space 4352K,  44% used [0x06c80000, 0x06e65818, 0x070c0000)
  to   space 4352K,   0% used [0x06840000, 0x06840000, 0x06c80000)
 tenured generation   total 87424K, used 31335K [0x0f0a0000, 0x14600000, 0x24600000)
   the space 87424K,  35% used [0x0f0a0000, 0x10f39df0, 0x10f39e00, 0x14600000)
 Metaspace       used 18446K, capacity 18897K, committed 18944K, reserved 19840K
Event: 553.981 GC heap after
Heap after GC invocations=7 (full 1):
 def new generation   total 39424K, used 2408K [0x04600000, 0x070c0000, 0x0f0a0000)
  eden space 35072K,   0% used [0x04600000, 0x04600000, 0x06840000)
  from space 4352K,  55% used [0x06840000, 0x06a9a090, 0x06c80000)
  to   space 4352K,   0% used [0x06c80000, 0x06c80000, 0x070c0000)
 tenured generation   total 87424K, used 31335K [0x0f0a0000, 0x14600000, 0x24600000)
   the space 87424K,  35% used [0x0f0a0000, 0x10f39df0, 0x10f39e00, 0x14600000)
 Metaspace       used 18446K, capacity 18897K, committed 18944K, reserved 19840K
}
Event: 735.155 GC heap before
{Heap before GC invocations=7 (full 1):
 def new generation   total 39424K, used 37484K [0x04600000, 0x070c0000, 0x0f0a0000)
  eden space 35072K, 100% used [0x04600000, 0x06840000, 0x06840000)
  from space 4352K,  55% used [0x06840000, 0x06a9b228, 0x06c80000)
  to   space 4352K,   0% used [0x06c80000, 0x06c80000, 0x070c0000)
 tenured generation   total 87424K, used 31335K [0x0f0a0000, 0x14600000, 0x24600000)
   the space 87424K,  35% used [0x0f0a0000, 0x10f39df0, 0x10f39e00, 0x14600000)
 Metaspace       used 18447K, capacity 18897K, committed 18944K, reserved 19840K
Event: 735.173 GC heap after
Heap after GC invocations=8 (full 1):
 def new generation   total 39424K, used 1040K [0x04600000, 0x070c0000, 0x0f0a0000)
  eden space 35072K,   0% used [0x04600000, 0x04600000, 0x06840000)
  from space 4352K,  23% used [0x06c80000, 0x06d842a8, 0x070c0000)
  to   space 4352K,   0% used [0x06840000, 0x06840000, 0x06c80000)
 tenured generation   total 87424K, used 32804K [0x0f0a0000, 0x14600000, 0x24600000)
   the space 87424K,  37% used [0x0f0a0000, 0x110a9170, 0x110a9200, 0x14600000)
 Metaspace       used 18447K, capacity 18897K, committed 18944K, reserved 19840K
}
Event: 1844.357 GC heap before
{Heap before GC invocations=8 (full 1):
 def new generation   total 39424K, used 36112K [0x04600000, 0x070c0000, 0x0f0a0000)
  eden space 35072K, 100% used [0x04600000, 0x06840000, 0x06840000)
  from space 4352K,  23% used [0x06c80000, 0x06d842a8, 0x070c0000)
  to   space 4352K,   0% used [0x06840000, 0x06840000, 0x06c80000)
 tenured generation   total 87424K, used 32804K [0x0f0a0000, 0x14600000, 0x24600000)
   the space 87424K,  37% used [0x0f0a0000, 0x110a9170, 0x110a9200, 0x14600000)
 Metaspace       used 18466K, capacity 18929K, committed 18944K, reserved 19840K
Event: 1844.365 GC heap after
Heap after GC invocations=9 (full 1):
 def new generation   total 39424K, used 1217K [0x04600000, 0x070c0000, 0x0f0a0000)
  eden space 35072K,   0% used [0x04600000, 0x04600000, 0x06840000)
  from space 4352K,  27% used [0x06840000, 0x06970400, 0x06c80000)
  to   space 4352K,   0% used [0x06c80000, 0x06c80000, 0x070c0000)
 tenured generation   total 87424K, used 32804K [0x0f0a0000, 0x14600000, 0x24600000)
   the space 87424K,  37% used [0x0f0a0000, 0x110a9170, 0x110a9200, 0x14600000)
 Metaspace       used 18466K, capacity 18929K, committed 18944K, reserved 19840K
}
Event: 1986.935 GC heap before
{Heap before GC invocations=9 (full 1):
 def new generation   total 39424K, used 36289K [0x04600000, 0x070c0000, 0x0f0a0000)
  eden space 35072K, 100% used [0x04600000, 0x06840000, 0x06840000)
  from space 4352K,  27% used [0x06840000, 0x06970400, 0x06c80000)
  to   space 4352K,   0% used [0x06c80000, 0x06c80000, 0x070c0000)
 tenured generation   total 87424K, used 32804K [0x0f0a0000, 0x14600000, 0x24600000)
   the space 87424K,  37% used [0x0f0a0000, 0x110a9170, 0x110a9200, 0x14600000)
 Metaspace       used 18620K, capacity 19089K, committed 19200K, reserved 19840K
Event: 1986.947 GC heap after
Heap after GC invocations=10 (full 1):
 def new generation   total 39424K, used 1335K [0x04600000, 0x070c0000, 0x0f0a0000)
  eden space 35072K,   0% used [0x04600000, 0x04600000, 0x06840000)
  from space 4352K,  30% used [0x06c80000, 0x06dcdc98, 0x070c0000)
  to   space 4352K,   0% used [0x06840000, 0x06840000, 0x06c80000)
 tenured generation   total 87424K, used 32804K [0x0f0a0000, 0x14600000, 0x24600000)
   the space 87424K,  37% used [0x0f0a0000, 0x110a9170, 0x110a9200, 0x14600000)
 Metaspace       used 18620K, capacity 19089K, committed 19200K, reserved 19840K
}
Event: 2222.352 GC heap before
{Heap before GC invocations=10 (full 1):
 def new generation   total 39424K, used 36407K [0x04600000, 0x070c0000, 0x0f0a0000)
  eden space 35072K, 100% used [0x04600000, 0x06840000, 0x06840000)
  from space 4352K,  30% used [0x06c80000, 0x06dcdc98, 0x070c0000)
  to   space 4352K,   0% used [0x06840000, 0x06840000, 0x06c80000)
 tenured generation   total 87424K, used 32804K [0x0f0a0000, 0x14600000, 0x24600000)
   the space 87424K,  37% used [0x0f0a0000, 0x110a9170, 0x110a9200, 0x14600000)
 Metaspace       used 18896K, capacity 19345K, committed 19456K, reserved 19840K
Event: 2222.364 GC heap after
Heap after GC invocations=11 (full 1):
 def new generation   total 39424K, used 4284K [0x04600000, 0x070c0000, 0x0f0a0000)
  eden space 35072K,   0% used [0x04600000, 0x04600000, 0x06840000)
  from space 4352K,  98% used [0x06840000, 0x06c6f190, 0x06c80000)
  to   space 4352K,   0% used [0x06c80000, 0x06c80000, 0x070c0000)
 tenured generation   total 87424K, used 32804K [0x0f0a0000, 0x14600000, 0x24600000)
   the space 87424K,  37% used [0x0f0a0000, 0x110a9170, 0x110a9200, 0x14600000)
 Metaspace       used 18896K, capacity 19345K, committed 19456K, reserved 19840K
}

Deoptimization events (0 events):
No events

Internal exceptions (10 events):
Event: 2061.861 Thread 0x27063400 Exception <a 'sun/nio/fs/WindowsException'> (0x05af4e08) thrown at [C:\workspace\8-2-build-windows-i586-cygwin\jdk8u92\6642\hotspot\src\share\vm\prims\jni.cpp, line 709]
Event: 2061.862 Thread 0x27063400 Exception <a 'sun/nio/fs/WindowsException'> (0x05af5400) thrown at [C:\workspace\8-2-build-windows-i586-cygwin\jdk8u92\6642\hotspot\src\share\vm\prims\jni.cpp, line 709]
Event: 2061.864 Thread 0x27063400 Exception <a 'sun/nio/fs/WindowsException'> (0x05aff9e8) thrown at [C:\workspace\8-2-build-windows-i586-cygwin\jdk8u92\6642\hotspot\src\share\vm\prims\jni.cpp, line 709]
Event: 2061.865 Thread 0x27063400 Exception <a 'sun/nio/fs/WindowsException'> (0x05b00058) thrown at [C:\workspace\8-2-build-windows-i586-cygwin\jdk8u92\6642\hotspot\src\share\vm\prims\jni.cpp, line 709]
Event: 2061.868 Thread 0x27063400 Exception <a 'sun/nio/fs/WindowsException'> (0x05b0a2d0) thrown at [C:\workspace\8-2-build-windows-i586-cygwin\jdk8u92\6642\hotspot\src\share\vm\prims\jni.cpp, line 709]
Event: 2061.868 Thread 0x27063400 Exception <a 'sun/nio/fs/WindowsException'> (0x05b0a8c8) thrown at [C:\workspace\8-2-build-windows-i586-cygwin\jdk8u92\6642\hotspot\src\share\vm\prims\jni.cpp, line 709]
Event: 2061.871 Thread 0x27063400 Exception <a 'sun/nio/fs/WindowsException'> (0x05b148c0) thrown at [C:\workspace\8-2-build-windows-i586-cygwin\jdk8u92\6642\hotspot\src\share\vm\prims\jni.cpp, line 709]
Event: 2061.872 Thread 0x27063400 Exception <a 'sun/nio/fs/WindowsException'> (0x05b14ec8) thrown at [C:\workspace\8-2-build-windows-i586-cygwin\jdk8u92\6642\hotspot\src\share\vm\prims\jni.cpp, line 709]
Event: 2061.876 Thread 0x27063400 Exception <a 'sun/nio/fs/WindowsException'> (0x05b1f2e0) thrown at [C:\workspace\8-2-build-windows-i586-cygwin\jdk8u92\6642\hotspot\src\share\vm\prims\jni.cpp, line 709]
Event: 2061.876 Thread 0x27063400 Exception <a 'sun/nio/fs/WindowsException'> (0x05b1f898) thrown at [C:\workspace\8-2-build-windows-i586-cygwin\jdk8u92\6642\hotspot\src\share\vm\prims\jni.cpp, line 709]

Events (10 events):
Event: 3024.577 Thread 0x252b0800 flushing nmethod 0x027b6748
Event: 3024.586 Thread 0x252b0800 flushing nmethod 0x028a54c8
Event: 3024.586 Thread 0x252b0800 flushing nmethod 0x028a5b88
Event: 3024.586 Thread 0x252b0800 flushing nmethod 0x028b4208
Event: 3024.586 Thread 0x252b0800 flushing nmethod 0x028b4508
Event: 3024.586 Thread 0x252b0800 flushing nmethod 0x028bc948
Event: 3024.586 Thread 0x252b0800 flushing nmethod 0x02936a88
Event: 3024.587 Thread 0x252b0800 flushing nmethod 0x02957888
Event: 3024.587 Thread 0x252b0800 flushing nmethod 0x02977d08
Event: 3029.178 Thread 0x252b0800 flushing nmethod 0x0262b748


Dynamic libraries:
0x00cf0000 - 0x00d23000 	C:\Program Files (x86)\Arduino\java\bin\javaw.exe
0x779b0000 - 0x77b33000 	C:\WINDOWS\SYSTEM32\ntdll.dll
0x77460000 - 0x77540000 	C:\WINDOWS\System32\KERNEL32.DLL
0x74d10000 - 0x74eb1000 	C:\WINDOWS\System32\KERNELBASE.dll
0x76b90000 - 0x76c07000 	C:\WINDOWS\System32\ADVAPI32.dll
0x748f0000 - 0x749ae000 	C:\WINDOWS\System32\msvcrt.dll
0x75160000 - 0x751a1000 	C:\WINDOWS\System32\sechost.dll
0x749b0000 - 0x74a71000 	C:\WINDOWS\System32\RPCRT4.dll
0x74380000 - 0x7439e000 	C:\WINDOWS\System32\SspiCli.dll
0x74370000 - 0x7437a000 	C:\WINDOWS\System32\CRYPTBASE.dll
0x75310000 - 0x7536a000 	C:\WINDOWS\System32\bcryptPrimitives.dll
0x746a0000 - 0x747ff000 	C:\WINDOWS\System32\USER32.dll
0x74800000 - 0x74815000 	C:\WINDOWS\System32\win32u.dll
0x748c0000 - 0x748eb000 	C:\WINDOWS\System32\GDI32.dll
0x772a0000 - 0x773fb000 	C:\WINDOWS\System32\gdi32full.dll
0x6dc70000 - 0x6de7a000 	C:\WINDOWS\WinSxS\x86_microsoft.windows.common-controls_6595b64144ccf1df_6.0.14393.447_none_89c64d28dafea4b9\COMCTL32.dll
0x75470000 - 0x75681000 	C:\WINDOWS\System32\combase.dll
0x771c0000 - 0x772a0000 	C:\WINDOWS\System32\ucrtbase.dll
0x74b80000 - 0x74ba5000 	C:\WINDOWS\System32\IMM32.DLL
0x69c20000 - 0x69cdf000 	C:\Program Files (x86)\Arduino\java\bin\msvcr100.dll
0x69850000 - 0x69c1b000 	C:\Program Files (x86)\Arduino\java\bin\client\jvm.dll
0x74b70000 - 0x74b76000 	C:\WINDOWS\System32\PSAPI.DLL
0x6ee60000 - 0x6ee68000 	C:\WINDOWS\SYSTEM32\WSOCK32.dll
0x752a0000 - 0x75303000 	C:\WINDOWS\System32\WS2_32.dll
0x74080000 - 0x740a4000 	C:\WINDOWS\SYSTEM32\WINMM.dll
0x741d0000 - 0x741d8000 	C:\WINDOWS\SYSTEM32\VERSION.dll
0x73df0000 - 0x73e13000 	C:\WINDOWS\SYSTEM32\WINMMBASE.dll
0x76c10000 - 0x76c46000 	C:\WINDOWS\System32\cfgmgr32.dll
0x6cda0000 - 0x6cdd1000 	C:\Program Files (x86)\Arduino\java\bin\splashscreen.dll
0x6e690000 - 0x6e705000 	C:\WINDOWS\system32\uxtheme.dll
0x6e120000 - 0x6e12c000 	C:\Program Files (x86)\Arduino\java\bin\verify.dll
0x6d790000 - 0x6d7b1000 	C:\Program Files (x86)\Arduino\java\bin\java.dll
0x74bd0000 - 0x74d05000 	C:\WINDOWS\System32\MSCTF.dll
0x74f40000 - 0x74fd4000 	C:\WINDOWS\System32\OLEAUT32.dll
0x74ec0000 - 0x74f3b000 	C:\WINDOWS\System32\msvcp_win.dll
0x6cd80000 - 0x6cd93000 	C:\Program Files (x86)\Arduino\java\bin\zip.dll
0x743a0000 - 0x743ad000 	C:\WINDOWS\System32\kernel.appcore.dll
0x75690000 - 0x76a69000 	C:\WINDOWS\System32\SHELL32.dll
0x76c50000 - 0x771be000 	C:\WINDOWS\System32\windows.storage.dll
0x75370000 - 0x753b5000 	C:\WINDOWS\System32\powrprof.dll
0x753c0000 - 0x75406000 	C:\WINDOWS\System32\shlwapi.dll
0x74a80000 - 0x74b08000 	C:\WINDOWS\System32\shcore.dll
0x74bb0000 - 0x74bbf000 	C:\WINDOWS\System32\profapi.dll
0x69700000 - 0x69845000 	C:\Program Files (x86)\Arduino\java\bin\awt.dll
0x6e180000 - 0x6e212000 	C:\WINDOWS\SYSTEM32\apphelp.dll
0x6e710000 - 0x6e72f000 	C:\WINDOWS\system32\dwmapi.dll
0x743b0000 - 0x7449a000 	C:\WINDOWS\System32\ole32.dll
0x61740000 - 0x6176c000 	C:\Program Files (x86)\Arduino\lib\listSerialsj.dll
0x77540000 - 0x7794b000 	C:\WINDOWS\System32\SETUPAPI.dll
0x71070000 - 0x71083000 	C:\WINDOWS\SYSTEM32\CRYPTSP.dll
0x71040000 - 0x7106f000 	C:\WINDOWS\system32\rsaenh.dll
0x71020000 - 0x7103b000 	C:\WINDOWS\SYSTEM32\bcrypt.dll
0x73530000 - 0x7354a000 	C:\WINDOWS\SYSTEM32\USERENV.dll
0x6cd60000 - 0x6cd76000 	C:\Program Files (x86)\Arduino\java\bin\net.dll
0x74110000 - 0x7415e000 	C:\WINDOWS\system32\mswsock.dll
0x74050000 - 0x7407f000 	C:\WINDOWS\SYSTEM32\IPHLPAPI.DLL
0x77450000 - 0x77457000 	C:\WINDOWS\System32\NSI.dll
0x70f80000 - 0x70f93000 	C:\WINDOWS\SYSTEM32\dhcpcsvc6.DLL
0x70f60000 - 0x70f74000 	C:\WINDOWS\SYSTEM32\dhcpcsvc.DLL
0x6d570000 - 0x6d57f000 	C:\Program Files (x86)\Arduino\java\bin\nio.dll
0x26890000 - 0x268cd000 	C:\Users\Roy\AppData\Local\Temp\jna-82364\jna3272946725128507090.dll
0x696c0000 - 0x696f9000 	C:\Program Files (x86)\Arduino\java\bin\fontmanager.dll
0x69680000 - 0x696b2000 	C:\Program Files (x86)\Arduino\java\bin\t2k.dll
0x70f30000 - 0x70f52000 	C:\WINDOWS\SYSTEM32\DEVOBJ.dll
0x77400000 - 0x77444000 	C:\WINDOWS\System32\WINTRUST.dll
0x76b80000 - 0x76b8e000 	C:\WINDOWS\System32\MSASN1.dll
0x74fe0000 - 0x7515d000 	C:\WINDOWS\System32\CRYPT32.dll
0x74290000 - 0x7430c000 	C:\WINDOWS\SYSTEM32\DNSAPI.dll
0x6ed90000 - 0x6ed98000 	C:\Windows\System32\rasadhlp.dll
0x6ed40000 - 0x6ed89000 	C:\WINDOWS\System32\fwpuclnt.dll
0x67020000 - 0x67089000 	C:\Program Files (x86)\Arduino\msvcp100.dll
0x66f60000 - 0x6701e000 	C:\Program Files (x86)\Arduino\msvcr100.dll
0x28080000 - 0x280b2000 	C:\Program Files (x86)\Arduino\lib\AStylej.dll
0x68910000 - 0x68934000 	C:\Program Files (x86)\Arduino\java\bin\dcpr.dll
0x74610000 - 0x74694000 	C:\WINDOWS\System32\clbcatq.dll
0x6a560000 - 0x6a6ce000 	C:\WINDOWS\SYSTEM32\WindowsCodecs.dll
0x6e2a0000 - 0x6e2e4000 	C:\WINDOWS\system32\dataexchange.dll
0x6d7c0000 - 0x6d8d3000 	C:\WINDOWS\system32\dcomp.dll
0x6cf70000 - 0x6d19f000 	C:\WINDOWS\system32\d3d11.dll
0x6cee0000 - 0x6cf64000 	C:\WINDOWS\system32\dxgi.dll
0x6cde0000 - 0x6ced1000 	C:\WINDOWS\system32\twinapi.appcore.dll
0x64000000 - 0x6401b000 	C:\Users\Roy\.jssc\windows\jSSC-2.8_x86.dll
0x68970000 - 0x68ab5000 	C:\WINDOWS\SYSTEM32\dbghelp.dll

VM Arguments:
jvm_args: -Dsun.java2d.d3d=false -Djna.nosys=true -DAPP_DIR=C:\Program Files (x86)\Arduino -Xms128M -Xmx512M 
java_command: processing.app.Base C:\Users\Roy\Desktop\Buggy Project Final\IDE Code\Buggy_Project\Buggy_Project.ino
java_class_path (initial): C:\Program Files (x86)\Arduino\lib\apple.jar;C:\Program Files (x86)\Arduino\lib\arduino-core.jar;C:\Program Files (x86)\Arduino\lib\batik-1.8.jar;C:\Program Files (x86)\Arduino\lib\batik-anim-1.8.jar;C:\Program Files (x86)\Arduino\lib\batik-awt-util-1.8.jar;C:\Program Files (x86)\Arduino\lib\batik-bridge-1.8.jar;C:\Program Files (x86)\Arduino\lib\batik-codec-1.8.jar;C:\Program Files (x86)\Arduino\lib\batik-css-1.8.jar;C:\Program Files (x86)\Arduino\lib\batik-dom-1.8.jar;C:\Program Files (x86)\Arduino\lib\batik-ext-1.8.jar;C:\Program Files (x86)\Arduino\lib\batik-gvt-1.8.jar;C:\Program Files (x86)\Arduino\lib\batik-parser-1.8.jar;C:\Program Files (x86)\Arduino\lib\batik-rasterizer-1.8.jar;C:\Program Files (x86)\Arduino\lib\batik-script-1.8.jar;C:\Program Files (x86)\Arduino\lib\batik-squiggle-1.8.jar;C:\Program Files (x86)\Arduino\lib\batik-svg-dom-1.8.jar;C:\Program Files (x86)\Arduino\lib\batik-svgpp-1.8.jar;C:\Program Files (x86)\Arduino\lib\batik-transcoder-1.8.jar;C:\Program Files (x86)\Arduino\lib\batik-util-1.8.jar;C:\Program Files (x86)\Arduino\lib\batik-xml-1.8.jar;C:\Program Files (x86)\Arduino\lib\bcpg-jdk15on-152.jar;C:\Program Files (x86)\Arduino\lib\bcprov-jdk15on-152.jar;C:\Program Files (x86)\Arduino\lib\commons-codec-1.7.jar;C:\Program Files (x86)\Arduino\lib\commons-compress-1.8.jar;C:\Program Files (x86)\Arduino\lib\commons-exec-1.1.jar;C:\Program Files (x86)\Arduino\lib\commons-httpclient-3.1.jar;C:\Program Files (x86)\Arduino\lib\commons-lang3-3.3.2.jar;C:\Program Files (x86)\Arduino\lib\commons-logging-1.0.4.jar;C:\Program Files (x86)\Arduino\lib\commons-net-3.3.jar;C:\Program Files (x86)\Arduino\lib\jackson-annotations-2.6.3.jar;C:\Program Files (x86)\Arduino\lib\jackson-core-2.6.3.jar;C:\Program Files (x86)\Arduino\lib\jackson-databind-2.6.3.jar;C:\Program Files (x86)\Arduino\lib\jackson-module-mrbean-2.6.3.jar;C:\Program Files (x86)\Arduino\lib\java-semver-0.8.0.jar;C:\Program Files (x86)\Arduino\lib\jmdns-3.4.1.j
Launcher Type: SUN_STANDARD

Environment Variables:
PATH=C:\Program Files\ImageMagick-7.0.3-Q8;C:\ProgramData\Oracle\Java\javapath;C:\Program Files (x86)\Intel\iCLS Client\;C:\Program Files\Intel\iCLS Client\;C:\Windows\system32;C:\Windows;C:\Windows\System32\Wbem;C:\Windows\System32\WindowsPowerShell\v1.0\;C:\Program Files (x86)\Intel\Intel(R) Management Engine Components\DAL;C:\Program Files\Intel\Intel(R) Management Engine Components\DAL;C:\Program Files (x86)\Intel\Intel(R) Management Engine Components\IPT;C:\Program Files\Intel\Intel(R) Management Engine Components\IPT;C:\Program Files (x86)\NVIDIA Corporation\PhysX\Common;C:\Program Files (x86)\Skype\Phone\;C:\WINDOWS\system32\config\systemprofile\.dnx\bin;C:\Program Files\Microsoft DNX\Dnvm\;C:\Program Files\Microsoft SQL Server\Client SDK\ODBC\110\Tools\Binn\;C:\Program Files (x86)\Microsoft SQL Server\120\Tools\Binn\;C:\Program Files\Microsoft SQL Server\120\Tools\Binn\;C:\Program Files\Microsoft SQL Server\120\DTS\Binn\;C:\Program Files\nodejs\;C:\xampp\php;C:\ProgramData\ComposerSetup\bin;C:\WINDOWS\system32;C:\WINDOWS;C:\WINDOWS\System32\Wbem;C:\WINDOWS\System32\WindowsPowerShell\v1.0\;C:\Program Files (x86)\GtkSharp\2.12\bin;C:\Program Files (x86)\Windows Kits\8.1\Windows Performance Toolkit\;C:\Program Files\Git\cmd;C:\Strawberry\c\bin;C:\Strawberry\perl\site\bin;C:\Strawberry\perl\bin;C:\Program Files\MATLAB\R2016b\runtime\win64;C:\Program Files\MATLAB\R2016b\bin;C:\Program Files\Intel\WiFi\bin\;C:\Program Files\Common Files\Intel\WirelessCommon\;C:\Program Files (x86)\PuTTY\;C:\Users\Roy\AppData\Local\Programs\Python\Python35\Scripts\;C:\Users\Roy\AppData\Local\Programs\Python\Python35\;C:\Program Files\Intel\WiFi\bin\;C:\Program Files\Common Files\Intel\WirelessCommon\;C:\Users\Roy\AppData\Roaming\npm;C:\Program Files\CMake\bin;C:\Windows\System32;C:\MinGW\bin;C:\Users\Roy\AppData\Local\Microsoft\WindowsApps;C:\Users\Roy\Documents\OpenCV2\opencv\build\x86\vc11\bin;C:\Program Files (x86)\Arduino\java\bin
USERNAME=Roy
OS=Windows_NT
PROCESSOR_IDENTIFIER=Intel64 Family 6 Model 78 Stepping 3, GenuineIntel



---------------  S Y S T E M  ---------------

OS: Windows 10.0 , 64 bit Build 14393 (10.0.14393.0)

CPU:total 4 (2 cores per cpu, 2 threads per core) family 6 model 78 stepping 3, cmov, cx8, fxsr, mmx, sse, sse2, sse3, ssse3, sse4.1, sse4.2, popcnt, avx, avx2, aes, clmul, erms, 3dnowpref, lzcnt, ht, tsc, tscinvbit, bmi1, bmi2, adx

Memory: 4k page, physical 16607712k(11488456k free), swap 19098080k(12578840k free)

vm_info: Java HotSpot(TM) Client VM (25.92-b14) for windows-x86 JRE (1.8.0_92-b14), built on Mar 31 2016 21:09:21 by "java_re" with MS VC++ 10.0 (VS2010)

time: Tue Feb 07 15:25:04 2017
elapsed time: 3032 seconds (0d 0h 50m 32s)

