#
# A fatal error has been detected by the Java Runtime Environment:
#
#  EXCEPTION_ACCESS_VIOLATION (0xc0000005) at pc=0x617493cd, pid=14072, tid=0x0000131c
#
# JRE version: Java(TM) SE Runtime Environment (8.0_92-b14) (build 1.8.0_92-b14)
# Java VM: Java HotSpot(TM) Client VM (25.92-b14 mixed mode windows-x86 )
# Problematic frame:
# C  [listSerialsj.dll+0x93cd]
#
# Failed to write core dump. Minidumps are not enabled by default on client versions of Windows
#
# If you would like to submit a bug report, please visit:
#   http://bugreport.java.com/bugreport/crash.jsp
# The crash happened outside the Java Virtual Machine in native code.
# See problematic frame for where to report the bug.
#

---------------  T H R E A D  ---------------

Current thread (0x26931400):  JavaThread "cc.arduino.packages.discoverers.serial.SerialBoardsLister" [_thread_in_native, id=4892, stack(0x265d0000,0x26620000)]

siginfo: ExceptionCode=0xc0000005, writing address 0x00000000

Registers:
EAX=0x00000000, EBX=0x00000bdc, ECX=0x00000000, EDX=0x00000001
ESP=0x2661f0f0, EBP=0x2661f548, ESI=0x00000001, EDI=0x0094c8f8
EIP=0x617493cd, EFLAGS=0x00010246

Top of Stack: (sp=0x2661f0f0)
0x2661f0f0:   00b381e8 0000002e 00000002 00000000
0x2661f100:   00000003 00000000 00000000 00000002
0x2661f110:   00000001 0000006c 0000006c 75eba540
0x2661f120:   28b28820 01000000 0094d038 00000063
0x2661f130:   00425355 02972638 0000004c 00000002
0x2661f140:   00000001 0000006c 00000046 0008c1bf
0x2661f150:   1803e12b 00000063 354d4f43 00000000
0x2661f160:   00425355 11cfc465 45445680 00005453 

Instructions: (pc=0x617493cd)
0x617493ad:   8b 45 08 8b 90 94 00 00 00 85 d2 74 16 8b 40 2c
0x617493bd:   c7 44 24 04 2e 00 00 00 89 04 24 e8 73 14 00 00
0x617493cd:   c6 00 00 8d 85 04 fc ff ff 89 44 24 18 8d 85 0a
0x617493dd:   fc ff ff 89 44 24 10 a1 e4 01 75 61 c7 85 04 fc 


Register to memory mapping:

EAX=0x00000000 is an unknown value
EBX=0x00000bdc is an unknown value
ECX=0x00000000 is an unknown value
EDX=0x00000001 is an unknown value
ESP=0x2661f0f0 is pointing into the stack for thread: 0x26931400
EBP=0x2661f548 is pointing into the stack for thread: 0x26931400
ESI=0x00000001 is an unknown value
EDI=0x0094c8f8 is an unknown value


Stack: [0x265d0000,0x26620000],  sp=0x2661f0f0,  free space=316k
Native frames: (J=compiled Java code, j=interpreted, Vv=VM code, C=native code)
C  [listSerialsj.dll+0x93cd]
C  [listSerialsj.dll+0x2211]

Java frames: (J=compiled Java code, j=interpreted, Vv=VM code)
j  processing.app.Platform.resolveDeviceAttachedToNative(Ljava/lang/String;)Ljava/lang/String;+0
J 42474 C1 processing.app.Platform.resolveDeviceByVendorIdProductId(Ljava/lang/String;Ljava/util/Map;)Ljava/util/Map; (360 bytes) @ 0x02972030 [0x02971f50+0xe0]
j  cc.arduino.packages.discoverers.serial.SerialBoardsLister.retriggerDiscovery(Z)V+309
j  cc.arduino.packages.discoverers.serial.SerialBoardsLister.run()V+9
J 3353% C1 java.util.TimerThread.mainLoop()V (232 bytes) @ 0x027b9494 [0x027b9060+0x434]
j  java.util.TimerThread.run()V+1
v  ~StubRoutines::call_stub

---------------  P R O C E S S  ---------------

Java Threads: ( => current thread )
  0x26d86400 JavaThread "EventThread COM5" [_thread_in_native_trans, id=15980, stack(0x274a0000,0x274f0000)]
  0x26d80400 JavaThread "JmDNS(LAPTOP-FNEF10JN-bris-ac-uk.local.).Timer" daemon [_thread_blocked, id=16636, stack(0x283a0000,0x283f0000)]
  0x26d80000 JavaThread "JmDNS(LAPTOP-FNEF10JN-bris-ac-uk.local.).State.Timer" [_thread_blocked, id=2416, stack(0x27ef0000,0x27f40000)]
  0x26d7f800 JavaThread "JmDNS(LAPTOP-FNEF10JN-bris-ac-uk.local.).Timer" daemon [_thread_blocked, id=13868, stack(0x27b60000,0x27bb0000)]
  0x26d7f400 JavaThread "SocketListener(LAPTOP-FNEF10JN-bris-ac-uk.local.)" daemon [_thread_in_native, id=17876, stack(0x279b0000,0x27a00000)]
  0x26d82000 JavaThread "JmDNS(LAPTOP-FNEF10JN-bris-ac-uk.local.).Timer" daemon [_thread_blocked, id=17788, stack(0x26020000,0x26070000)]
  0x26d85c00 JavaThread "JmDNS(LAPTOP-FNEF10JN-bris-ac-uk.local.).State.Timer" [_thread_blocked, id=17792, stack(0x24ee0000,0x24f30000)]
  0x26d83c00 JavaThread "JmDNS(LAPTOP-FNEF10JN-bris-ac-uk.local.).Timer" daemon [_thread_blocked, id=17796, stack(0x00eb0000,0x00f00000)]
  0x26d83800 JavaThread "SocketListener(LAPTOP-FNEF10JN-bris-ac-uk.local.)" daemon [_thread_in_native, id=17580, stack(0x00e60000,0x00eb0000)]
  0x26d83000 JavaThread "JmDNS(LAPTOP-FNEF10JN-bris-ac-uk.local.).Timer" daemon [_thread_blocked, id=15848, stack(0x27890000,0x278e0000)]
  0x25875000 JavaThread "JmDNS(LAPTOP-FNEF10JN-bris-ac-uk.local.).State.Timer" [_thread_blocked, id=10424, stack(0x27800000,0x27850000)]
  0x25874400 JavaThread "JmDNS(LAPTOP-FNEF10JN-bris-ac-uk.local.).Timer" daemon [_thread_blocked, id=17300, stack(0x27770000,0x277c0000)]
  0x25870400 JavaThread "SocketListener(LAPTOP-FNEF10JN-bris-ac-uk.local.)" daemon [_thread_in_native, id=13012, stack(0x276e0000,0x27730000)]
  0x25871000 JavaThread "JmDNS(LAPTOP-FNEF10JN-bris-ac-uk.local.).Timer" daemon [_thread_blocked, id=8800, stack(0x27410000,0x27460000)]
  0x25870000 JavaThread "JmDNS(LAPTOP-FNEF10JN-bris-ac-uk.local.).State.Timer" [_thread_blocked, id=9980, stack(0x27380000,0x273d0000)]
  0x2586ec00 JavaThread "JmDNS(LAPTOP-FNEF10JN-bris-ac-uk.local.).Timer" daemon [_thread_blocked, id=16504, stack(0x272f0000,0x27340000)]
  0x25870c00 JavaThread "SocketListener(LAPTOP-FNEF10JN-bris-ac-uk.local.)" daemon [_thread_in_native, id=16312, stack(0x26810000,0x26860000)]
  0x25871c00 JavaThread "DestroyJavaVM" [_thread_blocked, id=7568, stack(0x00f90000,0x00fe0000)]
  0x25873800 JavaThread "TimerQueue" daemon [_thread_blocked, id=5732, stack(0x29190000,0x291e0000)]
  0x25872400 JavaThread "AWT-EventQueue-0" [_thread_blocked, id=8892, stack(0x28250000,0x282a0000)]
  0x25874800 JavaThread "AWT-Shutdown" [_thread_blocked, id=11828, stack(0x281c0000,0x28210000)]
  0x2586e000 JavaThread "Batik CleanerThread" daemon [_thread_blocked, id=9352, stack(0x27ea0000,0x27ef0000)]
  0x26932800 JavaThread "cc.arduino.packages.discoverers.network.BoardReachabilityFilter" [_thread_blocked, id=10992, stack(0x270a0000,0x270f0000)]
  0x26932000 JavaThread "cc.arduino.packages.discoverers.network.NetworkChecker" [_thread_in_native, id=9928, stack(0x26660000,0x266b0000)]
=>0x26931400 JavaThread "cc.arduino.packages.discoverers.serial.SerialBoardsLister" [_thread_in_native, id=4892, stack(0x265d0000,0x26620000)]
  0x258df800 JavaThread "AWT-Windows" daemon [_thread_in_native, id=4924, stack(0x25e00000,0x25e50000)]
  0x258de400 JavaThread "Java2D Disposer" daemon [_thread_blocked, id=14228, stack(0x25ce0000,0x25d30000)]
  0x24d29400 JavaThread "Service Thread" daemon [_thread_blocked, id=9484, stack(0x256d0000,0x25720000)]
  0x24d10c00 JavaThread "C1 CompilerThread0" daemon [_thread_blocked, id=10976, stack(0x25640000,0x25690000)]
  0x24d0f000 JavaThread "Attach Listener" daemon [_thread_blocked, id=6940, stack(0x255b0000,0x25600000)]
  0x24d0d000 JavaThread "Signal Dispatcher" daemon [_thread_blocked, id=10964, stack(0x25520000,0x25570000)]
  0x24cfb000 JavaThread "Finalizer" daemon [_thread_blocked, id=6136, stack(0x253a0000,0x253f0000)]
  0x24ce5400 JavaThread "Reference Handler" daemon [_thread_blocked, id=6092, stack(0x25310000,0x25360000)]

Other Threads:
  0x00abe800 VMThread [stack: 0x252c0000,0x25310000] [id=10420]
  0x24d3d400 WatcherThread [stack: 0x25760000,0x257b0000] [id=14180]

VM state:not at safepoint (normal execution)

VM Mutex/Monitor currently owned by a thread: None

Heap:
 def new generation   total 39424K, used 4947K [0x04800000, 0x072c0000, 0x0f2a0000)
  eden space 35072K,  10% used [0x04800000, 0x04b9baf8, 0x06a40000)
  from space 4352K,  28% used [0x06a40000, 0x06b79450, 0x06e80000)
  to   space 4352K,   0% used [0x06e80000, 0x06e80000, 0x072c0000)
 tenured generation   total 87424K, used 46444K [0x0f2a0000, 0x14800000, 0x24800000)
   the space 87424K,  53% used [0x0f2a0000, 0x11ffb060, 0x11ffb200, 0x14800000)
 Metaspace       used 19155K, capacity 19638K, committed 19712K, reserved 19840K

Card table byte_map: [0x046c0000,0x047d0000] byte_map_base: 0x0469c000

Polling page: 0x007e0000

CodeCache: size=32768Kb used=2625Kb max_used=3976Kb free=30142Kb
 bounds [0x026c0000, 0x02aa8000, 0x046c0000]
 total_blobs=1551 nmethods=1269 adapters=210
 compilation: enabled

Compilation events (10 events):
Event: 14863.142 Thread 0x24d10c00 42472             java.util.LinkedHashMap$LinkedHashIterator::nextNode (54 bytes)
Event: 14863.143 Thread 0x24d10c00 nmethod 42472 0x02a0ccc8 code [0x02a0cde0, 0x02a0cf68]
Event: 14863.143 Thread 0x24d10c00 42473             java.util.LinkedHashMap$LinkedKeyIterator::next (8 bytes)
Event: 14863.143 Thread 0x24d10c00 nmethod 42473 0x0288f208 code [0x0288f310, 0x0288f3ac]
Event: 14863.143 Thread 0x24d10c00 42474  s          processing.app.Platform::resolveDeviceByVendorIdProductId (360 bytes)
Event: 14863.150 Thread 0x24d10c00 nmethod 42474 0x02971bc8 code [0x02971f50, 0x02972c54]
Event: 14863.188 Thread 0x24d10c00 42475             java.lang.CharacterDataLatin1::toUpperCaseEx (71 bytes)
Event: 14863.189 Thread 0x24d10c00 nmethod 42475 0x029718c8 code [0x029719c0, 0x02971ac0]
Event: 14863.223 Thread 0x24d10c00 42476             java.lang.String::<init> (82 bytes)
Event: 14863.224 Thread 0x24d10c00 nmethod 42476 0x0288b8c8 code [0x0288ba10, 0x0288bc20]

GC Heap History (10 events):
Event: 14567.860 GC heap before
{Heap before GC invocations=132 (full 1):
 def new generation   total 39424K, used 36315K [0x04800000, 0x072c0000, 0x0f2a0000)
  eden space 35072K, 100% used [0x04800000, 0x06a40000, 0x06a40000)
  from space 4352K,  28% used [0x06e80000, 0x06fb6d08, 0x072c0000)
  to   space 4352K,   0% used [0x06a40000, 0x06a40000, 0x06e80000)
 tenured generation   total 87424K, used 46433K [0x0f2a0000, 0x14800000, 0x24800000)
   the space 87424K,  53% used [0x0f2a0000, 0x11ff8750, 0x11ff8800, 0x14800000)
 Metaspace       used 19155K, capacity 19638K, committed 19712K, reserved 19840K
Event: 14567.871 GC heap after
Heap after GC invocations=133 (full 1):
 def new generation   total 39424K, used 1210K [0x04800000, 0x072c0000, 0x0f2a0000)
  eden space 35072K,   0% used [0x04800000, 0x04800000, 0x06a40000)
  from space 4352K,  27% used [0x06a40000, 0x06b6e908, 0x06e80000)
  to   space 4352K,   0% used [0x06e80000, 0x06e80000, 0x072c0000)
 tenured generation   total 87424K, used 46436K [0x0f2a0000, 0x14800000, 0x24800000)
   the space 87424K,  53% used [0x0f2a0000, 0x11ff92b8, 0x11ff9400, 0x14800000)
 Metaspace       used 19155K, capacity 19638K, committed 19712K, reserved 19840K
}
Event: 14662.346 GC heap before
{Heap before GC invocations=133 (full 1):
 def new generation   total 39424K, used 36282K [0x04800000, 0x072c0000, 0x0f2a0000)
  eden space 35072K, 100% used [0x04800000, 0x06a40000, 0x06a40000)
  from space 4352K,  27% used [0x06a40000, 0x06b6e908, 0x06e80000)
  to   space 4352K,   0% used [0x06e80000, 0x06e80000, 0x072c0000)
 tenured generation   total 87424K, used 46436K [0x0f2a0000, 0x14800000, 0x24800000)
   the space 87424K,  53% used [0x0f2a0000, 0x11ff92b8, 0x11ff9400, 0x14800000)
 Metaspace       used 19155K, capacity 19638K, committed 19712K, reserved 19840K
Event: 14662.354 GC heap after
Heap after GC invocations=134 (full 1):
 def new generation   total 39424K, used 1013K [0x04800000, 0x072c0000, 0x0f2a0000)
  eden space 35072K,   0% used [0x04800000, 0x04800000, 0x06a40000)
  from space 4352K,  23% used [0x06e80000, 0x06f7d7e0, 0x072c0000)
  to   space 4352K,   0% used [0x06a40000, 0x06a40000, 0x06e80000)
 tenured generation   total 87424K, used 46437K [0x0f2a0000, 0x14800000, 0x24800000)
   the space 87424K,  53% used [0x0f2a0000, 0x11ff96f8, 0x11ff9800, 0x14800000)
 Metaspace       used 19155K, capacity 19638K, committed 19712K, reserved 19840K
}
Event: 14706.444 GC heap before
{Heap before GC invocations=134 (full 1):
 def new generation   total 39424K, used 36085K [0x04800000, 0x072c0000, 0x0f2a0000)
  eden space 35072K, 100% used [0x04800000, 0x06a40000, 0x06a40000)
  from space 4352K,  23% used [0x06e80000, 0x06f7d7e0, 0x072c0000)
  to   space 4352K,   0% used [0x06a40000, 0x06a40000, 0x06e80000)
 tenured generation   total 87424K, used 46437K [0x0f2a0000, 0x14800000, 0x24800000)
   the space 87424K,  53% used [0x0f2a0000, 0x11ff96f8, 0x11ff9800, 0x14800000)
 Metaspace       used 19155K, capacity 19638K, committed 19712K, reserved 19840K
Event: 14706.457 GC heap after
Heap after GC invocations=135 (full 1):
 def new generation   total 39424K, used 1292K [0x04800000, 0x072c0000, 0x0f2a0000)
  eden space 35072K,   0% used [0x04800000, 0x04800000, 0x06a40000)
  from space 4352K,  29% used [0x06a40000, 0x06b830e8, 0x06e80000)
  to   space 4352K,   0% used [0x06e80000, 0x06e80000, 0x072c0000)
 tenured generation   total 87424K, used 46441K [0x0f2a0000, 0x14800000, 0x24800000)
   the space 87424K,  53% used [0x0f2a0000, 0x11ffa730, 0x11ffa800, 0x14800000)
 Metaspace       used 19155K, capacity 19638K, committed 19712K, reserved 19840K
}
Event: 14786.729 GC heap before
{Heap before GC invocations=135 (full 1):
 def new generation   total 39424K, used 36364K [0x04800000, 0x072c0000, 0x0f2a0000)
  eden space 35072K, 100% used [0x04800000, 0x06a40000, 0x06a40000)
  from space 4352K,  29% used [0x06a40000, 0x06b830e8, 0x06e80000)
  to   space 4352K,   0% used [0x06e80000, 0x06e80000, 0x072c0000)
 tenured generation   total 87424K, used 46441K [0x0f2a0000, 0x14800000, 0x24800000)
   the space 87424K,  53% used [0x0f2a0000, 0x11ffa730, 0x11ffa800, 0x14800000)
 Metaspace       used 19155K, capacity 19638K, committed 19712K, reserved 19840K
Event: 14786.740 GC heap after
Heap after GC invocations=136 (full 1):
 def new generation   total 39424K, used 1416K [0x04800000, 0x072c0000, 0x0f2a0000)
  eden space 35072K,   0% used [0x04800000, 0x04800000, 0x06a40000)
  from space 4352K,  32% used [0x06e80000, 0x06fe2028, 0x072c0000)
  to   space 4352K,   0% used [0x06a40000, 0x06a40000, 0x06e80000)
 tenured generation   total 87424K, used 46441K [0x0f2a0000, 0x14800000, 0x24800000)
   the space 87424K,  53% used [0x0f2a0000, 0x11ffa790, 0x11ffa800, 0x14800000)
 Metaspace       used 19155K, capacity 19638K, committed 19712K, reserved 19840K
}
Event: 14862.811 GC heap before
{Heap before GC invocations=136 (full 1):
 def new generation   total 39424K, used 36488K [0x04800000, 0x072c0000, 0x0f2a0000)
  eden space 35072K, 100% used [0x04800000, 0x06a40000, 0x06a40000)
  from space 4352K,  32% used [0x06e80000, 0x06fe2028, 0x072c0000)
  to   space 4352K,   0% used [0x06a40000, 0x06a40000, 0x06e80000)
 tenured generation   total 87424K, used 46441K [0x0f2a0000, 0x14800000, 0x24800000)
   the space 87424K,  53% used [0x0f2a0000, 0x11ffa790, 0x11ffa800, 0x14800000)
 Metaspace       used 19155K, capacity 19638K, committed 19712K, reserved 19840K
Event: 14862.820 GC heap after
Heap after GC invocations=137 (full 1):
 def new generation   total 39424K, used 1253K [0x04800000, 0x072c0000, 0x0f2a0000)
  eden space 35072K,   0% used [0x04800000, 0x04800000, 0x06a40000)
  from space 4352K,  28% used [0x06a40000, 0x06b79450, 0x06e80000)
  to   space 4352K,   0% used [0x06e80000, 0x06e80000, 0x072c0000)
 tenured generation   total 87424K, used 46444K [0x0f2a0000, 0x14800000, 0x24800000)
   the space 87424K,  53% used [0x0f2a0000, 0x11ffb060, 0x11ffb200, 0x14800000)
 Metaspace       used 19155K, capacity 19638K, committed 19712K, reserved 19840K
}

Deoptimization events (0 events):
No events

Internal exceptions (10 events):
Event: 14820.177 Thread 0x26d85000 Exception <a 'java/io/IOException'> (0x059ae578) thrown at [C:\workspace\8-2-build-windows-i586-cygwin\jdk8u92\6642\hotspot\src\share\vm\prims\jni.cpp, line 709]
Event: 14820.177 Thread 0x26d85000 Exception <a 'java/io/IOException'> (0x059aee48) thrown at [C:\workspace\8-2-build-windows-i586-cygwin\jdk8u92\6642\hotspot\src\share\vm\prims\jni.cpp, line 709]
Event: 14820.177 Thread 0x26d85000 Exception <a 'java/io/IOException'> (0x059af1d0) thrown at [C:\workspace\8-2-build-windows-i586-cygwin\jdk8u92\6642\hotspot\src\share\vm\prims\jni.cpp, line 709]
Event: 14820.177 Thread 0x26d85000 Exception <a 'java/io/IOException'> (0x059af418) thrown at [C:\workspace\8-2-build-windows-i586-cygwin\jdk8u92\6642\hotspot\src\share\vm\prims\jni.cpp, line 709]
Event: 14820.293 Thread 0x26d85000 Exception <a 'java/io/IOException'> (0x059afd80) thrown at [C:\workspace\8-2-build-windows-i586-cygwin\jdk8u92\6642\hotspot\src\share\vm\prims\jni.cpp, line 709]
Event: 14820.293 Thread 0x26d85000 Exception <a 'java/io/IOException'> (0x05acde48) thrown at [C:\workspace\8-2-build-windows-i586-cygwin\jdk8u92\6642\hotspot\src\share\vm\prims\jni.cpp, line 709]
Event: 14820.293 Thread 0x26d85000 Exception <a 'java/io/IOException'> (0x05ace090) thrown at [C:\workspace\8-2-build-windows-i586-cygwin\jdk8u92\6642\hotspot\src\share\vm\prims\jni.cpp, line 709]
Event: 14820.332 Thread 0x26d86800 Exception <a 'java/io/IOException'> (0x05af7920) thrown at [C:\workspace\8-2-build-windows-i586-cygwin\jdk8u92\6642\hotspot\src\share\vm\prims\jni.cpp, line 709]
Event: 14820.333 Thread 0x26d86800 Exception <a 'java/io/IOException'> (0x05af7c80) thrown at [C:\workspace\8-2-build-windows-i586-cygwin\jdk8u92\6642\hotspot\src\share\vm\prims\jni.cpp, line 709]
Event: 14820.333 Thread 0x26d86800 Exception <a 'java/io/IOException'> (0x05af7ec8) thrown at [C:\workspace\8-2-build-windows-i586-cygwin\jdk8u92\6642\hotspot\src\share\vm\prims\jni.cpp, line 709]

Events (10 events):
Event: 14862.822 Executing VM operation: RevokeBias done
Event: 14862.822 Executing VM operation: RevokeBias
Event: 14862.822 Executing VM operation: RevokeBias done
Event: 14862.823 Executing VM operation: RevokeBias
Event: 14862.823 Executing VM operation: RevokeBias done
Event: 14862.823 Executing VM operation: RevokeBias
Event: 14862.823 Executing VM operation: RevokeBias done
Event: 14862.823 Executing VM operation: BulkRevokeBias
Event: 14862.824 Executing VM operation: BulkRevokeBias done
Event: 14863.123 Thread 0x24d10c00 flushing nmethod 0x02981788


Dynamic libraries:
0x01280000 - 0x012b3000 	C:\Program Files (x86)\Arduino\java\bin\javaw.exe
0x77c60000 - 0x77de3000 	C:\WINDOWS\SYSTEM32\ntdll.dll
0x75db0000 - 0x75e90000 	C:\WINDOWS\System32\KERNEL32.DLL
0x76eb0000 - 0x77051000 	C:\WINDOWS\System32\KERNELBASE.dll
0x779a0000 - 0x77a17000 	C:\WINDOWS\System32\ADVAPI32.dll
0x76640000 - 0x766fe000 	C:\WINDOWS\System32\msvcrt.dll
0x76cd0000 - 0x76d11000 	C:\WINDOWS\System32\sechost.dll
0x76d90000 - 0x76e51000 	C:\WINDOWS\System32\RPCRT4.dll
0x74720000 - 0x7473e000 	C:\WINDOWS\System32\SspiCli.dll
0x74710000 - 0x7471a000 	C:\WINDOWS\System32\CRYPTBASE.dll
0x77a20000 - 0x77a7a000 	C:\WINDOWS\System32\bcryptPrimitives.dll
0x77840000 - 0x7799f000 	C:\WINDOWS\System32\USER32.dll
0x76a60000 - 0x76a75000 	C:\WINDOWS\System32\win32u.dll
0x76700000 - 0x7672b000 	C:\WINDOWS\System32\GDI32.dll
0x77b00000 - 0x77c5b000 	C:\WINDOWS\System32\gdi32full.dll
0x6e200000 - 0x6e40a000 	C:\WINDOWS\WinSxS\x86_microsoft.windows.common-controls_6595b64144ccf1df_6.0.14393.447_none_89c64d28dafea4b9\COMCTL32.dll
0x76420000 - 0x76631000 	C:\WINDOWS\System32\combase.dll
0x76340000 - 0x76420000 	C:\WINDOWS\System32\ucrtbase.dll
0x76c50000 - 0x76c75000 	C:\WINDOWS\System32\IMM32.DLL
0x5ed60000 - 0x5ee1f000 	C:\Program Files (x86)\Arduino\java\bin\msvcr100.dll
0x55d70000 - 0x5613b000 	C:\Program Files (x86)\Arduino\java\bin\client\jvm.dll
0x76910000 - 0x76916000 	C:\WINDOWS\System32\PSAPI.DLL
0x71210000 - 0x71218000 	C:\WINDOWS\SYSTEM32\WSOCK32.dll
0x76d20000 - 0x76d83000 	C:\WINDOWS\System32\WS2_32.dll
0x74420000 - 0x74444000 	C:\WINDOWS\SYSTEM32\WINMM.dll
0x74620000 - 0x74628000 	C:\WINDOWS\SYSTEM32\VERSION.dll
0x74190000 - 0x741b3000 	C:\WINDOWS\SYSTEM32\WINMMBASE.dll
0x74740000 - 0x74776000 	C:\WINDOWS\System32\cfgmgr32.dll
0x5ef20000 - 0x5ef51000 	C:\Program Files (x86)\Arduino\java\bin\splashscreen.dll
0x6e8e0000 - 0x6e955000 	C:\WINDOWS\system32\uxtheme.dll
0x6d6e0000 - 0x6d6ec000 	C:\Program Files (x86)\Arduino\java\bin\verify.dll
0x5ed30000 - 0x5ed51000 	C:\Program Files (x86)\Arduino\java\bin\java.dll
0x5ed10000 - 0x5ed23000 	C:\Program Files (x86)\Arduino\java\bin\zip.dll
0x76a80000 - 0x76bb5000 	C:\WINDOWS\System32\MSCTF.dll
0x769c0000 - 0x76a54000 	C:\WINDOWS\System32\OLEAUT32.dll
0x762b0000 - 0x7632b000 	C:\WINDOWS\System32\msvcp_win.dll
0x74960000 - 0x7496d000 	C:\WINDOWS\System32\kernel.appcore.dll
0x749d0000 - 0x75da9000 	C:\WINDOWS\System32\SHELL32.dll
0x77060000 - 0x775ce000 	C:\WINDOWS\System32\windows.storage.dll
0x76e60000 - 0x76ea5000 	C:\WINDOWS\System32\powrprof.dll
0x76820000 - 0x76866000 	C:\WINDOWS\System32\shlwapi.dll
0x76880000 - 0x76908000 	C:\WINDOWS\System32\shcore.dll
0x77740000 - 0x7774f000 	C:\WINDOWS\System32\profapi.dll
0x55c20000 - 0x55d65000 	C:\Program Files (x86)\Arduino\java\bin\awt.dll
0x6d9e0000 - 0x6da72000 	C:\WINDOWS\SYSTEM32\apphelp.dll
0x72530000 - 0x7254f000 	C:\WINDOWS\system32\dwmapi.dll
0x77750000 - 0x7783a000 	C:\WINDOWS\System32\ole32.dll
0x61740000 - 0x6176c000 	C:\Program Files (x86)\Arduino\lib\listSerialsj.dll
0x75e90000 - 0x7629b000 	C:\WINDOWS\System32\SETUPAPI.dll
0x73980000 - 0x73993000 	C:\WINDOWS\SYSTEM32\CRYPTSP.dll
0x73950000 - 0x7397f000 	C:\WINDOWS\system32\rsaenh.dll
0x73930000 - 0x7394b000 	C:\WINDOWS\SYSTEM32\bcrypt.dll
0x72550000 - 0x7256a000 	C:\WINDOWS\SYSTEM32\USERENV.dll
0x5ecf0000 - 0x5ed06000 	C:\Program Files (x86)\Arduino\java\bin\net.dll
0x744b0000 - 0x744fe000 	C:\WINDOWS\system32\mswsock.dll
0x743f0000 - 0x7441f000 	C:\WINDOWS\SYSTEM32\IPHLPAPI.DLL
0x76870000 - 0x76877000 	C:\WINDOWS\System32\NSI.dll
0x71270000 - 0x71283000 	C:\WINDOWS\SYSTEM32\dhcpcsvc6.DLL
0x71250000 - 0x71264000 	C:\WINDOWS\SYSTEM32\dhcpcsvc.DLL
0x5ece0000 - 0x5ecef000 	C:\Program Files (x86)\Arduino\java\bin\nio.dll
0x25d30000 - 0x25d6d000 	C:\Users\Roy\AppData\Local\Temp\jna-82364\jna3182622592409000229.dll
0x5eca0000 - 0x5ecd9000 	C:\Program Files (x86)\Arduino\java\bin\fontmanager.dll
0x53990000 - 0x539c2000 	C:\Program Files (x86)\Arduino\java\bin\t2k.dll
0x745a0000 - 0x7461c000 	C:\WINDOWS\SYSTEM32\DNSAPI.dll
0x707b0000 - 0x707b8000 	C:\Windows\System32\rasadhlp.dll
0x6e960000 - 0x6e9a9000 	C:\WINDOWS\System32\fwpuclnt.dll
0x534d0000 - 0x53539000 	C:\Program Files (x86)\Arduino\msvcp100.dll
0x53410000 - 0x534ce000 	C:\Program Files (x86)\Arduino\msvcr100.dll
0x27bf0000 - 0x27c22000 	C:\Program Files (x86)\Arduino\lib\AStylej.dll
0x533e0000 - 0x53404000 	C:\Program Files (x86)\Arduino\java\bin\dcpr.dll
0x76bc0000 - 0x76c44000 	C:\WINDOWS\System32\clbcatq.dll
0x6bf30000 - 0x6c09e000 	C:\WINDOWS\SYSTEM32\WindowsCodecs.dll
0x6c940000 - 0x6c984000 	C:\WINDOWS\system32\dataexchange.dll
0x6c5f0000 - 0x6c703000 	C:\WINDOWS\system32\dcomp.dll
0x6c710000 - 0x6c93f000 	C:\WINDOWS\system32\d3d11.dll
0x6c560000 - 0x6c5e4000 	C:\WINDOWS\system32\dxgi.dll
0x6c460000 - 0x6c551000 	C:\WINDOWS\system32\twinapi.appcore.dll
0x55820000 - 0x5585d000 	C:\WINDOWS\SYSTEM32\edputil.dll
0x71220000 - 0x71242000 	C:\WINDOWS\SYSTEM32\DEVOBJ.dll
0x76c80000 - 0x76cc4000 	C:\WINDOWS\System32\WINTRUST.dll
0x762a0000 - 0x762ae000 	C:\WINDOWS\System32\MSASN1.dll
0x747e0000 - 0x7495d000 	C:\WINDOWS\System32\CRYPT32.dll
0x64000000 - 0x6401b000 	C:\Users\Roy\.jssc\windows\jSSC-2.8_x86.dll
0x64190000 - 0x642d5000 	C:\WINDOWS\SYSTEM32\dbghelp.dll

VM Arguments:
jvm_args: -Dsun.java2d.d3d=false -Djna.nosys=true -DAPP_DIR=C:\Program Files (x86)\Arduino -Xms128M -Xmx512M 
java_command: processing.app.Base C:\Users\Roy\Desktop\Buggy Project Final\IDE Code\Buggy_Project\Buggy_Project.ino
java_class_path (initial): C:\Program Files (x86)\Arduino\lib\apple.jar;C:\Program Files (x86)\Arduino\lib\arduino-core.jar;C:\Program Files (x86)\Arduino\lib\batik-1.8.jar;C:\Program Files (x86)\Arduino\lib\batik-anim-1.8.jar;C:\Program Files (x86)\Arduino\lib\batik-awt-util-1.8.jar;C:\Program Files (x86)\Arduino\lib\batik-bridge-1.8.jar;C:\Program Files (x86)\Arduino\lib\batik-codec-1.8.jar;C:\Program Files (x86)\Arduino\lib\batik-css-1.8.jar;C:\Program Files (x86)\Arduino\lib\batik-dom-1.8.jar;C:\Program Files (x86)\Arduino\lib\batik-ext-1.8.jar;C:\Program Files (x86)\Arduino\lib\batik-gvt-1.8.jar;C:\Program Files (x86)\Arduino\lib\batik-parser-1.8.jar;C:\Program Files (x86)\Arduino\lib\batik-rasterizer-1.8.jar;C:\Program Files (x86)\Arduino\lib\batik-script-1.8.jar;C:\Program Files (x86)\Arduino\lib\batik-squiggle-1.8.jar;C:\Program Files (x86)\Arduino\lib\batik-svg-dom-1.8.jar;C:\Program Files (x86)\Arduino\lib\batik-svgpp-1.8.jar;C:\Program Files (x86)\Arduino\lib\batik-transcoder-1.8.jar;C:\Program Files (x86)\Arduino\lib\batik-util-1.8.jar;C:\Program Files (x86)\Arduino\lib\batik-xml-1.8.jar;C:\Program Files (x86)\Arduino\lib\bcpg-jdk15on-152.jar;C:\Program Files (x86)\Arduino\lib\bcprov-jdk15on-152.jar;C:\Program Files (x86)\Arduino\lib\commons-codec-1.7.jar;C:\Program Files (x86)\Arduino\lib\commons-compress-1.8.jar;C:\Program Files (x86)\Arduino\lib\commons-exec-1.1.jar;C:\Program Files (x86)\Arduino\lib\commons-httpclient-3.1.jar;C:\Program Files (x86)\Arduino\lib\commons-lang3-3.3.2.jar;C:\Program Files (x86)\Arduino\lib\commons-logging-1.0.4.jar;C:\Program Files (x86)\Arduino\lib\commons-net-3.3.jar;C:\Program Files (x86)\Arduino\lib\jackson-annotations-2.6.3.jar;C:\Program Files (x86)\Arduino\lib\jackson-core-2.6.3.jar;C:\Program Files (x86)\Arduino\lib\jackson-databind-2.6.3.jar;C:\Program Files (x86)\Arduino\lib\jackson-module-mrbean-2.6.3.jar;C:\Program Files (x86)\Arduino\lib\java-semver-0.8.0.jar;C:\Program Files (x86)\Arduino\lib\jmdns-3.4.1.j
Launcher Type: SUN_STANDARD

Environment Variables:
PATH=C:\Program Files\ImageMagick-7.0.3-Q8;C:\ProgramData\Oracle\Java\javapath;C:\Program Files (x86)\Intel\iCLS Client\;C:\Program Files\Intel\iCLS Client\;C:\Windows\system32;C:\Windows;C:\Windows\System32\Wbem;C:\Windows\System32\WindowsPowerShell\v1.0\;C:\Program Files (x86)\Intel\Intel(R) Management Engine Components\DAL;C:\Program Files\Intel\Intel(R) Management Engine Components\DAL;C:\Program Files (x86)\Intel\Intel(R) Management Engine Components\IPT;C:\Program Files\Intel\Intel(R) Management Engine Components\IPT;C:\Program Files (x86)\NVIDIA Corporation\PhysX\Common;C:\Program Files (x86)\Skype\Phone\;C:\WINDOWS\system32\config\systemprofile\.dnx\bin;C:\Program Files\Microsoft DNX\Dnvm\;C:\Program Files\Microsoft SQL Server\Client SDK\ODBC\110\Tools\Binn\;C:\Program Files (x86)\Microsoft SQL Server\120\Tools\Binn\;C:\Program Files\Microsoft SQL Server\120\Tools\Binn\;C:\Program Files\Microsoft SQL Server\120\DTS\Binn\;C:\Program Files\nodejs\;C:\xampp\php;C:\ProgramData\ComposerSetup\bin;C:\WINDOWS\system32;C:\WINDOWS;C:\WINDOWS\System32\Wbem;C:\WINDOWS\System32\WindowsPowerShell\v1.0\;C:\Program Files (x86)\GtkSharp\2.12\bin;C:\Program Files (x86)\Windows Kits\8.1\Windows Performance Toolkit\;C:\Program Files\Git\cmd;C:\Strawberry\c\bin;C:\Strawberry\perl\site\bin;C:\Strawberry\perl\bin;C:\Program Files\MATLAB\R2016b\runtime\win64;C:\Program Files\MATLAB\R2016b\bin;C:\Program Files\Intel\WiFi\bin\;C:\Program Files\Common Files\Intel\WirelessCommon\;C:\Users\Roy\AppData\Local\Programs\Python\Python35\Scripts\;C:\Users\Roy\AppData\Local\Programs\Python\Python35\;C:\Program Files\Intel\WiFi\bin\;C:\Program Files\Common Files\Intel\WirelessCommon\;C:\Users\Roy\AppData\Roaming\npm;C:\Program Files\CMake\bin;C:\Windows\System32;C:\MinGW\bin;C:\Users\Roy\AppData\Local\Microsoft\WindowsApps;C:\Users\Roy\Documents\OpenCV2\opencv\build\x86\vc11\bin;C:\Program Files (x86)\Arduino\java\bin
USERNAME=Roy
OS=Windows_NT
PROCESSOR_IDENTIFIER=Intel64 Family 6 Model 78 Stepping 3, GenuineIntel



---------------  S Y S T E M  ---------------

OS: Windows 10.0 , 64 bit Build 14393 (10.0.14393.0)

CPU:total 4 (2 cores per cpu, 2 threads per core) family 6 model 78 stepping 3, cmov, cx8, fxsr, mmx, sse, sse2, sse3, ssse3, sse4.1, sse4.2, popcnt, avx, avx2, aes, clmul, erms, 3dnowpref, lzcnt, ht, tsc, tscinvbit, bmi1, bmi2, adx

Memory: 4k page, physical 16607712k(10760488k free), swap 19098080k(11646516k free)

vm_info: Java HotSpot(TM) Client VM (25.92-b14) for windows-x86 JRE (1.8.0_92-b14), built on Mar 31 2016 21:09:21 by "java_re" with MS VC++ 10.0 (VS2010)

time: Wed Jan 25 16:05:04 2017
elapsed time: 14864 seconds (0d 4h 7m 44s)

