#
# A fatal error has been detected by the Java Runtime Environment:
#
#  EXCEPTION_ACCESS_VIOLATION (0xc0000005) at pc=0x617493cd, pid=18668, tid=0x000005e4
#
# JRE version: Java(TM) SE Runtime Environment (8.0_92-b14) (build 1.8.0_92-b14)
# Java VM: Java HotSpot(TM) Client VM (25.92-b14 mixed mode windows-x86 )
# Problematic frame:
# C  [listSerialsj.dll+0x93cd]
#
# Failed to write core dump. Minidumps are not enabled by default on client versions of Windows
#
# If you would like to submit a bug report, please visit:
#   http://bugreport.java.com/bugreport/crash.jsp
# The crash happened outside the Java Virtual Machine in native code.
# See problematic frame for where to report the bug.
#

---------------  T H R E A D  ---------------

Current thread (0x2703e400):  JavaThread "cc.arduino.packages.discoverers.serial.SerialBoardsLister" [_thread_in_native, id=1508, stack(0x26110000,0x26160000)]

siginfo: ExceptionCode=0xc0000005, writing address 0x00000000

Registers:
EAX=0x00000000, EBX=0x00000ae4, ECX=0x00000000, EDX=0x00000001
ESP=0x2615ed20, EBP=0x2615f178, ESI=0x00000001, EDI=0x00f24af8
EIP=0x617493cd, EFLAGS=0x00010246

Top of Stack: (sp=0x2615ed20)
0x2615ed20:   00d415b0 0000002e 00000002 00000000
0x2615ed30:   00000003 00000000 00000000 00000000
0x2615ed40:   6717815f fffffffe 0000006c 76b5a540
0x2615ed50:   280c6b60 0074dc59 00f241e8 00000066
0x2615ed60:   280c7098 0000008e 0000004f 00000002
0x2615ed70:   00000001 0000006c 00000049 0000008e
0x2615ed80:   008e6ae8 00000000 354d4f43 00000000
0x2615ed90:   00425355 00000000 0000004f 00000002 

Instructions: (pc=0x617493cd)
0x617493ad:   8b 45 08 8b 90 94 00 00 00 85 d2 74 16 8b 40 2c
0x617493bd:   c7 44 24 04 2e 00 00 00 89 04 24 e8 73 14 00 00
0x617493cd:   c6 00 00 8d 85 04 fc ff ff 89 44 24 18 8d 85 0a
0x617493dd:   fc ff ff 89 44 24 10 a1 e4 01 75 61 c7 85 04 fc 


Register to memory mapping:

EAX=0x00000000 is an unknown value
EBX=0x00000ae4 is an unknown value
ECX=0x00000000 is an unknown value
EDX=0x00000001 is an unknown value
ESP=0x2615ed20 is pointing into the stack for thread: 0x2703e400
EBP=0x2615f178 is pointing into the stack for thread: 0x2703e400
ESI=0x00000001 is an unknown value
EDI=0x00f24af8 is an unknown value


Stack: [0x26110000,0x26160000],  sp=0x2615ed20,  free space=315k
Native frames: (J=compiled Java code, j=interpreted, Vv=VM code, C=native code)
C  [listSerialsj.dll+0x93cd]
C  [listSerialsj.dll+0x2211]

Java frames: (J=compiled Java code, j=interpreted, Vv=VM code)
j  processing.app.Platform.listSerialsNative()[Ljava/lang/String;+0
j  processing.app.Platform.listSerials()Ljava/util/List;+5
j  cc.arduino.packages.discoverers.serial.SerialBoardsLister.retriggerDiscovery(Z)V+22
j  cc.arduino.packages.discoverers.serial.SerialBoardsLister.run()V+9
j  java.util.TimerThread.mainLoop()V+221
j  java.util.TimerThread.run()V+1
v  ~StubRoutines::call_stub

---------------  P R O C E S S  ---------------

Java Threads: ( => current thread )
  0x27129000 JavaThread "EventThread COM5" [_thread_in_native, id=18108, stack(0x00870000,0x008c0000)]
  0x2712d000 JavaThread "JmDNS(LAPTOP-FNEF10JN-bris-ac-uk.local.).Timer" daemon [_thread_blocked, id=8944, stack(0x29ea0000,0x29ef0000)]
  0x27128400 JavaThread "JmDNS(LAPTOP-FNEF10JN-bris-ac-uk.local.).State.Timer" [_thread_blocked, id=10776, stack(0x29e10000,0x29e60000)]
  0x27129800 JavaThread "JmDNS(LAPTOP-FNEF10JN-bris-ac-uk.local.).Timer" daemon [_thread_blocked, id=14352, stack(0x28700000,0x28750000)]
  0x2712c800 JavaThread "SocketListener(LAPTOP-FNEF10JN-bris-ac-uk.local.)" daemon [_thread_in_native, id=8576, stack(0x28490000,0x284e0000)]
  0x27128c00 JavaThread "JmDNS(172-23-239-53.local.).Timer" daemon [_thread_blocked, id=15152, stack(0x29cf0000,0x29d40000)]
  0x27128000 JavaThread "JmDNS(172-23-239-53.local.).State.Timer" [_thread_blocked, id=7232, stack(0x29c60000,0x29cb0000)]
  0x27129c00 JavaThread "JmDNS(172-23-239-53.local.).Timer" daemon [_thread_blocked, id=9752, stack(0x29bd0000,0x29c20000)]
  0x2712ac00 JavaThread "SocketListener(172-23-239-53.local.)" daemon [_thread_in_native, id=12372, stack(0x29b40000,0x29b90000)]
  0x2712c400 JavaThread "JmDNS(LAPTOP-FNEF10JN.local.).Timer" daemon [_thread_blocked, id=9440, stack(0x28250000,0x282a0000)]
  0x27545c00 JavaThread "JmDNS(LAPTOP-FNEF10JN.local.).State.Timer" [_thread_blocked, id=8612, stack(0x281c0000,0x28210000)]
  0x27544400 JavaThread "JmDNS(LAPTOP-FNEF10JN.local.).Timer" daemon [_thread_blocked, id=11860, stack(0x28000000,0x28050000)]
  0x27543c00 JavaThread "SocketListener(LAPTOP-FNEF10JN.local.)" daemon [_thread_in_native, id=3536, stack(0x27940000,0x27990000)]
  0x27544c00 JavaThread "JmDNS(LAPTOP-FNEF10JN.local.).Timer" daemon [_thread_blocked, id=10168, stack(0x277b0000,0x27800000)]
  0x27546800 JavaThread "JmDNS(LAPTOP-FNEF10JN.local.).State.Timer" [_thread_blocked, id=17816, stack(0x26720000,0x26770000)]
  0x27546400 JavaThread "JmDNS(LAPTOP-FNEF10JN.local.).Timer" daemon [_thread_blocked, id=9232, stack(0x02830000,0x02880000)]
  0x27545000 JavaThread "SocketListener(LAPTOP-FNEF10JN.local.)" daemon [_thread_in_native, id=12456, stack(0x00cc0000,0x00d10000)]
  0x27543000 JavaThread "DestroyJavaVM" [_thread_blocked, id=15260, stack(0x00dc0000,0x00e10000)]
  0x27545800 JavaThread "TimerQueue" daemon [_thread_blocked, id=6720, stack(0x28a00000,0x28a50000)]
  0x2752ec00 JavaThread "AWT-EventQueue-0" [_thread_blocked, id=16072, stack(0x27c70000,0x27cc0000)]
  0x2752e400 JavaThread "AWT-Shutdown" [_thread_blocked, id=14528, stack(0x27be0000,0x27c30000)]
  0x26ffb400 JavaThread "Batik CleanerThread" daemon [_thread_blocked, id=5988, stack(0x04ac0000,0x04b10000)]
  0x2703f800 JavaThread "cc.arduino.packages.discoverers.network.BoardReachabilityFilter" [_thread_blocked, id=16788, stack(0x26690000,0x266e0000)]
  0x2703ec00 JavaThread "cc.arduino.packages.discoverers.network.NetworkChecker" [_thread_in_native, id=15304, stack(0x26600000,0x26650000)]
=>0x2703e400 JavaThread "cc.arduino.packages.discoverers.serial.SerialBoardsLister" [_thread_in_native, id=1508, stack(0x26110000,0x26160000)]
  0x25cc0800 JavaThread "AWT-Windows" daemon [_thread_in_native, id=10720, stack(0x261a0000,0x261f0000)]
  0x25c83000 JavaThread "Java2D Disposer" daemon [_thread_blocked, id=5864, stack(0x26080000,0x260d0000)]
  0x254e9400 JavaThread "Service Thread" daemon [_thread_blocked, id=6992, stack(0x25a70000,0x25ac0000)]
  0x254e2000 JavaThread "C1 CompilerThread0" daemon [_thread_blocked, id=11636, stack(0x259e0000,0x25a30000)]
  0x254e0c00 JavaThread "Attach Listener" daemon [_thread_blocked, id=5296, stack(0x25950000,0x259a0000)]
  0x254dd000 JavaThread "Signal Dispatcher" daemon [_thread_blocked, id=16508, stack(0x258c0000,0x25910000)]
  0x254cac00 JavaThread "Finalizer" daemon [_thread_blocked, id=6688, stack(0x25740000,0x25790000)]
  0x254b4c00 JavaThread "Reference Handler" daemon [_thread_blocked, id=4224, stack(0x256b0000,0x25700000)]

Other Threads:
  0x027ee000 VMThread [stack: 0x04ba0000,0x04bf0000] [id=14792]
  0x254ed400 WatcherThread [stack: 0x25b00000,0x25b50000] [id=16280]

VM state:not at safepoint (normal execution)

VM Mutex/Monitor currently owned by a thread: None

Heap:
 def new generation   total 39424K, used 26120K [0x04c00000, 0x076c0000, 0x0f6a0000)
  eden space 35072K,  71% used [0x04c00000, 0x06452c48, 0x06e40000)
  from space 4352K,  27% used [0x07280000, 0x073af6a0, 0x076c0000)
  to   space 4352K,   0% used [0x06e40000, 0x06e40000, 0x07280000)
 tenured generation   total 87424K, used 37625K [0x0f6a0000, 0x14c00000, 0x24c00000)
   the space 87424K,  43% used [0x0f6a0000, 0x11b5e7b8, 0x11b5e800, 0x14c00000)
 Metaspace       used 19060K, capacity 19544K, committed 19584K, reserved 19840K

Card table byte_map: [0x24c00000,0x24d10000] byte_map_base: 0x24bda000

Polling page: 0x00d30000

CodeCache: size=32768Kb used=2551Kb max_used=4659Kb free=30216Kb
 bounds [0x02a00000, 0x02e90000, 0x04a00000]
 total_blobs=1520 nmethods=1239 adapters=210
 compilation: enabled

Compilation events (10 events):
Event: 6589.747 Thread 0x254e2000 21980             java.util.concurrent.locks.ReentrantLock::newCondition (8 bytes)
Event: 6589.748 Thread 0x254e2000 nmethod 21980 0x02aa3008 code [0x02aa3100, 0x02aa31d0]
Event: 6589.846 Thread 0x254e2000 21981  s          javax.jmdns.impl.DNSCache::allValues (54 bytes)
Event: 6589.847 Thread 0x254e2000 nmethod 21981 0x02ddb608 code [0x02ddb760, 0x02ddba6c]
Event: 6593.846 Thread 0x254e2000 21982             java.lang.ref.Reference::<init> (25 bytes)
Event: 6593.846 Thread 0x254e2000 nmethod 21982 0x02bf4ec8 code [0x02bf4fc0, 0x02bf5090]
Event: 6595.887 Thread 0x254e2000 21983  s          processing.app.Platform::resolveDeviceByVendorIdProductId (360 bytes)
Event: 6595.892 Thread 0x254e2000 nmethod 21983 0x02d911c8 code [0x02d91550, 0x02d92254]
Event: 6596.881 Thread 0x254e2000 21984             java.util.AbstractCollection::toArray (70 bytes)
Event: 6596.883 Thread 0x254e2000 nmethod 21984 0x02e16dc8 code [0x02e16f30, 0x02e171d4]

GC Heap History (10 events):
Event: 5973.759 GC heap before
{Heap before GC invocations=37 (full 1):
 def new generation   total 39424K, used 35907K [0x04c00000, 0x076c0000, 0x0f6a0000)
  eden space 35072K, 100% used [0x04c00000, 0x06e40000, 0x06e40000)
  from space 4352K,  19% used [0x06e40000, 0x06f10d70, 0x07280000)
  to   space 4352K,   0% used [0x07280000, 0x07280000, 0x076c0000)
 tenured generation   total 87424K, used 37593K [0x0f6a0000, 0x14c00000, 0x24c00000)
   the space 87424K,  43% used [0x0f6a0000, 0x11b566c8, 0x11b56800, 0x14c00000)
 Metaspace       used 19060K, capacity 19544K, committed 19584K, reserved 19840K
Event: 5973.768 GC heap after
Heap after GC invocations=38 (full 1):
 def new generation   total 39424K, used 967K [0x04c00000, 0x076c0000, 0x0f6a0000)
  eden space 35072K,   0% used [0x04c00000, 0x04c00000, 0x06e40000)
  from space 4352K,  22% used [0x07280000, 0x07371e28, 0x076c0000)
  to   space 4352K,   0% used [0x06e40000, 0x06e40000, 0x07280000)
 tenured generation   total 87424K, used 37593K [0x0f6a0000, 0x14c00000, 0x24c00000)
   the space 87424K,  43% used [0x0f6a0000, 0x11b566c8, 0x11b56800, 0x14c00000)
 Metaspace       used 19060K, capacity 19544K, committed 19584K, reserved 19840K
}
Event: 6087.532 GC heap before
{Heap before GC invocations=38 (full 1):
 def new generation   total 39424K, used 36039K [0x04c00000, 0x076c0000, 0x0f6a0000)
  eden space 35072K, 100% used [0x04c00000, 0x06e40000, 0x06e40000)
  from space 4352K,  22% used [0x07280000, 0x07371e28, 0x076c0000)
  to   space 4352K,   0% used [0x06e40000, 0x06e40000, 0x07280000)
 tenured generation   total 87424K, used 37593K [0x0f6a0000, 0x14c00000, 0x24c00000)
   the space 87424K,  43% used [0x0f6a0000, 0x11b566c8, 0x11b56800, 0x14c00000)
 Metaspace       used 19060K, capacity 19544K, committed 19584K, reserved 19840K
Event: 6087.539 GC heap after
Heap after GC invocations=39 (full 1):
 def new generation   total 39424K, used 1755K [0x04c00000, 0x076c0000, 0x0f6a0000)
  eden space 35072K,   0% used [0x04c00000, 0x04c00000, 0x06e40000)
  from space 4352K,  40% used [0x06e40000, 0x06ff6c80, 0x07280000)
  to   space 4352K,   0% used [0x07280000, 0x07280000, 0x076c0000)
 tenured generation   total 87424K, used 37593K [0x0f6a0000, 0x14c00000, 0x24c00000)
   the space 87424K,  43% used [0x0f6a0000, 0x11b566c8, 0x11b56800, 0x14c00000)
 Metaspace       used 19060K, capacity 19544K, committed 19584K, reserved 19840K
}
Event: 6142.074 GC heap before
{Heap before GC invocations=39 (full 1):
 def new generation   total 39424K, used 36827K [0x04c00000, 0x076c0000, 0x0f6a0000)
  eden space 35072K, 100% used [0x04c00000, 0x06e40000, 0x06e40000)
  from space 4352K,  40% used [0x06e40000, 0x06ff6c80, 0x07280000)
  to   space 4352K,   0% used [0x07280000, 0x07280000, 0x076c0000)
 tenured generation   total 87424K, used 37593K [0x0f6a0000, 0x14c00000, 0x24c00000)
   the space 87424K,  43% used [0x0f6a0000, 0x11b566c8, 0x11b56800, 0x14c00000)
 Metaspace       used 19060K, capacity 19544K, committed 19584K, reserved 19840K
Event: 6142.083 GC heap after
Heap after GC invocations=40 (full 1):
 def new generation   total 39424K, used 1185K [0x04c00000, 0x076c0000, 0x0f6a0000)
  eden space 35072K,   0% used [0x04c00000, 0x04c00000, 0x06e40000)
  from space 4352K,  27% used [0x07280000, 0x073a8670, 0x076c0000)
  to   space 4352K,   0% used [0x06e40000, 0x06e40000, 0x07280000)
 tenured generation   total 87424K, used 37593K [0x0f6a0000, 0x14c00000, 0x24c00000)
   the space 87424K,  43% used [0x0f6a0000, 0x11b566c8, 0x11b56800, 0x14c00000)
 Metaspace       used 19060K, capacity 19544K, committed 19584K, reserved 19840K
}
Event: 6382.124 GC heap before
{Heap before GC invocations=40 (full 1):
 def new generation   total 39424K, used 36257K [0x04c00000, 0x076c0000, 0x0f6a0000)
  eden space 35072K, 100% used [0x04c00000, 0x06e40000, 0x06e40000)
  from space 4352K,  27% used [0x07280000, 0x073a8670, 0x076c0000)
  to   space 4352K,   0% used [0x06e40000, 0x06e40000, 0x07280000)
 tenured generation   total 87424K, used 37593K [0x0f6a0000, 0x14c00000, 0x24c00000)
   the space 87424K,  43% used [0x0f6a0000, 0x11b566c8, 0x11b56800, 0x14c00000)
 Metaspace       used 19060K, capacity 19544K, committed 19584K, reserved 19840K
Event: 6382.132 GC heap after
Heap after GC invocations=41 (full 1):
 def new generation   total 39424K, used 1362K [0x04c00000, 0x076c0000, 0x0f6a0000)
  eden space 35072K,   0% used [0x04c00000, 0x04c00000, 0x06e40000)
  from space 4352K,  31% used [0x06e40000, 0x06f94a10, 0x07280000)
  to   space 4352K,   0% used [0x07280000, 0x07280000, 0x076c0000)
 tenured generation   total 87424K, used 37593K [0x0f6a0000, 0x14c00000, 0x24c00000)
   the space 87424K,  43% used [0x0f6a0000, 0x11b566c8, 0x11b56800, 0x14c00000)
 Metaspace       used 19060K, capacity 19544K, committed 19584K, reserved 19840K
}
Event: 6534.288 GC heap before
{Heap before GC invocations=41 (full 1):
 def new generation   total 39424K, used 36434K [0x04c00000, 0x076c0000, 0x0f6a0000)
  eden space 35072K, 100% used [0x04c00000, 0x06e40000, 0x06e40000)
  from space 4352K,  31% used [0x06e40000, 0x06f94a10, 0x07280000)
  to   space 4352K,   0% used [0x07280000, 0x07280000, 0x076c0000)
 tenured generation   total 87424K, used 37593K [0x0f6a0000, 0x14c00000, 0x24c00000)
   the space 87424K,  43% used [0x0f6a0000, 0x11b566c8, 0x11b56800, 0x14c00000)
 Metaspace       used 19060K, capacity 19544K, committed 19584K, reserved 19840K
Event: 6534.297 GC heap after
Heap after GC invocations=42 (full 1):
 def new generation   total 39424K, used 1213K [0x04c00000, 0x076c0000, 0x0f6a0000)
  eden space 35072K,   0% used [0x04c00000, 0x04c00000, 0x06e40000)
  from space 4352K,  27% used [0x07280000, 0x073af6a0, 0x076c0000)
  to   space 4352K,   0% used [0x06e40000, 0x06e40000, 0x07280000)
 tenured generation   total 87424K, used 37625K [0x0f6a0000, 0x14c00000, 0x24c00000)
   the space 87424K,  43% used [0x0f6a0000, 0x11b5e7b8, 0x11b5e800, 0x14c00000)
 Metaspace       used 19060K, capacity 19544K, committed 19584K, reserved 19840K
}

Deoptimization events (0 events):
No events

Internal exceptions (10 events):
Event: 6536.431 Thread 0x2712b800 Exception <a 'sun/nio/fs/WindowsException'> (0x04fac978) thrown at [C:\workspace\8-2-build-windows-i586-cygwin\jdk8u92\6642\hotspot\src\share\vm\prims\jni.cpp, line 709]
Event: 6536.431 Thread 0x2712b800 Exception <a 'sun/nio/fs/WindowsException'> (0x04facf70) thrown at [C:\workspace\8-2-build-windows-i586-cygwin\jdk8u92\6642\hotspot\src\share\vm\prims\jni.cpp, line 709]
Event: 6536.435 Thread 0x2712b800 Exception <a 'sun/nio/fs/WindowsException'> (0x04fb7530) thrown at [C:\workspace\8-2-build-windows-i586-cygwin\jdk8u92\6642\hotspot\src\share\vm\prims\jni.cpp, line 709]
Event: 6536.435 Thread 0x2712b800 Exception <a 'sun/nio/fs/WindowsException'> (0x04fb7ba0) thrown at [C:\workspace\8-2-build-windows-i586-cygwin\jdk8u92\6642\hotspot\src\share\vm\prims\jni.cpp, line 709]
Event: 6536.439 Thread 0x2712b800 Exception <a 'sun/nio/fs/WindowsException'> (0x04fc1e18) thrown at [C:\workspace\8-2-build-windows-i586-cygwin\jdk8u92\6642\hotspot\src\share\vm\prims\jni.cpp, line 709]
Event: 6536.439 Thread 0x2712b800 Exception <a 'sun/nio/fs/WindowsException'> (0x04fc2410) thrown at [C:\workspace\8-2-build-windows-i586-cygwin\jdk8u92\6642\hotspot\src\share\vm\prims\jni.cpp, line 709]
Event: 6536.443 Thread 0x2712b800 Exception <a 'sun/nio/fs/WindowsException'> (0x04fc83d8) thrown at [C:\workspace\8-2-build-windows-i586-cygwin\jdk8u92\6642\hotspot\src\share\vm\prims\jni.cpp, line 709]
Event: 6536.443 Thread 0x2712b800 Exception <a 'sun/nio/fs/WindowsException'> (0x04fcca40) thrown at [C:\workspace\8-2-build-windows-i586-cygwin\jdk8u92\6642\hotspot\src\share\vm\prims\jni.cpp, line 709]
Event: 6536.447 Thread 0x2712b800 Exception <a 'sun/nio/fs/WindowsException'> (0x04fd6df8) thrown at [C:\workspace\8-2-build-windows-i586-cygwin\jdk8u92\6642\hotspot\src\share\vm\prims\jni.cpp, line 709]
Event: 6536.447 Thread 0x2712b800 Exception <a 'sun/nio/fs/WindowsException'> (0x04fd73b0) thrown at [C:\workspace\8-2-build-windows-i586-cygwin\jdk8u92\6642\hotspot\src\share\vm\prims\jni.cpp, line 709]

Events (10 events):
Event: 6589.748 Thread 0x254e2000 flushing nmethod 0x02bf4e88
Event: 6589.847 Thread 0x254e2000 flushing nmethod 0x02ddabc8
Event: 6589.847 Thread 0x254e2000 flushing nmethod 0x02df2c88
Event: 6593.846 Thread 0x254e2000 flushing nmethod 0x02aa9cc8
Event: 6593.847 Thread 0x254e2000 flushing nmethod 0x02afcfc8
Event: 6593.847 Thread 0x254e2000 flushing nmethod 0x02afd6c8
Event: 6593.847 Thread 0x254e2000 flushing nmethod 0x02b18448
Event: 6593.847 Thread 0x254e2000 flushing nmethod 0x02b35608
Event: 6595.893 Thread 0x254e2000 flushing nmethod 0x02c37c08
Event: 6595.893 Thread 0x254e2000 flushing nmethod 0x02d1b848


Dynamic libraries:
0x00900000 - 0x00933000 	C:\Program Files (x86)\Arduino\java\bin\javaw.exe
0x77df0000 - 0x77f73000 	C:\WINDOWS\SYSTEM32\ntdll.dll
0x765e0000 - 0x766c0000 	C:\WINDOWS\System32\KERNEL32.DLL
0x76980000 - 0x76b21000 	C:\WINDOWS\System32\KERNELBASE.dll
0x771f0000 - 0x77267000 	C:\WINDOWS\System32\ADVAPI32.dll
0x77990000 - 0x77a4e000 	C:\WINDOWS\System32\msvcrt.dll
0x77a50000 - 0x77a91000 	C:\WINDOWS\System32\sechost.dll
0x76510000 - 0x765d1000 	C:\WINDOWS\System32\RPCRT4.dll
0x748b0000 - 0x748ce000 	C:\WINDOWS\System32\SspiCli.dll
0x748a0000 - 0x748aa000 	C:\WINDOWS\System32\CRYPTBASE.dll
0x77590000 - 0x775ea000 	C:\WINDOWS\System32\bcryptPrimitives.dll
0x76290000 - 0x763ef000 	C:\WINDOWS\System32\USER32.dll
0x74e80000 - 0x74e95000 	C:\WINDOWS\System32\win32u.dll
0x77030000 - 0x7705b000 	C:\WINDOWS\System32\GDI32.dll
0x77600000 - 0x7775b000 	C:\WINDOWS\System32\gdi32full.dll
0x6de70000 - 0x6e07a000 	C:\WINDOWS\WinSxS\x86_microsoft.windows.common-controls_6595b64144ccf1df_6.0.14393.447_none_89c64d28dafea4b9\COMCTL32.dll
0x77290000 - 0x774a1000 	C:\WINDOWS\System32\combase.dll
0x76840000 - 0x76920000 	C:\WINDOWS\System32\ucrtbase.dll
0x77d60000 - 0x77d85000 	C:\WINDOWS\System32\IMM32.DLL
0x6a070000 - 0x6a12f000 	C:\Program Files (x86)\Arduino\java\bin\msvcr100.dll
0x69ca0000 - 0x6a06b000 	C:\Program Files (x86)\Arduino\java\bin\client\jvm.dll
0x77d50000 - 0x77d56000 	C:\WINDOWS\System32\PSAPI.DLL
0x744e0000 - 0x74504000 	C:\WINDOWS\SYSTEM32\WINMM.dll
0x74710000 - 0x74718000 	C:\WINDOWS\SYSTEM32\VERSION.dll
0x71370000 - 0x71378000 	C:\WINDOWS\SYSTEM32\WSOCK32.dll
0x77ce0000 - 0x77d43000 	C:\WINDOWS\System32\WS2_32.dll
0x73b90000 - 0x73bb3000 	C:\WINDOWS\SYSTEM32\WINMMBASE.dll
0x74e40000 - 0x74e76000 	C:\WINDOWS\System32\cfgmgr32.dll
0x6a860000 - 0x6a891000 	C:\Program Files (x86)\Arduino\java\bin\splashscreen.dll
0x6e310000 - 0x6e385000 	C:\WINDOWS\system32\uxtheme.dll
0x6e1d0000 - 0x6e1dc000 	C:\Program Files (x86)\Arduino\java\bin\verify.dll
0x77b90000 - 0x77cc5000 	C:\WINDOWS\System32\MSCTF.dll
0x76470000 - 0x76504000 	C:\WINDOWS\System32\OLEAUT32.dll
0x763f0000 - 0x7646b000 	C:\WINDOWS\System32\msvcp_win.dll
0x69c70000 - 0x69c91000 	C:\Program Files (x86)\Arduino\java\bin\java.dll
0x69c50000 - 0x69c63000 	C:\Program Files (x86)\Arduino\java\bin\zip.dll
0x77aa0000 - 0x77aad000 	C:\WINDOWS\System32\kernel.appcore.dll
0x74ea0000 - 0x76279000 	C:\WINDOWS\System32\SHELL32.dll
0x748d0000 - 0x74e3e000 	C:\WINDOWS\System32\windows.storage.dll
0x774b0000 - 0x774f5000 	C:\WINDOWS\System32\powrprof.dll
0x77940000 - 0x77986000 	C:\WINDOWS\System32\shlwapi.dll
0x77500000 - 0x77588000 	C:\WINDOWS\System32\shcore.dll
0x775f0000 - 0x775ff000 	C:\WINDOWS\System32\profapi.dll
0x69b00000 - 0x69c45000 	C:\Program Files (x86)\Arduino\java\bin\awt.dll
0x747a0000 - 0x74832000 	C:\WINDOWS\SYSTEM32\apphelp.dll
0x6e2f0000 - 0x6e30f000 	C:\WINDOWS\system32\dwmapi.dll
0x76f40000 - 0x7702a000 	C:\WINDOWS\System32\ole32.dll
0x61740000 - 0x6176c000 	C:\Program Files (x86)\Arduino\lib\listSerialsj.dll
0x76b30000 - 0x76f3b000 	C:\WINDOWS\System32\SETUPAPI.dll
0x726e0000 - 0x726f3000 	C:\WINDOWS\SYSTEM32\CRYPTSP.dll
0x72680000 - 0x726af000 	C:\WINDOWS\system32\rsaenh.dll
0x72660000 - 0x7267b000 	C:\WINDOWS\SYSTEM32\bcrypt.dll
0x739c0000 - 0x739da000 	C:\WINDOWS\SYSTEM32\USERENV.dll
0x69ae0000 - 0x69af6000 	C:\Program Files (x86)\Arduino\java\bin\net.dll
0x74610000 - 0x7465e000 	C:\WINDOWS\system32\mswsock.dll
0x74510000 - 0x7453f000 	C:\WINDOWS\SYSTEM32\IPHLPAPI.DLL
0x76280000 - 0x76287000 	C:\WINDOWS\System32\NSI.dll
0x6f0f0000 - 0x6f103000 	C:\WINDOWS\SYSTEM32\dhcpcsvc6.DLL
0x6f0d0000 - 0x6f0e4000 	C:\WINDOWS\SYSTEM32\dhcpcsvc.DLL
0x6a850000 - 0x6a85f000 	C:\Program Files (x86)\Arduino\java\bin\nio.dll
0x26bd0000 - 0x26c0d000 	C:\Users\Roy\AppData\Local\Temp\jna-82364\jna1634886755723439929.dll
0x69aa0000 - 0x69ad9000 	C:\Program Files (x86)\Arduino\java\bin\fontmanager.dll
0x69a60000 - 0x69a92000 	C:\Program Files (x86)\Arduino\java\bin\t2k.dll
0x67630000 - 0x67699000 	C:\Program Files (x86)\Arduino\msvcp100.dll
0x67570000 - 0x6762e000 	C:\Program Files (x86)\Arduino\msvcr100.dll
0x26d30000 - 0x26d62000 	C:\Program Files (x86)\Arduino\lib\AStylej.dll
0x674f0000 - 0x67514000 	C:\Program Files (x86)\Arduino\java\bin\dcpr.dll
0x77b00000 - 0x77b84000 	C:\WINDOWS\System32\clbcatq.dll
0x6a910000 - 0x6aa7e000 	C:\WINDOWS\SYSTEM32\WindowsCodecs.dll
0x6e210000 - 0x6e254000 	C:\WINDOWS\system32\dataexchange.dll
0x6c4c0000 - 0x6c5d3000 	C:\WINDOWS\system32\dcomp.dll
0x6c5e0000 - 0x6c80f000 	C:\WINDOWS\system32\d3d11.dll
0x6e260000 - 0x6e2e4000 	C:\WINDOWS\system32\dxgi.dll
0x6c3c0000 - 0x6c4b1000 	C:\WINDOWS\system32\twinapi.appcore.dll
0x74720000 - 0x7479c000 	C:\WINDOWS\SYSTEM32\DNSAPI.dll
0x71350000 - 0x71358000 	C:\Windows\System32\rasadhlp.dll
0x71300000 - 0x71349000 	C:\WINDOWS\System32\fwpuclnt.dll
0x6f0a0000 - 0x6f0c2000 	C:\WINDOWS\SYSTEM32\DEVOBJ.dll
0x77ab0000 - 0x77af4000 	C:\WINDOWS\System32\WINTRUST.dll
0x76830000 - 0x7683e000 	C:\WINDOWS\System32\MSASN1.dll
0x77760000 - 0x778dd000 	C:\WINDOWS\System32\CRYPT32.dll
0x64000000 - 0x6401b000 	C:\Users\Roy\.jssc\windows\jSSC-2.8_x86.dll
0x5a470000 - 0x5a4ad000 	C:\WINDOWS\SYSTEM32\edputil.dll
0x6e080000 - 0x6e1c5000 	C:\WINDOWS\SYSTEM32\dbghelp.dll

VM Arguments:
jvm_args: -Dsun.java2d.d3d=false -Djna.nosys=true -DAPP_DIR=C:\Program Files (x86)\Arduino -Xms128M -Xmx512M 
java_command: processing.app.Base C:\Users\Roy\Desktop\Buggy Project Final\IDE Code\Buggy_Project\Buggy_Project.ino
java_class_path (initial): C:\Program Files (x86)\Arduino\lib\apple.jar;C:\Program Files (x86)\Arduino\lib\arduino-core.jar;C:\Program Files (x86)\Arduino\lib\batik-1.8.jar;C:\Program Files (x86)\Arduino\lib\batik-anim-1.8.jar;C:\Program Files (x86)\Arduino\lib\batik-awt-util-1.8.jar;C:\Program Files (x86)\Arduino\lib\batik-bridge-1.8.jar;C:\Program Files (x86)\Arduino\lib\batik-codec-1.8.jar;C:\Program Files (x86)\Arduino\lib\batik-css-1.8.jar;C:\Program Files (x86)\Arduino\lib\batik-dom-1.8.jar;C:\Program Files (x86)\Arduino\lib\batik-ext-1.8.jar;C:\Program Files (x86)\Arduino\lib\batik-gvt-1.8.jar;C:\Program Files (x86)\Arduino\lib\batik-parser-1.8.jar;C:\Program Files (x86)\Arduino\lib\batik-rasterizer-1.8.jar;C:\Program Files (x86)\Arduino\lib\batik-script-1.8.jar;C:\Program Files (x86)\Arduino\lib\batik-squiggle-1.8.jar;C:\Program Files (x86)\Arduino\lib\batik-svg-dom-1.8.jar;C:\Program Files (x86)\Arduino\lib\batik-svgpp-1.8.jar;C:\Program Files (x86)\Arduino\lib\batik-transcoder-1.8.jar;C:\Program Files (x86)\Arduino\lib\batik-util-1.8.jar;C:\Program Files (x86)\Arduino\lib\batik-xml-1.8.jar;C:\Program Files (x86)\Arduino\lib\bcpg-jdk15on-152.jar;C:\Program Files (x86)\Arduino\lib\bcprov-jdk15on-152.jar;C:\Program Files (x86)\Arduino\lib\commons-codec-1.7.jar;C:\Program Files (x86)\Arduino\lib\commons-compress-1.8.jar;C:\Program Files (x86)\Arduino\lib\commons-exec-1.1.jar;C:\Program Files (x86)\Arduino\lib\commons-httpclient-3.1.jar;C:\Program Files (x86)\Arduino\lib\commons-lang3-3.3.2.jar;C:\Program Files (x86)\Arduino\lib\commons-logging-1.0.4.jar;C:\Program Files (x86)\Arduino\lib\commons-net-3.3.jar;C:\Program Files (x86)\Arduino\lib\jackson-annotations-2.6.3.jar;C:\Program Files (x86)\Arduino\lib\jackson-core-2.6.3.jar;C:\Program Files (x86)\Arduino\lib\jackson-databind-2.6.3.jar;C:\Program Files (x86)\Arduino\lib\jackson-module-mrbean-2.6.3.jar;C:\Program Files (x86)\Arduino\lib\java-semver-0.8.0.jar;C:\Program Files (x86)\Arduino\lib\jmdns-3.4.1.j
Launcher Type: SUN_STANDARD

Environment Variables:
PATH=C:\Program Files\ImageMagick-7.0.3-Q8;C:\ProgramData\Oracle\Java\javapath;C:\Program Files (x86)\Intel\iCLS Client\;C:\Program Files\Intel\iCLS Client\;C:\Windows\system32;C:\Windows;C:\Windows\System32\Wbem;C:\Windows\System32\WindowsPowerShell\v1.0\;C:\Program Files (x86)\Intel\Intel(R) Management Engine Components\DAL;C:\Program Files\Intel\Intel(R) Management Engine Components\DAL;C:\Program Files (x86)\Intel\Intel(R) Management Engine Components\IPT;C:\Program Files\Intel\Intel(R) Management Engine Components\IPT;C:\Program Files (x86)\NVIDIA Corporation\PhysX\Common;C:\Program Files (x86)\Skype\Phone\;C:\WINDOWS\system32\config\systemprofile\.dnx\bin;C:\Program Files\Microsoft DNX\Dnvm\;C:\Program Files\Microsoft SQL Server\Client SDK\ODBC\110\Tools\Binn\;C:\Program Files (x86)\Microsoft SQL Server\120\Tools\Binn\;C:\Program Files\Microsoft SQL Server\120\Tools\Binn\;C:\Program Files\Microsoft SQL Server\120\DTS\Binn\;C:\Program Files\nodejs\;C:\xampp\php;C:\ProgramData\ComposerSetup\bin;C:\WINDOWS\system32;C:\WINDOWS;C:\WINDOWS\System32\Wbem;C:\WINDOWS\System32\WindowsPowerShell\v1.0\;C:\Program Files (x86)\GtkSharp\2.12\bin;C:\Program Files (x86)\Windows Kits\8.1\Windows Performance Toolkit\;C:\Program Files\Git\cmd;C:\Strawberry\c\bin;C:\Strawberry\perl\site\bin;C:\Strawberry\perl\bin;C:\Program Files\MATLAB\R2016b\runtime\win64;C:\Program Files\MATLAB\R2016b\bin;C:\Program Files\Intel\WiFi\bin\;C:\Program Files\Common Files\Intel\WirelessCommon\;C:\Program Files (x86)\PuTTY\;C:\Users\Roy\AppData\Local\Programs\Python\Python35\Scripts\;C:\Users\Roy\AppData\Local\Programs\Python\Python35\;C:\Program Files\Intel\WiFi\bin\;C:\Program Files\Common Files\Intel\WirelessCommon\;C:\Users\Roy\AppData\Roaming\npm;C:\Program Files\CMake\bin;C:\Windows\System32;C:\MinGW\bin;C:\Users\Roy\AppData\Local\Microsoft\WindowsApps;C:\Users\Roy\Documents\OpenCV2\opencv\build\x86\vc11\bin;C:\Program Files (x86)\Arduino\java\bin
USERNAME=Roy
OS=Windows_NT
PROCESSOR_IDENTIFIER=Intel64 Family 6 Model 78 Stepping 3, GenuineIntel



---------------  S Y S T E M  ---------------

OS: Windows 10.0 , 64 bit Build 14393 (10.0.14393.0)

CPU:total 4 (2 cores per cpu, 2 threads per core) family 6 model 78 stepping 3, cmov, cx8, fxsr, mmx, sse, sse2, sse3, ssse3, sse4.1, sse4.2, popcnt, avx, avx2, aes, clmul, erms, 3dnowpref, lzcnt, ht, tsc, tscinvbit, bmi1, bmi2, adx

Memory: 4k page, physical 16607712k(9726340k free), swap 19098080k(10483948k free)

vm_info: Java HotSpot(TM) Client VM (25.92-b14) for windows-x86 JRE (1.8.0_92-b14), built on Mar 31 2016 21:09:21 by "java_re" with MS VC++ 10.0 (VS2010)

time: Fri Feb 17 11:41:00 2017
elapsed time: 6600 seconds (0d 1h 50m 0s)

