c:\users\roy\desktop\uni 3rd year\buggy project\arduino\buggy project arduino\buggy project arduino\x64\release\vc140.pdb
c:\users\roy\desktop\uni 3rd year\buggy project\arduino\buggy project arduino\buggy project arduino\x64\release\testing.obj
c:\users\roy\desktop\uni 3rd year\buggy project\arduino\buggy project arduino\buggy project arduino\x64\release\sensors.obj
c:\users\roy\desktop\uni 3rd year\buggy project\arduino\buggy project arduino\buggy project arduino\x64\release\pathfinding.obj
c:\users\roy\desktop\uni 3rd year\buggy project\arduino\buggy project arduino\buggy project arduino\x64\release\movement.obj
c:\users\roy\desktop\uni 3rd year\buggy project\arduino\buggy project arduino\buggy project arduino\x64\release\interrogation.obj
c:\users\roy\desktop\uni 3rd year\buggy project\arduino\buggy project arduino\buggy project arduino\x64\release\imageprocessing.obj
c:\users\roy\desktop\uni 3rd year\buggy project\arduino\buggy project arduino\buggy project arduino\x64\release\entry.obj
c:\users\roy\desktop\uni 3rd year\buggy project\arduino\buggy project arduino\buggy project arduino\x64\release\dtype.obj
c:\users\roy\desktop\uni 3rd year\buggy project\arduino\buggy project arduino\buggy project arduino\x64\release\debug.obj
c:\users\roy\desktop\uni 3rd year\buggy project\arduino\buggy project arduino\buggy project arduino\x64\release\communications.obj
c:\users\roy\desktop\uni 3rd year\buggy project\arduino\buggy project arduino\x64\release\buggy project arduino.exe
c:\users\roy\desktop\uni 3rd year\buggy project\arduino\buggy project arduino\x64\release\buggy project arduino.ipdb
c:\users\roy\desktop\uni 3rd year\buggy project\arduino\buggy project arduino\x64\release\buggy project arduino.iobj
c:\users\roy\desktop\uni 3rd year\buggy project\arduino\buggy project arduino\x64\release\buggy project arduino.pdb
c:\users\roy\desktop\uni 3rd year\buggy project\arduino\buggy project arduino\buggy project arduino\x64\release\buggy pr.5d5600db.tlog\cl.command.1.tlog
c:\users\roy\desktop\uni 3rd year\buggy project\arduino\buggy project arduino\buggy project arduino\x64\release\buggy pr.5d5600db.tlog\cl.read.1.tlog
c:\users\roy\desktop\uni 3rd year\buggy project\arduino\buggy project arduino\buggy project arduino\x64\release\buggy pr.5d5600db.tlog\cl.write.1.tlog
c:\users\roy\desktop\uni 3rd year\buggy project\arduino\buggy project arduino\buggy project arduino\x64\release\buggy pr.5d5600db.tlog\link.command.1.tlog
c:\users\roy\desktop\uni 3rd year\buggy project\arduino\buggy project arduino\buggy project arduino\x64\release\buggy pr.5d5600db.tlog\link.read.1.tlog
c:\users\roy\desktop\uni 3rd year\buggy project\arduino\buggy project arduino\buggy project arduino\x64\release\buggy pr.5d5600db.tlog\link.write.1.tlog
